#
# There is insufficient memory for the Java Runtime Environment to continue.
# Native memory allocation (malloc) failed to allocate 651216 bytes. Error detail: Chunk::new
# Possible reasons:
#   The system is out of physical RAM or swap space
#   This process is running with CompressedOops enabled, and the Java Heap may be blocking the growth of the native heap
# Possible solutions:
#   Reduce memory load on the system
#   Increase physical memory or swap space
#   Check if swap backing store is full
#   Decrease Java heap size (-Xmx/-Xms)
#   Decrease number of Java threads
#   Decrease Java thread stack sizes (-Xss)
#   Set larger code cache with -XX:ReservedCodeCacheSize=
#   JVM is running with Unscaled Compressed Oops mode in which the Java heap is
#     placed in the first 4GB address space. The Java Heap base address is the
#     maximum limit for the native heap growth. Please use -XX:HeapBaseMinAddress
#     to set the Java Heap base and to place the Java Heap above 4GB virtual address.
# This output file may be truncated or incomplete.
#
#  Out of Memory Error (arena.cpp:168), pid=9912, tid=13220
#
# JRE version: OpenJDK Runtime Environment Temurin-21.0.7+6 (21.0.7+6) (build 21.0.7+6-LTS)
# Java VM: OpenJDK 64-Bit Server VM Temurin-21.0.7+6 (21.0.7+6-LTS, mixed mode, sharing, tiered, compressed oops, compressed class ptrs, parallel gc, windows-amd64)
# No core dump will be written. Minidumps are not enabled by default on client versions of Windows
#

---------------  S U M M A R Y ------------

Command Line: --add-modules=ALL-SYSTEM --add-opens=java.base/java.util=ALL-UNNAMED --add-opens=java.base/java.lang=ALL-UNNAMED --add-opens=java.base/sun.nio.fs=ALL-UNNAMED -Declipse.application=org.eclipse.jdt.ls.core.id1 -Dosgi.bundles.defaultStartLevel=4 -Declipse.product=org.eclipse.jdt.ls.core.product -Djava.import.generatesMetadataFilesAtProjectRoot=false -DDetectVMInstallationsJob.disabled=true -Dfile.encoding=utf8 -XX:+UseParallelGC -XX:GCTimeRatio=4 -XX:AdaptiveSizePolicyWeight=90 -Dsun.zip.disableMemoryMapping=true -Xmx1G -Xms100m -Xlog:disable -javaagent:c:\Users\LENOVO\.vscode\extensions\redhat.java-1.42.0-win32-x64\lombok\lombok-1.18.36.jar c:\Users\LENOVO\.vscode\extensions\redhat.java-1.42.0-win32-x64\server\plugins\org.eclipse.equinox.launcher_1.7.0.v20250424-1814.jar -configuration c:\Users\LENOVO\AppData\Roaming\Code\User\globalStorage\redhat.java\1.42.0\config_ss_win -data c:\Users\LENOVO\AppData\Roaming\Code\User\workspaceStorage\505c6f5164cc9c3b0cea8069281ec5bb\redhat.java\ss_ws --pipe=\\.\pipe\lsp-821212eafaf8748e7022cec91ee65aad-sock

Host: AMD Ryzen 5 5500U with Radeon Graphics         , 12 cores, 5G,  Windows 11 , 64 bit Build 26100 (10.0.26100.4202)
Time: Mon Jun  9 23:08:08 2025 India Standard Time elapsed time: 26.691884 seconds (0d 0h 0m 26s)

---------------  T H R E A D  ---------------

Current thread (0x0000026523e1e8e0):  JavaThread "C2 CompilerThread0" daemon [_thread_in_native, id=13220, stack(0x000000b819f00000,0x000000b81a000000) (1024K)]


Current CompileTask:
C2:26692 3997       4       sun.nio.fs.WindowsPathParser::parse (504 bytes)

Stack: [0x000000b819f00000,0x000000b81a000000]
Native frames: (J=compiled Java code, j=interpreted, Vv=VM code, C=native code)
V  [jvm.dll+0x6ce119]
V  [jvm.dll+0x8a84a1]
V  [jvm.dll+0x8aa9ce]
V  [jvm.dll+0x8ab0b3]
V  [jvm.dll+0x27f8a6]
V  [jvm.dll+0xc507d]
V  [jvm.dll+0xc55b3]
V  [jvm.dll+0x3b692c]
V  [jvm.dll+0x382aa5]
V  [jvm.dll+0x381f0a]
V  [jvm.dll+0x247af0]
V  [jvm.dll+0x2470cf]
V  [jvm.dll+0x1c760e]
V  [jvm.dll+0x25695a]
V  [jvm.dll+0x254efa]
V  [jvm.dll+0x3f03f6]
V  [jvm.dll+0x851f6b]
V  [jvm.dll+0x6cc7dd]
C  [ucrtbase.dll+0x37b0]
C  [KERNEL32.DLL+0x2e8d7]
C  [ntdll.dll+0x3c34c]


---------------  P R O C E S S  ---------------

Threads class SMR info:
_java_thread_list=0x0000026505342f80, length=37, elements={
0x0000026521973710, 0x00000265791fbc50, 0x0000026523e02370, 0x0000026523e0ac10,
0x0000026523e09ef0, 0x0000026523e0a580, 0x0000026523e09860, 0x0000026523e1e8e0,
0x000002657a4695a0, 0x0000026523e07e20, 0x0000026523e084b0, 0x0000026523e08b40,
0x0000026523e0b2a0, 0x0000026523e091d0, 0x000002650488a380, 0x0000026504889660,
0x0000026504889cf0, 0x000002650488c450, 0x000002650488b0a0, 0x000002650488aa10,
0x000002650488bdc0, 0x0000026504888fd0, 0x00000265052b8bf0, 0x00000265052b7ed0,
0x00000265052b9910, 0x00000265052b9fa0, 0x00000265052ba630, 0x00000265052b9280,
0x00000265052b71b0, 0x00000265052b8560, 0x00000265052b7840, 0x00000265052bc700,
0x00000265052bb9e0, 0x00000265052bcd90, 0x00000265052bacc0, 0x00000265052be140,
0x00000265061a1910
}

Java Threads: ( => current thread )
  0x0000026521973710 JavaThread "main"                              [_thread_blocked, id=21084, stack(0x000000b819500000,0x000000b819600000) (1024K)]
  0x00000265791fbc50 JavaThread "Reference Handler"          daemon [_thread_blocked, id=26912, stack(0x000000b819900000,0x000000b819a00000) (1024K)]
  0x0000026523e02370 JavaThread "Finalizer"                  daemon [_thread_blocked, id=28856, stack(0x000000b819a00000,0x000000b819b00000) (1024K)]
  0x0000026523e0ac10 JavaThread "Signal Dispatcher"          daemon [_thread_blocked, id=22180, stack(0x000000b819b00000,0x000000b819c00000) (1024K)]
  0x0000026523e09ef0 JavaThread "Attach Listener"            daemon [_thread_blocked, id=24908, stack(0x000000b819c00000,0x000000b819d00000) (1024K)]
  0x0000026523e0a580 JavaThread "Service Thread"             daemon [_thread_blocked, id=25432, stack(0x000000b819d00000,0x000000b819e00000) (1024K)]
  0x0000026523e09860 JavaThread "Monitor Deflation Thread"   daemon [_thread_blocked, id=25364, stack(0x000000b819e00000,0x000000b819f00000) (1024K)]
=>0x0000026523e1e8e0 JavaThread "C2 CompilerThread0"         daemon [_thread_in_native, id=13220, stack(0x000000b819f00000,0x000000b81a000000) (1024K)]
  0x000002657a4695a0 JavaThread "C1 CompilerThread0"         daemon [_thread_blocked, id=28100, stack(0x000000b81a000000,0x000000b81a100000) (1024K)]
  0x0000026523e07e20 JavaThread "Common-Cleaner"             daemon [_thread_blocked, id=28184, stack(0x000000b81a100000,0x000000b81a200000) (1024K)]
  0x0000026523e084b0 JavaThread "Notification Thread"        daemon [_thread_blocked, id=24864, stack(0x000000b81a200000,0x000000b81a300000) (1024K)]
  0x0000026523e08b40 JavaThread "Active Thread: Equinox Container: 1957848b-3596-495a-b01a-55bc810de8bb"        [_thread_blocked, id=5264, stack(0x000000b81aa00000,0x000000b81ab00000) (1024K)]
  0x0000026523e0b2a0 JavaThread "Framework Event Dispatcher: Equinox Container: 1957848b-3596-495a-b01a-55bc810de8bb" daemon [_thread_blocked, id=28988, stack(0x000000b81ab00000,0x000000b81ac00000) (1024K)]
  0x0000026523e091d0 JavaThread "Start Level: Equinox Container: 1957848b-3596-495a-b01a-55bc810de8bb" daemon [_thread_blocked, id=636, stack(0x000000b81ac00000,0x000000b81ad00000) (1024K)]
  0x000002650488a380 JavaThread "SCR Component Actor"        daemon [_thread_blocked, id=25012, stack(0x000000b81ad00000,0x000000b81ae00000) (1024K)]
  0x0000026504889660 JavaThread "Worker-JM"                         [_thread_blocked, id=27808, stack(0x000000b81b000000,0x000000b81b100000) (1024K)]
  0x0000026504889cf0 JavaThread "Worker-0"                          [_thread_blocked, id=21852, stack(0x000000b81b300000,0x000000b81b400000) (1024K)]
  0x000002650488c450 JavaThread "Worker-1"                          [_thread_blocked, id=10928, stack(0x000000b81b400000,0x000000b81b500000) (1024K)]
  0x000002650488b0a0 JavaThread "JNA Cleaner"                daemon [_thread_blocked, id=8304, stack(0x000000b81b500000,0x000000b81b600000) (1024K)]
  0x000002650488aa10 JavaThread "Thread-2"                   daemon [_thread_in_native, id=3908, stack(0x000000b81b900000,0x000000b81ba00000) (1024K)]
  0x000002650488bdc0 JavaThread "Thread-3"                   daemon [_thread_in_native, id=24468, stack(0x000000b81ba00000,0x000000b81bb00000) (1024K)]
  0x0000026504888fd0 JavaThread "Thread-4"                   daemon [_thread_in_native, id=19144, stack(0x000000b81bb00000,0x000000b81bc00000) (1024K)]
  0x00000265052b8bf0 JavaThread "Thread-5"                   daemon [_thread_in_native, id=2724, stack(0x000000b81bc00000,0x000000b81bd00000) (1024K)]
  0x00000265052b7ed0 JavaThread "Thread-6"                   daemon [_thread_in_native, id=19112, stack(0x000000b81bd00000,0x000000b81be00000) (1024K)]
  0x00000265052b9910 JavaThread "Thread-7"                   daemon [_thread_in_native, id=30500, stack(0x000000b81be00000,0x000000b81bf00000) (1024K)]
  0x00000265052b9fa0 JavaThread "Thread-8"                   daemon [_thread_in_native, id=8040, stack(0x000000b81bf00000,0x000000b81c000000) (1024K)]
  0x00000265052ba630 JavaThread "Thread-9"                   daemon [_thread_in_native, id=5236, stack(0x000000b81c000000,0x000000b81c100000) (1024K)]
  0x00000265052b9280 JavaThread "Thread-10"                  daemon [_thread_in_native, id=29780, stack(0x000000b81c100000,0x000000b81c200000) (1024K)]
  0x00000265052b71b0 JavaThread "Thread-11"                  daemon [_thread_in_native, id=8356, stack(0x000000b81c200000,0x000000b81c300000) (1024K)]
  0x00000265052b8560 JavaThread "Thread-12"                  daemon [_thread_in_native, id=14688, stack(0x000000b81c300000,0x000000b81c400000) (1024K)]
  0x00000265052b7840 JavaThread "Thread-13"                  daemon [_thread_in_native, id=11640, stack(0x000000b81c400000,0x000000b81c500000) (1024K)]
  0x00000265052bc700 JavaThread "Thread-14"                  daemon [_thread_in_native, id=14396, stack(0x000000b81c500000,0x000000b81c600000) (1024K)]
  0x00000265052bb9e0 JavaThread "pool-2-thread-1"                   [_thread_blocked, id=2716, stack(0x000000b81c600000,0x000000b81c700000) (1024K)]
  0x00000265052bcd90 JavaThread "WorkspaceEventsHandler"            [_thread_blocked, id=29888, stack(0x000000b81af00000,0x000000b81b000000) (1024K)]
  0x00000265052bacc0 JavaThread "pool-1-thread-1"                   [_thread_in_native, id=23852, stack(0x000000b81c700000,0x000000b81c800000) (1024K)]
  0x00000265052be140 JavaThread "Worker-2"                          [_thread_blocked, id=18084, stack(0x000000b81c900000,0x000000b81ca00000) (1024K)]
  0x00000265061a1910 JavaThread "C2 CompilerThread1"         daemon [_thread_in_native, id=23968, stack(0x000000b81a300000,0x000000b81a400000) (1024K)]
Total: 37

Other Threads:
  0x0000026523e01a00 VMThread "VM Thread"                           [id=26184, stack(0x000000b819800000,0x000000b819900000) (1024K)]
  0x00000265790dc180 WatcherThread "VM Periodic Task Thread"        [id=21276, stack(0x000000b819700000,0x000000b819800000) (1024K)]
  0x0000026523da1050 WorkerThread "GC Thread#0"                     [id=28716, stack(0x000000b819600000,0x000000b819700000) (1024K)]
  0x00000265043c4590 WorkerThread "GC Thread#1"                     [id=8256, stack(0x000000b81a400000,0x000000b81a500000) (1024K)]
  0x00000265046855a0 WorkerThread "GC Thread#2"                     [id=20476, stack(0x000000b81a500000,0x000000b81a600000) (1024K)]
  0x000002657a80fd50 WorkerThread "GC Thread#3"                     [id=3536, stack(0x000000b81a600000,0x000000b81a700000) (1024K)]
  0x000002657a810900 WorkerThread "GC Thread#4"                     [id=18008, stack(0x000000b81a700000,0x000000b81a800000) (1024K)]
  0x000002657a810ca0 WorkerThread "GC Thread#5"                     [id=11340, stack(0x000000b81a800000,0x000000b81a900000) (1024K)]
  0x00000265047ba7e0 WorkerThread "GC Thread#6"                     [id=7760, stack(0x000000b81a900000,0x000000b81aa00000) (1024K)]
  0x00000265047baf20 WorkerThread "GC Thread#7"                     [id=4224, stack(0x000000b81ae00000,0x000000b81af00000) (1024K)]
  0x00000265047ba440 WorkerThread "GC Thread#8"                     [id=4020, stack(0x000000b81b100000,0x000000b81b200000) (1024K)]
  0x00000265047b9960 WorkerThread "GC Thread#9"                     [id=24480, stack(0x000000b81b200000,0x000000b81b300000) (1024K)]
Total: 12

Threads with active compile tasks:
C2 CompilerThread0  26748 3997       4       sun.nio.fs.WindowsPathParser::parse (504 bytes)
C2 CompilerThread1  26748 4008       4       java.net.URI$Parser::parse (243 bytes)
Total: 2

VM state: not at safepoint (normal execution)

VM Mutex/Monitor currently owned by a thread: None

Heap address: 0x00000000c0000000, size: 1024 MB, Compressed Oops mode: 32-bit

CDS archive(s) mapped at: [0x0000026538000000-0x0000026538ba0000-0x0000026538ba0000), size 12189696, SharedBaseAddress: 0x0000026538000000, ArchiveRelocationMode: 1.
Compressed class space mapped at: 0x0000026539000000-0x0000026579000000, reserved size: 1073741824
Narrow klass base: 0x0000026538000000, Narrow klass shift: 0, Narrow klass range: 0x100000000

GC Precious Log:
 CardTable entry size: 512
 CPUs: 12 total, 12 available
 Memory: 5989M
 Large Page Support: Disabled
 NUMA Support: Disabled
 Compressed Oops: Enabled (32-bit)
 Alignments: Space 512K, Generation 512K, Heap 2M
 Heap Min Capacity: 100M
 Heap Initial Capacity: 100M
 Heap Max Capacity: 1G
 Pre-touch: Disabled
 Parallel Workers: 10

Heap:
 PSYoungGen      total 23040K, used 21285K [0x00000000eab00000, 0x00000000ec580000, 0x0000000100000000)
  eden space 22016K, 92% used [0x00000000eab00000,0x00000000ebed9658,0x00000000ec080000)
  from space 1024K, 93% used [0x00000000ec400000,0x00000000ec4f0000,0x00000000ec500000)
  to   space 512K, 0% used [0x00000000ec500000,0x00000000ec500000,0x00000000ec580000)
 ParOldGen       total 68608K, used 20415K [0x00000000c0000000, 0x00000000c4300000, 0x00000000eab00000)
  object space 68608K, 29% used [0x00000000c0000000,0x00000000c13efe80,0x00000000c4300000)
 Metaspace       used 30499K, committed 31296K, reserved 1114112K
  class space    used 2982K, committed 3328K, reserved 1048576K

Card table byte_map: [0x0000026523700000,0x0000026523910000] _byte_map_base: 0x0000026523100000

Marking Bits: (ParMarkBitMap*) 0x00007ffe66cc31f0
 Begin Bits: [0x0000026535f50000, 0x0000026536f50000)
 End Bits:   [0x0000026536f50000, 0x0000026537f50000)

Polling page: 0x0000026521ba0000

Metaspace:

Usage:
  Non-class:     26.87 MB used.
      Class:      2.91 MB used.
       Both:     29.78 MB used.

Virtual space:
  Non-class space:       64.00 MB reserved,      27.31 MB ( 43%) committed,  1 nodes.
      Class space:        1.00 GB reserved,       3.25 MB ( <1%) committed,  1 nodes.
             Both:        1.06 GB reserved,      30.56 MB (  3%) committed. 

Chunk freelists:
   Non-Class:  4.41 MB
       Class:  12.77 MB
        Both:  17.17 MB

MaxMetaspaceSize: unlimited
CompressedClassSpaceSize: 1.00 GB
Initial GC threshold: 21.00 MB
Current GC threshold: 35.00 MB
CDS: on
 - commit_granule_bytes: 65536.
 - commit_granule_words: 8192.
 - virtual_space_node_default_size: 8388608.
 - enlarge_chunks_in_place: 1.
 - use_allocation_guard: 0.


Internal statistics:

num_allocs_failed_limit: 3.
num_arena_births: 590.
num_arena_deaths: 14.
num_vsnodes_births: 2.
num_vsnodes_deaths: 0.
num_space_committed: 489.
num_space_uncommitted: 0.
num_chunks_returned_to_freelist: 17.
num_chunks_taken_from_freelist: 1759.
num_chunk_merges: 9.
num_chunk_splits: 1169.
num_chunks_enlarged: 747.
num_inconsistent_stats: 0.

CodeHeap 'non-profiled nmethods': size=120000Kb used=2101Kb max_used=2101Kb free=117899Kb
 bounds [0x000002652ea20000, 0x000002652ec90000, 0x0000026535f50000]
CodeHeap 'profiled nmethods': size=120000Kb used=7823Kb max_used=7823Kb free=112176Kb
 bounds [0x0000026526f50000, 0x0000026527700000, 0x000002652e480000]
CodeHeap 'non-nmethods': size=5760Kb used=1345Kb max_used=1379Kb free=4414Kb
 bounds [0x000002652e480000, 0x000002652e6f0000, 0x000002652ea20000]
 total_blobs=4645 nmethods=4005 adapters=545
 compilation: enabled
              stopped_count=0, restarted_count=0
 full_count=0

Compilation events (20 events):
Event: 23.729 Thread 0x0000026523e1e8e0 3988       4       java.net.URI$Parser::scan (53 bytes)
Event: 23.733 Thread 0x0000026523e1e8e0 nmethod 3988 0x000002652ec22b10 code [0x000002652ec22ce0, 0x000002652ec232e0]
Event: 23.753 Thread 0x0000026523e1e8e0 3989       4       org.eclipse.core.internal.localstore.UnifiedTree::isChildrenMarker (11 bytes)
Event: 23.754 Thread 0x0000026523e1e8e0 nmethod 3989 0x000002652ec23710 code [0x000002652ec238a0, 0x000002652ec23940]
Event: 23.754 Thread 0x0000026523e1e8e0 3990       4       org.eclipse.core.internal.localstore.UnifiedTree::isLevelMarker (11 bytes)
Event: 23.755 Thread 0x0000026523e1e8e0 nmethod 3990 0x000002652ec23a10 code [0x000002652ec23ba0, 0x000002652ec23c40]
Event: 23.761 Thread 0x0000026523e1e8e0 3991       4       java.util.AbstractCollection::isEmpty (13 bytes)
Event: 23.762 Thread 0x0000026523e1e8e0 nmethod 3991 0x000002652ec23d10 code [0x000002652ec23ea0, 0x000002652ec23f58]
Event: 23.762 Thread 0x0000026523e1e8e0 3992       4       org.eclipse.core.internal.dtree.DeltaDataTree::searchNodeAt (120 bytes)
Event: 23.770 Thread 0x0000026523e1e8e0 nmethod 3992 0x000002652ec24010 code [0x000002652ec241e0, 0x000002652ec24a28]
Event: 23.859 Thread 0x0000026523e1e8e0 3993       4       java.util.HashMap::newHashMap (44 bytes)
Event: 23.862 Thread 0x0000026523e1e8e0 nmethod 3993 0x000002652ec24f10 code [0x000002652ec250c0, 0x000002652ec25260]
Event: 24.199 Thread 0x0000026523e1e8e0 3994       4       org.eclipse.jdt.ls.core.internal.filesystem.JLSFsUtils::isExcluded (96 bytes)
Event: 24.222 Thread 0x0000026523e1e8e0 nmethod 3994 0x000002652ec25410 code [0x000002652ec256a0, 0x000002652ec26890]
Event: 24.343 Thread 0x000002657a4695a0 3995       3       java.util.ComparableTimSort::gallopLeft (327 bytes)
Event: 24.344 Thread 0x000002657a4695a0 nmethod 3995 0x00000265276f2390 code [0x00000265276f25c0, 0x00000265276f3028]
Event: 24.575 Thread 0x0000026523e1e8e0 3996       4       org.eclipse.core.runtime.Path::removeFirstSegments (91 bytes)
Event: 24.578 Thread 0x0000026523e1e8e0 nmethod 3996 0x000002652ec27790 code [0x000002652ec27940, 0x000002652ec27c48]
Event: 24.650 Thread 0x0000026523e1e8e0 3997       4       sun.nio.fs.WindowsPathParser::parse (504 bytes)
Event: 26.358 Thread 0x000002657a4695a0 4015       2       java.util.ComparableTimSort::mergeCollapse (134 bytes)

GC Heap History (20 events):
Event: 7.674 GC heap before
{Heap before GC invocations=7 (full 1):
 PSYoungGen      total 29696K, used 4563K [0x00000000eab00000, 0x00000000ece80000, 0x0000000100000000)
  eden space 25088K, 0% used [0x00000000eab00000,0x00000000eab00000,0x00000000ec380000)
  from space 4608K, 99% used [0x00000000eca00000,0x00000000ece74c90,0x00000000ece80000)
  to   space 5632K, 0% used [0x00000000ec380000,0x00000000ec380000,0x00000000ec900000)
 ParOldGen       total 68608K, used 8059K [0x00000000c0000000, 0x00000000c4300000, 0x00000000eab00000)
  object space 68608K, 11% used [0x00000000c0000000,0x00000000c07dee68,0x00000000c4300000)
 Metaspace       used 20866K, committed 21504K, reserved 1114112K
  class space    used 1945K, committed 2240K, reserved 1048576K
}
Event: 7.708 GC heap after
{Heap after GC invocations=7 (full 1):
 PSYoungGen      total 29696K, used 0K [0x00000000eab00000, 0x00000000ece80000, 0x0000000100000000)
  eden space 25088K, 0% used [0x00000000eab00000,0x00000000eab00000,0x00000000ec380000)
  from space 4608K, 0% used [0x00000000eca00000,0x00000000eca00000,0x00000000ece80000)
  to   space 5632K, 0% used [0x00000000ec380000,0x00000000ec380000,0x00000000ec900000)
 ParOldGen       total 68608K, used 9997K [0x00000000c0000000, 0x00000000c4300000, 0x00000000eab00000)
  object space 68608K, 14% used [0x00000000c0000000,0x00000000c09c3528,0x00000000c4300000)
 Metaspace       used 20854K, committed 21504K, reserved 1114112K
  class space    used 1942K, committed 2240K, reserved 1048576K
}
Event: 8.342 GC heap before
{Heap before GC invocations=8 (full 1):
 PSYoungGen      total 29696K, used 25088K [0x00000000eab00000, 0x00000000ece80000, 0x0000000100000000)
  eden space 25088K, 100% used [0x00000000eab00000,0x00000000ec380000,0x00000000ec380000)
  from space 4608K, 0% used [0x00000000eca00000,0x00000000eca00000,0x00000000ece80000)
  to   space 5632K, 0% used [0x00000000ec380000,0x00000000ec380000,0x00000000ec900000)
 ParOldGen       total 68608K, used 9997K [0x00000000c0000000, 0x00000000c4300000, 0x00000000eab00000)
  object space 68608K, 14% used [0x00000000c0000000,0x00000000c09c3528,0x00000000c4300000)
 Metaspace       used 25215K, committed 25920K, reserved 1114112K
  class space    used 2394K, committed 2688K, reserved 1048576K
}
Event: 8.345 GC heap after
{Heap after GC invocations=8 (full 1):
 PSYoungGen      total 27136K, used 2298K [0x00000000eab00000, 0x00000000eca80000, 0x0000000100000000)
  eden space 24576K, 0% used [0x00000000eab00000,0x00000000eab00000,0x00000000ec300000)
  from space 2560K, 89% used [0x00000000ec380000,0x00000000ec5be978,0x00000000ec600000)
  to   space 3584K, 0% used [0x00000000ec700000,0x00000000ec700000,0x00000000eca80000)
 ParOldGen       total 68608K, used 10005K [0x00000000c0000000, 0x00000000c4300000, 0x00000000eab00000)
  object space 68608K, 14% used [0x00000000c0000000,0x00000000c09c5528,0x00000000c4300000)
 Metaspace       used 25215K, committed 25920K, reserved 1114112K
  class space    used 2394K, committed 2688K, reserved 1048576K
}
Event: 9.440 GC heap before
{Heap before GC invocations=9 (full 1):
 PSYoungGen      total 27136K, used 26874K [0x00000000eab00000, 0x00000000eca80000, 0x0000000100000000)
  eden space 24576K, 100% used [0x00000000eab00000,0x00000000ec300000,0x00000000ec300000)
  from space 2560K, 89% used [0x00000000ec380000,0x00000000ec5be978,0x00000000ec600000)
  to   space 3584K, 0% used [0x00000000ec700000,0x00000000ec700000,0x00000000eca80000)
 ParOldGen       total 68608K, used 10005K [0x00000000c0000000, 0x00000000c4300000, 0x00000000eab00000)
  object space 68608K, 14% used [0x00000000c0000000,0x00000000c09c5528,0x00000000c4300000)
 Metaspace       used 28204K, committed 29056K, reserved 1114112K
  class space    used 2758K, committed 3136K, reserved 1048576K
}
Event: 9.444 GC heap after
{Heap after GC invocations=9 (full 1):
 PSYoungGen      total 27648K, used 3558K [0x00000000eab00000, 0x00000000eca80000, 0x0000000100000000)
  eden space 24064K, 0% used [0x00000000eab00000,0x00000000eab00000,0x00000000ec280000)
  from space 3584K, 99% used [0x00000000ec700000,0x00000000eca79868,0x00000000eca80000)
  to   space 4096K, 0% used [0x00000000ec280000,0x00000000ec280000,0x00000000ec680000)
 ParOldGen       total 68608K, used 10013K [0x00000000c0000000, 0x00000000c4300000, 0x00000000eab00000)
  object space 68608K, 14% used [0x00000000c0000000,0x00000000c09c7528,0x00000000c4300000)
 Metaspace       used 28204K, committed 29056K, reserved 1114112K
  class space    used 2758K, committed 3136K, reserved 1048576K
}
Event: 21.981 GC heap before
{Heap before GC invocations=10 (full 1):
 PSYoungGen      total 27648K, used 27622K [0x00000000eab00000, 0x00000000eca80000, 0x0000000100000000)
  eden space 24064K, 100% used [0x00000000eab00000,0x00000000ec280000,0x00000000ec280000)
  from space 3584K, 99% used [0x00000000ec700000,0x00000000eca79868,0x00000000eca80000)
  to   space 4096K, 0% used [0x00000000ec280000,0x00000000ec280000,0x00000000ec680000)
 ParOldGen       total 68608K, used 10013K [0x00000000c0000000, 0x00000000c4300000, 0x00000000eab00000)
  object space 68608K, 14% used [0x00000000c0000000,0x00000000c09c7528,0x00000000c4300000)
 Metaspace       used 30489K, committed 31296K, reserved 1114112K
  class space    used 2982K, committed 3328K, reserved 1048576K
}
Event: 21.988 GC heap after
{Heap after GC invocations=10 (full 1):
 PSYoungGen      total 27648K, used 4081K [0x00000000eab00000, 0x00000000ecd00000, 0x0000000100000000)
  eden space 23552K, 0% used [0x00000000eab00000,0x00000000eab00000,0x00000000ec200000)
  from space 4096K, 99% used [0x00000000ec280000,0x00000000ec67c550,0x00000000ec680000)
  to   space 5632K, 0% used [0x00000000ec780000,0x00000000ec780000,0x00000000ecd00000)
 ParOldGen       total 68608K, used 10917K [0x00000000c0000000, 0x00000000c4300000, 0x00000000eab00000)
  object space 68608K, 15% used [0x00000000c0000000,0x00000000c0aa9528,0x00000000c4300000)
 Metaspace       used 30489K, committed 31296K, reserved 1114112K
  class space    used 2982K, committed 3328K, reserved 1048576K
}
Event: 23.702 GC heap before
{Heap before GC invocations=11 (full 1):
 PSYoungGen      total 27648K, used 27633K [0x00000000eab00000, 0x00000000ecd00000, 0x0000000100000000)
  eden space 23552K, 100% used [0x00000000eab00000,0x00000000ec200000,0x00000000ec200000)
  from space 4096K, 99% used [0x00000000ec280000,0x00000000ec67c550,0x00000000ec680000)
  to   space 5632K, 0% used [0x00000000ec780000,0x00000000ec780000,0x00000000ecd00000)
 ParOldGen       total 68608K, used 10917K [0x00000000c0000000, 0x00000000c4300000, 0x00000000eab00000)
  object space 68608K, 15% used [0x00000000c0000000,0x00000000c0aa9528,0x00000000c4300000)
 Metaspace       used 30496K, committed 31296K, reserved 1114112K
  class space    used 2982K, committed 3328K, reserved 1048576K
}
Event: 23.708 GC heap after
{Heap after GC invocations=11 (full 1):
 PSYoungGen      total 26112K, used 2907K [0x00000000eab00000, 0x00000000eca80000, 0x0000000100000000)
  eden space 23040K, 0% used [0x00000000eab00000,0x00000000eab00000,0x00000000ec180000)
  from space 3072K, 94% used [0x00000000ec780000,0x00000000eca56e28,0x00000000eca80000)
  to   space 4096K, 0% used [0x00000000ec280000,0x00000000ec280000,0x00000000ec680000)
 ParOldGen       total 68608K, used 13944K [0x00000000c0000000, 0x00000000c4300000, 0x00000000eab00000)
  object space 68608K, 20% used [0x00000000c0000000,0x00000000c0d9e390,0x00000000c4300000)
 Metaspace       used 30496K, committed 31296K, reserved 1114112K
  class space    used 2982K, committed 3328K, reserved 1048576K
}
Event: 24.719 GC heap before
{Heap before GC invocations=12 (full 1):
 PSYoungGen      total 26112K, used 25947K [0x00000000eab00000, 0x00000000eca80000, 0x0000000100000000)
  eden space 23040K, 100% used [0x00000000eab00000,0x00000000ec180000,0x00000000ec180000)
  from space 3072K, 94% used [0x00000000ec780000,0x00000000eca56e28,0x00000000eca80000)
  to   space 4096K, 0% used [0x00000000ec280000,0x00000000ec280000,0x00000000ec680000)
 ParOldGen       total 68608K, used 13944K [0x00000000c0000000, 0x00000000c4300000, 0x00000000eab00000)
  object space 68608K, 20% used [0x00000000c0000000,0x00000000c0d9e390,0x00000000c4300000)
 Metaspace       used 30497K, committed 31296K, reserved 1114112K
  class space    used 2982K, committed 3328K, reserved 1048576K
}
Event: 24.725 GC heap after
{Heap after GC invocations=12 (full 1):
 PSYoungGen      total 24576K, used 1600K [0x00000000eab00000, 0x00000000ec800000, 0x0000000100000000)
  eden space 22528K, 0% used [0x00000000eab00000,0x00000000eab00000,0x00000000ec100000)
  from space 2048K, 78% used [0x00000000ec280000,0x00000000ec410000,0x00000000ec480000)
  to   space 2560K, 0% used [0x00000000ec580000,0x00000000ec580000,0x00000000ec800000)
 ParOldGen       total 68608K, used 16463K [0x00000000c0000000, 0x00000000c4300000, 0x00000000eab00000)
  object space 68608K, 23% used [0x00000000c0000000,0x00000000c1013fd8,0x00000000c4300000)
 Metaspace       used 30497K, committed 31296K, reserved 1114112K
  class space    used 2982K, committed 3328K, reserved 1048576K
}
Event: 25.171 GC heap before
{Heap before GC invocations=13 (full 1):
 PSYoungGen      total 24576K, used 24128K [0x00000000eab00000, 0x00000000ec800000, 0x0000000100000000)
  eden space 22528K, 100% used [0x00000000eab00000,0x00000000ec100000,0x00000000ec100000)
  from space 2048K, 78% used [0x00000000ec280000,0x00000000ec410000,0x00000000ec480000)
  to   space 2560K, 0% used [0x00000000ec580000,0x00000000ec580000,0x00000000ec800000)
 ParOldGen       total 68608K, used 16463K [0x00000000c0000000, 0x00000000c4300000, 0x00000000eab00000)
  object space 68608K, 23% used [0x00000000c0000000,0x00000000c1013fd8,0x00000000c4300000)
 Metaspace       used 30497K, committed 31296K, reserved 1114112K
  class space    used 2982K, committed 3328K, reserved 1048576K
}
Event: 25.174 GC heap after
{Heap after GC invocations=13 (full 1):
 PSYoungGen      total 23552K, used 1056K [0x00000000eab00000, 0x00000000ec700000, 0x0000000100000000)
  eden space 22016K, 0% used [0x00000000eab00000,0x00000000eab00000,0x00000000ec080000)
  from space 1536K, 68% used [0x00000000ec580000,0x00000000ec688000,0x00000000ec700000)
  to   space 1536K, 0% used [0x00000000ec400000,0x00000000ec400000,0x00000000ec580000)
 ParOldGen       total 68608K, used 17983K [0x00000000c0000000, 0x00000000c4300000, 0x00000000eab00000)
  object space 68608K, 26% used [0x00000000c0000000,0x00000000c118fcd8,0x00000000c4300000)
 Metaspace       used 30497K, committed 31296K, reserved 1114112K
  class space    used 2982K, committed 3328K, reserved 1048576K
}
Event: 25.485 GC heap before
{Heap before GC invocations=14 (full 1):
 PSYoungGen      total 23552K, used 23072K [0x00000000eab00000, 0x00000000ec700000, 0x0000000100000000)
  eden space 22016K, 100% used [0x00000000eab00000,0x00000000ec080000,0x00000000ec080000)
  from space 1536K, 68% used [0x00000000ec580000,0x00000000ec688000,0x00000000ec700000)
  to   space 1536K, 0% used [0x00000000ec400000,0x00000000ec400000,0x00000000ec580000)
 ParOldGen       total 68608K, used 17983K [0x00000000c0000000, 0x00000000c4300000, 0x00000000eab00000)
  object space 68608K, 26% used [0x00000000c0000000,0x00000000c118fcd8,0x00000000c4300000)
 Metaspace       used 30497K, committed 31296K, reserved 1114112K
  class space    used 2982K, committed 3328K, reserved 1048576K
}
Event: 25.488 GC heap after
{Heap after GC invocations=14 (full 1):
 PSYoungGen      total 23040K, used 1024K [0x00000000eab00000, 0x00000000ec600000, 0x0000000100000000)
  eden space 22016K, 0% used [0x00000000eab00000,0x00000000eab00000,0x00000000ec080000)
  from space 1024K, 100% used [0x00000000ec400000,0x00000000ec500000,0x00000000ec500000)
  to   space 1024K, 0% used [0x00000000ec500000,0x00000000ec500000,0x00000000ec600000)
 ParOldGen       total 68608K, used 18943K [0x00000000c0000000, 0x00000000c4300000, 0x00000000eab00000)
  object space 68608K, 27% used [0x00000000c0000000,0x00000000c127fcd8,0x00000000c4300000)
 Metaspace       used 30497K, committed 31296K, reserved 1114112K
  class space    used 2982K, committed 3328K, reserved 1048576K
}
Event: 25.743 GC heap before
{Heap before GC invocations=15 (full 1):
 PSYoungGen      total 23040K, used 23040K [0x00000000eab00000, 0x00000000ec600000, 0x0000000100000000)
  eden space 22016K, 100% used [0x00000000eab00000,0x00000000ec080000,0x00000000ec080000)
  from space 1024K, 100% used [0x00000000ec400000,0x00000000ec500000,0x00000000ec500000)
  to   space 1024K, 0% used [0x00000000ec500000,0x00000000ec500000,0x00000000ec600000)
 ParOldGen       total 68608K, used 18943K [0x00000000c0000000, 0x00000000c4300000, 0x00000000eab00000)
  object space 68608K, 27% used [0x00000000c0000000,0x00000000c127fcd8,0x00000000c4300000)
 Metaspace       used 30497K, committed 31296K, reserved 1114112K
  class space    used 2982K, committed 3328K, reserved 1048576K
}
Event: 25.745 GC heap after
{Heap after GC invocations=15 (full 1):
 PSYoungGen      total 23040K, used 688K [0x00000000eab00000, 0x00000000ec600000, 0x0000000100000000)
  eden space 22016K, 0% used [0x00000000eab00000,0x00000000eab00000,0x00000000ec080000)
  from space 1024K, 67% used [0x00000000ec500000,0x00000000ec5ac120,0x00000000ec600000)
  to   space 1024K, 0% used [0x00000000ec400000,0x00000000ec400000,0x00000000ec500000)
 ParOldGen       total 68608K, used 19815K [0x00000000c0000000, 0x00000000c4300000, 0x00000000eab00000)
  object space 68608K, 28% used [0x00000000c0000000,0x00000000c1359cd8,0x00000000c4300000)
 Metaspace       used 30497K, committed 31296K, reserved 1114112K
  class space    used 2982K, committed 3328K, reserved 1048576K
}
Event: 26.372 GC heap before
{Heap before GC invocations=16 (full 1):
 PSYoungGen      total 23040K, used 22704K [0x00000000eab00000, 0x00000000ec600000, 0x0000000100000000)
  eden space 22016K, 100% used [0x00000000eab00000,0x00000000ec080000,0x00000000ec080000)
  from space 1024K, 67% used [0x00000000ec500000,0x00000000ec5ac120,0x00000000ec600000)
  to   space 1024K, 0% used [0x00000000ec400000,0x00000000ec400000,0x00000000ec500000)
 ParOldGen       total 68608K, used 19815K [0x00000000c0000000, 0x00000000c4300000, 0x00000000eab00000)
  object space 68608K, 28% used [0x00000000c0000000,0x00000000c1359cd8,0x00000000c4300000)
 Metaspace       used 30497K, committed 31296K, reserved 1114112K
  class space    used 2982K, committed 3328K, reserved 1048576K
}
Event: 26.374 GC heap after
{Heap after GC invocations=16 (full 1):
 PSYoungGen      total 23040K, used 960K [0x00000000eab00000, 0x00000000ec580000, 0x0000000100000000)
  eden space 22016K, 0% used [0x00000000eab00000,0x00000000eab00000,0x00000000ec080000)
  from space 1024K, 93% used [0x00000000ec400000,0x00000000ec4f0000,0x00000000ec500000)
  to   space 512K, 0% used [0x00000000ec500000,0x00000000ec500000,0x00000000ec580000)
 ParOldGen       total 68608K, used 20415K [0x00000000c0000000, 0x00000000c4300000, 0x00000000eab00000)
  object space 68608K, 29% used [0x00000000c0000000,0x00000000c13efe80,0x00000000c4300000)
 Metaspace       used 30497K, committed 31296K, reserved 1114112K
  class space    used 2982K, committed 3328K, reserved 1048576K
}

Dll operation events (10 events):
Event: 0.046 Loaded shared library c:\Users\LENOVO\.vscode\extensions\redhat.java-1.42.0-win32-x64\jre\21.0.7-win32-x86_64\bin\java.dll
Event: 0.182 Loaded shared library c:\Users\LENOVO\.vscode\extensions\redhat.java-1.42.0-win32-x64\jre\21.0.7-win32-x86_64\bin\zip.dll
Event: 0.212 Loaded shared library C:\Users\LENOVO\.vscode\extensions\redhat.java-1.42.0-win32-x64\jre\21.0.7-win32-x86_64\bin\instrument.dll
Event: 0.219 Loaded shared library C:\Users\LENOVO\.vscode\extensions\redhat.java-1.42.0-win32-x64\jre\21.0.7-win32-x86_64\bin\net.dll
Event: 0.224 Loaded shared library C:\Users\LENOVO\.vscode\extensions\redhat.java-1.42.0-win32-x64\jre\21.0.7-win32-x86_64\bin\nio.dll
Event: 0.228 Loaded shared library C:\Users\LENOVO\.vscode\extensions\redhat.java-1.42.0-win32-x64\jre\21.0.7-win32-x86_64\bin\zip.dll
Event: 0.256 Loaded shared library C:\Users\LENOVO\.vscode\extensions\redhat.java-1.42.0-win32-x64\jre\21.0.7-win32-x86_64\bin\jimage.dll
Event: 0.362 Loaded shared library c:\Users\LENOVO\.vscode\extensions\redhat.java-1.42.0-win32-x64\jre\21.0.7-win32-x86_64\bin\verify.dll
Event: 4.878 Loaded shared library C:\Users\LENOVO\AppData\Roaming\Code\User\globalStorage\redhat.java\1.42.0\config_ss_win\org.eclipse.equinox.launcher\org.eclipse.equinox.launcher.win32.win32.x86_64_1.2.1300.v20250331-1702\eclipse_11911.dll
Event: 8.206 Loaded shared library C:\Users\LENOVO\AppData\Local\Temp\jna--2053026509\jna17903245832074081291.dll

Deoptimization events (20 events):
Event: 20.553 Thread 0x00000265052bacc0 Uncommon trap: trap_request=0xffffffde fr.pc=0x000002652eaeb718 relative=0x0000000000000bb8
Event: 20.553 Thread 0x00000265052bacc0 Uncommon trap: reason=class_check action=maybe_recompile pc=0x000002652eaeb718 method=java.io.BufferedInputStream.implRead([BII)I @ 100 c2
Event: 20.553 Thread 0x00000265052bacc0 DEOPT PACKING pc=0x000002652eaeb718 sp=0x000000b81c7fd890
Event: 20.553 Thread 0x00000265052bacc0 DEOPT UNPACKING pc=0x000002652e4d3aa2 sp=0x000000b81c7fd7e8 mode 2
Event: 20.554 Thread 0x00000265052bacc0 Uncommon trap: trap_request=0xffffff45 fr.pc=0x000002652eaeb51c relative=0x00000000000009bc
Event: 20.554 Thread 0x00000265052bacc0 Uncommon trap: reason=unstable_if action=reinterpret pc=0x000002652eaeb51c method=java.io.BufferedInputStream.implRead([BII)I @ 55 c2
Event: 20.554 Thread 0x00000265052bacc0 DEOPT PACKING pc=0x000002652eaeb51c sp=0x000000b81c7fd890
Event: 20.554 Thread 0x00000265052bacc0 DEOPT UNPACKING pc=0x000002652e4d3aa2 sp=0x000000b81c7fd7e8 mode 2
Event: 20.567 Thread 0x00000265052bacc0 Uncommon trap: trap_request=0xffffff45 fr.pc=0x000002652eaa5b70 relative=0x00000000000005b0
Event: 20.567 Thread 0x00000265052bacc0 Uncommon trap: reason=unstable_if action=reinterpret pc=0x000002652eaa5b70 method=java.io.BufferedInputStream.implRead([BII)I @ 55 c2
Event: 20.567 Thread 0x00000265052bacc0 DEOPT PACKING pc=0x000002652eaa5b70 sp=0x000000b81c7fd500
Event: 20.567 Thread 0x00000265052bacc0 DEOPT UNPACKING pc=0x000002652e4d3aa2 sp=0x000000b81c7fd4d8 mode 2
Event: 20.588 Thread 0x00000265052bacc0 DEOPT PACKING pc=0x0000026527522726 sp=0x000000b81c7fcc00
Event: 20.588 Thread 0x00000265052bacc0 DEOPT UNPACKING pc=0x000002652e4d4242 sp=0x000000b81c7fc0f8 mode 0
Event: 20.589 Thread 0x00000265052bacc0 DEOPT PACKING pc=0x0000026527522726 sp=0x000000b81c7fcc00
Event: 20.589 Thread 0x00000265052bacc0 DEOPT UNPACKING pc=0x000002652e4d4242 sp=0x000000b81c7fc0f8 mode 0
Event: 20.811 Thread 0x00000265052bacc0 DEOPT PACKING pc=0x00000265272b8c9f sp=0x000000b81c7fda80
Event: 20.811 Thread 0x00000265052bacc0 DEOPT UNPACKING pc=0x000002652e4d4242 sp=0x000000b81c7fcf58 mode 0
Event: 21.630 Thread 0x00000265052bacc0 DEOPT PACKING pc=0x0000026526ff2cf8 sp=0x000000b81c7fd700
Event: 21.630 Thread 0x00000265052bacc0 DEOPT UNPACKING pc=0x000002652e4d4242 sp=0x000000b81c7fcbe8 mode 0

Classes loaded (20 events):
Event: 20.332 Loading class java/util/AbstractList$SubList done
Event: 20.332 Loading class java/util/AbstractList$RandomAccessSubList done
Event: 20.333 Loading class java/util/AbstractList$SubList$1
Event: 20.333 Loading class java/util/AbstractList$SubList$1 done
Event: 20.333 Loading class java/util/AbstractList$ListItr
Event: 20.333 Loading class java/util/AbstractList$ListItr done
Event: 20.400 Loading class java/io/DataOutputStream
Event: 20.401 Loading class java/io/DataOutputStream done
Event: 20.466 Loading class javax/xml/parsers/FactoryConfigurationError
Event: 20.466 Loading class javax/xml/parsers/FactoryConfigurationError done
Event: 20.545 Loading class java/io/UncheckedIOException
Event: 20.546 Loading class java/io/UncheckedIOException done
Event: 20.582 Loading class sun/net/www/protocol/https/Handler
Event: 20.582 Loading class sun/net/www/protocol/http/Handler
Event: 20.583 Loading class sun/net/www/protocol/http/Handler done
Event: 20.583 Loading class sun/net/www/protocol/https/Handler done
Event: 20.681 Loading class org/w3c/dom/DOMException
Event: 20.681 Loading class org/w3c/dom/DOMException done
Event: 21.836 Loading class java/util/ImmutableCollections$SubList
Event: 21.837 Loading class java/util/ImmutableCollections$SubList done

Classes unloaded (7 events):
Event: 7.681 Thread 0x0000026523e01a00 Unloading class 0x0000026539189400 'java/lang/invoke/LambdaForm$MH+0x0000026539189400'
Event: 7.681 Thread 0x0000026523e01a00 Unloading class 0x0000026539189000 'java/lang/invoke/LambdaForm$MH+0x0000026539189000'
Event: 7.681 Thread 0x0000026523e01a00 Unloading class 0x0000026539188c00 'java/lang/invoke/LambdaForm$MH+0x0000026539188c00'
Event: 7.681 Thread 0x0000026523e01a00 Unloading class 0x0000026539188800 'java/lang/invoke/LambdaForm$MH+0x0000026539188800'
Event: 7.681 Thread 0x0000026523e01a00 Unloading class 0x0000026539188400 'java/lang/invoke/LambdaForm$BMH+0x0000026539188400'
Event: 7.681 Thread 0x0000026523e01a00 Unloading class 0x0000026539188000 'java/lang/invoke/LambdaForm$DMH+0x0000026539188000'
Event: 7.681 Thread 0x0000026523e01a00 Unloading class 0x0000026539186c00 'java/lang/invoke/LambdaForm$DMH+0x0000026539186c00'

Classes redefined (0 events):
No events

Internal exceptions (20 events):
Event: 20.611 Thread 0x00000265052bacc0 Exception <a 'sun/nio/fs/WindowsException'{0x00000000eb722318}> (0x00000000eb722318) 
thrown [s\src\hotspot\share\prims\jni.cpp, line 520]
Event: 20.614 Thread 0x00000265052bacc0 Exception <a 'sun/nio/fs/WindowsException'{0x00000000eb7236c0}> (0x00000000eb7236c0) 
thrown [s\src\hotspot\share\prims\jni.cpp, line 520]
Event: 20.615 Thread 0x00000265052bacc0 Exception <a 'sun/nio/fs/WindowsException'{0x00000000eb724088}> (0x00000000eb724088) 
thrown [s\src\hotspot\share\prims\jni.cpp, line 520]
Event: 20.616 Thread 0x00000265052bacc0 Exception <a 'sun/nio/fs/WindowsException'{0x00000000eb724f00}> (0x00000000eb724f00) 
thrown [s\src\hotspot\share\prims\jni.cpp, line 520]
Event: 20.616 Thread 0x00000265052bacc0 Exception <a 'sun/nio/fs/WindowsException'{0x00000000eb7258c8}> (0x00000000eb7258c8) 
thrown [s\src\hotspot\share\prims\jni.cpp, line 520]
Event: 20.616 Thread 0x00000265052bacc0 Exception <a 'sun/nio/fs/WindowsException'{0x00000000eb7267a0}> (0x00000000eb7267a0) 
thrown [s\src\hotspot\share\prims\jni.cpp, line 520]
Event: 20.616 Thread 0x00000265052bacc0 Exception <a 'sun/nio/fs/WindowsException'{0x00000000eb727168}> (0x00000000eb727168) 
thrown [s\src\hotspot\share\prims\jni.cpp, line 520]
Event: 20.619 Thread 0x00000265052bacc0 Exception <a 'sun/nio/fs/WindowsException'{0x00000000eb728e40}> (0x00000000eb728e40) 
thrown [s\src\hotspot\share\prims\jni.cpp, line 520]
Event: 20.619 Thread 0x00000265052bacc0 Exception <a 'sun/nio/fs/WindowsException'{0x00000000eb729808}> (0x00000000eb729808) 
thrown [s\src\hotspot\share\prims\jni.cpp, line 520]
Event: 20.628 Thread 0x00000265052bacc0 Exception <a 'java/lang/NoSuchMethodError'{0x00000000eb73d208}: 'void java.lang.invoke.DirectMethodHandle$Holder.invokeVirtual(java.lang.Object, java.lang.Object, java.lang.Object, java.lang.Object)'> (0x00000000eb73d208) 
thrown [s\src\hotspot\share\interpreter\linkResolver.cpp, line 773]
Event: 20.633 Thread 0x00000265052bacc0 Exception <a 'sun/nio/fs/WindowsException'{0x00000000eb757be0}> (0x00000000eb757be0) 
thrown [s\src\hotspot\share\prims\jni.cpp, line 520]
Event: 20.634 Thread 0x00000265052bacc0 Exception <a 'sun/nio/fs/WindowsException'{0x00000000eb7585a8}> (0x00000000eb7585a8) 
thrown [s\src\hotspot\share\prims\jni.cpp, line 520]
Event: 20.634 Thread 0x00000265052bacc0 Exception <a 'sun/nio/fs/WindowsException'{0x00000000eb759530}> (0x00000000eb759530) 
thrown [s\src\hotspot\share\prims\jni.cpp, line 520]
Event: 20.635 Thread 0x00000265052bacc0 Exception <a 'sun/nio/fs/WindowsException'{0x00000000eb759ef8}> (0x00000000eb759ef8) 
thrown [s\src\hotspot\share\prims\jni.cpp, line 520]
Event: 20.674 Thread 0x00000265052bacc0 Exception <a 'sun/nio/fs/WindowsException'{0x00000000eb7994f8}> (0x00000000eb7994f8) 
thrown [s\src\hotspot\share\prims\jni.cpp, line 520]
Event: 20.710 Thread 0x00000265052bacc0 Exception <a 'sun/nio/fs/WindowsException'{0x00000000eb857260}> (0x00000000eb857260) 
thrown [s\src\hotspot\share\prims\jni.cpp, line 520]
Event: 20.712 Thread 0x00000265052bacc0 Exception <a 'java/io/FileNotFoundException'{0x00000000eb865208}> (0x00000000eb865208) 
thrown [s\src\hotspot\share\prims\jni.cpp, line 520]
Event: 20.712 Thread 0x00000265052bacc0 Exception <a 'java/io/FileNotFoundException'{0x00000000eb866240}> (0x00000000eb866240) 
thrown [s\src\hotspot\share\prims\jni.cpp, line 520]
Event: 20.736 Thread 0x00000265052bacc0 Exception <a 'sun/nio/fs/WindowsException'{0x00000000eb88e1d8}> (0x00000000eb88e1d8) 
thrown [s\src\hotspot\share\prims\jni.cpp, line 520]
Event: 20.754 Thread 0x00000265052bacc0 Exception <a 'sun/nio/fs/WindowsException'{0x00000000eb8ac6b8}> (0x00000000eb8ac6b8) 
thrown [s\src\hotspot\share\prims\jni.cpp, line 520]

ZGC Phase Switch (0 events):
No events

VM Operations (20 events):
Event: 20.529 Executing VM operation: Cleanup
Event: 20.529 Executing VM operation: Cleanup done
Event: 21.534 Executing VM operation: Cleanup
Event: 21.534 Executing VM operation: Cleanup done
Event: 21.981 Executing VM operation: ParallelGCFailedAllocation (Allocation Failure)
Event: 21.988 Executing VM operation: ParallelGCFailedAllocation (Allocation Failure) done
Event: 22.993 Executing VM operation: Cleanup
Event: 22.993 Executing VM operation: Cleanup done
Event: 23.702 Executing VM operation: ParallelGCFailedAllocation (Allocation Failure)
Event: 23.708 Executing VM operation: ParallelGCFailedAllocation (Allocation Failure) done
Event: 24.719 Executing VM operation: ParallelGCFailedAllocation (Allocation Failure)
Event: 24.725 Executing VM operation: ParallelGCFailedAllocation (Allocation Failure) done
Event: 25.171 Executing VM operation: ParallelGCFailedAllocation (Allocation Failure)
Event: 25.174 Executing VM operation: ParallelGCFailedAllocation (Allocation Failure) done
Event: 25.485 Executing VM operation: ParallelGCFailedAllocation (Allocation Failure)
Event: 25.488 Executing VM operation: ParallelGCFailedAllocation (Allocation Failure) done
Event: 25.743 Executing VM operation: ParallelGCFailedAllocation (Allocation Failure)
Event: 25.745 Executing VM operation: ParallelGCFailedAllocation (Allocation Failure) done
Event: 26.372 Executing VM operation: ParallelGCFailedAllocation (Allocation Failure)
Event: 26.374 Executing VM operation: ParallelGCFailedAllocation (Allocation Failure) done

Memory protections (0 events):
No events

Nmethod flushes (0 events):
No events

Events (20 events):
Event: 8.341 Thread 0x0000026521973710 Thread added: 0x00000265052b8bf0
Event: 8.341 Thread 0x0000026521973710 Thread added: 0x00000265052b7ed0
Event: 8.341 Thread 0x0000026521973710 Thread added: 0x00000265052b9910
Event: 8.341 Thread 0x0000026521973710 Thread added: 0x00000265052b9fa0
Event: 8.341 Thread 0x0000026521973710 Thread added: 0x00000265052ba630
Event: 8.342 Thread 0x0000026521973710 Thread added: 0x00000265052b9280
Event: 8.342 Thread 0x0000026521973710 Thread added: 0x00000265052b71b0
Event: 8.342 Thread 0x0000026521973710 Thread added: 0x00000265052b8560
Event: 8.342 Thread 0x0000026521973710 Thread added: 0x00000265052b7840
Event: 8.342 Thread 0x0000026521973710 Thread added: 0x00000265052bc700
Event: 8.376 Thread 0x0000026521973710 Thread added: 0x00000265052bb9e0
Event: 8.606 Thread 0x00000265051cd250 Thread exited: 0x00000265051cd250
Event: 8.636 Thread 0x0000026521973710 Thread added: 0x00000265052bcd90
Event: 8.636 Thread 0x0000026521973710 Thread added: 0x00000265052bacc0
Event: 8.649 Thread 0x000002657a4695a0 Thread added: 0x000002650619f700
Event: 9.045 Thread 0x0000026504889cf0 Thread added: 0x00000265052be140
Event: 9.212 Thread 0x000002650619f700 Thread exited: 0x000002650619f700
Event: 11.782 Thread 0x000002650488b730 Thread exited: 0x000002650488b730
Event: 20.834 Thread 0x000002657a4695a0 Thread added: 0x000002650619f030
Event: 21.067 Thread 0x000002650619f030 Thread exited: 0x000002650619f030


Dynamic libraries:
0x00007ff740de0000 - 0x00007ff740dee000 	c:\Users\LENOVO\.vscode\extensions\redhat.java-1.42.0-win32-x64\jre\21.0.7-win32-x86_64\bin\java.exe
0x00007ffee7040000 - 0x00007ffee72a5000 	C:\WINDOWS\SYSTEM32\ntdll.dll
0x00007ffee6460000 - 0x00007ffee6529000 	C:\WINDOWS\System32\KERNEL32.DLL
0x00007ffee4190000 - 0x00007ffee4578000 	C:\WINDOWS\System32\KERNELBASE.dll
0x00007ffee4b10000 - 0x00007ffee4c5b000 	C:\WINDOWS\System32\ucrtbase.dll
0x00007ffed8740000 - 0x00007ffed8758000 	c:\Users\LENOVO\.vscode\extensions\redhat.java-1.42.0-win32-x64\jre\21.0.7-win32-x86_64\bin\jli.dll
0x00007ffed31c0000 - 0x00007ffed31de000 	c:\Users\LENOVO\.vscode\extensions\redhat.java-1.42.0-win32-x64\jre\21.0.7-win32-x86_64\bin\VCRUNTIME140.dll
0x00007ffee54a0000 - 0x00007ffee566a000 	C:\WINDOWS\System32\USER32.dll
0x00007ffee4ae0000 - 0x00007ffee4b07000 	C:\WINDOWS\System32\win32u.dll
0x00007ffee6660000 - 0x00007ffee668b000 	C:\WINDOWS\System32\GDI32.dll
0x00007ffee4910000 - 0x00007ffee4a47000 	C:\WINDOWS\System32\gdi32full.dll
0x00007ffee47c0000 - 0x00007ffee4863000 	C:\WINDOWS\System32\msvcp_win.dll
0x00007ffece780000 - 0x00007ffecea1a000 	C:\WINDOWS\WinSxS\amd64_microsoft.windows.common-controls_6595b64144ccf1df_6.0.26100.4202_none_3e0698d4e335f517\COMCTL32.dll
0x00007ffee5be0000 - 0x00007ffee5c89000 	C:\WINDOWS\System32\msvcrt.dll
0x00007ffee6870000 - 0x00007ffee68a0000 	C:\WINDOWS\System32\IMM32.DLL
0x00000000546b0000 - 0x00000000546bc000 	C:\Program Files (x86)\360\Total Security\safemon\SafeWrapper.dll
0x00007ffee4fd0000 - 0x00007ffee5083000 	C:\WINDOWS\System32\ADVAPI32.dll
0x00007ffee6210000 - 0x00007ffee62b6000 	C:\WINDOWS\System32\sechost.dll
0x00007ffee6540000 - 0x00007ffee6655000 	C:\WINDOWS\System32\RPCRT4.dll
0x00007ffeb0610000 - 0x00007ffeb06bc000 	C:\Program Files (x86)\360\Total Security\safemon\libzdtp64.dll
0x00007ffee68b0000 - 0x00007ffee6ff2000 	C:\WINDOWS\System32\SHELL32.dll
0x00007ffee4c60000 - 0x00007ffee4dd4000 	C:\WINDOWS\System32\wintypes.dll
0x00007ffee5090000 - 0x00007ffee5415000 	C:\WINDOWS\System32\combase.dll
0x00007ffee5d10000 - 0x00007ffee5d7a000 	C:\WINDOWS\System32\SHLWAPI.dll
0x00007ffee3ab0000 - 0x00007ffee3abb000 	C:\WINDOWS\SYSTEM32\VERSION.dll
0x00007ffeda8f0000 - 0x00007ffeda8fc000 	c:\Users\LENOVO\.vscode\extensions\redhat.java-1.42.0-win32-x64\jre\21.0.7-win32-x86_64\bin\vcruntime140_1.dll
0x00007ffe86110000 - 0x00007ffe8619d000 	c:\Users\LENOVO\.vscode\extensions\redhat.java-1.42.0-win32-x64\jre\21.0.7-win32-x86_64\bin\msvcp140.dll
0x00007ffe66010000 - 0x00007ffe66da0000 	c:\Users\LENOVO\.vscode\extensions\redhat.java-1.42.0-win32-x64\jre\21.0.7-win32-x86_64\bin\server\jvm.dll
0x00007ffee5420000 - 0x00007ffee5494000 	C:\WINDOWS\System32\WS2_32.dll
0x00007ffee3fe0000 - 0x00007ffee403e000 	C:\WINDOWS\SYSTEM32\POWRPROF.dll
0x00007ffedcb40000 - 0x00007ffedcb75000 	C:\WINDOWS\SYSTEM32\WINMM.dll
0x00007ffee3fc0000 - 0x00007ffee3fd4000 	C:\WINDOWS\SYSTEM32\UMPDC.dll
0x00007ffee2ea0000 - 0x00007ffee2ebb000 	C:\WINDOWS\SYSTEM32\kernel.appcore.dll
0x00007ffed9460000 - 0x00007ffed946a000 	c:\Users\LENOVO\.vscode\extensions\redhat.java-1.42.0-win32-x64\jre\21.0.7-win32-x86_64\bin\jimage.dll
0x00007ffed6e10000 - 0x00007ffed7051000 	C:\WINDOWS\SYSTEM32\DBGHELP.DLL
0x00007ffee6370000 - 0x00007ffee6451000 	C:\WINDOWS\System32\OLEAUT32.dll
0x00007ffed0ca0000 - 0x00007ffed0cd9000 	C:\WINDOWS\SYSTEM32\dbgcore.DLL
0x00007ffee4870000 - 0x00007ffee4909000 	C:\WINDOWS\System32\bcryptPrimitives.dll
0x00007ffed9360000 - 0x00007ffed936f000 	c:\Users\LENOVO\.vscode\extensions\redhat.java-1.42.0-win32-x64\jre\21.0.7-win32-x86_64\bin\instrument.dll
0x00007ffed20e0000 - 0x00007ffed20ff000 	c:\Users\LENOVO\.vscode\extensions\redhat.java-1.42.0-win32-x64\jre\21.0.7-win32-x86_64\bin\java.dll
0x00007ffee1d60000 - 0x00007ffee25b7000 	C:\WINDOWS\SYSTEM32\windows.storage.dll
0x00007ffee5970000 - 0x00007ffee5a61000 	C:\WINDOWS\System32\SHCORE.dll
0x00007ffee40a0000 - 0x00007ffee40cf000 	C:\WINDOWS\SYSTEM32\profapi.dll
0x00007ffeb9340000 - 0x00007ffeb9358000 	c:\Users\LENOVO\.vscode\extensions\redhat.java-1.42.0-win32-x64\jre\21.0.7-win32-x86_64\bin\zip.dll
0x00007ffed9240000 - 0x00007ffed9250000 	C:\Users\LENOVO\.vscode\extensions\redhat.java-1.42.0-win32-x64\jre\21.0.7-win32-x86_64\bin\net.dll
0x00007ffedca10000 - 0x00007ffedcb2e000 	C:\WINDOWS\SYSTEM32\WINHTTP.dll
0x00007ffee33f0000 - 0x00007ffee345a000 	C:\WINDOWS\system32\mswsock.dll
0x00007ffeb6780000 - 0x00007ffeb6796000 	C:\Users\LENOVO\.vscode\extensions\redhat.java-1.42.0-win32-x64\jre\21.0.7-win32-x86_64\bin\nio.dll
0x00007ffed7990000 - 0x00007ffed79a0000 	c:\Users\LENOVO\.vscode\extensions\redhat.java-1.42.0-win32-x64\jre\21.0.7-win32-x86_64\bin\verify.dll
0x00007ffeb05b0000 - 0x00007ffeb05f5000 	C:\Users\LENOVO\AppData\Roaming\Code\User\globalStorage\redhat.java\1.42.0\config_ss_win\org.eclipse.equinox.launcher\org.eclipse.equinox.launcher.win32.win32.x86_64_1.2.1300.v20250331-1702\eclipse_11911.dll
0x00007ffee57c0000 - 0x00007ffee595e000 	C:\WINDOWS\System32\ole32.dll
0x00007ffee37d0000 - 0x00007ffee37eb000 	C:\WINDOWS\SYSTEM32\CRYPTSP.dll
0x00007ffee2e00000 - 0x00007ffee2e3a000 	C:\WINDOWS\system32\rsaenh.dll
0x00007ffee3490000 - 0x00007ffee34bb000 	C:\WINDOWS\SYSTEM32\USERENV.dll
0x00007ffee4070000 - 0x00007ffee4096000 	C:\WINDOWS\SYSTEM32\bcrypt.dll
0x00007ffee3630000 - 0x00007ffee363c000 	C:\WINDOWS\SYSTEM32\CRYPTBASE.dll
0x00007ffee28b0000 - 0x00007ffee28e3000 	C:\WINDOWS\SYSTEM32\IPHLPAPI.DLL
0x00007ffee4f80000 - 0x00007ffee4f8a000 	C:\WINDOWS\System32\NSI.dll
0x00007ffeaf3f0000 - 0x00007ffeaf439000 	C:\Users\LENOVO\AppData\Local\Temp\jna--2053026509\jna17903245832074081291.dll
0x00007ffee4f70000 - 0x00007ffee4f78000 	C:\WINDOWS\System32\PSAPI.DLL
0x00007ffedaa20000 - 0x00007ffedaa3f000 	C:\WINDOWS\SYSTEM32\dhcpcsvc6.DLL
0x00007ffeda8c0000 - 0x00007ffeda8e5000 	C:\WINDOWS\SYSTEM32\dhcpcsvc.DLL

dbghelp: loaded successfully - version: 4.0.5 - missing functions: none
symbol engine: initialized successfully - sym options: 0x614 - pdb path: .;c:\Users\LENOVO\.vscode\extensions\redhat.java-1.42.0-win32-x64\jre\21.0.7-win32-x86_64\bin;C:\WINDOWS\SYSTEM32;C:\WINDOWS\WinSxS\amd64_microsoft.windows.common-controls_6595b64144ccf1df_6.0.26100.4202_none_3e0698d4e335f517;C:\Program Files (x86)\360\Total Security\safemon;c:\Users\LENOVO\.vscode\extensions\redhat.java-1.42.0-win32-x64\jre\21.0.7-win32-x86_64\bin\server;C:\Users\LENOVO\AppData\Roaming\Code\User\globalStorage\redhat.java\1.42.0\config_ss_win\org.eclipse.equinox.launcher\org.eclipse.equinox.launcher.win32.win32.x86_64_1.2.1300.v20250331-1702;C:\Users\LENOVO\AppData\Local\Temp\jna--2053026509

VM Arguments:
jvm_args: --add-modules=ALL-SYSTEM --add-opens=java.base/java.util=ALL-UNNAMED --add-opens=java.base/java.lang=ALL-UNNAMED --add-opens=java.base/sun.nio.fs=ALL-UNNAMED -Declipse.application=org.eclipse.jdt.ls.core.id1 -Dosgi.bundles.defaultStartLevel=4 -Declipse.product=org.eclipse.jdt.ls.core.product -Djava.import.generatesMetadataFilesAtProjectRoot=false -DDetectVMInstallationsJob.disabled=true -Dfile.encoding=utf8 -XX:+UseParallelGC -XX:GCTimeRatio=4 -XX:AdaptiveSizePolicyWeight=90 -Dsun.zip.disableMemoryMapping=true -Xmx1G -Xms100m -Xlog:disable -javaagent:c:\Users\LENOVO\.vscode\extensions\redhat.java-1.42.0-win32-x64\lombok\lombok-1.18.36.jar 
java_command: c:\Users\LENOVO\.vscode\extensions\redhat.java-1.42.0-win32-x64\server\plugins\org.eclipse.equinox.launcher_1.7.0.v20250424-1814.jar -configuration c:\Users\LENOVO\AppData\Roaming\Code\User\globalStorage\redhat.java\1.42.0\config_ss_win -data c:\Users\LENOVO\AppData\Roaming\Code\User\workspaceStorage\505c6f5164cc9c3b0cea8069281ec5bb\redhat.java\ss_ws --pipe=\\.\pipe\lsp-821212eafaf8748e7022cec91ee65aad-sock
java_class_path (initial): c:\Users\LENOVO\.vscode\extensions\redhat.java-1.42.0-win32-x64\server\plugins\org.eclipse.equinox.launcher_1.7.0.v20250424-1814.jar
Launcher Type: SUN_STANDARD

[Global flags]
    uintx AdaptiveSizePolicyWeight                 = 90                                        {product} {command line}
     intx CICompilerCount                          = 4                                         {product} {ergonomic}
    uintx GCTimeRatio                              = 4                                         {product} {command line}
   size_t InitialHeapSize                          = 104857600                                 {product} {command line}
   size_t MaxHeapSize                              = 1073741824                                {product} {command line}
   size_t MaxNewSize                               = 357564416                                 {product} {ergonomic}
   size_t MinHeapDeltaBytes                        = 524288                                    {product} {ergonomic}
   size_t MinHeapSize                              = 104857600                                 {product} {command line}
   size_t NewSize                                  = 34603008                                  {product} {ergonomic}
    uintx NonNMethodCodeHeapSize                   = 5839372                                {pd product} {ergonomic}
    uintx NonProfiledCodeHeapSize                  = 122909434                              {pd product} {ergonomic}
   size_t OldSize                                  = 70254592                                  {product} {ergonomic}
    uintx ProfiledCodeHeapSize                     = 122909434                              {pd product} {ergonomic}
    uintx ReservedCodeCacheSize                    = 251658240                              {pd product} {ergonomic}
     bool SegmentedCodeCache                       = true                                      {product} {ergonomic}
   size_t SoftMaxHeapSize                          = 1073741824                             {manageable} {ergonomic}
     bool UseCompressedOops                        = true                           {product lp64_product} {ergonomic}
     bool UseLargePagesIndividualAllocation        = false                                  {pd product} {ergonomic}
     bool UseParallelGC                            = true                                      {product} {command line}

Logging:
Log output configuration:
 #0: stdout all=off uptime,level,tags foldmultilines=false
 #1: stderr all=off uptime,level,tags foldmultilines=false

Environment Variables:
JAVA_HOME=C:\Program Files\Eclipse Adoptium\jdk-17.0.12.7-hotspot\
PATH=C:\Program Files\Git\cmd;C:\Program Files\nodejs\;C:\Users\LENOVO\AppData\Roaming\npm;C:\Program Files\nodejs\;C:\Users\LENOVO\Downloads\apache-maven-3.9.9-bin\apache-maven-3.9.9\bin;C:\Users\LENOVO\AppData\Local\Programs\cursor\resources\app\bin;C:\Users\LENOVO\AppData\Local\Programs\Microsoft VS Code\bin;C:\Users\LENOVO\AppData\Roaming\npm;C:\Windows\System32;C:\Users\LENOVO\Downloads\apache-maven-3.9.9-bin\apache-maven-3.9.9\bin;C:\Users\LENOVO\AppData\Roaming\npm;C:\Users\LENOVO\AppData\Local\Programs\cursor\resources\app\bin;C:\Users\LENOVO\AppData\Local\Programs\Microsoft VS Code\bin
USERNAME=LENOVO
OS=Windows_NT
PROCESSOR_IDENTIFIER=AMD64 Family 23 Model 104 Stepping 1, AuthenticAMD
TMP=C:\Users\LENOVO\AppData\Local\Temp
TEMP=C:\Users\LENOVO\AppData\Local\Temp




Periodic native trim disabled

---------------  S Y S T E M  ---------------

OS:
 Windows 11 , 64 bit Build 26100 (10.0.26100.4202)
OS uptime: 0 days 22:29 hours
Hyper-V role detected

CPU: total 12 (initial active 12) (12 cores per cpu, 2 threads per core) family 23 model 104 stepping 1 microcode 0x8608103, cx8, cmov, fxsr, ht, mmx, 3dnowpref, sse, sse2, sse3, ssse3, sse4a, sse4.1, sse4.2, popcnt, lzcnt, tsc, tscinvbit, avx, avx2, aes, clmul, bmi1, bmi2, adx, sha, fma, vzeroupper, clflush, clflushopt, hv, rdtscp, rdpid, f16c
Processor Information for processor 0
  Max Mhz: 2100, Current Mhz: 2100, Mhz Limit: 2100
Processor Information for processor 1
  Max Mhz: 2100, Current Mhz: 1988, Mhz Limit: 2100
Processor Information for processor 2
  Max Mhz: 2100, Current Mhz: 2100, Mhz Limit: 2100
Processor Information for processor 3
  Max Mhz: 2100, Current Mhz: 2100, Mhz Limit: 2100
Processor Information for processor 4
  Max Mhz: 2100, Current Mhz: 1988, Mhz Limit: 2100
Processor Information for processor 5
  Max Mhz: 2100, Current Mhz: 2100, Mhz Limit: 2100
Processor Information for processor 6
  Max Mhz: 2100, Current Mhz: 1988, Mhz Limit: 2100
Processor Information for processor 7
  Max Mhz: 2100, Current Mhz: 1988, Mhz Limit: 2100
Processor Information for processor 8
  Max Mhz: 2100, Current Mhz: 2100, Mhz Limit: 2100
Processor Information for processor 9
  Max Mhz: 2100, Current Mhz: 2100, Mhz Limit: 2100
Processor Information for processor 10
  Max Mhz: 2100, Current Mhz: 2100, Mhz Limit: 2100
Processor Information for processor 11
  Max Mhz: 2100, Current Mhz: 2100, Mhz Limit: 2100

Memory: 4k page, system-wide physical 5989M (373M free)
TotalPageFile size 24421M (AvailPageFile size 4M)
current process WorkingSet (physical memory assigned to process): 165M, peak: 168M
current process commit charge ("private bytes"): 252M, peak: 272M

vm_info: OpenJDK 64-Bit Server VM (21.0.7+6-LTS) for windows-amd64 JRE (21.0.7+6-LTS), built on 2025-04-15T00:00:00Z by "admin" with MS VC++ 17.7 (VS2022)

END.
