#
# There is insufficient memory for the Java Runtime Environment to continue.
# Native memory allocation (malloc) failed to allocate 1068896 bytes. Error detail: Chunk::new
# Possible reasons:
#   The system is out of physical RAM or swap space
#   This process is running with CompressedOops enabled, and the Java Heap may be blocking the growth of the native heap
# Possible solutions:
#   Reduce memory load on the system
#   Increase physical memory or swap space
#   Check if swap backing store is full
#   Decrease Java heap size (-Xmx/-Xms)
#   Decrease number of Java threads
#   Decrease Java thread stack sizes (-Xss)
#   Set larger code cache with -XX:ReservedCodeCacheSize=
#   JVM is running with Unscaled Compressed Oops mode in which the Java heap is
#     placed in the first 4GB address space. The Java Heap base address is the
#     maximum limit for the native heap growth. Please use -XX:HeapBaseMinAddress
#     to set the Java Heap base and to place the Java Heap above 4GB virtual address.
# This output file may be truncated or incomplete.
#
#  Out of Memory Error (arena.cpp:168), pid=36212, tid=24012
#
# JRE version: OpenJDK Runtime Environment Temurin-21.0.7+6 (21.0.7+6) (build 21.0.7+6-LTS)
# Java VM: OpenJDK 64-Bit Server VM Temurin-21.0.7+6 (21.0.7+6-LTS, mixed mode, sharing, tiered, compressed oops, compressed class ptrs, parallel gc, windows-amd64)
# No core dump will be written. Minidumps are not enabled by default on client versions of Windows
#

---------------  S U M M A R Y ------------

Command Line: --add-modules=ALL-SYSTEM --add-opens=java.base/java.util=ALL-UNNAMED --add-opens=java.base/java.lang=ALL-UNNAMED --add-opens=java.base/sun.nio.fs=ALL-UNNAMED -Declipse.application=org.eclipse.jdt.ls.core.id1 -Dosgi.bundles.defaultStartLevel=4 -Declipse.product=org.eclipse.jdt.ls.core.product -Djava.import.generatesMetadataFilesAtProjectRoot=false -DDetectVMInstallationsJob.disabled=true -Dfile.encoding=utf8 -XX:+UseParallelGC -XX:GCTimeRatio=4 -XX:AdaptiveSizePolicyWeight=90 -Dsun.zip.disableMemoryMapping=true -Xmx1G -Xms100m -Xlog:disable -javaagent:c:\Users\LENOVO\.cursor\extensions\redhat.java-1.42.0-win32-x64\lombok\lombok-1.18.36.jar -XX:+HeapDumpOnOutOfMemoryError -XX:HeapDumpPath=c:\Users\LENOVO\AppData\Roaming\Cursor\User\workspaceStorage\665a095a445e1958b71935bc6596bb03\redhat.java -Daether.dependencyCollector.impl=bf c:\Users\LENOVO\.cursor\extensions\redhat.java-1.42.0-win32-x64\server\plugins\org.eclipse.equinox.launcher_1.7.0.v20250424-1814.jar -configuration c:\Users\LENOVO\AppData\Roaming\Cursor\User\globalStorage\redhat.java\1.42.0\config_win -data c:\Users\LENOVO\AppData\Roaming\Cursor\User\workspaceStorage\665a095a445e1958b71935bc6596bb03\redhat.java\jdt_ws --pipe=\\.\pipe\lsp-53610121627594ce25dbc1d98a9ed239-sock

Host: AMD Ryzen 5 5500U with Radeon Graphics         , 12 cores, 5G,  Windows 11 , 64 bit Build 26100 (10.0.26100.4202)
Time: Thu Jun  5 01:30:46 2025 India Standard Time elapsed time: 9900.959409 seconds (0d 2h 45m 0s)

---------------  T H R E A D  ---------------

Current thread (0x000001d753951090):  JavaThread "C2 CompilerThread0" daemon [_thread_in_native, id=24012, stack(0x000000c888900000,0x000000c888a00000) (1024K)]


Current CompileTask:
C2:9900959 28215   !   4       org.eclipse.core.internal.localstore.UnifiedTree::addChildren (479 bytes)

Stack: [0x000000c888900000,0x000000c888a00000]
Native frames: (J=compiled Java code, j=interpreted, Vv=VM code, C=native code)
V  [jvm.dll+0x6ce119]
V  [jvm.dll+0x8a84a1]
V  [jvm.dll+0x8aa9ce]
V  [jvm.dll+0x8ab0b3]
V  [jvm.dll+0x27f8a6]
V  [jvm.dll+0xc507d]
V  [jvm.dll+0xc55b3]
V  [jvm.dll+0x2f2c6d]
V  [jvm.dll+0x5f6bca]
V  [jvm.dll+0x250cb2]
V  [jvm.dll+0x25106f]
V  [jvm.dll+0x249934]
V  [jvm.dll+0x246fc4]
V  [jvm.dll+0x1c760e]
V  [jvm.dll+0x25695a]
V  [jvm.dll+0x254efa]
V  [jvm.dll+0x3f03f6]
V  [jvm.dll+0x851f6b]
V  [jvm.dll+0x6cc7dd]
C  [ucrtbase.dll+0x37b0]
C  [KERNEL32.DLL+0x2e8d7]
C  [ntdll.dll+0x3c34c]


---------------  P R O C E S S  ---------------

Threads class SMR info:
_java_thread_list=0x000001d77c95e3f0, length=42, elements={
0x000001d7513b34a0, 0x000001d767c8cd70, 0x000001d753942690, 0x000001d753948ad0,
0x000001d7539497a0, 0x000001d75394c3d0, 0x000001d75394d990, 0x000001d753951090,
0x000001d753952210, 0x000001d768fdb2b0, 0x000001d76924b810, 0x000001d76a4b9ea0,
0x000001d76a4ad080, 0x000001d76a892240, 0x000001d76a8928a0, 0x000001d76f7050f0,
0x000001d76f703d40, 0x000001d76f705780, 0x000001d76f704a60, 0x000001d76f703020,
0x000001d770f0f2d0, 0x000001d770f10680, 0x000001d770f0d200, 0x000001d770f0e5b0,
0x000001d770f10d10, 0x000001d770f113a0, 0x000001d770f0df20, 0x000001d770f11a30,
0x000001d770f0ec40, 0x000001d770f12de0, 0x000001d770f120c0, 0x000001d770f13470,
0x000001d770f14820, 0x000001d770f12750, 0x000001d770f13b00, 0x000001d770f14190,
0x000001d77ca24f50, 0x000001d77ca26300, 0x000001d77ca24230, 0x000001d77b4277a0,
0x000001d77b4263f0, 0x000001d77b428b50
}

Java Threads: ( => current thread )
  0x000001d7513b34a0 JavaThread "main"                              [_thread_blocked, id=28108, stack(0x000000c887f00000,0x000000c888000000) (1024K)]
  0x000001d767c8cd70 JavaThread "Reference Handler"          daemon [_thread_blocked, id=15312, stack(0x000000c888300000,0x000000c888400000) (1024K)]
  0x000001d753942690 JavaThread "Finalizer"                  daemon [_thread_blocked, id=39432, stack(0x000000c888400000,0x000000c888500000) (1024K)]
  0x000001d753948ad0 JavaThread "Signal Dispatcher"          daemon [_thread_blocked, id=11500, stack(0x000000c888500000,0x000000c888600000) (1024K)]
  0x000001d7539497a0 JavaThread "Attach Listener"            daemon [_thread_blocked, id=26516, stack(0x000000c888600000,0x000000c888700000) (1024K)]
  0x000001d75394c3d0 JavaThread "Service Thread"             daemon [_thread_blocked, id=36776, stack(0x000000c888700000,0x000000c888800000) (1024K)]
  0x000001d75394d990 JavaThread "Monitor Deflation Thread"   daemon [_thread_blocked, id=40616, stack(0x000000c888800000,0x000000c888900000) (1024K)]
=>0x000001d753951090 JavaThread "C2 CompilerThread0"         daemon [_thread_in_native, id=24012, stack(0x000000c888900000,0x000000c888a00000) (1024K)]
  0x000001d753952210 JavaThread "C1 CompilerThread0"         daemon [_thread_blocked, id=15492, stack(0x000000c888a00000,0x000000c888b00000) (1024K)]
  0x000001d768fdb2b0 JavaThread "Common-Cleaner"             daemon [_thread_blocked, id=17736, stack(0x000000c888b00000,0x000000c888c00000) (1024K)]
  0x000001d76924b810 JavaThread "Notification Thread"        daemon [_thread_blocked, id=36200, stack(0x000000c888c00000,0x000000c888d00000) (1024K)]
  0x000001d76a4b9ea0 JavaThread "Active Thread: Equinox Container: 3dfcbbd1-2c92-4af6-aa8e-96c1f1dd5455"        [_thread_blocked, id=39244, stack(0x000000c889300000,0x000000c889400000) (1024K)]
  0x000001d76a4ad080 JavaThread "Refresh Thread: Equinox Container: 3dfcbbd1-2c92-4af6-aa8e-96c1f1dd5455" daemon [_thread_blocked, id=22716, stack(0x000000c889400000,0x000000c889500000) (1024K)]
  0x000001d76a892240 JavaThread "Framework Event Dispatcher: Equinox Container: 3dfcbbd1-2c92-4af6-aa8e-96c1f1dd5455" daemon [_thread_blocked, id=13696, stack(0x000000c889600000,0x000000c889700000) (1024K)]
  0x000001d76a8928a0 JavaThread "Start Level: Equinox Container: 3dfcbbd1-2c92-4af6-aa8e-96c1f1dd5455" daemon [_thread_blocked, id=37616, stack(0x000000c889700000,0x000000c889800000) (1024K)]
  0x000001d76f7050f0 JavaThread "Bundle File Closer"         daemon [_thread_blocked, id=14268, stack(0x000000c889a00000,0x000000c889b00000) (1024K)]
  0x000001d76f703d40 JavaThread "SCR Component Actor"        daemon [_thread_blocked, id=36972, stack(0x000000c889b00000,0x000000c889c00000) (1024K)]
  0x000001d76f705780 JavaThread "Worker-JM"                         [_thread_blocked, id=7672, stack(0x000000c889d00000,0x000000c889e00000) (1024K)]
  0x000001d76f704a60 JavaThread "JNA Cleaner"                daemon [_thread_blocked, id=17396, stack(0x000000c889e00000,0x000000c889f00000) (1024K)]
  0x000001d76f703020 JavaThread "Java indexing"              daemon [_thread_blocked, id=22156, stack(0x000000c88a200000,0x000000c88a300000) (1024K)]
  0x000001d770f0f2d0 JavaThread "Thread-2"                   daemon [_thread_in_native, id=15872, stack(0x000000c88a900000,0x000000c88aa00000) (1024K)]
  0x000001d770f10680 JavaThread "Thread-3"                   daemon [_thread_in_native, id=16832, stack(0x000000c88aa00000,0x000000c88ab00000) (1024K)]
  0x000001d770f0d200 JavaThread "Thread-4"                   daemon [_thread_in_native, id=40480, stack(0x000000c88ab00000,0x000000c88ac00000) (1024K)]
  0x000001d770f0e5b0 JavaThread "Thread-5"                   daemon [_thread_in_native, id=10112, stack(0x000000c88ac00000,0x000000c88ad00000) (1024K)]
  0x000001d770f10d10 JavaThread "Thread-6"                   daemon [_thread_in_native, id=17728, stack(0x000000c88ad00000,0x000000c88ae00000) (1024K)]
  0x000001d770f113a0 JavaThread "Thread-7"                   daemon [_thread_in_native, id=764, stack(0x000000c88ae00000,0x000000c88af00000) (1024K)]
  0x000001d770f0df20 JavaThread "Thread-8"                   daemon [_thread_in_native, id=9272, stack(0x000000c88af00000,0x000000c88b000000) (1024K)]
  0x000001d770f11a30 JavaThread "Thread-9"                   daemon [_thread_in_native, id=20920, stack(0x000000c88b000000,0x000000c88b100000) (1024K)]
  0x000001d770f0ec40 JavaThread "Thread-10"                  daemon [_thread_in_native, id=34308, stack(0x000000c88b100000,0x000000c88b200000) (1024K)]
  0x000001d770f12de0 JavaThread "Thread-11"                  daemon [_thread_in_native, id=12380, stack(0x000000c88b200000,0x000000c88b300000) (1024K)]
  0x000001d770f120c0 JavaThread "Thread-12"                  daemon [_thread_in_native, id=13076, stack(0x000000c88b300000,0x000000c88b400000) (1024K)]
  0x000001d770f13470 JavaThread "Thread-13"                  daemon [_thread_in_native, id=18504, stack(0x000000c88b400000,0x000000c88b500000) (1024K)]
  0x000001d770f14820 JavaThread "Thread-14"                  daemon [_thread_in_native, id=37976, stack(0x000000c88b500000,0x000000c88b600000) (1024K)]
  0x000001d770f12750 JavaThread "pool-2-thread-1"                   [_thread_blocked, id=18680, stack(0x000000c88b600000,0x000000c88b700000) (1024K)]
  0x000001d770f13b00 JavaThread "WorkspaceEventsHandler"            [_thread_blocked, id=2892, stack(0x000000c88b700000,0x000000c88b800000) (1024K)]
  0x000001d770f14190 JavaThread "pool-1-thread-1"                   [_thread_blocked, id=10516, stack(0x000000c88b800000,0x000000c88b900000) (1024K)]
  0x000001d77ca24f50 JavaThread "Worker-36: Building"               [_thread_in_Java, id=54928, stack(0x000000c88bd00000,0x000000c88be00000) (1024K)]
  0x000001d77ca26300 JavaThread "Worker-37"                         [_thread_blocked, id=52356, stack(0x000000c88a800000,0x000000c88a900000) (1024K)]
  0x000001d77ca24230 JavaThread "ForkJoinPool.commonPool-worker-55" daemon [_thread_blocked, id=6480, stack(0x000000c887d00000,0x000000c887e00000) (1024K)]
  0x000001d77b4277a0 JavaThread "Worker-39"                         [_thread_blocked, id=60708, stack(0x000000c889f00000,0x000000c88a000000) (1024K)]
  0x000001d77b4263f0 JavaThread "Compiler Source File Reader" daemon [_thread_blocked, id=39624, stack(0x000000c88a000000,0x000000c88a100000) (1024K)]
  0x000001d77b428b50 JavaThread "ForkJoinPool.commonPool-worker-58" daemon [_thread_blocked, id=46276, stack(0x000000c88a300000,0x000000c88a400000) (1024K)]
Total: 42

Other Threads:
  0x000001d767c77750 VMThread "VM Thread"                           [id=36192, stack(0x000000c888200000,0x000000c888300000) (1024K)]
  0x000001d75392ed90 WatcherThread "VM Periodic Task Thread"        [id=33412, stack(0x000000c888100000,0x000000c888200000) (1024K)]
  0x000001d7538dff90 WorkerThread "GC Thread#0"                     [id=17348, stack(0x000000c888000000,0x000000c888100000) (1024K)]
  0x000001d76a3b89d0 WorkerThread "GC Thread#1"                     [id=9500, stack(0x000000c888d00000,0x000000c888e00000) (1024K)]
  0x000001d76a4c6c40 WorkerThread "GC Thread#2"                     [id=16356, stack(0x000000c888e00000,0x000000c888f00000) (1024K)]
  0x000001d76a3b8d70 WorkerThread "GC Thread#3"                     [id=20824, stack(0x000000c888f00000,0x000000c889000000) (1024K)]
  0x000001d76a3b9110 WorkerThread "GC Thread#4"                     [id=11884, stack(0x000000c889000000,0x000000c889100000) (1024K)]
  0x000001d769268d80 WorkerThread "GC Thread#5"                     [id=21664, stack(0x000000c889100000,0x000000c889200000) (1024K)]
  0x000001d769269120 WorkerThread "GC Thread#6"                     [id=34012, stack(0x000000c889200000,0x000000c889300000) (1024K)]
  0x000001d76f30f8a0 WorkerThread "GC Thread#7"                     [id=13152, stack(0x000000c889500000,0x000000c889600000) (1024K)]
  0x000001d76a43b170 WorkerThread "GC Thread#8"                     [id=24504, stack(0x000000c889800000,0x000000c889900000) (1024K)]
  0x000001d76a43b510 WorkerThread "GC Thread#9"                     [id=37284, stack(0x000000c889900000,0x000000c889a00000) (1024K)]
Total: 12

Threads with active compile tasks:
C2 CompilerThread0  9901047 28215   !   4       org.eclipse.core.internal.localstore.UnifiedTree::addChildren (479 bytes)
Total: 1

VM state: not at safepoint (normal execution)

VM Mutex/Monitor currently owned by a thread: None

Heap address: 0x00000000c0000000, size: 1024 MB, Compressed Oops mode: 32-bit

CDS archive(s) mapped at: [0x000001d700000000-0x000001d700ba0000-0x000001d700ba0000), size 12189696, SharedBaseAddress: 0x000001d700000000, ArchiveRelocationMode: 1.
Compressed class space mapped at: 0x000001d701000000-0x000001d741000000, reserved size: 1073741824
Narrow klass base: 0x000001d700000000, Narrow klass shift: 0, Narrow klass range: 0x100000000

GC Precious Log:
 CardTable entry size: 512
 CPUs: 12 total, 12 available
 Memory: 5989M
 Large Page Support: Disabled
 NUMA Support: Disabled
 Compressed Oops: Enabled (32-bit)
 Alignments: Space 512K, Generation 512K, Heap 2M
 Heap Min Capacity: 100M
 Heap Initial Capacity: 100M
 Heap Max Capacity: 1G
 Pre-touch: Disabled
 Parallel Workers: 10

Heap:
 PSYoungGen      total 4608K, used 1314K [0x00000000eab00000, 0x00000000eb100000, 0x0000000100000000)
  eden space 4096K, 26% used [0x00000000eab00000,0x00000000eac10aa8,0x00000000eaf00000)
  from space 512K, 43% used [0x00000000eb080000,0x00000000eb0b8000,0x00000000eb100000)
  to   space 512K, 0% used [0x00000000eaf00000,0x00000000eaf00000,0x00000000eaf80000)
 ParOldGen       total 278016K, used 277754K [0x00000000c0000000, 0x00000000d0f80000, 0x00000000eab00000)
  object space 278016K, 99% used [0x00000000c0000000,0x00000000d0f3ea10,0x00000000d0f80000)
 Metaspace       used 85631K, committed 87168K, reserved 1179648K
  class space    used 8147K, committed 8896K, reserved 1048576K

Card table byte_map: [0x000001d753240000,0x000001d753450000] _byte_map_base: 0x000001d752c40000

Marking Bits: (ParMarkBitMap*) 0x00007ff8766f31f0
 Begin Bits: [0x000001d765a90000, 0x000001d766a90000)
 End Bits:   [0x000001d766a90000, 0x000001d767a90000)

Polling page: 0x000001d751590000

Metaspace:

Usage:
  Non-class:     75.67 MB used.
      Class:      7.96 MB used.
       Both:     83.62 MB used.

Virtual space:
  Non-class space:      128.00 MB reserved,      76.44 MB ( 60%) committed,  2 nodes.
      Class space:        1.00 GB reserved,       8.69 MB ( <1%) committed,  1 nodes.
             Both:        1.12 GB reserved,      85.12 MB (  7%) committed. 

Chunk freelists:
   Non-Class:  3.12 MB
       Class:  7.19 MB
        Both:  10.32 MB

MaxMetaspaceSize: unlimited
CompressedClassSpaceSize: 1.00 GB
Initial GC threshold: 21.00 MB
Current GC threshold: 141.81 MB
CDS: on
 - commit_granule_bytes: 65536.
 - commit_granule_words: 8192.
 - virtual_space_node_default_size: 8388608.
 - enlarge_chunks_in_place: 1.
 - use_allocation_guard: 0.


Internal statistics:

num_allocs_failed_limit: 9.
num_arena_births: 1916.
num_arena_deaths: 718.
num_vsnodes_births: 3.
num_vsnodes_deaths: 0.
num_space_committed: 1367.
num_space_uncommitted: 4.
num_chunks_returned_to_freelist: 939.
num_chunks_taken_from_freelist: 6660.
num_chunk_merges: 223.
num_chunk_splits: 3680.
num_chunks_enlarged: 2037.
num_inconsistent_stats: 0.

CodeHeap 'non-profiled nmethods': size=120000Kb used=19791Kb max_used=23566Kb free=100208Kb
 bounds [0x000001d75e560000, 0x000001d75fc70000, 0x000001d765a90000]
CodeHeap 'profiled nmethods': size=120000Kb used=27415Kb max_used=45828Kb free=92584Kb
 bounds [0x000001d756a90000, 0x000001d759770000, 0x000001d75dfc0000]
CodeHeap 'non-nmethods': size=5760Kb used=1489Kb max_used=1595Kb free=4270Kb
 bounds [0x000001d75dfc0000, 0x000001d75e230000, 0x000001d75e560000]
 total_blobs=14149 nmethods=13343 adapters=705
 compilation: enabled
              stopped_count=0, restarted_count=0
 full_count=0

Compilation events (20 events):
Event: 9895.067 Thread 0x000001d753952210 28207       1       org.apache.maven.plugin.descriptor.MojoDescriptor::getExecutePhase (5 bytes)
Event: 9895.067 Thread 0x000001d753952210 nmethod 28207 0x000001d75e817390 code [0x000001d75e817520, 0x000001d75e8175e8]
Event: 9895.080 Thread 0x000001d753951090 nmethod 28208 0x000001d75f97cb90 code [0x000001d75f97cd20, 0x000001d75f97ce70]
Event: 9895.128 Thread 0x000001d753952210 28209       3       java.lang.reflect.Executable::getGenericParameterTypes (20 bytes)
Event: 9895.141 Thread 0x000001d753952210 nmethod 28209 0x000001d756e19d10 code [0x000001d756e19f20, 0x000001d756e1a618]
Event: 9895.171 Thread 0x000001d753952210 28210       3       jdk.internal.reflect.ReflectionFactory::newMethodAccessor (69 bytes)
Event: 9895.177 Thread 0x000001d753952210 nmethod 28210 0x000001d757b76790 code [0x000001d757b76980, 0x000001d757b76d10]
Event: 9895.177 Thread 0x000001d753952210 28211   !   3       jdk.internal.reflect.MethodHandleAccessorFactory::newMethodAccessor (61 bytes)
Event: 9895.181 Thread 0x000001d753952210 nmethod 28211 0x000001d757272810 code [0x000001d757272b00, 0x000001d7572734f8]
Event: 9895.194 Thread 0x000001d753952210 28212       3       jdk.internal.reflect.DirectMethodHandleAccessor::<init> (59 bytes)
Event: 9895.203 Thread 0x000001d753952210 nmethod 28212 0x000001d7574bd110 code [0x000001d7574bd2e0, 0x000001d7574bd730]
Event: 9895.203 Thread 0x000001d753952210 28213       3       jdk.internal.reflect.MethodAccessorImpl::<init> (5 bytes)
Event: 9895.203 Thread 0x000001d753952210 nmethod 28213 0x000001d757580b90 code [0x000001d757580d40, 0x000001d757580f08]
Event: 9895.204 Thread 0x000001d753952210 28214       3       jdk.internal.reflect.MethodHandleAccessorFactory::makeSpecializedTarget (97 bytes)
Event: 9895.213 Thread 0x000001d753952210 nmethod 28214 0x000001d7572d9d10 code [0x000001d7572d9f80, 0x000001d7572dab98]
Event: 9895.498 Thread 0x000001d753951090 28215   !   4       org.eclipse.core.internal.localstore.UnifiedTree::addChildren (479 bytes)
Event: 9895.505 Thread 0x000001d753952210 28216       3       java.util.AbstractList$SubList$1::<init> (41 bytes)
Event: 9895.507 Thread 0x000001d753952210 nmethod 28216 0x000001d757340c90 code [0x000001d757340e40, 0x000001d7573410c8]
Event: 9898.587 Thread 0x000001d753952210 28218       3       jdk.internal.math.DoubleToDecimal::toChars (161 bytes)
Event: 9898.599 Thread 0x000001d753952210 nmethod 28218 0x000001d7578f4490 code [0x000001d7578f4740, 0x000001d7578f5210]

GC Heap History (20 events):
Event: 9900.642 GC heap before
{Heap before GC invocations=6938 (full 10):
 PSYoungGen      total 4608K, used 4288K [0x00000000eab00000, 0x00000000eb100000, 0x0000000100000000)
  eden space 4096K, 100% used [0x00000000eab00000,0x00000000eaf00000,0x00000000eaf00000)
  from space 512K, 37% used [0x00000000eb080000,0x00000000eb0b0000,0x00000000eb100000)
  to   space 512K, 0% used [0x00000000eaf00000,0x00000000eaf00000,0x00000000eaf80000)
 ParOldGen       total 278016K, used 277666K [0x00000000c0000000, 0x00000000d0f80000, 0x00000000eab00000)
  object space 278016K, 99% used [0x00000000c0000000,0x00000000d0f28a10,0x00000000d0f80000)
 Metaspace       used 85608K, committed 87168K, reserved 1179648K
  class space    used 8143K, committed 8896K, reserved 1048576K
}
Event: 9900.643 GC heap after
{Heap after GC invocations=6938 (full 10):
 PSYoungGen      total 4608K, used 160K [0x00000000eab00000, 0x00000000eb100000, 0x0000000100000000)
  eden space 4096K, 0% used [0x00000000eab00000,0x00000000eab00000,0x00000000eaf00000)
  from space 512K, 31% used [0x00000000eaf00000,0x00000000eaf28000,0x00000000eaf80000)
  to   space 512K, 0% used [0x00000000eb080000,0x00000000eb080000,0x00000000eb100000)
 ParOldGen       total 278016K, used 277674K [0x00000000c0000000, 0x00000000d0f80000, 0x00000000eab00000)
  object space 278016K, 99% used [0x00000000c0000000,0x00000000d0f2aa10,0x00000000d0f80000)
 Metaspace       used 85608K, committed 87168K, reserved 1179648K
  class space    used 8143K, committed 8896K, reserved 1048576K
}
Event: 9900.671 GC heap before
{Heap before GC invocations=6939 (full 10):
 PSYoungGen      total 4608K, used 4256K [0x00000000eab00000, 0x00000000eb100000, 0x0000000100000000)
  eden space 4096K, 100% used [0x00000000eab00000,0x00000000eaf00000,0x00000000eaf00000)
  from space 512K, 31% used [0x00000000eaf00000,0x00000000eaf28000,0x00000000eaf80000)
  to   space 512K, 0% used [0x00000000eb080000,0x00000000eb080000,0x00000000eb100000)
 ParOldGen       total 278016K, used 277674K [0x00000000c0000000, 0x00000000d0f80000, 0x00000000eab00000)
  object space 278016K, 99% used [0x00000000c0000000,0x00000000d0f2aa10,0x00000000d0f80000)
 Metaspace       used 85608K, committed 87168K, reserved 1179648K
  class space    used 8143K, committed 8896K, reserved 1048576K
}
Event: 9900.672 GC heap after
{Heap after GC invocations=6939 (full 10):
 PSYoungGen      total 4608K, used 224K [0x00000000eab00000, 0x00000000eb100000, 0x0000000100000000)
  eden space 4096K, 0% used [0x00000000eab00000,0x00000000eab00000,0x00000000eaf00000)
  from space 512K, 43% used [0x00000000eb080000,0x00000000eb0b8000,0x00000000eb100000)
  to   space 512K, 0% used [0x00000000eaf00000,0x00000000eaf00000,0x00000000eaf80000)
 ParOldGen       total 278016K, used 277690K [0x00000000c0000000, 0x00000000d0f80000, 0x00000000eab00000)
  object space 278016K, 99% used [0x00000000c0000000,0x00000000d0f2ea10,0x00000000d0f80000)
 Metaspace       used 85608K, committed 87168K, reserved 1179648K
  class space    used 8143K, committed 8896K, reserved 1048576K
}
Event: 9900.697 GC heap before
{Heap before GC invocations=6940 (full 10):
 PSYoungGen      total 4608K, used 4320K [0x00000000eab00000, 0x00000000eb100000, 0x0000000100000000)
  eden space 4096K, 100% used [0x00000000eab00000,0x00000000eaf00000,0x00000000eaf00000)
  from space 512K, 43% used [0x00000000eb080000,0x00000000eb0b8000,0x00000000eb100000)
  to   space 512K, 0% used [0x00000000eaf00000,0x00000000eaf00000,0x00000000eaf80000)
 ParOldGen       total 278016K, used 277690K [0x00000000c0000000, 0x00000000d0f80000, 0x00000000eab00000)
  object space 278016K, 99% used [0x00000000c0000000,0x00000000d0f2ea10,0x00000000d0f80000)
 Metaspace       used 85608K, committed 87168K, reserved 1179648K
  class space    used 8143K, committed 8896K, reserved 1048576K
}
Event: 9900.698 GC heap after
{Heap after GC invocations=6940 (full 10):
 PSYoungGen      total 4608K, used 128K [0x00000000eab00000, 0x00000000eb100000, 0x0000000100000000)
  eden space 4096K, 0% used [0x00000000eab00000,0x00000000eab00000,0x00000000eaf00000)
  from space 512K, 25% used [0x00000000eaf00000,0x00000000eaf20000,0x00000000eaf80000)
  to   space 512K, 0% used [0x00000000eb080000,0x00000000eb080000,0x00000000eb100000)
 ParOldGen       total 278016K, used 277722K [0x00000000c0000000, 0x00000000d0f80000, 0x00000000eab00000)
  object space 278016K, 99% used [0x00000000c0000000,0x00000000d0f36a10,0x00000000d0f80000)
 Metaspace       used 85608K, committed 87168K, reserved 1179648K
  class space    used 8143K, committed 8896K, reserved 1048576K
}
Event: 9900.725 GC heap before
{Heap before GC invocations=6941 (full 10):
 PSYoungGen      total 4608K, used 4224K [0x00000000eab00000, 0x00000000eb100000, 0x0000000100000000)
  eden space 4096K, 100% used [0x00000000eab00000,0x00000000eaf00000,0x00000000eaf00000)
  from space 512K, 25% used [0x00000000eaf00000,0x00000000eaf20000,0x00000000eaf80000)
  to   space 512K, 0% used [0x00000000eb080000,0x00000000eb080000,0x00000000eb100000)
 ParOldGen       total 278016K, used 277722K [0x00000000c0000000, 0x00000000d0f80000, 0x00000000eab00000)
  object space 278016K, 99% used [0x00000000c0000000,0x00000000d0f36a10,0x00000000d0f80000)
 Metaspace       used 85608K, committed 87168K, reserved 1179648K
  class space    used 8143K, committed 8896K, reserved 1048576K
}
Event: 9900.726 GC heap after
{Heap after GC invocations=6941 (full 10):
 PSYoungGen      total 4608K, used 128K [0x00000000eab00000, 0x00000000eb100000, 0x0000000100000000)
  eden space 4096K, 0% used [0x00000000eab00000,0x00000000eab00000,0x00000000eaf00000)
  from space 512K, 25% used [0x00000000eb080000,0x00000000eb0a0000,0x00000000eb100000)
  to   space 512K, 0% used [0x00000000eaf00000,0x00000000eaf00000,0x00000000eaf80000)
 ParOldGen       total 278016K, used 277722K [0x00000000c0000000, 0x00000000d0f80000, 0x00000000eab00000)
  object space 278016K, 99% used [0x00000000c0000000,0x00000000d0f36a10,0x00000000d0f80000)
 Metaspace       used 85608K, committed 87168K, reserved 1179648K
  class space    used 8143K, committed 8896K, reserved 1048576K
}
Event: 9900.750 GC heap before
{Heap before GC invocations=6942 (full 10):
 PSYoungGen      total 4608K, used 4224K [0x00000000eab00000, 0x00000000eb100000, 0x0000000100000000)
  eden space 4096K, 100% used [0x00000000eab00000,0x00000000eaf00000,0x00000000eaf00000)
  from space 512K, 25% used [0x00000000eb080000,0x00000000eb0a0000,0x00000000eb100000)
  to   space 512K, 0% used [0x00000000eaf00000,0x00000000eaf00000,0x00000000eaf80000)
 ParOldGen       total 278016K, used 277722K [0x00000000c0000000, 0x00000000d0f80000, 0x00000000eab00000)
  object space 278016K, 99% used [0x00000000c0000000,0x00000000d0f36a10,0x00000000d0f80000)
 Metaspace       used 85608K, committed 87168K, reserved 1179648K
  class space    used 8143K, committed 8896K, reserved 1048576K
}
Event: 9900.751 GC heap after
{Heap after GC invocations=6942 (full 10):
 PSYoungGen      total 4608K, used 256K [0x00000000eab00000, 0x00000000eb100000, 0x0000000100000000)
  eden space 4096K, 0% used [0x00000000eab00000,0x00000000eab00000,0x00000000eaf00000)
  from space 512K, 50% used [0x00000000eaf00000,0x00000000eaf40000,0x00000000eaf80000)
  to   space 512K, 0% used [0x00000000eb080000,0x00000000eb080000,0x00000000eb100000)
 ParOldGen       total 278016K, used 277722K [0x00000000c0000000, 0x00000000d0f80000, 0x00000000eab00000)
  object space 278016K, 99% used [0x00000000c0000000,0x00000000d0f36a10,0x00000000d0f80000)
 Metaspace       used 85608K, committed 87168K, reserved 1179648K
  class space    used 8143K, committed 8896K, reserved 1048576K
}
Event: 9900.779 GC heap before
{Heap before GC invocations=6943 (full 10):
 PSYoungGen      total 4608K, used 4352K [0x00000000eab00000, 0x00000000eb100000, 0x0000000100000000)
  eden space 4096K, 100% used [0x00000000eab00000,0x00000000eaf00000,0x00000000eaf00000)
  from space 512K, 50% used [0x00000000eaf00000,0x00000000eaf40000,0x00000000eaf80000)
  to   space 512K, 0% used [0x00000000eb080000,0x00000000eb080000,0x00000000eb100000)
 ParOldGen       total 278016K, used 277722K [0x00000000c0000000, 0x00000000d0f80000, 0x00000000eab00000)
  object space 278016K, 99% used [0x00000000c0000000,0x00000000d0f36a10,0x00000000d0f80000)
 Metaspace       used 85608K, committed 87168K, reserved 1179648K
  class space    used 8143K, committed 8896K, reserved 1048576K
}
Event: 9900.781 GC heap after
{Heap after GC invocations=6943 (full 10):
 PSYoungGen      total 4608K, used 160K [0x00000000eab00000, 0x00000000eb100000, 0x0000000100000000)
  eden space 4096K, 0% used [0x00000000eab00000,0x00000000eab00000,0x00000000eaf00000)
  from space 512K, 31% used [0x00000000eb080000,0x00000000eb0a8000,0x00000000eb100000)
  to   space 512K, 0% used [0x00000000eaf00000,0x00000000eaf00000,0x00000000eaf80000)
 ParOldGen       total 278016K, used 277722K [0x00000000c0000000, 0x00000000d0f80000, 0x00000000eab00000)
  object space 278016K, 99% used [0x00000000c0000000,0x00000000d0f36a10,0x00000000d0f80000)
 Metaspace       used 85608K, committed 87168K, reserved 1179648K
  class space    used 8143K, committed 8896K, reserved 1048576K
}
Event: 9900.805 GC heap before
{Heap before GC invocations=6944 (full 10):
 PSYoungGen      total 4608K, used 4256K [0x00000000eab00000, 0x00000000eb100000, 0x0000000100000000)
  eden space 4096K, 100% used [0x00000000eab00000,0x00000000eaf00000,0x00000000eaf00000)
  from space 512K, 31% used [0x00000000eb080000,0x00000000eb0a8000,0x00000000eb100000)
  to   space 512K, 0% used [0x00000000eaf00000,0x00000000eaf00000,0x00000000eaf80000)
 ParOldGen       total 278016K, used 277722K [0x00000000c0000000, 0x00000000d0f80000, 0x00000000eab00000)
  object space 278016K, 99% used [0x00000000c0000000,0x00000000d0f36a10,0x00000000d0f80000)
 Metaspace       used 85608K, committed 87168K, reserved 1179648K
  class space    used 8143K, committed 8896K, reserved 1048576K
}
Event: 9900.806 GC heap after
{Heap after GC invocations=6944 (full 10):
 PSYoungGen      total 4608K, used 224K [0x00000000eab00000, 0x00000000eb100000, 0x0000000100000000)
  eden space 4096K, 0% used [0x00000000eab00000,0x00000000eab00000,0x00000000eaf00000)
  from space 512K, 43% used [0x00000000eaf00000,0x00000000eaf38000,0x00000000eaf80000)
  to   space 512K, 0% used [0x00000000eb080000,0x00000000eb080000,0x00000000eb100000)
 ParOldGen       total 278016K, used 277738K [0x00000000c0000000, 0x00000000d0f80000, 0x00000000eab00000)
  object space 278016K, 99% used [0x00000000c0000000,0x00000000d0f3aa10,0x00000000d0f80000)
 Metaspace       used 85608K, committed 87168K, reserved 1179648K
  class space    used 8143K, committed 8896K, reserved 1048576K
}
Event: 9900.834 GC heap before
{Heap before GC invocations=6945 (full 10):
 PSYoungGen      total 4608K, used 4320K [0x00000000eab00000, 0x00000000eb100000, 0x0000000100000000)
  eden space 4096K, 100% used [0x00000000eab00000,0x00000000eaf00000,0x00000000eaf00000)
  from space 512K, 43% used [0x00000000eaf00000,0x00000000eaf38000,0x00000000eaf80000)
  to   space 512K, 0% used [0x00000000eb080000,0x00000000eb080000,0x00000000eb100000)
 ParOldGen       total 278016K, used 277738K [0x00000000c0000000, 0x00000000d0f80000, 0x00000000eab00000)
  object space 278016K, 99% used [0x00000000c0000000,0x00000000d0f3aa10,0x00000000d0f80000)
 Metaspace       used 85608K, committed 87168K, reserved 1179648K
  class space    used 8143K, committed 8896K, reserved 1048576K
}
Event: 9900.835 GC heap after
{Heap after GC invocations=6945 (full 10):
 PSYoungGen      total 4608K, used 224K [0x00000000eab00000, 0x00000000eb100000, 0x0000000100000000)
  eden space 4096K, 0% used [0x00000000eab00000,0x00000000eab00000,0x00000000eaf00000)
  from space 512K, 43% used [0x00000000eb080000,0x00000000eb0b8000,0x00000000eb100000)
  to   space 512K, 0% used [0x00000000eaf00000,0x00000000eaf00000,0x00000000eaf80000)
 ParOldGen       total 278016K, used 277754K [0x00000000c0000000, 0x00000000d0f80000, 0x00000000eab00000)
  object space 278016K, 99% used [0x00000000c0000000,0x00000000d0f3ea10,0x00000000d0f80000)
 Metaspace       used 85608K, committed 87168K, reserved 1179648K
  class space    used 8143K, committed 8896K, reserved 1048576K
}
Event: 9900.859 GC heap before
{Heap before GC invocations=6946 (full 10):
 PSYoungGen      total 4608K, used 4320K [0x00000000eab00000, 0x00000000eb100000, 0x0000000100000000)
  eden space 4096K, 100% used [0x00000000eab00000,0x00000000eaf00000,0x00000000eaf00000)
  from space 512K, 43% used [0x00000000eb080000,0x00000000eb0b8000,0x00000000eb100000)
  to   space 512K, 0% used [0x00000000eaf00000,0x00000000eaf00000,0x00000000eaf80000)
 ParOldGen       total 278016K, used 277754K [0x00000000c0000000, 0x00000000d0f80000, 0x00000000eab00000)
  object space 278016K, 99% used [0x00000000c0000000,0x00000000d0f3ea10,0x00000000d0f80000)
 Metaspace       used 85608K, committed 87168K, reserved 1179648K
  class space    used 8143K, committed 8896K, reserved 1048576K
}
Event: 9900.860 GC heap after
{Heap after GC invocations=6946 (full 10):
 PSYoungGen      total 4608K, used 192K [0x00000000eab00000, 0x00000000eb100000, 0x0000000100000000)
  eden space 4096K, 0% used [0x00000000eab00000,0x00000000eab00000,0x00000000eaf00000)
  from space 512K, 37% used [0x00000000eaf00000,0x00000000eaf30000,0x00000000eaf80000)
  to   space 512K, 0% used [0x00000000eb080000,0x00000000eb080000,0x00000000eb100000)
 ParOldGen       total 278016K, used 277754K [0x00000000c0000000, 0x00000000d0f80000, 0x00000000eab00000)
  object space 278016K, 99% used [0x00000000c0000000,0x00000000d0f3ea10,0x00000000d0f80000)
 Metaspace       used 85608K, committed 87168K, reserved 1179648K
  class space    used 8143K, committed 8896K, reserved 1048576K
}
Event: 9900.885 GC heap before
{Heap before GC invocations=6947 (full 10):
 PSYoungGen      total 4608K, used 4288K [0x00000000eab00000, 0x00000000eb100000, 0x0000000100000000)
  eden space 4096K, 100% used [0x00000000eab00000,0x00000000eaf00000,0x00000000eaf00000)
  from space 512K, 37% used [0x00000000eaf00000,0x00000000eaf30000,0x00000000eaf80000)
  to   space 512K, 0% used [0x00000000eb080000,0x00000000eb080000,0x00000000eb100000)
 ParOldGen       total 278016K, used 277754K [0x00000000c0000000, 0x00000000d0f80000, 0x00000000eab00000)
  object space 278016K, 99% used [0x00000000c0000000,0x00000000d0f3ea10,0x00000000d0f80000)
 Metaspace       used 85608K, committed 87168K, reserved 1179648K
  class space    used 8143K, committed 8896K, reserved 1048576K
}
Event: 9900.887 GC heap after
{Heap after GC invocations=6947 (full 10):
 PSYoungGen      total 4608K, used 224K [0x00000000eab00000, 0x00000000eb100000, 0x0000000100000000)
  eden space 4096K, 0% used [0x00000000eab00000,0x00000000eab00000,0x00000000eaf00000)
  from space 512K, 43% used [0x00000000eb080000,0x00000000eb0b8000,0x00000000eb100000)
  to   space 512K, 0% used [0x00000000eaf00000,0x00000000eaf00000,0x00000000eaf80000)
 ParOldGen       total 278016K, used 277754K [0x00000000c0000000, 0x00000000d0f80000, 0x00000000eab00000)
  object space 278016K, 99% used [0x00000000c0000000,0x00000000d0f3ea10,0x00000000d0f80000)
 Metaspace       used 85608K, committed 87168K, reserved 1179648K
  class space    used 8143K, committed 8896K, reserved 1048576K
}

Dll operation events (10 events):
Event: 0.738 Loaded shared library c:\Users\LENOVO\.cursor\extensions\redhat.java-1.42.0-win32-x64\jre\21.0.7-win32-x86_64\bin\java.dll
Event: 1.046 Loaded shared library c:\Users\LENOVO\.cursor\extensions\redhat.java-1.42.0-win32-x64\jre\21.0.7-win32-x86_64\bin\zip.dll
Event: 1.080 Loaded shared library C:\Users\LENOVO\.cursor\extensions\redhat.java-1.42.0-win32-x64\jre\21.0.7-win32-x86_64\bin\instrument.dll
Event: 1.157 Loaded shared library C:\Users\LENOVO\.cursor\extensions\redhat.java-1.42.0-win32-x64\jre\21.0.7-win32-x86_64\bin\net.dll
Event: 1.541 Loaded shared library C:\Users\LENOVO\.cursor\extensions\redhat.java-1.42.0-win32-x64\jre\21.0.7-win32-x86_64\bin\nio.dll
Event: 1.546 Loaded shared library C:\Users\LENOVO\.cursor\extensions\redhat.java-1.42.0-win32-x64\jre\21.0.7-win32-x86_64\bin\zip.dll
Event: 1.579 Loaded shared library C:\Users\LENOVO\.cursor\extensions\redhat.java-1.42.0-win32-x64\jre\21.0.7-win32-x86_64\bin\jimage.dll
Event: 1.949 Loaded shared library c:\Users\LENOVO\.cursor\extensions\redhat.java-1.42.0-win32-x64\jre\21.0.7-win32-x86_64\bin\verify.dll
Event: 4.016 Loaded shared library C:\Users\LENOVO\AppData\Roaming\Cursor\User\globalStorage\redhat.java\1.42.0\config_win\org.eclipse.equinox.launcher\org.eclipse.equinox.launcher.win32.win32.x86_64_1.2.1300.v20250331-1702\eclipse_11911.dll
Event: 8.292 Loaded shared library C:\Users\LENOVO\AppData\Local\Temp\jna--2053026509\jna13231145136119803919.dll

Deoptimization events (20 events):
Event: 9895.448 Thread 0x000001d77ca24f50 Uncommon trap: trap_request=0xffffffd6 fr.pc=0x000001d75ed1dc84 relative=0x0000000000006164
Event: 9895.448 Thread 0x000001d77ca24f50 Uncommon trap: reason=array_check action=maybe_recompile pc=0x000001d75ed1dc84 method=java.util.ComparableTimSort.binarySort([Ljava/lang/Object;III)V @ 193 c2
Event: 9895.448 Thread 0x000001d77ca24f50 DEOPT PACKING pc=0x000001d75ed1dc84 sp=0x000000c88bdfd810
Event: 9895.448 Thread 0x000001d77ca24f50 DEOPT UNPACKING pc=0x000001d75e013aa2 sp=0x000000c88bdfd5b0 mode 2
Event: 9895.466 Thread 0x000001d77ca24f50 Uncommon trap: trap_request=0xffffffd6 fr.pc=0x000001d75ed1d304 relative=0x00000000000057e4
Event: 9895.466 Thread 0x000001d77ca24f50 Uncommon trap: reason=array_check action=maybe_recompile pc=0x000001d75ed1d304 method=java.util.ComparableTimSort.reverseRange([Ljava/lang/Object;II)V @ 20 c2
Event: 9895.466 Thread 0x000001d77ca24f50 DEOPT PACKING pc=0x000001d75ed1d304 sp=0x000000c88bdfd810
Event: 9895.466 Thread 0x000001d77ca24f50 DEOPT UNPACKING pc=0x000001d75e013aa2 sp=0x000000c88bdfd558 mode 2
Event: 9895.474 Thread 0x000001d77ca24f50 Uncommon trap: trap_request=0xffffffd6 fr.pc=0x000001d75ed1d304 relative=0x00000000000057e4
Event: 9895.474 Thread 0x000001d77ca24f50 Uncommon trap: reason=array_check action=maybe_recompile pc=0x000001d75ed1d304 method=java.util.ComparableTimSort.reverseRange([Ljava/lang/Object;II)V @ 20 c2
Event: 9895.474 Thread 0x000001d77ca24f50 DEOPT PACKING pc=0x000001d75ed1d304 sp=0x000000c88bdfd810
Event: 9895.474 Thread 0x000001d77ca24f50 DEOPT UNPACKING pc=0x000001d75e013aa2 sp=0x000000c88bdfd558 mode 2
Event: 9895.481 Thread 0x000001d77ca24f50 Uncommon trap: trap_request=0xffffffd6 fr.pc=0x000001d75ed1d304 relative=0x00000000000057e4
Event: 9895.481 Thread 0x000001d77ca24f50 Uncommon trap: reason=array_check action=maybe_recompile pc=0x000001d75ed1d304 method=java.util.ComparableTimSort.reverseRange([Ljava/lang/Object;II)V @ 20 c2
Event: 9895.481 Thread 0x000001d77ca24f50 DEOPT PACKING pc=0x000001d75ed1d304 sp=0x000000c88bdfd810
Event: 9895.481 Thread 0x000001d77ca24f50 DEOPT UNPACKING pc=0x000001d75e013aa2 sp=0x000000c88bdfd558 mode 2
Event: 9895.485 Thread 0x000001d77ca24f50 Uncommon trap: trap_request=0xffffffd6 fr.pc=0x000001d75ed1d304 relative=0x00000000000057e4
Event: 9895.485 Thread 0x000001d77ca24f50 Uncommon trap: reason=array_check action=maybe_recompile pc=0x000001d75ed1d304 method=java.util.ComparableTimSort.reverseRange([Ljava/lang/Object;II)V @ 20 c2
Event: 9895.485 Thread 0x000001d77ca24f50 DEOPT PACKING pc=0x000001d75ed1d304 sp=0x000000c88bdfd810
Event: 9895.485 Thread 0x000001d77ca24f50 DEOPT UNPACKING pc=0x000001d75e013aa2 sp=0x000000c88bdfd558 mode 2

Classes loaded (20 events):
Event: 5283.872 Loading class java/lang/Throwable$PrintStreamOrWriter done
Event: 5283.872 Loading class java/lang/Throwable$WrappedPrintWriter done
Event: 5286.445 Loading class jdk/internal/module/IllegalAccessLogger
Event: 5286.447 Loading class jdk/internal/module/IllegalAccessLogger done
Event: 5287.702 Loading class jdk/internal/module/IllegalAccessLogger
Event: 5287.702 Loading class jdk/internal/module/IllegalAccessLogger done
Event: 5463.214 Loading class jdk/internal/module/IllegalAccessLogger
Event: 5463.214 Loading class jdk/internal/module/IllegalAccessLogger done
Event: 5522.986 Loading class javax/xml/transform/TransformerConfigurationException
Event: 5522.993 Loading class javax/xml/transform/TransformerConfigurationException done
Event: 5678.124 Loading class jdk/internal/module/IllegalAccessLogger
Event: 5678.124 Loading class jdk/internal/module/IllegalAccessLogger done
Event: 9650.403 Loading class java/nio/channels/CompletionHandler
Event: 9650.439 Loading class java/nio/channels/CompletionHandler done
Event: 9660.859 Loading class jdk/internal/module/IllegalAccessLogger
Event: 9660.860 Loading class jdk/internal/module/IllegalAccessLogger done
Event: 9893.696 Loading class java/lang/StackStreamFactory$CallerClassFinder
Event: 9893.730 Loading class java/lang/StackStreamFactory$CallerClassFinder done
Event: 9893.734 Loading class java/lang/StackStreamFactory$CallerClassFinder$ClassBuffer
Event: 9893.745 Loading class java/lang/StackStreamFactory$CallerClassFinder$ClassBuffer done

Classes unloaded (20 events):
Event: 9657.616 Thread 0x000001d767c77750 Unloading class 0x000001d701276000 'java/lang/invoke/LambdaForm$DMH+0x000001d701276000'
Event: 9657.616 Thread 0x000001d767c77750 Unloading class 0x000001d701279400 'java/lang/invoke/LambdaForm$DMH+0x000001d701279400'
Event: 9657.616 Thread 0x000001d767c77750 Unloading class 0x000001d70127a000 'java/lang/invoke/LambdaForm$DMH+0x000001d70127a000'
Event: 9657.616 Thread 0x000001d767c77750 Unloading class 0x000001d701691800 'java/lang/invoke/LambdaForm$DMH+0x000001d701691800'
Event: 9657.616 Thread 0x000001d767c77750 Unloading class 0x000001d7016d6800 'java/lang/invoke/LambdaForm$MH+0x000001d7016d6800'
Event: 9657.616 Thread 0x000001d767c77750 Unloading class 0x000001d7017cb400 'java/lang/invoke/LambdaForm$MH+0x000001d7017cb400'
Event: 9657.616 Thread 0x000001d767c77750 Unloading class 0x000001d7016e1400 'java/lang/invoke/LambdaForm$MH+0x000001d7016e1400'
Event: 9657.616 Thread 0x000001d767c77750 Unloading class 0x000001d7016f0400 'java/lang/invoke/LambdaForm$MH+0x000001d7016f0400'
Event: 9657.616 Thread 0x000001d767c77750 Unloading class 0x000001d701721000 'java/lang/invoke/LambdaForm$MH+0x000001d701721000'
Event: 9657.617 Thread 0x000001d767c77750 Unloading class 0x000001d7016db400 'java/lang/invoke/LambdaForm$MH+0x000001d7016db400'
Event: 9657.617 Thread 0x000001d767c77750 Unloading class 0x000001d7016da400 'java/lang/invoke/LambdaForm$MH+0x000001d7016da400'
Event: 9657.617 Thread 0x000001d767c77750 Unloading class 0x000001d7016d4800 'java/lang/invoke/LambdaForm$MH+0x000001d7016d4800'
Event: 9657.617 Thread 0x000001d767c77750 Unloading class 0x000001d701665800 'java/lang/invoke/LambdaForm$BMH+0x000001d701665800'
Event: 9657.617 Thread 0x000001d767c77750 Unloading class 0x000001d70164c400 'java/lang/invoke/LambdaForm$MH+0x000001d70164c400'
Event: 9657.617 Thread 0x000001d767c77750 Unloading class 0x000001d701080800 'java/lang/invoke/LambdaForm$MH+0x000001d701080800'
Event: 9657.617 Thread 0x000001d767c77750 Unloading class 0x000001d7018bdc00 'java/lang/invoke/LambdaForm$MH+0x000001d7018bdc00'
Event: 9657.618 Thread 0x000001d767c77750 Unloading class 0x000001d7018be400 'java/lang/invoke/LambdaForm$MH+0x000001d7018be400'
Event: 9657.618 Thread 0x000001d767c77750 Unloading class 0x000001d7018bec00 'java/lang/invoke/LambdaForm$MH+0x000001d7018bec00'
Event: 9657.618 Thread 0x000001d767c77750 Unloading class 0x000001d7018c2000 'java/lang/invoke/LambdaForm$MH+0x000001d7018c2000'
Event: 9657.618 Thread 0x000001d767c77750 Unloading class 0x000001d7018c3000 'java/lang/invoke/LambdaForm$MH+0x000001d7018c3000'

Classes redefined (0 events):
No events

Internal exceptions (20 events):
Event: 9893.458 Thread 0x000001d77ca24f50 Exception <a 'sun/nio/fs/WindowsException'{0x00000000eab25980}> (0x00000000eab25980) 
thrown [s\src\hotspot\share\prims\jni.cpp, line 520]
Event: 9893.463 Thread 0x000001d77ca24f50 Exception <a 'sun/nio/fs/WindowsException'{0x00000000eab27210}> (0x00000000eab27210) 
thrown [s\src\hotspot\share\prims\jni.cpp, line 520]
Event: 9893.468 Thread 0x000001d77ca24f50 Exception <a 'sun/nio/fs/WindowsException'{0x00000000eab28b98}> (0x00000000eab28b98) 
thrown [s\src\hotspot\share\prims\jni.cpp, line 520]
Event: 9893.474 Thread 0x000001d77ca24f50 Exception <a 'sun/nio/fs/WindowsException'{0x00000000eab2a518}> (0x00000000eab2a518) 
thrown [s\src\hotspot\share\prims\jni.cpp, line 520]
Event: 9893.481 Thread 0x000001d77ca24f50 Exception <a 'sun/nio/fs/WindowsException'{0x00000000eab2be60}> (0x00000000eab2be60) 
thrown [s\src\hotspot\share\prims\jni.cpp, line 520]
Event: 9893.487 Thread 0x000001d77ca24f50 Exception <a 'sun/nio/fs/WindowsException'{0x00000000eab2d800}> (0x00000000eab2d800) 
thrown [s\src\hotspot\share\prims\jni.cpp, line 520]
Event: 9893.492 Thread 0x000001d77ca24f50 Exception <a 'sun/nio/fs/WindowsException'{0x00000000eab2f3e0}> (0x00000000eab2f3e0) 
thrown [s\src\hotspot\share\prims\jni.cpp, line 520]
Event: 9893.498 Thread 0x000001d77ca24f50 Exception <a 'sun/nio/fs/WindowsException'{0x00000000eab30cd0}> (0x00000000eab30cd0) 
thrown [s\src\hotspot\share\prims\jni.cpp, line 520]
Event: 9893.505 Thread 0x000001d77ca24f50 Exception <a 'sun/nio/fs/WindowsException'{0x00000000eab32560}> (0x00000000eab32560) 
thrown [s\src\hotspot\share\prims\jni.cpp, line 520]
Event: 9893.511 Thread 0x000001d77ca24f50 Exception <a 'sun/nio/fs/WindowsException'{0x00000000eab33dd8}> (0x00000000eab33dd8) 
thrown [s\src\hotspot\share\prims\jni.cpp, line 520]
Event: 9893.518 Thread 0x000001d77ca24f50 Exception <a 'sun/nio/fs/WindowsException'{0x00000000eab355b0}> (0x00000000eab355b0) 
thrown [s\src\hotspot\share\prims\jni.cpp, line 520]
Event: 9893.523 Thread 0x000001d77ca24f50 Exception <a 'sun/nio/fs/WindowsException'{0x00000000eab36e30}> (0x00000000eab36e30) 
thrown [s\src\hotspot\share\prims\jni.cpp, line 520]
Event: 9893.528 Thread 0x000001d77ca24f50 Exception <a 'sun/nio/fs/WindowsException'{0x00000000eab38680}> (0x00000000eab38680) 
thrown [s\src\hotspot\share\prims\jni.cpp, line 520]
Event: 9893.534 Thread 0x000001d77ca24f50 Exception <a 'sun/nio/fs/WindowsException'{0x00000000eab3a010}> (0x00000000eab3a010) 
thrown [s\src\hotspot\share\prims\jni.cpp, line 520]
Event: 9893.542 Thread 0x000001d77ca24f50 Exception <a 'sun/nio/fs/WindowsException'{0x00000000eab3bac8}> (0x00000000eab3bac8) 
thrown [s\src\hotspot\share\prims\jni.cpp, line 520]
Event: 9893.550 Thread 0x000001d77ca24f50 Exception <a 'sun/nio/fs/WindowsException'{0x00000000eab3d6c8}> (0x00000000eab3d6c8) 
thrown [s\src\hotspot\share\prims\jni.cpp, line 520]
Event: 9893.556 Thread 0x000001d77ca24f50 Exception <a 'sun/nio/fs/WindowsException'{0x00000000eab3f0d0}> (0x00000000eab3f0d0) 
thrown [s\src\hotspot\share\prims\jni.cpp, line 520]
Event: 9893.562 Thread 0x000001d77ca24f50 Exception <a 'sun/nio/fs/WindowsException'{0x00000000eab40b30}> (0x00000000eab40b30) 
thrown [s\src\hotspot\share\prims\jni.cpp, line 520]
Event: 9893.570 Thread 0x000001d77ca24f50 Exception <a 'sun/nio/fs/WindowsException'{0x00000000eab42588}> (0x00000000eab42588) 
thrown [s\src\hotspot\share\prims\jni.cpp, line 520]
Event: 9893.574 Thread 0x000001d77ca24f50 Exception <a 'sun/nio/fs/WindowsException'{0x00000000eab42820}> (0x00000000eab42820) 
thrown [s\src\hotspot\share\prims\jni.cpp, line 520]

ZGC Phase Switch (0 events):
No events

VM Operations (20 events):
Event: 9900.642 Executing VM operation: ParallelGCFailedAllocation (Allocation Failure)
Event: 9900.643 Executing VM operation: ParallelGCFailedAllocation (Allocation Failure) done
Event: 9900.671 Executing VM operation: ParallelGCFailedAllocation (Allocation Failure)
Event: 9900.672 Executing VM operation: ParallelGCFailedAllocation (Allocation Failure) done
Event: 9900.697 Executing VM operation: ParallelGCFailedAllocation (Allocation Failure)
Event: 9900.698 Executing VM operation: ParallelGCFailedAllocation (Allocation Failure) done
Event: 9900.725 Executing VM operation: ParallelGCFailedAllocation (Allocation Failure)
Event: 9900.726 Executing VM operation: ParallelGCFailedAllocation (Allocation Failure) done
Event: 9900.750 Executing VM operation: ParallelGCFailedAllocation (Allocation Failure)
Event: 9900.751 Executing VM operation: ParallelGCFailedAllocation (Allocation Failure) done
Event: 9900.779 Executing VM operation: ParallelGCFailedAllocation (Allocation Failure)
Event: 9900.781 Executing VM operation: ParallelGCFailedAllocation (Allocation Failure) done
Event: 9900.805 Executing VM operation: ParallelGCFailedAllocation (Allocation Failure)
Event: 9900.806 Executing VM operation: ParallelGCFailedAllocation (Allocation Failure) done
Event: 9900.834 Executing VM operation: ParallelGCFailedAllocation (Allocation Failure)
Event: 9900.835 Executing VM operation: ParallelGCFailedAllocation (Allocation Failure) done
Event: 9900.859 Executing VM operation: ParallelGCFailedAllocation (Allocation Failure)
Event: 9900.860 Executing VM operation: ParallelGCFailedAllocation (Allocation Failure) done
Event: 9900.885 Executing VM operation: ParallelGCFailedAllocation (Allocation Failure)
Event: 9900.887 Executing VM operation: ParallelGCFailedAllocation (Allocation Failure) done

Memory protections (0 events):
No events

Nmethod flushes (20 events):
Event: 9658.961 Thread 0x000001d767c77750 flushing  nmethod 0x000001d759446f10
Event: 9658.961 Thread 0x000001d767c77750 flushing  nmethod 0x000001d759448390
Event: 9658.961 Thread 0x000001d767c77750 flushing  nmethod 0x000001d759453010
Event: 9658.961 Thread 0x000001d767c77750 flushing  nmethod 0x000001d759453f90
Event: 9658.961 Thread 0x000001d767c77750 flushing  nmethod 0x000001d759454390
Event: 9658.961 Thread 0x000001d767c77750 flushing  nmethod 0x000001d759454810
Event: 9658.961 Thread 0x000001d767c77750 flushing  nmethod 0x000001d759454c10
Event: 9658.961 Thread 0x000001d767c77750 flushing  nmethod 0x000001d759455010
Event: 9658.961 Thread 0x000001d767c77750 flushing  nmethod 0x000001d759455d10
Event: 9658.961 Thread 0x000001d767c77750 flushing  nmethod 0x000001d759496890
Event: 9658.961 Thread 0x000001d767c77750 flushing  nmethod 0x000001d7594aed10
Event: 9658.961 Thread 0x000001d767c77750 flushing  nmethod 0x000001d7594bab90
Event: 9658.961 Thread 0x000001d767c77750 flushing  nmethod 0x000001d7594bea10
Event: 9658.961 Thread 0x000001d767c77750 flushing  nmethod 0x000001d7594c2490
Event: 9658.961 Thread 0x000001d767c77750 flushing  nmethod 0x000001d7595a0b90
Event: 9658.961 Thread 0x000001d767c77750 flushing  nmethod 0x000001d7595a3810
Event: 9658.961 Thread 0x000001d767c77750 flushing  nmethod 0x000001d7595c6210
Event: 9658.961 Thread 0x000001d767c77750 flushing  nmethod 0x000001d7595fe010
Event: 9658.961 Thread 0x000001d767c77750 flushing  nmethod 0x000001d7596e0390
Event: 9658.961 Thread 0x000001d767c77750 flushing  nmethod 0x000001d75974e210

Events (20 events):
Event: 6277.031 Thread 0x000001d77ca255e0 Thread exited: 0x000001d77ca255e0
Event: 6337.080 Thread 0x000001d76ff1ef60 Thread exited: 0x000001d76ff1ef60
Event: 9650.570 Thread 0x000001d753952210 Thread added: 0x000001d770667740
Event: 9654.065 Thread 0x000001d770f14190 Thread added: 0x000001d77ca24230
Event: 9654.077 Thread 0x000001d77ca24230 Thread added: 0x000001d77ca248c0
Event: 9654.159 Thread 0x000001d770f14190 Thread added: 0x000001d77ca255e0
Event: 9654.369 Thread 0x000001d770667740 Thread exited: 0x000001d770667740
Event: 9656.466 Thread 0x000001d77ca26300 Thread added: 0x000001d77b427110
Event: 9656.598 Thread 0x000001d77b427110 Thread added: 0x000001d77b4277a0
Event: 9656.980 Thread 0x000001d77ca24f50 Thread added: 0x000001d77b4263f0
Event: 9660.862 Thread 0x000001d77ca24f50 Thread added: 0x000001d77b4256d0
Event: 9709.292 Thread 0x000001d770f14190 Thread added: 0x000001d77b428b50
Event: 9709.635 Thread 0x000001d770f14190 Thread added: 0x000001d77b4291e0
Event: 9721.317 Thread 0x000001d77b4256d0 Thread exited: 0x000001d77b4256d0
Event: 9746.522 Thread 0x000001d77b427110 Thread exited: 0x000001d77b427110
Event: 9770.909 Thread 0x000001d77b4291e0 Thread exited: 0x000001d77b4291e0
Event: 9830.945 Thread 0x000001d77ca255e0 Thread exited: 0x000001d77ca255e0
Event: 9890.943 Thread 0x000001d77ca248c0 Thread exited: 0x000001d77ca248c0
Event: 9893.911 Thread 0x000001d753951090 Thread added: 0x000001d77344bae0
Event: 9895.039 Thread 0x000001d77344bae0 Thread exited: 0x000001d77344bae0


Dynamic libraries:
0x00007ff702750000 - 0x00007ff70275e000 	c:\Users\LENOVO\.cursor\extensions\redhat.java-1.42.0-win32-x64\jre\21.0.7-win32-x86_64\bin\java.exe
0x00007ff937fa0000 - 0x00007ff938205000 	C:\WINDOWS\SYSTEM32\ntdll.dll
0x00007ff9366d0000 - 0x00007ff936799000 	C:\WINDOWS\System32\KERNEL32.DLL
0x00007ff9357d0000 - 0x00007ff935bb8000 	C:\WINDOWS\System32\KERNELBASE.dll
0x00007ff935680000 - 0x00007ff9357cb000 	C:\WINDOWS\System32\ucrtbase.dll
0x00007ff932010000 - 0x00007ff93202e000 	c:\Users\LENOVO\.cursor\extensions\redhat.java-1.42.0-win32-x64\jre\21.0.7-win32-x86_64\bin\VCRUNTIME140.dll
0x00007ff92a6d0000 - 0x00007ff92a6e8000 	c:\Users\LENOVO\.cursor\extensions\redhat.java-1.42.0-win32-x64\jre\21.0.7-win32-x86_64\bin\jli.dll
0x00007ff9360c0000 - 0x00007ff93628a000 	C:\WINDOWS\System32\USER32.dll
0x00007ff935440000 - 0x00007ff935467000 	C:\WINDOWS\System32\win32u.dll
0x00007ff937430000 - 0x00007ff93745b000 	C:\WINDOWS\System32\GDI32.dll
0x00007ff935180000 - 0x00007ff9352b7000 	C:\WINDOWS\System32\gdi32full.dll
0x00007ff935470000 - 0x00007ff935513000 	C:\WINDOWS\System32\msvcp_win.dll
0x00007ff91edb0000 - 0x00007ff91f04a000 	C:\WINDOWS\WinSxS\amd64_microsoft.windows.common-controls_6595b64144ccf1df_6.0.26100.4202_none_3e0698d4e335f517\COMCTL32.dll
0x00007ff936300000 - 0x00007ff9363a9000 	C:\WINDOWS\System32\msvcrt.dll
0x00007ff935d70000 - 0x00007ff935da0000 	C:\WINDOWS\System32\IMM32.DLL
0x000000006c240000 - 0x000000006c24c000 	C:\Program Files (x86)\360\Total Security\safemon\SafeWrapper.dll
0x00007ff936a80000 - 0x00007ff936b33000 	C:\WINDOWS\System32\ADVAPI32.dll
0x00007ff936010000 - 0x00007ff9360b6000 	C:\WINDOWS\System32\sechost.dll
0x00007ff935e00000 - 0x00007ff935f15000 	C:\WINDOWS\System32\RPCRT4.dll
0x00007ff8ac890000 - 0x00007ff8ac93c000 	C:\Program Files (x86)\360\Total Security\safemon\libzdtp64.dll
0x00007ff937460000 - 0x00007ff937ba2000 	C:\WINDOWS\System32\SHELL32.dll
0x00007ff9352c0000 - 0x00007ff935434000 	C:\WINDOWS\System32\wintypes.dll
0x00007ff937bb0000 - 0x00007ff937f35000 	C:\WINDOWS\System32\combase.dll
0x00007ff936290000 - 0x00007ff9362fa000 	C:\WINDOWS\System32\SHLWAPI.dll
0x00007ff934a10000 - 0x00007ff934a1b000 	C:\WINDOWS\SYSTEM32\VERSION.dll
0x00007ff92a690000 - 0x00007ff92a69c000 	c:\Users\LENOVO\.cursor\extensions\redhat.java-1.42.0-win32-x64\jre\21.0.7-win32-x86_64\bin\vcruntime140_1.dll
0x00007ff8e48f0000 - 0x00007ff8e497d000 	c:\Users\LENOVO\.cursor\extensions\redhat.java-1.42.0-win32-x64\jre\21.0.7-win32-x86_64\bin\msvcp140.dll
0x00007ff875a40000 - 0x00007ff8767d0000 	c:\Users\LENOVO\.cursor\extensions\redhat.java-1.42.0-win32-x64\jre\21.0.7-win32-x86_64\bin\server\jvm.dll
0x00007ff936b60000 - 0x00007ff936bd4000 	C:\WINDOWS\System32\WS2_32.dll
0x00007ff934f40000 - 0x00007ff934f9e000 	C:\WINDOWS\SYSTEM32\POWRPROF.dll
0x00007ff92da60000 - 0x00007ff92da95000 	C:\WINDOWS\SYSTEM32\WINMM.dll
0x00007ff934f20000 - 0x00007ff934f34000 	C:\WINDOWS\SYSTEM32\UMPDC.dll
0x00007ff933e00000 - 0x00007ff933e1b000 	C:\WINDOWS\SYSTEM32\kernel.appcore.dll
0x00007ff90f210000 - 0x00007ff90f21a000 	c:\Users\LENOVO\.cursor\extensions\redhat.java-1.42.0-win32-x64\jre\21.0.7-win32-x86_64\bin\jimage.dll
0x00007ff927d70000 - 0x00007ff927fb1000 	C:\WINDOWS\SYSTEM32\DBGHELP.DLL
0x00007ff937330000 - 0x00007ff937411000 	C:\WINDOWS\System32\OLEAUT32.dll
0x00007ff921ec0000 - 0x00007ff921ef9000 	C:\WINDOWS\SYSTEM32\dbgcore.DLL
0x00007ff9355e0000 - 0x00007ff935679000 	C:\WINDOWS\System32\bcryptPrimitives.dll
0x00007ff90a430000 - 0x00007ff90a43f000 	c:\Users\LENOVO\.cursor\extensions\redhat.java-1.42.0-win32-x64\jre\21.0.7-win32-x86_64\bin\instrument.dll
0x00007ff90a4d0000 - 0x00007ff90a4ef000 	c:\Users\LENOVO\.cursor\extensions\redhat.java-1.42.0-win32-x64\jre\21.0.7-win32-x86_64\bin\java.dll
0x00007ff932cc0000 - 0x00007ff933517000 	C:\WINDOWS\SYSTEM32\windows.storage.dll
0x00007ff936980000 - 0x00007ff936a71000 	C:\WINDOWS\System32\SHCORE.dll
0x00007ff935000000 - 0x00007ff93502f000 	C:\WINDOWS\SYSTEM32\profapi.dll
0x00007ff8e48d0000 - 0x00007ff8e48e8000 	c:\Users\LENOVO\.cursor\extensions\redhat.java-1.42.0-win32-x64\jre\21.0.7-win32-x86_64\bin\zip.dll
0x00007ff9091c0000 - 0x00007ff9091d0000 	C:\Users\LENOVO\.cursor\extensions\redhat.java-1.42.0-win32-x64\jre\21.0.7-win32-x86_64\bin\net.dll
0x00007ff92d930000 - 0x00007ff92da4e000 	C:\WINDOWS\SYSTEM32\WINHTTP.dll
0x00007ff934350000 - 0x00007ff9343ba000 	C:\WINDOWS\system32\mswsock.dll
0x00007ff8e2bc0000 - 0x00007ff8e2bd6000 	C:\Users\LENOVO\.cursor\extensions\redhat.java-1.42.0-win32-x64\jre\21.0.7-win32-x86_64\bin\nio.dll
0x00007ff9085d0000 - 0x00007ff9085e0000 	c:\Users\LENOVO\.cursor\extensions\redhat.java-1.42.0-win32-x64\jre\21.0.7-win32-x86_64\bin\verify.dll
0x00007ff8dd4f0000 - 0x00007ff8dd535000 	C:\Users\LENOVO\AppData\Roaming\Cursor\User\globalStorage\redhat.java\1.42.0\config_win\org.eclipse.equinox.launcher\org.eclipse.equinox.launcher.win32.win32.x86_64_1.2.1300.v20250331-1702\eclipse_11911.dll
0x00007ff936520000 - 0x00007ff9366be000 	C:\WINDOWS\System32\ole32.dll
0x00007ff934730000 - 0x00007ff93474b000 	C:\WINDOWS\SYSTEM32\CRYPTSP.dll
0x00007ff933d60000 - 0x00007ff933d9a000 	C:\WINDOWS\system32\rsaenh.dll
0x00007ff9343f0000 - 0x00007ff93441b000 	C:\WINDOWS\SYSTEM32\USERENV.dll
0x00007ff934fd0000 - 0x00007ff934ff6000 	C:\WINDOWS\SYSTEM32\bcrypt.dll
0x00007ff934590000 - 0x00007ff93459c000 	C:\WINDOWS\SYSTEM32\CRYPTBASE.dll
0x00007ff933810000 - 0x00007ff933843000 	C:\WINDOWS\SYSTEM32\IPHLPAPI.DLL
0x00007ff937420000 - 0x00007ff93742a000 	C:\WINDOWS\System32\NSI.dll
0x00007ff8db7a0000 - 0x00007ff8db7e9000 	C:\Users\LENOVO\AppData\Local\Temp\jna--2053026509\jna13231145136119803919.dll
0x00007ff937f50000 - 0x00007ff937f58000 	C:\WINDOWS\System32\PSAPI.DLL
0x00007ff92d900000 - 0x00007ff92d91f000 	C:\WINDOWS\SYSTEM32\dhcpcsvc6.DLL
0x00007ff92d8d0000 - 0x00007ff92d8f5000 	C:\WINDOWS\SYSTEM32\dhcpcsvc.DLL
0x00007ff933f20000 - 0x00007ff933f56000 	C:\WINDOWS\SYSTEM32\ntmarta.dll

dbghelp: loaded successfully - version: 4.0.5 - missing functions: none
symbol engine: initialized successfully - sym options: 0x614 - pdb path: .;c:\Users\LENOVO\.cursor\extensions\redhat.java-1.42.0-win32-x64\jre\21.0.7-win32-x86_64\bin;C:\WINDOWS\SYSTEM32;C:\WINDOWS\WinSxS\amd64_microsoft.windows.common-controls_6595b64144ccf1df_6.0.26100.4202_none_3e0698d4e335f517;C:\Program Files (x86)\360\Total Security\safemon;c:\Users\LENOVO\.cursor\extensions\redhat.java-1.42.0-win32-x64\jre\21.0.7-win32-x86_64\bin\server;C:\Users\LENOVO\AppData\Roaming\Cursor\User\globalStorage\redhat.java\1.42.0\config_win\org.eclipse.equinox.launcher\org.eclipse.equinox.launcher.win32.win32.x86_64_1.2.1300.v20250331-1702;C:\Users\LENOVO\AppData\Local\Temp\jna--2053026509

VM Arguments:
jvm_args: --add-modules=ALL-SYSTEM --add-opens=java.base/java.util=ALL-UNNAMED --add-opens=java.base/java.lang=ALL-UNNAMED --add-opens=java.base/sun.nio.fs=ALL-UNNAMED -Declipse.application=org.eclipse.jdt.ls.core.id1 -Dosgi.bundles.defaultStartLevel=4 -Declipse.product=org.eclipse.jdt.ls.core.product -Djava.import.generatesMetadataFilesAtProjectRoot=false -DDetectVMInstallationsJob.disabled=true -Dfile.encoding=utf8 -XX:+UseParallelGC -XX:GCTimeRatio=4 -XX:AdaptiveSizePolicyWeight=90 -Dsun.zip.disableMemoryMapping=true -Xmx1G -Xms100m -Xlog:disable -javaagent:c:\Users\LENOVO\.cursor\extensions\redhat.java-1.42.0-win32-x64\lombok\lombok-1.18.36.jar -XX:+HeapDumpOnOutOfMemoryError -XX:HeapDumpPath=c:\Users\LENOVO\AppData\Roaming\Cursor\User\workspaceStorage\665a095a445e1958b71935bc6596bb03\redhat.java -Daether.dependencyCollector.impl=bf 
java_command: c:\Users\LENOVO\.cursor\extensions\redhat.java-1.42.0-win32-x64\server\plugins\org.eclipse.equinox.launcher_1.7.0.v20250424-1814.jar -configuration c:\Users\LENOVO\AppData\Roaming\Cursor\User\globalStorage\redhat.java\1.42.0\config_win -data c:\Users\LENOVO\AppData\Roaming\Cursor\User\workspaceStorage\665a095a445e1958b71935bc6596bb03\redhat.java\jdt_ws --pipe=\\.\pipe\lsp-53610121627594ce25dbc1d98a9ed239-sock
java_class_path (initial): c:\Users\LENOVO\.cursor\extensions\redhat.java-1.42.0-win32-x64\server\plugins\org.eclipse.equinox.launcher_1.7.0.v20250424-1814.jar
Launcher Type: SUN_STANDARD

[Global flags]
    uintx AdaptiveSizePolicyWeight                 = 90                                        {product} {command line}
     intx CICompilerCount                          = 4                                         {product} {ergonomic}
    uintx GCTimeRatio                              = 4                                         {product} {command line}
     bool HeapDumpOnOutOfMemoryError               = true                                   {manageable} {command line}
    ccstr HeapDumpPath                             = c:\Users\LENOVO\AppData\Roaming\Cursor\User\workspaceStorage\665a095a445e1958b71935bc6596bb03\redhat.java         {manageable} {command line}
   size_t InitialHeapSize                          = 104857600                                 {product} {command line}
   size_t MaxHeapSize                              = 1073741824                                {product} {command line}
   size_t MaxNewSize                               = 357564416                                 {product} {ergonomic}
   size_t MinHeapDeltaBytes                        = 524288                                    {product} {ergonomic}
   size_t MinHeapSize                              = 104857600                                 {product} {command line}
   size_t NewSize                                  = 34603008                                  {product} {ergonomic}
    uintx NonNMethodCodeHeapSize                   = 5839372                                {pd product} {ergonomic}
    uintx NonProfiledCodeHeapSize                  = 122909434                              {pd product} {ergonomic}
   size_t OldSize                                  = 70254592                                  {product} {ergonomic}
    uintx ProfiledCodeHeapSize                     = 122909434                              {pd product} {ergonomic}
    uintx ReservedCodeCacheSize                    = 251658240                              {pd product} {ergonomic}
     bool SegmentedCodeCache                       = true                                      {product} {ergonomic}
   size_t SoftMaxHeapSize                          = 1073741824                             {manageable} {ergonomic}
     bool UseCompressedOops                        = true                           {product lp64_product} {ergonomic}
     bool UseLargePagesIndividualAllocation        = false                                  {pd product} {ergonomic}
     bool UseParallelGC                            = true                                      {product} {command line}

Logging:
Log output configuration:
 #0: stdout all=off uptime,level,tags foldmultilines=false
 #1: stderr all=off uptime,level,tags foldmultilines=false

Environment Variables:
JAVA_HOME=C:\Program Files\Eclipse Adoptium\jdk-17.0.12.7-hotspot\
PATH=C:\Users\LENOVO\Downloads\apache-maven-3.9.9-bin\apache-maven-3.9.9\bin;C:\Program Files\nodejs\;C:\Users\LENOVO\Downloads\apache-maven-3.9.9-bin\apache-maven-3.9.9\bin;C:\Users\LENOVO\AppData\Roaming\npm;C:\Users\LENOVO\AppData\Local\Programs\cursor\resources\app\bin;C:\Users\LENOVO\AppData\Local\Programs\Microsoft VS Code\bin
USERNAME=LENOVO
OS=Windows_NT
PROCESSOR_IDENTIFIER=AMD64 Family 23 Model 104 Stepping 1, AuthenticAMD
TMP=C:\Users\LENOVO\AppData\Local\Temp
TEMP=C:\Users\LENOVO\AppData\Local\Temp




Periodic native trim disabled

---------------  S Y S T E M  ---------------

OS:
 Windows 11 , 64 bit Build 26100 (10.0.26100.4202)
OS uptime: 0 days 12:18 hours
Hyper-V role detected

CPU: total 12 (initial active 12) (12 cores per cpu, 2 threads per core) family 23 model 104 stepping 1 microcode 0x8608103, cx8, cmov, fxsr, ht, mmx, 3dnowpref, sse, sse2, sse3, ssse3, sse4a, sse4.1, sse4.2, popcnt, lzcnt, tsc, tscinvbit, avx, avx2, aes, clmul, bmi1, bmi2, adx, sha, fma, vzeroupper, clflush, clflushopt, hv, rdtscp, rdpid, f16c
Processor Information for the first 12 processors :
  Max Mhz: 2100, Current Mhz: 2100, Mhz Limit: 2100

Memory: 4k page, system-wide physical 5989M (400M free)
TotalPageFile size 24421M (AvailPageFile size 16M)
current process WorkingSet (physical memory assigned to process): 138M, peak: 952M
current process commit charge ("private bytes"): 624M, peak: 1052M

vm_info: OpenJDK 64-Bit Server VM (21.0.7+6-LTS) for windows-amd64 JRE (21.0.7+6-LTS), built on 2025-04-15T00:00:00Z by "admin" with MS VC++ 17.7 (VS2022)

END.
