#
# There is insufficient memory for the Java Runtime Environment to continue.
# Native memory allocation (malloc) failed to allocate 1884624 bytes. Error detail: Chunk::new
# Possible reasons:
#   The system is out of physical RAM or swap space
#   This process is running with CompressedOops enabled, and the Java Heap may be blocking the growth of the native heap
# Possible solutions:
#   Reduce memory load on the system
#   Increase physical memory or swap space
#   Check if swap backing store is full
#   Decrease Java heap size (-Xmx/-Xms)
#   Decrease number of Java threads
#   Decrease Java thread stack sizes (-Xss)
#   Set larger code cache with -XX:ReservedCodeCacheSize=
#   JVM is running with Unscaled Compressed Oops mode in which the Java heap is
#     placed in the first 4GB address space. The Java Heap base address is the
#     maximum limit for the native heap growth. Please use -XX:HeapBaseMinAddress
#     to set the Java Heap base and to place the Java Heap above 4GB virtual address.
# This output file may be truncated or incomplete.
#
#  Out of Memory Error (arena.cpp:168), pid=25104, tid=29508
#
# JRE version: OpenJDK Runtime Environment Temurin-21.0.7+6 (21.0.7+6) (build 21.0.7+6-LTS)
# Java VM: OpenJDK 64-Bit Server VM Temurin-21.0.7+6 (21.0.7+6-LTS, mixed mode, sharing, tiered, compressed oops, compressed class ptrs, parallel gc, windows-amd64)
# No core dump will be written. Minidumps are not enabled by default on client versions of Windows
#

---------------  S U M M A R Y ------------

Command Line: --add-modules=ALL-SYSTEM --add-opens=java.base/java.util=ALL-UNNAMED --add-opens=java.base/java.lang=ALL-UNNAMED --add-opens=java.base/sun.nio.fs=ALL-UNNAMED -Declipse.application=org.eclipse.jdt.ls.core.id1 -Dosgi.bundles.defaultStartLevel=4 -Declipse.product=org.eclipse.jdt.ls.core.product -Djava.import.generatesMetadataFilesAtProjectRoot=false -DDetectVMInstallationsJob.disabled=true -Dfile.encoding=utf8 -XX:+UseParallelGC -XX:GCTimeRatio=4 -XX:AdaptiveSizePolicyWeight=90 -Dsun.zip.disableMemoryMapping=true -Xmx1G -Xms100m -Xlog:disable -javaagent:c:\Users\LENOVO\.vscode\extensions\redhat.java-1.42.0-win32-x64\lombok\lombok-1.18.36.jar c:\Users\LENOVO\.vscode\extensions\redhat.java-1.42.0-win32-x64\server\plugins\org.eclipse.equinox.launcher_1.7.0.v20250424-1814.jar -configuration c:\Users\LENOVO\AppData\Roaming\Code\User\globalStorage\redhat.java\1.42.0\config_ss_win -data c:\Users\LENOVO\AppData\Roaming\Code\User\workspaceStorage\505c6f5164cc9c3b0cea8069281ec5bb\redhat.java\ss_ws --pipe=\\.\pipe\lsp-f3a02270e66e39bbcdc4d2c945a4f4cd-sock

Host: AMD Ryzen 5 5500U with Radeon Graphics         , 12 cores, 5G,  Windows 11 , 64 bit Build 26100 (10.0.26100.4202)
Time: Mon Jun  9 23:08:38 2025 India Standard Time elapsed time: 17.193599 seconds (0d 0h 0m 17s)

---------------  T H R E A D  ---------------

Current thread (0x000002b86b7b8000):  JavaThread "C2 CompilerThread1" daemon [_thread_in_native, id=29508, stack(0x000000eb34e00000,0x000000eb34f00000) (1024K)]


Current CompileTask:
C2:17193 4519       4       org.eclipse.core.internal.watson.ElementTreeIterator::doIteration (114 bytes)

Stack: [0x000000eb34e00000,0x000000eb34f00000]
Native frames: (J=compiled Java code, j=interpreted, Vv=VM code, C=native code)
V  [jvm.dll+0x6ce119]
V  [jvm.dll+0x8a84a1]
V  [jvm.dll+0x8aa9ce]
V  [jvm.dll+0x8ab0b3]
V  [jvm.dll+0x27f8a6]
V  [jvm.dll+0xc507d]
V  [jvm.dll+0xc55b3]
V  [jvm.dll+0x3b692c]
V  [jvm.dll+0x1e0029]
V  [jvm.dll+0x247c42]
V  [jvm.dll+0x2470cf]
V  [jvm.dll+0x1c760e]
V  [jvm.dll+0x25695a]
V  [jvm.dll+0x254efa]
V  [jvm.dll+0x3f03f6]
V  [jvm.dll+0x851f6b]
V  [jvm.dll+0x6cc7dd]
C  [ucrtbase.dll+0x37b0]
C  [KERNEL32.DLL+0x2e8d7]
C  [ntdll.dll+0x3c34c]


---------------  P R O C E S S  ---------------

Threads class SMR info:
_java_thread_list=0x000002b86bea5200, length=43, elements={
0x000002b80da43010, 0x000002b821e0e2a0, 0x000002b80dac0ef0, 0x000002b80dac6700,
0x000002b80dac7150, 0x000002b80daca8d0, 0x000002b80dad6e90, 0x000002b80daddd70,
0x000002b864151540, 0x000002b80dad6170, 0x000002b80dad4730, 0x000002b80dad6800,
0x000002b80dad7520, 0x000002b80dad40a0, 0x000002b80dad4dc0, 0x000002b80dad5ae0,
0x000002b86a2b4420, 0x000002b86a2b6b80, 0x000002b86a2b4ab0, 0x000002b86a2b64f0,
0x000002b86a2b57d0, 0x000002b86a2b7210, 0x000002b86a2b5140, 0x000002b86a2b7f30,
0x000002b86a2b8c50, 0x000002b86a2b78a0, 0x000002b86a2b85c0, 0x000002b86a2b5e60,
0x000002b86a2b92e0, 0x000002b86a2b9970, 0x000002b86a2ba000, 0x000002b86a2bad20,
0x000002b86a2ba690, 0x000002b86a2bb3b0, 0x000002b86a2bba40, 0x000002b86b128c60,
0x000002b86b12ad30, 0x000002b86b1292f0, 0x000002b86b1285d0, 0x000002b86b127f40,
0x000002b86b129980, 0x000002b86b7b8000, 0x000002b86b12a6a0
}

Java Threads: ( => current thread )
  0x000002b80da43010 JavaThread "main"                              [_thread_blocked, id=4904, stack(0x000000eb33500000,0x000000eb33600000) (1024K)]
  0x000002b821e0e2a0 JavaThread "Reference Handler"          daemon [_thread_blocked, id=11720, stack(0x000000eb33900000,0x000000eb33a00000) (1024K)]
  0x000002b80dac0ef0 JavaThread "Finalizer"                  daemon [_thread_blocked, id=29472, stack(0x000000eb33a00000,0x000000eb33b00000) (1024K)]
  0x000002b80dac6700 JavaThread "Signal Dispatcher"          daemon [_thread_blocked, id=17080, stack(0x000000eb33b00000,0x000000eb33c00000) (1024K)]
  0x000002b80dac7150 JavaThread "Attach Listener"            daemon [_thread_blocked, id=28324, stack(0x000000eb33c00000,0x000000eb33d00000) (1024K)]
  0x000002b80daca8d0 JavaThread "Service Thread"             daemon [_thread_blocked, id=24612, stack(0x000000eb33d00000,0x000000eb33e00000) (1024K)]
  0x000002b80dad6e90 JavaThread "Monitor Deflation Thread"   daemon [_thread_blocked, id=20748, stack(0x000000eb33e00000,0x000000eb33f00000) (1024K)]
  0x000002b80daddd70 JavaThread "C2 CompilerThread0"         daemon [_thread_in_native, id=27000, stack(0x000000eb33f00000,0x000000eb34000000) (1024K)]
  0x000002b864151540 JavaThread "C1 CompilerThread0"         daemon [_thread_blocked, id=25412, stack(0x000000eb34000000,0x000000eb34100000) (1024K)]
  0x000002b80dad6170 JavaThread "Common-Cleaner"             daemon [_thread_blocked, id=27336, stack(0x000000eb34100000,0x000000eb34200000) (1024K)]
  0x000002b80dad4730 JavaThread "Notification Thread"        daemon [_thread_blocked, id=28068, stack(0x000000eb34200000,0x000000eb34300000) (1024K)]
  0x000002b80dad6800 JavaThread "Active Thread: Equinox Container: 4cd01f8f-7f7c-4b0a-ab3c-c6c96cc44771"        [_thread_blocked, id=23732, stack(0x000000eb34900000,0x000000eb34a00000) (1024K)]
  0x000002b80dad7520 JavaThread "Framework Event Dispatcher: Equinox Container: 4cd01f8f-7f7c-4b0a-ab3c-c6c96cc44771" daemon [_thread_blocked, id=28164, stack(0x000000eb34a00000,0x000000eb34b00000) (1024K)]
  0x000002b80dad40a0 JavaThread "Start Level: Equinox Container: 4cd01f8f-7f7c-4b0a-ab3c-c6c96cc44771" daemon [_thread_blocked, id=14088, stack(0x000000eb34b00000,0x000000eb34c00000) (1024K)]
  0x000002b80dad4dc0 JavaThread "SCR Component Actor"        daemon [_thread_blocked, id=27760, stack(0x000000eb34d00000,0x000000eb34e00000) (1024K)]
  0x000002b80dad5ae0 JavaThread "Worker-JM"                         [_thread_blocked, id=22236, stack(0x000000eb34f00000,0x000000eb35000000) (1024K)]
  0x000002b86a2b4420 JavaThread "Worker-0"                          [_thread_blocked, id=24480, stack(0x000000eb35200000,0x000000eb35300000) (1024K)]
  0x000002b86a2b6b80 JavaThread "Worker-1: Periodic workspace save."        [_thread_in_native, id=636, stack(0x000000eb35300000,0x000000eb35400000) (1024K)]
  0x000002b86a2b4ab0 JavaThread "JNA Cleaner"                daemon [_thread_blocked, id=16580, stack(0x000000eb35400000,0x000000eb35500000) (1024K)]
  0x000002b86a2b64f0 JavaThread "Thread-2"                   daemon [_thread_in_native, id=22112, stack(0x000000eb35800000,0x000000eb35900000) (1024K)]
  0x000002b86a2b57d0 JavaThread "Thread-3"                   daemon [_thread_in_native, id=22744, stack(0x000000eb35900000,0x000000eb35a00000) (1024K)]
  0x000002b86a2b7210 JavaThread "Thread-4"                   daemon [_thread_in_native, id=2052, stack(0x000000eb35a00000,0x000000eb35b00000) (1024K)]
  0x000002b86a2b5140 JavaThread "Thread-5"                   daemon [_thread_in_native, id=30324, stack(0x000000eb35b00000,0x000000eb35c00000) (1024K)]
  0x000002b86a2b7f30 JavaThread "Thread-6"                   daemon [_thread_in_native, id=6048, stack(0x000000eb35c00000,0x000000eb35d00000) (1024K)]
  0x000002b86a2b8c50 JavaThread "Thread-7"                   daemon [_thread_in_native, id=25400, stack(0x000000eb35d00000,0x000000eb35e00000) (1024K)]
  0x000002b86a2b78a0 JavaThread "Thread-8"                   daemon [_thread_in_native, id=5592, stack(0x000000eb35e00000,0x000000eb35f00000) (1024K)]
  0x000002b86a2b85c0 JavaThread "Thread-9"                   daemon [_thread_in_native, id=8056, stack(0x000000eb35f00000,0x000000eb36000000) (1024K)]
  0x000002b86a2b5e60 JavaThread "Thread-10"                  daemon [_thread_in_native, id=27856, stack(0x000000eb36000000,0x000000eb36100000) (1024K)]
  0x000002b86a2b92e0 JavaThread "Thread-11"                  daemon [_thread_in_native, id=2204, stack(0x000000eb36100000,0x000000eb36200000) (1024K)]
  0x000002b86a2b9970 JavaThread "Thread-12"                  daemon [_thread_in_native, id=16340, stack(0x000000eb36200000,0x000000eb36300000) (1024K)]
  0x000002b86a2ba000 JavaThread "Thread-13"                  daemon [_thread_in_native, id=13644, stack(0x000000eb36300000,0x000000eb36400000) (1024K)]
  0x000002b86a2bad20 JavaThread "Thread-14"                  daemon [_thread_in_native, id=7644, stack(0x000000eb36400000,0x000000eb36500000) (1024K)]
  0x000002b86a2ba690 JavaThread "pool-2-thread-1"                   [_thread_blocked, id=17188, stack(0x000000eb36500000,0x000000eb36600000) (1024K)]
  0x000002b86a2bb3b0 JavaThread "WorkspaceEventsHandler"            [_thread_blocked, id=30100, stack(0x000000eb36600000,0x000000eb36700000) (1024K)]
  0x000002b86a2bba40 JavaThread "pool-1-thread-1"                   [_thread_blocked, id=3372, stack(0x000000eb36700000,0x000000eb36800000) (1024K)]
  0x000002b86b128c60 JavaThread "ForkJoinPool.commonPool-worker-1" daemon [_thread_blocked, id=1908, stack(0x000000eb36800000,0x000000eb36900000) (1024K)]
  0x000002b86b12ad30 JavaThread "ForkJoinPool.commonPool-worker-2" daemon [_thread_blocked, id=25120, stack(0x000000eb36900000,0x000000eb36a00000) (1024K)]
  0x000002b86b1292f0 JavaThread "LocalFile Deleter"          daemon [_thread_blocked, id=24860, stack(0x000000eb36a00000,0x000000eb36b00000) (1024K)]
  0x000002b86b1285d0 JavaThread "LocalFile Deleter"          daemon [_thread_blocked, id=27580, stack(0x000000eb36b00000,0x000000eb36c00000) (1024K)]
  0x000002b86b127f40 JavaThread "LocalFile Deleter"          daemon [_thread_blocked, id=11820, stack(0x000000eb36c00000,0x000000eb36d00000) (1024K)]
  0x000002b86b129980 JavaThread "LocalFile Deleter"          daemon [_thread_blocked, id=7728, stack(0x000000eb36d00000,0x000000eb36e00000) (1024K)]
=>0x000002b86b7b8000 JavaThread "C2 CompilerThread1"         daemon [_thread_in_native, id=29508, stack(0x000000eb34e00000,0x000000eb34f00000) (1024K)]
  0x000002b86b12a6a0 JavaThread "Worker-2"                          [_thread_blocked, id=15452, stack(0x000000eb36e00000,0x000000eb36f00000) (1024K)]
Total: 43

Other Threads:
  0x000002b864142a40 VMThread "VM Thread"                           [id=9352, stack(0x000000eb33800000,0x000000eb33900000) (1024K)]
  0x000002b80daaf330 WatcherThread "VM Periodic Task Thread"        [id=15956, stack(0x000000eb33700000,0x000000eb33800000) (1024K)]
  0x000002b80da60350 WorkerThread "GC Thread#0"                     [id=16600, stack(0x000000eb33600000,0x000000eb33700000) (1024K)]
  0x000002b8654342a0 WorkerThread "GC Thread#1"                     [id=28364, stack(0x000000eb34300000,0x000000eb34400000) (1024K)]
  0x000002b8653bcec0 WorkerThread "GC Thread#2"                     [id=24748, stack(0x000000eb34400000,0x000000eb34500000) (1024K)]
  0x000002b86547f4f0 WorkerThread "GC Thread#3"                     [id=7308, stack(0x000000eb34500000,0x000000eb34600000) (1024K)]
  0x000002b86547f890 WorkerThread "GC Thread#4"                     [id=22908, stack(0x000000eb34600000,0x000000eb34700000) (1024K)]
  0x000002b86547fc30 WorkerThread "GC Thread#5"                     [id=22888, stack(0x000000eb34700000,0x000000eb34800000) (1024K)]
  0x000002b86535a8a0 WorkerThread "GC Thread#6"                     [id=13604, stack(0x000000eb34800000,0x000000eb34900000) (1024K)]
  0x000002b8658c2d90 WorkerThread "GC Thread#7"                     [id=2460, stack(0x000000eb34c00000,0x000000eb34d00000) (1024K)]
  0x000002b8659e8250 WorkerThread "GC Thread#8"                     [id=16220, stack(0x000000eb35000000,0x000000eb35100000) (1024K)]
  0x000002b8659e73d0 WorkerThread "GC Thread#9"                     [id=21840, stack(0x000000eb35100000,0x000000eb35200000) (1024K)]
Total: 12

Threads with active compile tasks:
C2 CompilerThread0  22251 4404       4       org.eclipse.core.internal.resources.Resource::filterChildren (37 bytes)
C2 CompilerThread1  22251 4519       4       org.eclipse.core.internal.watson.ElementTreeIterator::doIteration (114 bytes)
Total: 2

VM state: not at safepoint (normal execution)

VM Mutex/Monitor currently owned by a thread: None

Heap address: 0x00000000c0000000, size: 1024 MB, Compressed Oops mode: 32-bit

CDS archive(s) mapped at: [0x000002b822000000-0x000002b822ba0000-0x000002b822ba0000), size 12189696, SharedBaseAddress: 0x000002b822000000, ArchiveRelocationMode: 1.
Compressed class space mapped at: 0x000002b823000000-0x000002b863000000, reserved size: 1073741824
Narrow klass base: 0x000002b822000000, Narrow klass shift: 0, Narrow klass range: 0x100000000

GC Precious Log:
 CardTable entry size: 512
 CPUs: 12 total, 12 available
 Memory: 5989M
 Large Page Support: Disabled
 NUMA Support: Disabled
 Compressed Oops: Enabled (32-bit)
 Alignments: Space 512K, Generation 512K, Heap 2M
 Heap Min Capacity: 100M
 Heap Initial Capacity: 100M
 Heap Max Capacity: 1G
 Pre-touch: Disabled
 Parallel Workers: 10

Heap:
 PSYoungGen      total 20992K, used 3184K [0x00000000eab00000, 0x00000000ec900000, 0x0000000100000000)
  eden space 19456K, 8% used [0x00000000eab00000,0x00000000eac9c398,0x00000000ebe00000)
  from space 1536K, 100% used [0x00000000ec780000,0x00000000ec900000,0x00000000ec900000)
  to   space 5120K, 0% used [0x00000000ebf00000,0x00000000ebf00000,0x00000000ec400000)
 ParOldGen       total 68608K, used 58348K [0x00000000c0000000, 0x00000000c4300000, 0x00000000eab00000)
  object space 68608K, 85% used [0x00000000c0000000,0x00000000c38fb378,0x00000000c4300000)
 Metaspace       used 36784K, committed 37696K, reserved 1114112K
  class space    used 3583K, committed 3968K, reserved 1048576K

Card table byte_map: [0x000002b80d3c0000,0x000002b80d5d0000] _byte_map_base: 0x000002b80cdc0000

Marking Bits: (ParMarkBitMap*) 0x00007ffe66cc31f0
 Begin Bits: [0x000002b81fc10000, 0x000002b820c10000)
 End Bits:   [0x000002b820c10000, 0x000002b821c10000)

Polling page: 0x000002b80b8d0000

Metaspace:

Usage:
  Non-class:     32.42 MB used.
      Class:      3.50 MB used.
       Both:     35.92 MB used.

Virtual space:
  Non-class space:       64.00 MB reserved,      32.94 MB ( 51%) committed,  1 nodes.
      Class space:        1.00 GB reserved,       3.88 MB ( <1%) committed,  1 nodes.
             Both:        1.06 GB reserved,      36.81 MB (  3%) committed. 

Chunk freelists:
   Non-Class:  15.01 MB
       Class:  12.17 MB
        Both:  27.17 MB

MaxMetaspaceSize: unlimited
CompressedClassSpaceSize: 1.00 GB
Initial GC threshold: 21.00 MB
Current GC threshold: 58.38 MB
CDS: on
 - commit_granule_bytes: 65536.
 - commit_granule_words: 8192.
 - virtual_space_node_default_size: 8388608.
 - enlarge_chunks_in_place: 1.
 - use_allocation_guard: 0.


Internal statistics:

num_allocs_failed_limit: 6.
num_arena_births: 628.
num_arena_deaths: 16.
num_vsnodes_births: 2.
num_vsnodes_deaths: 0.
num_space_committed: 589.
num_space_uncommitted: 0.
num_chunks_returned_to_freelist: 23.
num_chunks_taken_from_freelist: 2073.
num_chunk_merges: 9.
num_chunk_splits: 1372.
num_chunks_enlarged: 883.
num_inconsistent_stats: 0.

CodeHeap 'non-profiled nmethods': size=120000Kb used=2593Kb max_used=2593Kb free=117406Kb
 bounds [0x000002b8186e0000, 0x000002b818970000, 0x000002b81fc10000]
CodeHeap 'profiled nmethods': size=120000Kb used=8456Kb max_used=8456Kb free=111543Kb
 bounds [0x000002b810c10000, 0x000002b811470000, 0x000002b818140000]
CodeHeap 'non-nmethods': size=5760Kb used=1380Kb max_used=1436Kb free=4379Kb
 bounds [0x000002b818140000, 0x000002b8183b0000, 0x000002b8186e0000]
 total_blobs=4952 nmethods=4270 adapters=587
 compilation: enabled
              stopped_count=0, restarted_count=0
 full_count=0

Compilation events (20 events):
Event: 16.128 Thread 0x000002b864151540 4579       3       com.sun.org.apache.xml.internal.serializer.WriterToUTF8Buffered::write (296 bytes)
Event: 16.130 Thread 0x000002b864151540 nmethod 4579 0x000002b810c98f10 code [0x000002b810c99120, 0x000002b810c99758]
Event: 16.146 Thread 0x000002b80daddd70 nmethod 4564 0x000002b818961610 code [0x000002b8189618c0, 0x000002b818963100]
Event: 16.146 Thread 0x000002b80daddd70 4560       4       org.eclipse.core.internal.dtree.DeltaDataTree::setData (43 bytes)
Event: 16.148 Thread 0x000002b864151540 4581       3       org.eclipse.core.internal.dtree.DataDeltaNode::asBackwardDelta (96 bytes)
Event: 16.149 Thread 0x000002b864151540 nmethod 4581 0x000002b810c97f10 code [0x000002b810c98140, 0x000002b810c98a30]
Event: 16.149 Thread 0x000002b864151540 4584       3       org.eclipse.core.internal.dtree.NoDataDeltaNode::asBackwardDelta (96 bytes)
Event: 16.150 Thread 0x000002b864151540 nmethod 4584 0x000002b810c49f10 code [0x000002b810c4a140, 0x000002b810c4a9f8]
Event: 16.152 Thread 0x000002b80daddd70 nmethod 4560 0x000002b818964210 code [0x000002b818964400, 0x000002b818964970]
Event: 16.152 Thread 0x000002b80daddd70 4583       4       org.eclipse.core.internal.dtree.NoDataDeltaNode::<init> (7 bytes)
Event: 16.152 Thread 0x000002b80daddd70 nmethod 4583 0x000002b818964f10 code [0x000002b8189650a0, 0x000002b818965190]
Event: 16.152 Thread 0x000002b80daddd70 4582       4       org.eclipse.core.internal.dtree.DataDeltaNode::<init> (8 bytes)
Event: 16.153 Thread 0x000002b80daddd70 nmethod 4582 0x000002b818965290 code [0x000002b818965420, 0x000002b818965528]
Event: 16.153 Thread 0x000002b80daddd70 4555       4       org.eclipse.core.internal.dtree.NoDataDeltaNode::<init> (14 bytes)
Event: 16.153 Thread 0x000002b80daddd70 nmethod 4555 0x000002b818965610 code [0x000002b8189657a0, 0x000002b8189658e0]
Event: 16.153 Thread 0x000002b80daddd70 4585       4       org.eclipse.core.internal.dtree.DataDeltaNode::asBackwardDelta (96 bytes)
Event: 16.160 Thread 0x000002b80daddd70 nmethod 4585 0x000002b818965990 code [0x000002b818965b80, 0x000002b818966528]
Event: 16.160 Thread 0x000002b80daddd70 4554       4       org.eclipse.core.internal.dtree.DataTreeLookup::newLookup (12 bytes)
Event: 16.162 Thread 0x000002b80daddd70 nmethod 4554 0x000002b818966b90 code [0x000002b818966d20, 0x000002b818966e20]
Event: 16.162 Thread 0x000002b80daddd70 4404       4       org.eclipse.core.internal.resources.Resource::filterChildren (37 bytes)

GC Heap History (20 events):
Event: 15.717 GC heap before
{Heap before GC invocations=44 (full 2):
 PSYoungGen      total 20992K, used 20973K [0x00000000eab00000, 0x00000000ed800000, 0x0000000100000000)
  eden space 19456K, 100% used [0x00000000eab00000,0x00000000ebe00000,0x00000000ebe00000)
  from space 1536K, 98% used [0x00000000ebe00000,0x00000000ebf7b510,0x00000000ebf80000)
  to   space 13312K, 0% used [0x00000000ecb00000,0x00000000ecb00000,0x00000000ed800000)
 ParOldGen       total 68608K, used 46643K [0x00000000c0000000, 0x00000000c4300000, 0x00000000eab00000)
  object space 68608K, 67% used [0x00000000c0000000,0x00000000c2d8cc38,0x00000000c4300000)
 Metaspace       used 36645K, committed 37568K, reserved 1114112K
  class space    used 3567K, committed 3968K, reserved 1048576K
}
Event: 15.723 GC heap after
{Heap after GC invocations=44 (full 2):
 PSYoungGen      total 19968K, used 128K [0x00000000eab00000, 0x00000000ecb80000, 0x0000000100000000)
  eden space 19456K, 0% used [0x00000000eab00000,0x00000000eab00000,0x00000000ebe00000)
  from space 512K, 25% used [0x00000000ecb00000,0x00000000ecb20000,0x00000000ecb80000)
  to   space 4608K, 0% used [0x00000000ec280000,0x00000000ec280000,0x00000000ec700000)
 ParOldGen       total 68608K, used 48208K [0x00000000c0000000, 0x00000000c4300000, 0x00000000eab00000)
  object space 68608K, 70% used [0x00000000c0000000,0x00000000c2f14148,0x00000000c4300000)
 Metaspace       used 36645K, committed 37568K, reserved 1114112K
  class space    used 3567K, committed 3968K, reserved 1048576K
}
Event: 15.756 GC heap before
{Heap before GC invocations=45 (full 2):
 PSYoungGen      total 19968K, used 19584K [0x00000000eab00000, 0x00000000ecb80000, 0x0000000100000000)
  eden space 19456K, 100% used [0x00000000eab00000,0x00000000ebe00000,0x00000000ebe00000)
  from space 512K, 25% used [0x00000000ecb00000,0x00000000ecb20000,0x00000000ecb80000)
  to   space 4608K, 0% used [0x00000000ec280000,0x00000000ec280000,0x00000000ec700000)
 ParOldGen       total 68608K, used 48208K [0x00000000c0000000, 0x00000000c4300000, 0x00000000eab00000)
  object space 68608K, 70% used [0x00000000c0000000,0x00000000c2f14148,0x00000000c4300000)
 Metaspace       used 36645K, committed 37568K, reserved 1114112K
  class space    used 3567K, committed 3968K, reserved 1048576K
}
Event: 15.757 GC heap after
{Heap after GC invocations=45 (full 2):
 PSYoungGen      total 24064K, used 96K [0x00000000eab00000, 0x00000000ecb80000, 0x0000000100000000)
  eden space 19456K, 0% used [0x00000000eab00000,0x00000000eab00000,0x00000000ebe00000)
  from space 4608K, 2% used [0x00000000ec280000,0x00000000ec298000,0x00000000ec700000)
  to   space 1024K, 0% used [0x00000000eca80000,0x00000000eca80000,0x00000000ecb80000)
 ParOldGen       total 68608K, used 48232K [0x00000000c0000000, 0x00000000c4300000, 0x00000000eab00000)
  object space 68608K, 70% used [0x00000000c0000000,0x00000000c2f1a148,0x00000000c4300000)
 Metaspace       used 36645K, committed 37568K, reserved 1114112K
  class space    used 3567K, committed 3968K, reserved 1048576K
}
Event: 15.812 GC heap before
{Heap before GC invocations=46 (full 2):
 PSYoungGen      total 24064K, used 19552K [0x00000000eab00000, 0x00000000ecb80000, 0x0000000100000000)
  eden space 19456K, 100% used [0x00000000eab00000,0x00000000ebe00000,0x00000000ebe00000)
  from space 4608K, 2% used [0x00000000ec280000,0x00000000ec298000,0x00000000ec700000)
  to   space 1024K, 0% used [0x00000000eca80000,0x00000000eca80000,0x00000000ecb80000)
 ParOldGen       total 68608K, used 48232K [0x00000000c0000000, 0x00000000c4300000, 0x00000000eab00000)
  object space 68608K, 70% used [0x00000000c0000000,0x00000000c2f1a148,0x00000000c4300000)
 Metaspace       used 36654K, committed 37568K, reserved 1114112K
  class space    used 3568K, committed 3968K, reserved 1048576K
}
Event: 15.815 GC heap after
{Heap after GC invocations=46 (full 2):
 PSYoungGen      total 20480K, used 1024K [0x00000000eab00000, 0x00000000ecb80000, 0x0000000100000000)
  eden space 19456K, 0% used [0x00000000eab00000,0x00000000eab00000,0x00000000ebe00000)
  from space 1024K, 100% used [0x00000000eca80000,0x00000000ecb80000,0x00000000ecb80000)
  to   space 1536K, 0% used [0x00000000ec880000,0x00000000ec880000,0x00000000eca00000)
 ParOldGen       total 68608K, used 48264K [0x00000000c0000000, 0x00000000c4300000, 0x00000000eab00000)
  object space 68608K, 70% used [0x00000000c0000000,0x00000000c2f22148,0x00000000c4300000)
 Metaspace       used 36654K, committed 37568K, reserved 1114112K
  class space    used 3568K, committed 3968K, reserved 1048576K
}
Event: 15.862 GC heap before
{Heap before GC invocations=47 (full 2):
 PSYoungGen      total 20480K, used 20480K [0x00000000eab00000, 0x00000000ecb80000, 0x0000000100000000)
  eden space 19456K, 100% used [0x00000000eab00000,0x00000000ebe00000,0x00000000ebe00000)
  from space 1024K, 100% used [0x00000000eca80000,0x00000000ecb80000,0x00000000ecb80000)
  to   space 1536K, 0% used [0x00000000ec880000,0x00000000ec880000,0x00000000eca00000)
 ParOldGen       total 68608K, used 48264K [0x00000000c0000000, 0x00000000c4300000, 0x00000000eab00000)
  object space 68608K, 70% used [0x00000000c0000000,0x00000000c2f22148,0x00000000c4300000)
 Metaspace       used 36654K, committed 37568K, reserved 1114112K
  class space    used 3568K, committed 3968K, reserved 1048576K
}
Event: 15.866 GC heap after
{Heap after GC invocations=47 (full 2):
 PSYoungGen      total 20992K, used 1280K [0x00000000eab00000, 0x00000000ecb00000, 0x0000000100000000)
  eden space 19456K, 0% used [0x00000000eab00000,0x00000000eab00000,0x00000000ebe00000)
  from space 1536K, 83% used [0x00000000ec880000,0x00000000ec9c0000,0x00000000eca00000)
  to   space 1024K, 0% used [0x00000000eca00000,0x00000000eca00000,0x00000000ecb00000)
 ParOldGen       total 68608K, used 49272K [0x00000000c0000000, 0x00000000c4300000, 0x00000000eab00000)
  object space 68608K, 71% used [0x00000000c0000000,0x00000000c301e148,0x00000000c4300000)
 Metaspace       used 36654K, committed 37568K, reserved 1114112K
  class space    used 3568K, committed 3968K, reserved 1048576K
}
Event: 15.900 GC heap before
{Heap before GC invocations=48 (full 2):
 PSYoungGen      total 20992K, used 20736K [0x00000000eab00000, 0x00000000ecb00000, 0x0000000100000000)
  eden space 19456K, 100% used [0x00000000eab00000,0x00000000ebe00000,0x00000000ebe00000)
  from space 1536K, 83% used [0x00000000ec880000,0x00000000ec9c0000,0x00000000eca00000)
  to   space 1024K, 0% used [0x00000000eca00000,0x00000000eca00000,0x00000000ecb00000)
 ParOldGen       total 68608K, used 49272K [0x00000000c0000000, 0x00000000c4300000, 0x00000000eab00000)
  object space 68608K, 71% used [0x00000000c0000000,0x00000000c301e148,0x00000000c4300000)
 Metaspace       used 36654K, committed 37568K, reserved 1114112K
  class space    used 3568K, committed 3968K, reserved 1048576K
}
Event: 15.903 GC heap after
{Heap after GC invocations=48 (full 2):
 PSYoungGen      total 20480K, used 896K [0x00000000eab00000, 0x00000000ecb00000, 0x0000000100000000)
  eden space 19456K, 0% used [0x00000000eab00000,0x00000000eab00000,0x00000000ebe00000)
  from space 1024K, 87% used [0x00000000eca00000,0x00000000ecae0000,0x00000000ecb00000)
  to   space 1536K, 0% used [0x00000000ec800000,0x00000000ec800000,0x00000000ec980000)
 ParOldGen       total 68608K, used 50520K [0x00000000c0000000, 0x00000000c4300000, 0x00000000eab00000)
  object space 68608K, 73% used [0x00000000c0000000,0x00000000c31561d0,0x00000000c4300000)
 Metaspace       used 36654K, committed 37568K, reserved 1114112K
  class space    used 3568K, committed 3968K, reserved 1048576K
}
Event: 15.922 GC heap before
{Heap before GC invocations=49 (full 2):
 PSYoungGen      total 20480K, used 20340K [0x00000000eab00000, 0x00000000ecb00000, 0x0000000100000000)
  eden space 19456K, 99% used [0x00000000eab00000,0x00000000ebdfd390,0x00000000ebe00000)
  from space 1024K, 87% used [0x00000000eca00000,0x00000000ecae0000,0x00000000ecb00000)
  to   space 1536K, 0% used [0x00000000ec800000,0x00000000ec800000,0x00000000ec980000)
 ParOldGen       total 68608K, used 50520K [0x00000000c0000000, 0x00000000c4300000, 0x00000000eab00000)
  object space 68608K, 73% used [0x00000000c0000000,0x00000000c31561d0,0x00000000c4300000)
 Metaspace       used 36654K, committed 37568K, reserved 1114112K
  class space    used 3568K, committed 3968K, reserved 1048576K
}
Event: 15.924 GC heap after
{Heap after GC invocations=49 (full 2):
 PSYoungGen      total 20992K, used 352K [0x00000000eab00000, 0x00000000eca80000, 0x0000000100000000)
  eden space 19456K, 0% used [0x00000000eab00000,0x00000000eab00000,0x00000000ebe00000)
  from space 1536K, 22% used [0x00000000ec800000,0x00000000ec858000,0x00000000ec980000)
  to   space 1024K, 0% used [0x00000000ec980000,0x00000000ec980000,0x00000000eca80000)
 ParOldGen       total 68608K, used 51288K [0x00000000c0000000, 0x00000000c4300000, 0x00000000eab00000)
  object space 68608K, 74% used [0x00000000c0000000,0x00000000c32161d0,0x00000000c4300000)
 Metaspace       used 36654K, committed 37568K, reserved 1114112K
  class space    used 3568K, committed 3968K, reserved 1048576K
}
Event: 15.956 GC heap before
{Heap before GC invocations=50 (full 2):
 PSYoungGen      total 20992K, used 19808K [0x00000000eab00000, 0x00000000eca80000, 0x0000000100000000)
  eden space 19456K, 100% used [0x00000000eab00000,0x00000000ebe00000,0x00000000ebe00000)
  from space 1536K, 22% used [0x00000000ec800000,0x00000000ec858000,0x00000000ec980000)
  to   space 1024K, 0% used [0x00000000ec980000,0x00000000ec980000,0x00000000eca80000)
 ParOldGen       total 68608K, used 51288K [0x00000000c0000000, 0x00000000c4300000, 0x00000000eab00000)
  object space 68608K, 74% used [0x00000000c0000000,0x00000000c32161d0,0x00000000c4300000)
 Metaspace       used 36654K, committed 37568K, reserved 1114112K
  class space    used 3568K, committed 3968K, reserved 1048576K
}
Event: 15.957 GC heap after
{Heap after GC invocations=50 (full 2):
 PSYoungGen      total 20480K, used 1024K [0x00000000eab00000, 0x00000000eca80000, 0x0000000100000000)
  eden space 19456K, 0% used [0x00000000eab00000,0x00000000eab00000,0x00000000ebe00000)
  from space 1024K, 100% used [0x00000000ec980000,0x00000000eca80000,0x00000000eca80000)
  to   space 2048K, 0% used [0x00000000ec680000,0x00000000ec680000,0x00000000ec880000)
 ParOldGen       total 68608K, used 51752K [0x00000000c0000000, 0x00000000c4300000, 0x00000000eab00000)
  object space 68608K, 75% used [0x00000000c0000000,0x00000000c328a1d0,0x00000000c4300000)
 Metaspace       used 36654K, committed 37568K, reserved 1114112K
  class space    used 3568K, committed 3968K, reserved 1048576K
}
Event: 15.997 GC heap before
{Heap before GC invocations=51 (full 2):
 PSYoungGen      total 20480K, used 20480K [0x00000000eab00000, 0x00000000eca80000, 0x0000000100000000)
  eden space 19456K, 100% used [0x00000000eab00000,0x00000000ebe00000,0x00000000ebe00000)
  from space 1024K, 100% used [0x00000000ec980000,0x00000000eca80000,0x00000000eca80000)
  to   space 2048K, 0% used [0x00000000ec680000,0x00000000ec680000,0x00000000ec880000)
 ParOldGen       total 68608K, used 51752K [0x00000000c0000000, 0x00000000c4300000, 0x00000000eab00000)
  object space 68608K, 75% used [0x00000000c0000000,0x00000000c328a1d0,0x00000000c4300000)
 Metaspace       used 36654K, committed 37568K, reserved 1114112K
  class space    used 3568K, committed 3968K, reserved 1048576K
}
Event: 15.999 GC heap after
{Heap after GC invocations=51 (full 2):
 PSYoungGen      total 21504K, used 1600K [0x00000000eab00000, 0x00000000eca00000, 0x0000000100000000)
  eden space 19456K, 0% used [0x00000000eab00000,0x00000000eab00000,0x00000000ebe00000)
  from space 2048K, 78% used [0x00000000ec680000,0x00000000ec810000,0x00000000ec880000)
  to   space 1536K, 0% used [0x00000000ec880000,0x00000000ec880000,0x00000000eca00000)
 ParOldGen       total 68608K, used 52798K [0x00000000c0000000, 0x00000000c4300000, 0x00000000eab00000)
  object space 68608K, 76% used [0x00000000c0000000,0x00000000c338fa60,0x00000000c4300000)
 Metaspace       used 36654K, committed 37568K, reserved 1114112K
  class space    used 3568K, committed 3968K, reserved 1048576K
}
Event: 16.037 GC heap before
{Heap before GC invocations=52 (full 2):
 PSYoungGen      total 21504K, used 21056K [0x00000000eab00000, 0x00000000eca00000, 0x0000000100000000)
  eden space 19456K, 100% used [0x00000000eab00000,0x00000000ebe00000,0x00000000ebe00000)
  from space 2048K, 78% used [0x00000000ec680000,0x00000000ec810000,0x00000000ec880000)
  to   space 1536K, 0% used [0x00000000ec880000,0x00000000ec880000,0x00000000eca00000)
 ParOldGen       total 68608K, used 52798K [0x00000000c0000000, 0x00000000c4300000, 0x00000000eab00000)
  object space 68608K, 76% used [0x00000000c0000000,0x00000000c338fa60,0x00000000c4300000)
 Metaspace       used 36654K, committed 37568K, reserved 1114112K
  class space    used 3568K, committed 3968K, reserved 1048576K
}
Event: 16.039 GC heap after
{Heap after GC invocations=52 (full 2):
 PSYoungGen      total 20992K, used 1504K [0x00000000eab00000, 0x00000000eca00000, 0x0000000100000000)
  eden space 19456K, 0% used [0x00000000eab00000,0x00000000eab00000,0x00000000ebe00000)
  from space 1536K, 97% used [0x00000000ec880000,0x00000000ec9f8000,0x00000000eca00000)
  to   space 2048K, 0% used [0x00000000ec600000,0x00000000ec600000,0x00000000ec800000)
 ParOldGen       total 68608K, used 54278K [0x00000000c0000000, 0x00000000c4300000, 0x00000000eab00000)
  object space 68608K, 79% used [0x00000000c0000000,0x00000000c3501a60,0x00000000c4300000)
 Metaspace       used 36654K, committed 37568K, reserved 1114112K
  class space    used 3568K, committed 3968K, reserved 1048576K
}
Event: 16.075 GC heap before
{Heap before GC invocations=53 (full 2):
 PSYoungGen      total 20992K, used 20960K [0x00000000eab00000, 0x00000000eca00000, 0x0000000100000000)
  eden space 19456K, 100% used [0x00000000eab00000,0x00000000ebe00000,0x00000000ebe00000)
  from space 1536K, 97% used [0x00000000ec880000,0x00000000ec9f8000,0x00000000eca00000)
  to   space 2048K, 0% used [0x00000000ec600000,0x00000000ec600000,0x00000000ec800000)
 ParOldGen       total 68608K, used 54278K [0x00000000c0000000, 0x00000000c4300000, 0x00000000eab00000)
  object space 68608K, 79% used [0x00000000c0000000,0x00000000c3501a60,0x00000000c4300000)
 Metaspace       used 36654K, committed 37568K, reserved 1114112K
  class space    used 3568K, committed 3968K, reserved 1048576K
}
Event: 16.077 GC heap after
{Heap after GC invocations=53 (full 2):
 PSYoungGen      total 20992K, used 1088K [0x00000000eab00000, 0x00000000ec900000, 0x0000000100000000)
  eden space 19456K, 0% used [0x00000000eab00000,0x00000000eab00000,0x00000000ebe00000)
  from space 1536K, 70% used [0x00000000ec600000,0x00000000ec710000,0x00000000ec780000)
  to   space 1536K, 0% used [0x00000000ec780000,0x00000000ec780000,0x00000000ec900000)
 ParOldGen       total 68608K, used 55614K [0x00000000c0000000, 0x00000000c4300000, 0x00000000eab00000)
  object space 68608K, 81% used [0x00000000c0000000,0x00000000c364fa60,0x00000000c4300000)
 Metaspace       used 36654K, committed 37568K, reserved 1114112K
  class space    used 3568K, committed 3968K, reserved 1048576K
}

Dll operation events (10 events):
Event: 0.024 Loaded shared library c:\Users\LENOVO\.vscode\extensions\redhat.java-1.42.0-win32-x64\jre\21.0.7-win32-x86_64\bin\java.dll
Event: 0.195 Loaded shared library c:\Users\LENOVO\.vscode\extensions\redhat.java-1.42.0-win32-x64\jre\21.0.7-win32-x86_64\bin\zip.dll
Event: 0.233 Loaded shared library C:\Users\LENOVO\.vscode\extensions\redhat.java-1.42.0-win32-x64\jre\21.0.7-win32-x86_64\bin\instrument.dll
Event: 0.239 Loaded shared library C:\Users\LENOVO\.vscode\extensions\redhat.java-1.42.0-win32-x64\jre\21.0.7-win32-x86_64\bin\net.dll
Event: 0.244 Loaded shared library C:\Users\LENOVO\.vscode\extensions\redhat.java-1.42.0-win32-x64\jre\21.0.7-win32-x86_64\bin\nio.dll
Event: 0.251 Loaded shared library C:\Users\LENOVO\.vscode\extensions\redhat.java-1.42.0-win32-x64\jre\21.0.7-win32-x86_64\bin\zip.dll
Event: 0.281 Loaded shared library C:\Users\LENOVO\.vscode\extensions\redhat.java-1.42.0-win32-x64\jre\21.0.7-win32-x86_64\bin\jimage.dll
Event: 0.378 Loaded shared library c:\Users\LENOVO\.vscode\extensions\redhat.java-1.42.0-win32-x64\jre\21.0.7-win32-x86_64\bin\verify.dll
Event: 1.423 Loaded shared library C:\Users\LENOVO\AppData\Roaming\Code\User\globalStorage\redhat.java\1.42.0\config_ss_win\org.eclipse.equinox.launcher\org.eclipse.equinox.launcher.win32.win32.x86_64_1.2.1300.v20250331-1702\eclipse_11911.dll
Event: 3.842 Loaded shared library C:\Users\LENOVO\AppData\Local\Temp\jna--2053026509\jna14780275965550780786.dll

Deoptimization events (20 events):
Event: 16.113 Thread 0x000002b86a2bba40 Uncommon trap: reason=unstable_if action=reinterpret pc=0x000002b8187825c8 method=org.eclipse.core.runtime.Path.<init>(Ljava/lang/String;Z)V @ 58 c2
Event: 16.113 Thread 0x000002b86a2bba40 DEOPT PACKING pc=0x000002b8187825c8 sp=0x000000eb367fd950
Event: 16.113 Thread 0x000002b86a2bba40 DEOPT UNPACKING pc=0x000002b818193aa2 sp=0x000000eb367fd930 mode 2
Event: 16.115 Thread 0x000002b86a2bba40 Uncommon trap: trap_request=0xffffffc6 fr.pc=0x000002b8189196bc relative=0x00000000000000dc
Event: 16.115 Thread 0x000002b86a2bba40 Uncommon trap: reason=bimorphic_or_optimized_type_check action=maybe_recompile pc=0x000002b8189196bc method=org.eclipse.core.internal.localstore.FileSystemResourceManager.getStore(Lorg/eclipse/core/resources/IResource;)Lorg/eclipse/core/filesystem/IFileSt
Event: 16.115 Thread 0x000002b86a2bba40 DEOPT PACKING pc=0x000002b8189196bc sp=0x000000eb367fdaf0
Event: 16.115 Thread 0x000002b86a2bba40 DEOPT UNPACKING pc=0x000002b818193aa2 sp=0x000000eb367fda80 mode 2
Event: 16.115 Thread 0x000002b86a2bba40 Uncommon trap: trap_request=0xffffff45 fr.pc=0x000002b8188ff8b8 relative=0x00000000000009f8
Event: 16.115 Thread 0x000002b86a2bba40 Uncommon trap: reason=unstable_if action=reinterpret pc=0x000002b8188ff8b8 method=org.eclipse.core.internal.resources.AliasManager.hasNoAliases(Lorg/eclipse/core/resources/IResource;)Z @ 30 c2
Event: 16.115 Thread 0x000002b86a2bba40 DEOPT PACKING pc=0x000002b8188ff8b8 sp=0x000000eb367fdd50
Event: 16.115 Thread 0x000002b86a2bba40 DEOPT UNPACKING pc=0x000002b818193aa2 sp=0x000000eb367fdd10 mode 2
Event: 16.121 Thread 0x000002b86a2b6b80 Uncommon trap: trap_request=0xffffff45 fr.pc=0x000002b818900fcc relative=0x000000000000010c
Event: 16.121 Thread 0x000002b86a2b6b80 Uncommon trap: reason=unstable_if action=reinterpret pc=0x000002b818900fcc method=org.eclipse.core.runtime.SubMonitor.internalWorked(D)V @ 21 c2
Event: 16.121 Thread 0x000002b86a2b6b80 DEOPT PACKING pc=0x000002b818900fcc sp=0x000000eb353fee50
Event: 16.121 Thread 0x000002b86a2b6b80 DEOPT UNPACKING pc=0x000002b818193aa2 sp=0x000000eb353fede0 mode 2
Event: 16.137 Thread 0x000002b86a2b6b80 Uncommon trap: trap_request=0xfffffff4 fr.pc=0x000002b81893d0fc relative=0x000000000000023c
Event: 16.137 Thread 0x000002b86a2b6b80 Uncommon trap: reason=null_check action=make_not_entrant pc=0x000002b81893d0fc method=org.eclipse.core.runtime.Path.equals(Ljava/lang/Object;)Z @ 8 c2
Event: 16.137 Thread 0x000002b86a2b6b80 DEOPT PACKING pc=0x000002b81893d0fc sp=0x000000eb353feb00
Event: 16.137 Thread 0x000002b86a2b6b80 DEOPT UNPACKING pc=0x000002b818193aa2 sp=0x000000eb353feaa0 mode 2
Event: 16.195 Thread 0x000002b86a2b6b80 Uncommon trap: trap_request=0xffffff45 fr.pc=0x000002b8189629f4 relative=0x0000000000001134

Classes loaded (20 events):
Event: 15.603 Loading class com/sun/org/apache/xerces/internal/impl/msg/XMLMessages_en_US
Event: 15.603 Loading class com/sun/org/apache/xerces/internal/impl/msg/XMLMessages_en_US done
Event: 15.603 Loading class com/sun/org/apache/xerces/internal/impl/msg/XMLMessages_en_US
Event: 15.603 Loading class com/sun/org/apache/xerces/internal/impl/msg/XMLMessages_en_US done
Event: 15.644 Loading class java/util/WeakHashMap$KeyIterator
Event: 15.644 Loading class java/util/WeakHashMap$KeyIterator done
Event: 16.141 Loading class java/util/stream/Nodes$CollectorTask$OfRef
Event: 16.142 Loading class java/util/stream/Nodes$CollectorTask
Event: 16.142 Loading class java/util/stream/Nodes$CollectorTask done
Event: 16.143 Loading class java/util/stream/Nodes$CollectorTask$OfRef done
Event: 16.143 Loading class java/util/function/LongFunction
Event: 16.143 Loading class java/util/function/LongFunction done
Event: 16.143 Loading class java/util/stream/Nodes$ConcNode
Event: 16.143 Loading class java/util/stream/Nodes$AbstractConcNode
Event: 16.143 Loading class java/util/stream/Nodes$AbstractConcNode done
Event: 16.143 Loading class java/util/stream/Nodes$ConcNode done
Event: 16.144 Loading class java/util/stream/Nodes$ToArrayTask$OfRef
Event: 16.145 Loading class java/util/stream/Nodes$ToArrayTask
Event: 16.145 Loading class java/util/stream/Nodes$ToArrayTask done
Event: 16.145 Loading class java/util/stream/Nodes$ToArrayTask$OfRef done

Classes unloaded (8 events):
Event: 3.154 Thread 0x000002b864142a40 Unloading class 0x000002b823189400 'java/lang/invoke/LambdaForm$MH+0x000002b823189400'
Event: 3.154 Thread 0x000002b864142a40 Unloading class 0x000002b823189000 'java/lang/invoke/LambdaForm$MH+0x000002b823189000'
Event: 3.154 Thread 0x000002b864142a40 Unloading class 0x000002b823188c00 'java/lang/invoke/LambdaForm$MH+0x000002b823188c00'
Event: 3.154 Thread 0x000002b864142a40 Unloading class 0x000002b823188800 'java/lang/invoke/LambdaForm$MH+0x000002b823188800'
Event: 3.154 Thread 0x000002b864142a40 Unloading class 0x000002b823188400 'java/lang/invoke/LambdaForm$BMH+0x000002b823188400'
Event: 3.154 Thread 0x000002b864142a40 Unloading class 0x000002b823188000 'java/lang/invoke/LambdaForm$DMH+0x000002b823188000'
Event: 3.154 Thread 0x000002b864142a40 Unloading class 0x000002b823186c00 'java/lang/invoke/LambdaForm$DMH+0x000002b823186c00'
Event: 5.486 Thread 0x000002b864142a40 Unloading class 0x000002b8233ac000 'java/lang/invoke/LambdaForm$MH+0x000002b8233ac000'

Classes redefined (0 events):
No events

Internal exceptions (20 events):
Event: 5.792 Thread 0x000002b86b12ad30 Exception <a 'java/lang/LinkageError'{0x00000000eac8d860}: loader lombok.launch.ShadowClassLoader @2b4b954 attempted duplicate class definition for lombok.eclipse.EcjAugments. (lombok.eclipse.EcjAugments is in unnamed module of loader lombok.launch.ShadowClassLoader @2b4b954, parent loader org.eclipse.osgi.internal.loader.EquinoxClassLoader @7823024a)> (0x00000000eac8d860) 
thrown [s\src\hotspot\share\classfile\systemDictionary.cpp, line 1682]
Event: 5.828 Thread 0x000002b86b128c60 Exception <a 'java/lang/LinkageError'{0x00000000eae1e680}: loader lombok.launch.ShadowClassLoader @2b4b954 attempted duplicate class definition for lombok.eclipse.agent.PatchDiagnostics. (lombok.eclipse.agent.PatchDiagnostics is in unnamed module of loader lombok.launch.ShadowClassLoader @2b4b954, parent loader org.eclipse.osgi.internal.loader.EquinoxClassLoader @7823024a)> (0x00000000eae1e680) 
thrown [s\src\hotspot\share\classfile\systemDictionary.cpp, line 1682]
Event: 14.355 Thread 0x000002b86a2bba40 Implicit null exception at 0x000002b8188f5387 to 0x000002b8188f53c0
Event: 15.594 Thread 0x000002b86a2bba40 Exception <a 'java/lang/ClassNotFoundException'{0x00000000eba27890}: com/sun/org/apache/xerces/internal/impl/msg/spi/DOMMessagesProvider> (0x00000000eba27890) 
thrown [s\src\hotspot\share\classfile\systemDictionary.cpp, line 312]
Event: 15.598 Thread 0x000002b86a2bba40 Exception <a 'java/lang/ClassNotFoundException'{0x00000000eba39038}: com/sun/org/apache/xerces/internal/impl/msg/spi/XMLSerializerMessagesProvider> (0x00000000eba39038) 
thrown [s\src\hotspot\share\classfile\systemDictionary.cpp, line 312]
Event: 15.601 Thread 0x000002b86a2bba40 Exception <a 'java/lang/ClassNotFoundException'{0x00000000eba462b8}: com/sun/org/apache/xerces/internal/impl/msg/spi/XMLMessagesProvider> (0x00000000eba462b8) 
thrown [s\src\hotspot\share\classfile\systemDictionary.cpp, line 312]
Event: 15.625 Thread 0x000002b86a2bba40 Exception <a 'sun/nio/fs/WindowsException'{0x00000000ebad5b88}> (0x00000000ebad5b88) 
thrown [s\src\hotspot\share\prims\jni.cpp, line 520]
Event: 15.633 Thread 0x000002b86a2bba40 Exception <a 'sun/nio/fs/WindowsException'{0x00000000ebadd0a0}> (0x00000000ebadd0a0) 
thrown [s\src\hotspot\share\prims\jni.cpp, line 520]
Event: 15.635 Thread 0x000002b86a2bba40 Implicit null exception at 0x000002b8187c3cd3 to 0x000002b8187c3d1e
Event: 15.636 Thread 0x000002b86a2bba40 Implicit null exception at 0x000002b8188bdc19 to 0x000002b8188bea6c
Event: 15.637 Thread 0x000002b86a2bba40 Exception <a 'java/io/FileNotFoundException'{0x00000000ebae7768}> (0x00000000ebae7768) 
thrown [s\src\hotspot\share\prims\jni.cpp, line 520]
Event: 15.640 Thread 0x000002b86a2bba40 Exception <a 'java/lang/NoSuchMethodError'{0x00000000ebaf4118}: 'int java.lang.invoke.DirectMethodHandle$Holder.invokeVirtual(java.lang.Object, java.lang.Object, java.lang.Object)'> (0x00000000ebaf4118) 
thrown [s\src\hotspot\share\interpreter\linkResolver.cpp, line 773]
Event: 15.648 Thread 0x000002b86a2bba40 Implicit null exception at 0x000002b8188d8afc to 0x000002b8188d8bd2
Event: 15.649 Thread 0x000002b86a2bba40 Exception <a 'java/io/FileNotFoundException'{0x00000000ebb0c2c8}> (0x00000000ebb0c2c8) 
thrown [s\src\hotspot\share\prims\jni.cpp, line 520]
Event: 15.649 Thread 0x000002b86a2bba40 Implicit null exception at 0x000002b818918107 to 0x000002b81891838c
Event: 15.650 Thread 0x000002b86a2bba40 Exception <a 'java/io/FileNotFoundException'{0x00000000ebb0d570}> (0x00000000ebb0d570) 
thrown [s\src\hotspot\share\prims\jni.cpp, line 520]
Event: 15.650 Thread 0x000002b86a2bba40 Exception <a 'java/io/FileNotFoundException'{0x00000000ebb0e588}> (0x00000000ebb0e588) 
thrown [s\src\hotspot\share\prims\jni.cpp, line 520]
Event: 16.079 Thread 0x000002b86b128c60 Implicit null exception at 0x000002b8188defbf to 0x000002b8188e05fc
Event: 16.079 Thread 0x000002b86b128c60 Implicit null exception at 0x000002b8188ee383 to 0x000002b8188ee3b8
Event: 16.137 Thread 0x000002b86a2b6b80 Implicit null exception at 0x000002b81893cf09 to 0x000002b81893d0ec

ZGC Phase Switch (0 events):
No events

VM Operations (20 events):
Event: 15.757 Executing VM operation: ParallelGCFailedAllocation (Allocation Failure) done
Event: 15.775 Executing VM operation: HandshakeAllThreads (Deoptimize)
Event: 15.775 Executing VM operation: HandshakeAllThreads (Deoptimize) done
Event: 15.812 Executing VM operation: ParallelGCFailedAllocation (Allocation Failure)
Event: 15.815 Executing VM operation: ParallelGCFailedAllocation (Allocation Failure) done
Event: 15.862 Executing VM operation: ParallelGCFailedAllocation (Allocation Failure)
Event: 15.866 Executing VM operation: ParallelGCFailedAllocation (Allocation Failure) done
Event: 15.900 Executing VM operation: ParallelGCFailedAllocation (Allocation Failure)
Event: 15.903 Executing VM operation: ParallelGCFailedAllocation (Allocation Failure) done
Event: 15.922 Executing VM operation: ParallelGCFailedAllocation (Allocation Failure)
Event: 15.924 Executing VM operation: ParallelGCFailedAllocation (Allocation Failure) done
Event: 15.955 Executing VM operation: ParallelGCFailedAllocation (Allocation Failure)
Event: 15.957 Executing VM operation: ParallelGCFailedAllocation (Allocation Failure) done
Event: 15.997 Executing VM operation: ParallelGCFailedAllocation (Allocation Failure)
Event: 15.999 Executing VM operation: ParallelGCFailedAllocation (Allocation Failure) done
Event: 16.036 Executing VM operation: ParallelGCFailedAllocation (Allocation Failure)
Event: 16.040 Executing VM operation: ParallelGCFailedAllocation (Allocation Failure) done
Event: 16.075 Executing VM operation: ParallelGCFailedAllocation (Allocation Failure)
Event: 16.077 Executing VM operation: ParallelGCFailedAllocation (Allocation Failure) done
Event: 17.085 Executing VM operation: Cleanup

Memory protections (0 events):
No events

Nmethod flushes (20 events):
Event: 5.496 Thread 0x000002b864142a40 flushing  nmethod 0x000002b810f50990
Event: 5.496 Thread 0x000002b864142a40 flushing  nmethod 0x000002b810f50c90
Event: 5.496 Thread 0x000002b864142a40 flushing  nmethod 0x000002b810f67a90
Event: 5.496 Thread 0x000002b864142a40 flushing  nmethod 0x000002b81100ba10
Event: 5.496 Thread 0x000002b864142a40 flushing  nmethod 0x000002b81101c410
Event: 5.496 Thread 0x000002b864142a40 flushing  nmethod 0x000002b81101c890
Event: 5.496 Thread 0x000002b864142a40 flushing  nmethod 0x000002b811035410
Event: 5.496 Thread 0x000002b864142a40 flushing  nmethod 0x000002b811048490
Event: 5.496 Thread 0x000002b864142a40 flushing  nmethod 0x000002b811048890
Event: 5.496 Thread 0x000002b864142a40 flushing  nmethod 0x000002b811050a90
Event: 5.496 Thread 0x000002b864142a40 flushing  nmethod 0x000002b811051490
Event: 5.496 Thread 0x000002b864142a40 flushing  nmethod 0x000002b811056390
Event: 5.496 Thread 0x000002b864142a40 flushing  nmethod 0x000002b811057710
Event: 5.496 Thread 0x000002b864142a40 flushing  nmethod 0x000002b81108f090
Event: 5.496 Thread 0x000002b864142a40 flushing  nmethod 0x000002b811090290
Event: 5.496 Thread 0x000002b864142a40 flushing  nmethod 0x000002b811090d10
Event: 5.496 Thread 0x000002b864142a40 flushing  nmethod 0x000002b81109ed10
Event: 5.496 Thread 0x000002b864142a40 flushing  nmethod 0x000002b8110a1710
Event: 5.496 Thread 0x000002b864142a40 flushing  nmethod 0x000002b8110a7e10
Event: 5.496 Thread 0x000002b864142a40 flushing osr nmethod 0x000002b811100710

Events (20 events):
Event: 3.981 Thread 0x000002b80da43010 Thread added: 0x000002b86a2ba000
Event: 3.982 Thread 0x000002b80da43010 Thread added: 0x000002b86a2bad20
Event: 4.019 Thread 0x000002b80da43010 Thread added: 0x000002b86a2ba690
Event: 4.215 Thread 0x000002b80da43010 Thread added: 0x000002b86a2bb3b0
Event: 4.215 Thread 0x000002b80da43010 Thread added: 0x000002b86a2bba40
Event: 4.478 Thread 0x000002b86a2bba40 Thread added: 0x000002b86b128c60
Event: 4.482 Thread 0x000002b86a2bba40 Thread added: 0x000002b86b12ad30
Event: 4.562 Thread 0x000002b86a2bba40 Thread added: 0x000002b86b1292f0
Event: 4.563 Thread 0x000002b86b1292f0 Thread added: 0x000002b86b1285d0
Event: 4.563 Thread 0x000002b86b1285d0 Thread added: 0x000002b86b127f40
Event: 4.564 Thread 0x000002b86b127f40 Thread added: 0x000002b86b129980
Event: 7.372 Thread 0x000002b80dad5450 Thread exited: 0x000002b80dad5450
Event: 15.582 Thread 0x000002b864151540 Thread added: 0x000002b86b7b8000
Event: 15.635 Thread 0x000002b86a2b6b80 Thread added: 0x000002b86b12a6a0
Event: 16.140 Thread 0x000002b86a2b6b80 Thread added: 0x000002b86b12d490
Event: 16.144 Thread 0x000002b86b12d490 Thread added: 0x000002b86b12c770
Event: 16.145 Thread 0x000002b86b12d490 Thread added: 0x000002b86b12b3c0
Event: 16.146 Thread 0x000002b86b12b3c0 Thread exited: 0x000002b86b12b3c0
Event: 16.146 Thread 0x000002b86b12d490 Thread exited: 0x000002b86b12d490
Event: 16.146 Thread 0x000002b86b12c770 Thread exited: 0x000002b86b12c770


Dynamic libraries:
0x00007ff740de0000 - 0x00007ff740dee000 	c:\Users\LENOVO\.vscode\extensions\redhat.java-1.42.0-win32-x64\jre\21.0.7-win32-x86_64\bin\java.exe
0x00007ffee7040000 - 0x00007ffee72a5000 	C:\WINDOWS\SYSTEM32\ntdll.dll
0x00007ffee6460000 - 0x00007ffee6529000 	C:\WINDOWS\System32\KERNEL32.DLL
0x00007ffee4190000 - 0x00007ffee4578000 	C:\WINDOWS\System32\KERNELBASE.dll
0x00007ffee4b10000 - 0x00007ffee4c5b000 	C:\WINDOWS\System32\ucrtbase.dll
0x00007ffede6e0000 - 0x00007ffede6fe000 	c:\Users\LENOVO\.vscode\extensions\redhat.java-1.42.0-win32-x64\jre\21.0.7-win32-x86_64\bin\VCRUNTIME140.dll
0x00007ffeda510000 - 0x00007ffeda528000 	c:\Users\LENOVO\.vscode\extensions\redhat.java-1.42.0-win32-x64\jre\21.0.7-win32-x86_64\bin\jli.dll
0x00007ffee54a0000 - 0x00007ffee566a000 	C:\WINDOWS\System32\USER32.dll
0x00007ffee4ae0000 - 0x00007ffee4b07000 	C:\WINDOWS\System32\win32u.dll
0x00007ffee6660000 - 0x00007ffee668b000 	C:\WINDOWS\System32\GDI32.dll
0x00007ffee4910000 - 0x00007ffee4a47000 	C:\WINDOWS\System32\gdi32full.dll
0x00007ffee47c0000 - 0x00007ffee4863000 	C:\WINDOWS\System32\msvcp_win.dll
0x00007ffece780000 - 0x00007ffecea1a000 	C:\WINDOWS\WinSxS\amd64_microsoft.windows.common-controls_6595b64144ccf1df_6.0.26100.4202_none_3e0698d4e335f517\COMCTL32.dll
0x00007ffee5be0000 - 0x00007ffee5c89000 	C:\WINDOWS\System32\msvcrt.dll
0x00007ffee6870000 - 0x00007ffee68a0000 	C:\WINDOWS\System32\IMM32.DLL
0x00000000546b0000 - 0x00000000546bc000 	C:\Program Files (x86)\360\Total Security\safemon\SafeWrapper.dll
0x00007ffee4fd0000 - 0x00007ffee5083000 	C:\WINDOWS\System32\ADVAPI32.dll
0x00007ffee6210000 - 0x00007ffee62b6000 	C:\WINDOWS\System32\sechost.dll
0x00007ffee6540000 - 0x00007ffee6655000 	C:\WINDOWS\System32\RPCRT4.dll
0x00007ffeb0610000 - 0x00007ffeb06bc000 	C:\Program Files (x86)\360\Total Security\safemon\libzdtp64.dll
0x00007ffee68b0000 - 0x00007ffee6ff2000 	C:\WINDOWS\System32\SHELL32.dll
0x00007ffee4c60000 - 0x00007ffee4dd4000 	C:\WINDOWS\System32\wintypes.dll
0x00007ffee5090000 - 0x00007ffee5415000 	C:\WINDOWS\System32\combase.dll
0x00007ffee5d10000 - 0x00007ffee5d7a000 	C:\WINDOWS\System32\SHLWAPI.dll
0x00007ffee3ab0000 - 0x00007ffee3abb000 	C:\WINDOWS\SYSTEM32\VERSION.dll
0x00007ffedf200000 - 0x00007ffedf20c000 	c:\Users\LENOVO\.vscode\extensions\redhat.java-1.42.0-win32-x64\jre\21.0.7-win32-x86_64\bin\vcruntime140_1.dll
0x00007ffeaf3b0000 - 0x00007ffeaf43d000 	c:\Users\LENOVO\.vscode\extensions\redhat.java-1.42.0-win32-x64\jre\21.0.7-win32-x86_64\bin\msvcp140.dll
0x00007ffe66010000 - 0x00007ffe66da0000 	c:\Users\LENOVO\.vscode\extensions\redhat.java-1.42.0-win32-x64\jre\21.0.7-win32-x86_64\bin\server\jvm.dll
0x00007ffee5420000 - 0x00007ffee5494000 	C:\WINDOWS\System32\WS2_32.dll
0x00007ffee3fe0000 - 0x00007ffee403e000 	C:\WINDOWS\SYSTEM32\POWRPROF.dll
0x00007ffedcb40000 - 0x00007ffedcb75000 	C:\WINDOWS\SYSTEM32\WINMM.dll
0x00007ffee3fc0000 - 0x00007ffee3fd4000 	C:\WINDOWS\SYSTEM32\UMPDC.dll
0x00007ffee2ea0000 - 0x00007ffee2ebb000 	C:\WINDOWS\SYSTEM32\kernel.appcore.dll
0x00007ffeda8f0000 - 0x00007ffeda8fa000 	c:\Users\LENOVO\.vscode\extensions\redhat.java-1.42.0-win32-x64\jre\21.0.7-win32-x86_64\bin\jimage.dll
0x00007ffed6e10000 - 0x00007ffed7051000 	C:\WINDOWS\SYSTEM32\DBGHELP.DLL
0x00007ffee6370000 - 0x00007ffee6451000 	C:\WINDOWS\System32\OLEAUT32.dll
0x00007ffed0ca0000 - 0x00007ffed0cd9000 	C:\WINDOWS\SYSTEM32\dbgcore.DLL
0x00007ffee4870000 - 0x00007ffee4909000 	C:\WINDOWS\System32\bcryptPrimitives.dll
0x00007ffeda5a0000 - 0x00007ffeda5af000 	c:\Users\LENOVO\.vscode\extensions\redhat.java-1.42.0-win32-x64\jre\21.0.7-win32-x86_64\bin\instrument.dll
0x00007ffed9ea0000 - 0x00007ffed9ebf000 	c:\Users\LENOVO\.vscode\extensions\redhat.java-1.42.0-win32-x64\jre\21.0.7-win32-x86_64\bin\java.dll
0x00007ffee1d60000 - 0x00007ffee25b7000 	C:\WINDOWS\SYSTEM32\windows.storage.dll
0x00007ffee5970000 - 0x00007ffee5a61000 	C:\WINDOWS\System32\SHCORE.dll
0x00007ffee40a0000 - 0x00007ffee40cf000 	C:\WINDOWS\SYSTEM32\profapi.dll
0x00007ffed8740000 - 0x00007ffed8758000 	c:\Users\LENOVO\.vscode\extensions\redhat.java-1.42.0-win32-x64\jre\21.0.7-win32-x86_64\bin\zip.dll
0x00007ffeda500000 - 0x00007ffeda510000 	C:\Users\LENOVO\.vscode\extensions\redhat.java-1.42.0-win32-x64\jre\21.0.7-win32-x86_64\bin\net.dll
0x00007ffedca10000 - 0x00007ffedcb2e000 	C:\WINDOWS\SYSTEM32\WINHTTP.dll
0x00007ffee33f0000 - 0x00007ffee345a000 	C:\WINDOWS\system32\mswsock.dll
0x00007ffed31c0000 - 0x00007ffed31d6000 	C:\Users\LENOVO\.vscode\extensions\redhat.java-1.42.0-win32-x64\jre\21.0.7-win32-x86_64\bin\nio.dll
0x00007ffed9460000 - 0x00007ffed9470000 	c:\Users\LENOVO\.vscode\extensions\redhat.java-1.42.0-win32-x64\jre\21.0.7-win32-x86_64\bin\verify.dll
0x00007ffe99490000 - 0x00007ffe994d5000 	C:\Users\LENOVO\AppData\Roaming\Code\User\globalStorage\redhat.java\1.42.0\config_ss_win\org.eclipse.equinox.launcher\org.eclipse.equinox.launcher.win32.win32.x86_64_1.2.1300.v20250331-1702\eclipse_11911.dll
0x00007ffee57c0000 - 0x00007ffee595e000 	C:\WINDOWS\System32\ole32.dll
0x00007ffee37d0000 - 0x00007ffee37eb000 	C:\WINDOWS\SYSTEM32\CRYPTSP.dll
0x00007ffee2e00000 - 0x00007ffee2e3a000 	C:\WINDOWS\system32\rsaenh.dll
0x00007ffee3490000 - 0x00007ffee34bb000 	C:\WINDOWS\SYSTEM32\USERENV.dll
0x00007ffee4070000 - 0x00007ffee4096000 	C:\WINDOWS\SYSTEM32\bcrypt.dll
0x00007ffee3630000 - 0x00007ffee363c000 	C:\WINDOWS\SYSTEM32\CRYPTBASE.dll
0x00007ffee28b0000 - 0x00007ffee28e3000 	C:\WINDOWS\SYSTEM32\IPHLPAPI.DLL
0x00007ffee4f80000 - 0x00007ffee4f8a000 	C:\WINDOWS\System32\NSI.dll
0x00007ffeb05b0000 - 0x00007ffeb05f9000 	C:\Users\LENOVO\AppData\Local\Temp\jna--2053026509\jna14780275965550780786.dll
0x00007ffee4f70000 - 0x00007ffee4f78000 	C:\WINDOWS\System32\PSAPI.DLL
0x00007ffedaa20000 - 0x00007ffedaa3f000 	C:\WINDOWS\SYSTEM32\dhcpcsvc6.DLL
0x00007ffeda8c0000 - 0x00007ffeda8e5000 	C:\WINDOWS\SYSTEM32\dhcpcsvc.DLL

dbghelp: loaded successfully - version: 4.0.5 - missing functions: none
symbol engine: initialized successfully - sym options: 0x614 - pdb path: .;c:\Users\LENOVO\.vscode\extensions\redhat.java-1.42.0-win32-x64\jre\21.0.7-win32-x86_64\bin;C:\WINDOWS\SYSTEM32;C:\WINDOWS\WinSxS\amd64_microsoft.windows.common-controls_6595b64144ccf1df_6.0.26100.4202_none_3e0698d4e335f517;C:\Program Files (x86)\360\Total Security\safemon;c:\Users\LENOVO\.vscode\extensions\redhat.java-1.42.0-win32-x64\jre\21.0.7-win32-x86_64\bin\server;C:\Users\LENOVO\AppData\Roaming\Code\User\globalStorage\redhat.java\1.42.0\config_ss_win\org.eclipse.equinox.launcher\org.eclipse.equinox.launcher.win32.win32.x86_64_1.2.1300.v20250331-1702;C:\Users\LENOVO\AppData\Local\Temp\jna--2053026509

VM Arguments:
jvm_args: --add-modules=ALL-SYSTEM --add-opens=java.base/java.util=ALL-UNNAMED --add-opens=java.base/java.lang=ALL-UNNAMED --add-opens=java.base/sun.nio.fs=ALL-UNNAMED -Declipse.application=org.eclipse.jdt.ls.core.id1 -Dosgi.bundles.defaultStartLevel=4 -Declipse.product=org.eclipse.jdt.ls.core.product -Djava.import.generatesMetadataFilesAtProjectRoot=false -DDetectVMInstallationsJob.disabled=true -Dfile.encoding=utf8 -XX:+UseParallelGC -XX:GCTimeRatio=4 -XX:AdaptiveSizePolicyWeight=90 -Dsun.zip.disableMemoryMapping=true -Xmx1G -Xms100m -Xlog:disable -javaagent:c:\Users\LENOVO\.vscode\extensions\redhat.java-1.42.0-win32-x64\lombok\lombok-1.18.36.jar 
java_command: c:\Users\LENOVO\.vscode\extensions\redhat.java-1.42.0-win32-x64\server\plugins\org.eclipse.equinox.launcher_1.7.0.v20250424-1814.jar -configuration c:\Users\LENOVO\AppData\Roaming\Code\User\globalStorage\redhat.java\1.42.0\config_ss_win -data c:\Users\LENOVO\AppData\Roaming\Code\User\workspaceStorage\505c6f5164cc9c3b0cea8069281ec5bb\redhat.java\ss_ws --pipe=\\.\pipe\lsp-f3a02270e66e39bbcdc4d2c945a4f4cd-sock
java_class_path (initial): c:\Users\LENOVO\.vscode\extensions\redhat.java-1.42.0-win32-x64\server\plugins\org.eclipse.equinox.launcher_1.7.0.v20250424-1814.jar
Launcher Type: SUN_STANDARD

[Global flags]
    uintx AdaptiveSizePolicyWeight                 = 90                                        {product} {command line}
     intx CICompilerCount                          = 4                                         {product} {ergonomic}
    uintx GCTimeRatio                              = 4                                         {product} {command line}
   size_t InitialHeapSize                          = 104857600                                 {product} {command line}
   size_t MaxHeapSize                              = 1073741824                                {product} {command line}
   size_t MaxNewSize                               = 357564416                                 {product} {ergonomic}
   size_t MinHeapDeltaBytes                        = 524288                                    {product} {ergonomic}
   size_t MinHeapSize                              = 104857600                                 {product} {command line}
   size_t NewSize                                  = 34603008                                  {product} {ergonomic}
    uintx NonNMethodCodeHeapSize                   = 5839372                                {pd product} {ergonomic}
    uintx NonProfiledCodeHeapSize                  = 122909434                              {pd product} {ergonomic}
   size_t OldSize                                  = 70254592                                  {product} {ergonomic}
    uintx ProfiledCodeHeapSize                     = 122909434                              {pd product} {ergonomic}
    uintx ReservedCodeCacheSize                    = 251658240                              {pd product} {ergonomic}
     bool SegmentedCodeCache                       = true                                      {product} {ergonomic}
   size_t SoftMaxHeapSize                          = 1073741824                             {manageable} {ergonomic}
     bool UseCompressedOops                        = true                           {product lp64_product} {ergonomic}
     bool UseLargePagesIndividualAllocation        = false                                  {pd product} {ergonomic}
     bool UseParallelGC                            = true                                      {product} {command line}

Logging:
Log output configuration:
 #0: stdout all=off uptime,level,tags foldmultilines=false
 #1: stderr all=off uptime,level,tags foldmultilines=false

Environment Variables:
JAVA_HOME=C:\Program Files\Eclipse Adoptium\jdk-17.0.12.7-hotspot\
PATH=C:\Program Files\Git\cmd;C:\Program Files\nodejs\;C:\Users\LENOVO\AppData\Roaming\npm;C:\Program Files\nodejs\;C:\Users\LENOVO\Downloads\apache-maven-3.9.9-bin\apache-maven-3.9.9\bin;C:\Users\LENOVO\AppData\Local\Programs\cursor\resources\app\bin;C:\Users\LENOVO\AppData\Local\Programs\Microsoft VS Code\bin;C:\Users\LENOVO\AppData\Roaming\npm;C:\Windows\System32;C:\Users\LENOVO\Downloads\apache-maven-3.9.9-bin\apache-maven-3.9.9\bin;C:\Users\LENOVO\AppData\Roaming\npm;C:\Users\LENOVO\AppData\Local\Programs\cursor\resources\app\bin;C:\Users\LENOVO\AppData\Local\Programs\Microsoft VS Code\bin
USERNAME=LENOVO
OS=Windows_NT
PROCESSOR_IDENTIFIER=AMD64 Family 23 Model 104 Stepping 1, AuthenticAMD
TMP=C:\Users\LENOVO\AppData\Local\Temp
TEMP=C:\Users\LENOVO\AppData\Local\Temp




Periodic native trim disabled

---------------  S Y S T E M  ---------------

OS:
 Windows 11 , 64 bit Build 26100 (10.0.26100.4202)
OS uptime: 0 days 22:29 hours
Hyper-V role detected

CPU: total 12 (initial active 12) (12 cores per cpu, 2 threads per core) family 23 model 104 stepping 1 microcode 0x8608103, cx8, cmov, fxsr, ht, mmx, 3dnowpref, sse, sse2, sse3, ssse3, sse4a, sse4.1, sse4.2, popcnt, lzcnt, tsc, tscinvbit, avx, avx2, aes, clmul, bmi1, bmi2, adx, sha, fma, vzeroupper, clflush, clflushopt, hv, rdtscp, rdpid, f16c
Processor Information for processor 0
  Max Mhz: 2100, Current Mhz: 1988, Mhz Limit: 2100
Processor Information for processor 1
  Max Mhz: 2100, Current Mhz: 2100, Mhz Limit: 2100
Processor Information for processor 2
  Max Mhz: 2100, Current Mhz: 2100, Mhz Limit: 2100
Processor Information for processor 3
  Max Mhz: 2100, Current Mhz: 1988, Mhz Limit: 2100
Processor Information for processor 4
  Max Mhz: 2100, Current Mhz: 2100, Mhz Limit: 2100
Processor Information for processor 5
  Max Mhz: 2100, Current Mhz: 1988, Mhz Limit: 2100
Processor Information for processor 6
  Max Mhz: 2100, Current Mhz: 1988, Mhz Limit: 2100
Processor Information for processor 7
  Max Mhz: 2100, Current Mhz: 1988, Mhz Limit: 2100
Processor Information for processor 8
  Max Mhz: 2100, Current Mhz: 1988, Mhz Limit: 2100
Processor Information for processor 9
  Max Mhz: 2100, Current Mhz: 1988, Mhz Limit: 2100
Processor Information for processor 10
  Max Mhz: 2100, Current Mhz: 2100, Mhz Limit: 2100
Processor Information for processor 11
  Max Mhz: 2100, Current Mhz: 1988, Mhz Limit: 2100

Memory: 4k page, system-wide physical 5989M (287M free)
TotalPageFile size 24421M (AvailPageFile size 2M)
current process WorkingSet (physical memory assigned to process): 222M, peak: 222M
current process commit charge ("private bytes"): 285M, peak: 286M

vm_info: OpenJDK 64-Bit Server VM (21.0.7+6-LTS) for windows-amd64 JRE (21.0.7+6-LTS), built on 2025-04-15T00:00:00Z by "admin" with MS VC++ 17.7 (VS2022)

END.
