#
# There is insufficient memory for the Java Runtime Environment to continue.
# Native memory allocation (mmap) failed to map 268435456 bytes. Error detail: G1 virtual space
# Possible reasons:
#   The system is out of physical RAM or swap space
#   This process is running with CompressedOops enabled, and the Java Heap may be blocking the growth of the native heap
# Possible solutions:
#   Reduce memory load on the system
#   Increase physical memory or swap space
#   Check if swap backing store is full
#   Decrease Java heap size (-Xmx/-Xms)
#   Decrease number of Java threads
#   Decrease Java thread stack sizes (-Xss)
#   Set larger code cache with -XX:ReservedCodeCacheSize=
#   JVM is running with Unscaled Compressed Oops mode in which the Java heap is
#     placed in the first 4GB address space. The Java Heap base address is the
#     maximum limit for the native heap growth. Please use -XX:HeapBaseMinAddress
#     to set the Java Heap base and to place the Java Heap above 4GB virtual address.
# This output file may be truncated or incomplete.
#
#  Out of Memory Error (os_windows.cpp:3613), pid=11400, tid=20408
#
# JRE version:  (17.0.12+7) (build )
# Java VM: OpenJDK 64-Bit Server VM (17.0.12+7, mixed mode, sharing, tiered, compressed oops, compressed class ptrs, g1 gc, windows-amd64)
# No core dump will be written. Minidumps are not enabled by default on client versions of Windows
#

---------------  S U M M A R Y ------------

Command Line: -Xmx512m -Xms256m -XX:MaxMetaspaceSize=128m -Dmaven.multiModuleProjectDirectory=C:\Users\LENOVO\Desktop\Pet-Mart org.apache.maven.wrapper.MavenWrapperMain spring-boot:run

Host: AMD Ryzen 5 5500U with Radeon Graphics         , 12 cores, 5G,  Windows 11 , 64 bit Build 26100 (10.0.26100.4202)
Time: Mon Jun  9 23:11:25 2025 India Standard Time elapsed time: 2.093008 seconds (0d 0h 0m 2s)

---------------  T H R E A D  ---------------

Current thread (0x000001878147ae40):  JavaThread "Unknown thread" [_thread_in_vm, id=20408, stack(0x000000747b400000,0x000000747b500000)]

Stack: [0x000000747b400000,0x000000747b500000]
Native frames: (J=compiled Java code, j=interpreted, Vv=VM code, C=native code)
V  [jvm.dll+0x67f929]
V  [jvm.dll+0x8371ba]
V  [jvm.dll+0x838c7e]
V  [jvm.dll+0x8392e3]
V  [jvm.dll+0x24834f]
V  [jvm.dll+0x67c6e9]
V  [jvm.dll+0x6711aa]
V  [jvm.dll+0x307f7b]
V  [jvm.dll+0x30f476]
V  [jvm.dll+0x35f63e]
V  [jvm.dll+0x35f87f]
V  [jvm.dll+0x2def9c]
V  [jvm.dll+0x2dfef4]
V  [jvm.dll+0x808a4b]
V  [jvm.dll+0x36d3b1]
V  [jvm.dll+0x7e7425]
V  [jvm.dll+0x3f0edf]
V  [jvm.dll+0x3f2a31]
C  [jli.dll+0x528f]
C  [ucrtbase.dll+0x37b0]
C  [KERNEL32.DLL+0x2e8d7]
C  [ntdll.dll+0x3c34c]


---------------  P R O C E S S  ---------------

Threads class SMR info:
_java_thread_list=0x00007ffe8ffa6f18, length=0, elements={
}

Java Threads: ( => current thread )

Other Threads:
  0x00000187814aabe0 GCTaskThread "GC Thread#0" [stack: 0x000000747b500000,0x000000747b600000] [id=12688]
  0x00000187814b1370 ConcurrentGCThread "G1 Main Marker" [stack: 0x000000747b600000,0x000000747b700000] [id=440]
  0x00000187814b1d90 ConcurrentGCThread "G1 Conc#0" [stack: 0x000000747b700000,0x000000747b800000] [id=11308]

[error occurred during error reporting (printing all threads), id 0xc0000005, EXCEPTION_ACCESS_VIOLATION (0xc0000005) at pc=0x00007ffe8f75f697]

VM state: not at safepoint (not fully initialized)

VM Mutex/Monitor currently owned by a thread:  ([mutex/lock_event])
[0x00000187814794f0] Heap_lock - owner thread: 0x000001878147ae40

Heap address: 0x00000000e0000000, size: 512 MB, Compressed Oops mode: 32-bit

CDS archive(s) mapped at: [0x0000000000000000-0x0000000000000000-0x0000000000000000), size 0, SharedBaseAddress: 0x0000000800000000, ArchiveRelocationMode: 1.
Narrow klass base: 0x0000000000000000, Narrow klass shift: 0, Narrow klass range: 0x0

GC Precious Log:
<Empty>

Heap:
 garbage-first heap   total 0K, used 0K [0x00000000e0000000, 0x0000000100000000)
  region size 1024K, 0 young (0K), 0 survivors (0K)

[error occurred during error reporting (printing heap information), id 0xc0000005, EXCEPTION_ACCESS_VIOLATION (0xc0000005) at pc=0x00007ffe8fb48bf9]

GC Heap History (0 events):
No events

Dll operation events (1 events):
Event: 0.034 Loaded shared library C:\Program Files\Eclipse Adoptium\jdk-17.0.12.7-hotspot\bin\java.dll

Deoptimization events (0 events):
No events

Classes loaded (0 events):
No events

Classes unloaded (0 events):
No events

Classes redefined (0 events):
No events

Internal exceptions (0 events):
No events

VM Operations (0 events):
No events

Events (0 events):
No events


Dynamic libraries:
0x00007ff7c6870000 - 0x00007ff7c687e000 	C:\Program Files\Eclipse Adoptium\jdk-17.0.12.7-hotspot\bin\java.exe
0x00007ffee7040000 - 0x00007ffee72a5000 	C:\WINDOWS\SYSTEM32\ntdll.dll
0x00007ffee6460000 - 0x00007ffee6529000 	C:\WINDOWS\System32\KERNEL32.DLL
0x00007ffee4190000 - 0x00007ffee4578000 	C:\WINDOWS\System32\KERNELBASE.dll
0x00007ffee4b10000 - 0x00007ffee4c5b000 	C:\WINDOWS\System32\ucrtbase.dll
0x00007ffedf300000 - 0x00007ffedf31b000 	C:\Program Files\Eclipse Adoptium\jdk-17.0.12.7-hotspot\bin\VCRUNTIME140.dll
0x00007ffedebb0000 - 0x00007ffedebc7000 	C:\Program Files\Eclipse Adoptium\jdk-17.0.12.7-hotspot\bin\jli.dll
0x00007ffee54a0000 - 0x00007ffee566a000 	C:\WINDOWS\System32\USER32.dll
0x00007ffee4ae0000 - 0x00007ffee4b07000 	C:\WINDOWS\System32\win32u.dll
0x00007ffece780000 - 0x00007ffecea1a000 	C:\WINDOWS\WinSxS\amd64_microsoft.windows.common-controls_6595b64144ccf1df_6.0.26100.4202_none_3e0698d4e335f517\COMCTL32.dll
0x00007ffee6660000 - 0x00007ffee668b000 	C:\WINDOWS\System32\GDI32.dll
0x00007ffee5be0000 - 0x00007ffee5c89000 	C:\WINDOWS\System32\msvcrt.dll
0x00007ffee4910000 - 0x00007ffee4a47000 	C:\WINDOWS\System32\gdi32full.dll
0x00007ffee47c0000 - 0x00007ffee4863000 	C:\WINDOWS\System32\msvcp_win.dll
0x00007ffee6870000 - 0x00007ffee68a0000 	C:\WINDOWS\System32\IMM32.DLL
0x00000000546b0000 - 0x00000000546bc000 	C:\Program Files (x86)\360\Total Security\safemon\SafeWrapper.dll
0x00007ffee4fd0000 - 0x00007ffee5083000 	C:\WINDOWS\System32\ADVAPI32.dll
0x00007ffee6210000 - 0x00007ffee62b6000 	C:\WINDOWS\System32\sechost.dll
0x00007ffee6540000 - 0x00007ffee6655000 	C:\WINDOWS\System32\RPCRT4.dll
0x00007ffeb0610000 - 0x00007ffeb06bc000 	C:\Program Files (x86)\360\Total Security\safemon\libzdtp64.dll
0x00007ffee68b0000 - 0x00007ffee6ff2000 	C:\WINDOWS\System32\SHELL32.dll
0x00007ffee4c60000 - 0x00007ffee4dd4000 	C:\WINDOWS\System32\wintypes.dll
0x00007ffee5090000 - 0x00007ffee5415000 	C:\WINDOWS\System32\combase.dll
0x00007ffee5d10000 - 0x00007ffee5d7a000 	C:\WINDOWS\System32\SHLWAPI.dll
0x00007ffee3ab0000 - 0x00007ffee3abb000 	C:\WINDOWS\SYSTEM32\VERSION.dll
0x00007ffeda5a0000 - 0x00007ffeda5ac000 	C:\Program Files\Eclipse Adoptium\jdk-17.0.12.7-hotspot\bin\vcruntime140_1.dll
0x00007ffed9cc0000 - 0x00007ffed9d4d000 	C:\Program Files\Eclipse Adoptium\jdk-17.0.12.7-hotspot\bin\msvcp140.dll
0x00007ffe8f470000 - 0x00007ffe900da000 	C:\Program Files\Eclipse Adoptium\jdk-17.0.12.7-hotspot\bin\server\jvm.dll
0x00007ffee5420000 - 0x00007ffee5494000 	C:\WINDOWS\System32\WS2_32.dll
0x00007ffee3fe0000 - 0x00007ffee403e000 	C:\WINDOWS\SYSTEM32\POWRPROF.dll
0x00007ffedcb40000 - 0x00007ffedcb75000 	C:\WINDOWS\SYSTEM32\WINMM.dll
0x00007ffee3fc0000 - 0x00007ffee3fd4000 	C:\WINDOWS\SYSTEM32\UMPDC.dll
0x00007ffee2ea0000 - 0x00007ffee2ebb000 	C:\WINDOWS\SYSTEM32\kernel.appcore.dll
0x00007ffeda520000 - 0x00007ffeda52a000 	C:\Program Files\Eclipse Adoptium\jdk-17.0.12.7-hotspot\bin\jimage.dll
0x00007ffed6e10000 - 0x00007ffed7051000 	C:\WINDOWS\SYSTEM32\DBGHELP.DLL
0x00007ffee6370000 - 0x00007ffee6451000 	C:\WINDOWS\System32\OLEAUT32.dll
0x00007ffed0ca0000 - 0x00007ffed0cd9000 	C:\WINDOWS\SYSTEM32\dbgcore.DLL
0x00007ffee4870000 - 0x00007ffee4909000 	C:\WINDOWS\System32\bcryptPrimitives.dll
0x00007ffed9c90000 - 0x00007ffed9cb5000 	C:\Program Files\Eclipse Adoptium\jdk-17.0.12.7-hotspot\bin\java.dll

dbghelp: loaded successfully - version: 4.0.5 - missing functions: none
symbol engine: initialized successfully - sym options: 0x614 - pdb path: .;C:\Program Files\Eclipse Adoptium\jdk-17.0.12.7-hotspot\bin;C:\WINDOWS\SYSTEM32;C:\WINDOWS\WinSxS\amd64_microsoft.windows.common-controls_6595b64144ccf1df_6.0.26100.4202_none_3e0698d4e335f517;C:\Program Files (x86)\360\Total Security\safemon;C:\Program Files\Eclipse Adoptium\jdk-17.0.12.7-hotspot\bin\server

VM Arguments:
jvm_args: -Xmx512m -Xms256m -XX:MaxMetaspaceSize=128m -Dmaven.multiModuleProjectDirectory=C:\Users\LENOVO\Desktop\Pet-Mart 
java_command: org.apache.maven.wrapper.MavenWrapperMain spring-boot:run
java_class_path (initial): C:\Users\LENOVO\Desktop\Pet-Mart\.mvn\wrapper\maven-wrapper.jar
Launcher Type: SUN_STANDARD

[Global flags]
     intx CICompilerCount                          = 4                                         {product} {ergonomic}
   size_t CompressedClassSpaceSize                 = 117440512                                 {product} {ergonomic}
     uint ConcGCThreads                            = 3                                         {product} {ergonomic}
     uint G1ConcRefinementThreads                  = 10                                        {product} {ergonomic}
   size_t G1HeapRegionSize                         = 1048576                                   {product} {ergonomic}
    uintx GCDrainStackTargetSize                   = 64                                        {product} {ergonomic}
   size_t InitialHeapSize                          = 268435456                                 {product} {command line}
   size_t MarkStackSize                            = 4194304                                   {product} {ergonomic}
   size_t MaxHeapSize                              = 536870912                                 {product} {command line}
   size_t MaxMetaspaceSize                         = 134217728                                 {product} {command line}
   size_t MinHeapDeltaBytes                        = 1048576                                   {product} {ergonomic}
   size_t MinHeapSize                              = 268435456                                 {product} {command line}
    uintx NonNMethodCodeHeapSize                   = 5839372                                {pd product} {ergonomic}
    uintx NonProfiledCodeHeapSize                  = 122909434                              {pd product} {ergonomic}
    uintx ProfiledCodeHeapSize                     = 122909434                              {pd product} {ergonomic}
    uintx ReservedCodeCacheSize                    = 251658240                              {pd product} {ergonomic}
     bool SegmentedCodeCache                       = true                                      {product} {ergonomic}
   size_t SoftMaxHeapSize                          = 536870912                              {manageable} {ergonomic}
     bool UseCompressedClassPointers               = true                           {product lp64_product} {ergonomic}
     bool UseCompressedOops                        = true                           {product lp64_product} {ergonomic}
     bool UseG1GC                                  = true                                      {product} {ergonomic}
     bool UseLargePagesIndividualAllocation        = false                                  {pd product} {ergonomic}

Logging:
Log output configuration:
 #0: stdout all=warning uptime,level,tags
 #1: stderr all=off uptime,level,tags

Environment Variables:
JAVA_HOME=C:\Program Files\Eclipse Adoptium\jdk-17.0.12.7-hotspot\
PATH=C:\Program Files\Git\cmd;C:\Program Files\nodejs\;C:\Users\LENOVO\AppData\Roaming\npm;C:\Program Files\nodejs\;C:\Users\LENOVO\Downloads\apache-maven-3.9.9-bin\apache-maven-3.9.9\bin;C:\Users\LENOVO\AppData\Local\Programs\cursor\resources\app\bin;C:\Users\LENOVO\AppData\Local\Programs\Microsoft VS Code\bin;C:\Users\LENOVO\AppData\Roaming\npm;C:\Windows\System32;C:\Users\LENOVO\Downloads\apache-maven-3.9.9-bin\apache-maven-3.9.9\bin;C:\Users\LENOVO\AppData\Roaming\npm;C:\Users\LENOVO\AppData\Local\Programs\cursor\resources\app\bin;C:\Users\LENOVO\AppData\Local\Programs\Microsoft VS Code\bin
USERNAME=LENOVO
OS=Windows_NT
PROCESSOR_IDENTIFIER=AMD64 Family 23 Model 104 Stepping 1, AuthenticAMD
TMP=C:\Users\LENOVO\AppData\Local\Temp
TEMP=C:\Users\LENOVO\AppData\Local\Temp



Periodic native trim disabled


---------------  S Y S T E M  ---------------

OS:
 Windows 11 , 64 bit Build 26100 (10.0.26100.4202)
OS uptime: 0 days 22:32 hours
Hyper-V role detected

CPU: total 12 (initial active 12) (12 cores per cpu, 2 threads per core) family 23 model 104 stepping 1 microcode 0x8608103, cx8, cmov, fxsr, ht, mmx, 3dnowpref, sse, sse2, sse3, ssse3, sse4a, sse4.1, sse4.2, popcnt, lzcnt, tsc, tscinvbit, avx, avx2, aes, clmul, bmi1, bmi2, adx, sha, fma, vzeroupper, clflush, clflushopt, hv
Processor Information for processor 0
  Max Mhz: 2100, Current Mhz: 2100, Mhz Limit: 2100
Processor Information for processor 1
  Max Mhz: 2100, Current Mhz: 1988, Mhz Limit: 2100
Processor Information for processor 2
  Max Mhz: 2100, Current Mhz: 1988, Mhz Limit: 2100
Processor Information for processor 3
  Max Mhz: 2100, Current Mhz: 1988, Mhz Limit: 2100
Processor Information for processor 4
  Max Mhz: 2100, Current Mhz: 1988, Mhz Limit: 2100
Processor Information for processor 5
  Max Mhz: 2100, Current Mhz: 2100, Mhz Limit: 2100
Processor Information for processor 6
  Max Mhz: 2100, Current Mhz: 1988, Mhz Limit: 2100
Processor Information for processor 7
  Max Mhz: 2100, Current Mhz: 1988, Mhz Limit: 2100
Processor Information for processor 8
  Max Mhz: 2100, Current Mhz: 1988, Mhz Limit: 2100
Processor Information for processor 9
  Max Mhz: 2100, Current Mhz: 1988, Mhz Limit: 2100
Processor Information for processor 10
  Max Mhz: 2100, Current Mhz: 1988, Mhz Limit: 2100
Processor Information for processor 11
  Max Mhz: 2100, Current Mhz: 1988, Mhz Limit: 2100

Memory: 4k page, system-wide physical 5989M (422M free)
TotalPageFile size 24421M (AvailPageFile size 157M)
current process WorkingSet (physical memory assigned to process): 13M, peak: 13M
current process commit charge ("private bytes"): 64M, peak: 320M

vm_info: OpenJDK 64-Bit Server VM (17.0.12+7) for windows-amd64 JRE (17.0.12+7), built on Jul 16 2024 22:08:24 by "admin" with MS VC++ 16.10 / 16.11 (VS2019)

END.
