#
# There is insufficient memory for the Java Runtime Environment to continue.
# Native memory allocation (malloc) failed to allocate 2097152 bytes. Error detail: AllocateHeap
# Possible reasons:
#   The system is out of physical RAM or swap space
#   This process is running with CompressedOops enabled, and the Java Heap may be blocking the growth of the native heap
# Possible solutions:
#   Reduce memory load on the system
#   Increase physical memory or swap space
#   Check if swap backing store is full
#   Decrease Java heap size (-Xmx/-Xms)
#   Decrease number of Java threads
#   Decrease Java thread stack sizes (-Xss)
#   Set larger code cache with -XX:ReservedCodeCacheSize=
#   JVM is running with Unscaled Compressed Oops mode in which the Java heap is
#     placed in the first 4GB address space. The Java Heap base address is the
#     maximum limit for the native heap growth. Please use -XX:HeapBaseMinAddress
#     to set the Java Heap base and to place the Java Heap above 4GB virtual address.
# This output file may be truncated or incomplete.
#
#  Out of Memory Error (allocation.cpp:44), pid=53128, tid=52300
#
# JRE version: OpenJDK Runtime Environment Temurin-17.0.12+7 (17.0.12+7) (build 17.0.12+7)
# Java VM: OpenJDK 64-Bit Server VM Temurin-17.0.12+7 (17.0.12+7, mixed mode, emulated-client, sharing, tiered, compressed oops, compressed class ptrs, g1 gc, windows-amd64)
# No core dump will be written. Minidumps are not enabled by default on client versions of Windows
#

---------------  S U M M A R Y ------------

Command Line: -Dcom.sun.management.jmxremote -Dcom.sun.management.jmxremote.port=49643 -Dcom.sun.management.jmxremote.authenticate=false -Dcom.sun.management.jmxremote.ssl=false -Djava.rmi.server.hostname=localhost -Dspring.jmx.enabled=true -Dmanagement.endpoints.jmx.exposure.include=* -Dspring.application.admin.enabled=true -Dspring.output.ansi.enabled=always -XX:TieredStopAtLevel=1 -Dspring.boot.project.name=Pet-Mart-master -Dfile.encoding=UTF-8 -Dstdout.encoding=UTF-8 -Dstderr.encoding=UTF-8 -XX:+ShowCodeDetailsInExceptionMessages com.example.demo.OnlinePetStoreApplication

Host: AMD Ryzen 5 5500U with Radeon Graphics         , 12 cores, 5G,  Windows 11 , 64 bit Build 26100 (10.0.26100.4202)
Time: Thu Jun  5 01:25:39 2025 India Standard Time elapsed time: 4275.637112 seconds (0d 1h 11m 15s)

---------------  T H R E A D  ---------------

Current thread (0x000002324815e5d0):  VMThread "VM Thread" [stack: 0x000000df83200000,0x000000df83300000] [id=52300]

Stack: [0x000000df83200000,0x000000df83300000]
Native frames: (J=compiled Java code, j=interpreted, Vv=VM code, C=native code)
V  [jvm.dll+0x67f929]
V  [jvm.dll+0x8371ba]
V  [jvm.dll+0x838c7e]
V  [jvm.dll+0x8392e3]
V  [jvm.dll+0x24834f]
V  [jvm.dll+0xa70d3]
V  [jvm.dll+0x2f9101]
V  [jvm.dll+0x2f4d00]
V  [jvm.dll+0x2dd82f]
V  [jvm.dll+0x3201f7]
V  [jvm.dll+0x83d7dd]
V  [jvm.dll+0x83e522]
V  [jvm.dll+0x83ea4f]
V  [jvm.dll+0x83ee34]
V  [jvm.dll+0x83ef00]
V  [jvm.dll+0x7e65dc]
V  [jvm.dll+0x67e7f7]
C  [ucrtbase.dll+0x37b0]
C  [KERNEL32.DLL+0x2e8d7]
C  [ntdll.dll+0x3c34c]

VM_Operation (0x000000df829fede0): G1CollectFull, mode: safepoint, requested by thread 0x00000232902593f0


---------------  P R O C E S S  ---------------

Threads class SMR info:
_java_thread_list=0x0000023290a181a0, length=20, elements={
0x0000023248162f10, 0x00000232481639e0, 0x000002324817af90, 0x000002324817b960,
0x0000023248180250, 0x0000023248180b20, 0x00000232481848f0, 0x000002324818d210,
0x0000023248150160, 0x0000023248760960, 0x000002328e3109a0, 0x000002328e321480,
0x000002328e309f00, 0x000002328e78e330, 0x000002328e78ec20, 0x000002328e7b3b40,
0x000002328e7b5490, 0x0000023290258ee0, 0x00000232902584c0, 0x00000232902593f0
}

Java Threads: ( => current thread )
  0x0000023248162f10 JavaThread "Reference Handler" daemon [_thread_blocked, id=47344, stack(0x000000df83300000,0x000000df83400000)]
  0x00000232481639e0 JavaThread "Finalizer" daemon [_thread_blocked, id=54236, stack(0x000000df83400000,0x000000df83500000)]
  0x000002324817af90 JavaThread "Signal Dispatcher" daemon [_thread_blocked, id=50264, stack(0x000000df83500000,0x000000df83600000)]
  0x000002324817b960 JavaThread "Attach Listener" daemon [_thread_blocked, id=53348, stack(0x000000df83600000,0x000000df83700000)]
  0x0000023248180250 JavaThread "Service Thread" daemon [_thread_blocked, id=53352, stack(0x000000df83700000,0x000000df83800000)]
  0x0000023248180b20 JavaThread "Monitor Deflation Thread" daemon [_thread_blocked, id=51364, stack(0x000000df83800000,0x000000df83900000)]
  0x00000232481848f0 JavaThread "C1 CompilerThread0" daemon [_thread_blocked, id=52276, stack(0x000000df83900000,0x000000df83a00000)]
  0x000002324818d210 JavaThread "Sweeper thread" daemon [_thread_blocked, id=53276, stack(0x000000df83a00000,0x000000df83b00000)]
  0x0000023248150160 JavaThread "Common-Cleaner" daemon [_thread_blocked, id=53304, stack(0x000000df83e00000,0x000000df83f00000)]
  0x0000023248760960 JavaThread "Notification Thread" daemon [_thread_blocked, id=53300, stack(0x000000df83f00000,0x000000df84000000)]
  0x000002328e3109a0 JavaThread "RMI TCP Accept-0" daemon [_thread_in_native, id=36340, stack(0x000000df84000000,0x000000df84100000)]
  0x000002328e321480 JavaThread "RMI TCP Accept-49643" daemon [_thread_in_native, id=52772, stack(0x000000df84100000,0x000000df84200000)]
  0x000002328e309f00 JavaThread "RMI TCP Accept-0" daemon [_thread_in_native, id=52560, stack(0x000000df84200000,0x000000df84300000)]
  0x000002328e78e330 JavaThread "RMI Scheduler(0)" daemon [_thread_blocked, id=54260, stack(0x000000df84500000,0x000000df84600000)]
  0x000002328e78ec20 JavaThread "RMI TCP Connection(idle)" daemon [_thread_blocked, id=53272, stack(0x000000df84600000,0x000000df84700000)]
  0x000002328e7b3b40 JavaThread "JMX server connection timeout 22" daemon [_thread_blocked, id=53260, stack(0x000000df84700000,0x000000df84800000)]
  0x000002328e7b5490 JavaThread "mysql-cj-abandoned-connection-cleanup" daemon [_thread_blocked, id=53568, stack(0x000000df85900000,0x000000df85a00000)]
  0x0000023290258ee0 JavaThread "Live Reload Server" daemon [_thread_in_native, id=52556, stack(0x000000df85f00000,0x000000df86000000)]
  0x00000232902584c0 JavaThread "DestroyJavaVM" [_thread_blocked, id=51776, stack(0x000000df82c00000,0x000000df82d00000)]
  0x00000232902593f0 JavaThread "Thread-15" [_thread_blocked, id=12708, stack(0x000000df82900000,0x000000df82a00000)]

Other Threads:
=>0x000002324815e5d0 VMThread "VM Thread" [stack: 0x000000df83200000,0x000000df83300000] [id=52300]
  0x00000232371f16b0 WatcherThread [stack: 0x000000df84300000,0x000000df84400000] [id=49948]
  0x000002323723e4c0 GCTaskThread "GC Thread#0" [stack: 0x000000df82d00000,0x000000df82e00000] [id=51704]
  0x000002328e7b9210 GCTaskThread "GC Thread#1" [stack: 0x000000df84800000,0x000000df84900000] [id=51468]
  0x000002328e80e210 GCTaskThread "GC Thread#2" [stack: 0x000000df84900000,0x000000df84a00000] [id=52744]
  0x000002328e80e4d0 GCTaskThread "GC Thread#3" [stack: 0x000000df84a00000,0x000000df84b00000] [id=53456]
  0x000002328e80e790 GCTaskThread "GC Thread#4" [stack: 0x000000df84b00000,0x000000df84c00000] [id=52088]
  0x000002328e80ea50 GCTaskThread "GC Thread#5" [stack: 0x000000df84c00000,0x000000df84d00000] [id=51508]
  0x000002328e80ed10 GCTaskThread "GC Thread#6" [stack: 0x000000df84d00000,0x000000df84e00000] [id=48212]
  0x000002328e99df70 GCTaskThread "GC Thread#7" [stack: 0x000000df85100000,0x000000df85200000] [id=52856]
  0x000002328e9c7780 GCTaskThread "GC Thread#8" [stack: 0x000000df85200000,0x000000df85300000] [id=53264]
  0x000002328edafad0 GCTaskThread "GC Thread#9" [stack: 0x000000df85400000,0x000000df85500000] [id=53388]
  0x000002323724c6a0 ConcurrentGCThread "G1 Main Marker" [stack: 0x000000df82e00000,0x000000df82f00000] [id=50584]
  0x000002323724cfd0 ConcurrentGCThread "G1 Conc#0" [stack: 0x000000df82f00000,0x000000df83000000] [id=50020]
  0x000002328eda9e80 ConcurrentGCThread "G1 Conc#1" [stack: 0x000000df85300000,0x000000df85400000] [id=51672]
  0x000002328edaa140 ConcurrentGCThread "G1 Conc#2" [stack: 0x000000df85500000,0x000000df85600000] [id=54156]
  0x000002324800bfd0 ConcurrentGCThread "G1 Refine#0" [stack: 0x000000df83000000,0x000000df83100000] [id=48304]
  0x0000023248928c10 ConcurrentGCThread "G1 Refine#1" [stack: 0x000000df84e00000,0x000000df84f00000] [id=54220]
  0x000002324800d6c0 ConcurrentGCThread "G1 Service" [stack: 0x000000df83100000,0x000000df83200000] [id=53172]

Threads with active compile tasks:

VM state: at safepoint (normal execution)

VM Mutex/Monitor currently owned by a thread:  ([mutex/lock_event])
[0x0000023234fdd610] Threads_lock - owner thread: 0x000002324815e5d0
[0x00000232371ecf70] Heap_lock - owner thread: 0x00000232902593f0

Heap address: 0x00000000a2600000, size: 1498 MB, Compressed Oops mode: 32-bit

CDS archive(s) mapped at: [0x0000023249000000-0x0000023249bb0000-0x0000023249bb0000), size 12255232, SharedBaseAddress: 0x0000023249000000, ArchiveRelocationMode: 1.
Compressed class space mapped at: 0x000002324a000000-0x000002328a000000, reserved size: 1073741824
Narrow klass base: 0x0000023249000000, Narrow klass shift: 0, Narrow klass range: 0x100000000

GC Precious Log:
 CPUs: 12 total, 12 available
 Memory: 5989M
 Large Page Support: Disabled
 NUMA Support: Disabled
 Compressed Oops: Enabled (32-bit)
 Heap Region Size: 1M
 Heap Min Capacity: 8M
 Heap Initial Capacity: 94M
 Heap Max Capacity: 1498M
 Pre-touch: Disabled
 Parallel Workers: 10
 Concurrent Workers: 3
 Concurrent Refinement Workers: 10
 Periodic GC: Disabled

Heap:
 garbage-first heap   total 124928K, used 84090K [0x00000000a2600000, 0x0000000100000000)
  region size 1024K, 36 young (36864K), 2 survivors (2048K)
 Metaspace       used 79772K, committed 80384K, reserved 1179648K
  class space    used 11364K, committed 11648K, reserved 1048576K

Heap Regions: E=young(eden), S=young(survivor), O=old, HS=humongous(starts), HC=humongous(continues), CS=collection set, F=free, OA=open archive, CA=closed archive, TAMS=top-at-mark-start (previous, next)
|   0|0x00000000a2600000, 0x00000000a2700000, 0x00000000a2700000|100%|HS|  |TAMS 0x00000000a2700000, 0x00000000a2600000| Complete 
|   1|0x00000000a2700000, 0x00000000a2800000, 0x00000000a2800000|100%| O|  |TAMS 0x00000000a2800000, 0x00000000a2700000| Untracked 
|   2|0x00000000a2800000, 0x00000000a28fffe0, 0x00000000a2900000| 99%| O|  |TAMS 0x00000000a28fffe0, 0x00000000a2800000| Untracked 
|   3|0x00000000a2900000, 0x00000000a29ffff0, 0x00000000a2a00000| 99%| O|  |TAMS 0x00000000a29ffff0, 0x00000000a2900000| Untracked 
|   4|0x00000000a2a00000, 0x00000000a2afffc0, 0x00000000a2b00000| 99%| O|  |TAMS 0x00000000a2afffc0, 0x00000000a2a00000| Untracked 
|   5|0x00000000a2b00000, 0x00000000a2bffff0, 0x00000000a2c00000| 99%| O|  |TAMS 0x00000000a2bffff0, 0x00000000a2b00000| Untracked 
|   6|0x00000000a2c00000, 0x00000000a2cfffd8, 0x00000000a2d00000| 99%| O|  |TAMS 0x00000000a2cfffd8, 0x00000000a2c00000| Untracked 
|   7|0x00000000a2d00000, 0x00000000a2dffff0, 0x00000000a2e00000| 99%| O|  |TAMS 0x00000000a2dffff0, 0x00000000a2d00000| Untracked 
|   8|0x00000000a2e00000, 0x00000000a2effff0, 0x00000000a2f00000| 99%| O|  |TAMS 0x00000000a2effff0, 0x00000000a2e00000| Untracked 
|   9|0x00000000a2f00000, 0x00000000a2fffff0, 0x00000000a3000000| 99%| O|  |TAMS 0x00000000a2fffff0, 0x00000000a2f00000| Untracked 
|  10|0x00000000a3000000, 0x00000000a30ffff8, 0x00000000a3100000| 99%| O|  |TAMS 0x00000000a30ffff8, 0x00000000a3000000| Untracked 
|  11|0x00000000a3100000, 0x00000000a31fffe0, 0x00000000a3200000| 99%| O|  |TAMS 0x00000000a31fffe0, 0x00000000a3100000| Untracked 
|  12|0x00000000a3200000, 0x00000000a3300000, 0x00000000a3300000|100%| O|  |TAMS 0x00000000a3300000, 0x00000000a3200000| Untracked 
|  13|0x00000000a3300000, 0x00000000a33ffff8, 0x00000000a3400000| 99%| O|  |TAMS 0x00000000a33ffff8, 0x00000000a3300000| Untracked 
|  14|0x00000000a3400000, 0x00000000a34ffff8, 0x00000000a3500000| 99%| O|  |TAMS 0x00000000a34ffff8, 0x00000000a3400000| Untracked 
|  15|0x00000000a3500000, 0x00000000a35fffc0, 0x00000000a3600000| 99%| O|  |TAMS 0x00000000a35fffc0, 0x00000000a3500000| Untracked 
|  16|0x00000000a3600000, 0x00000000a36ffff8, 0x00000000a3700000| 99%| O|  |TAMS 0x00000000a36ffff8, 0x00000000a3600000| Untracked 
|  17|0x00000000a3700000, 0x00000000a37fff98, 0x00000000a3800000| 99%| O|  |TAMS 0x00000000a37fff98, 0x00000000a3700000| Untracked 
|  18|0x00000000a3800000, 0x00000000a3900000, 0x00000000a3900000|100%| O|  |TAMS 0x00000000a3900000, 0x00000000a3800000| Untracked 
|  19|0x00000000a3900000, 0x00000000a39ffff8, 0x00000000a3a00000| 99%| O|  |TAMS 0x00000000a39ffff8, 0x00000000a3900000| Untracked 
|  20|0x00000000a3a00000, 0x00000000a3afff98, 0x00000000a3b00000| 99%| O|  |TAMS 0x00000000a3afff98, 0x00000000a3a00000| Untracked 
|  21|0x00000000a3b00000, 0x00000000a3c00000, 0x00000000a3c00000|100%| O|  |TAMS 0x00000000a3c00000, 0x00000000a3b00000| Untracked 
|  22|0x00000000a3c00000, 0x00000000a3d00000, 0x00000000a3d00000|100%| O|  |TAMS 0x00000000a3d00000, 0x00000000a3c00000| Untracked 
|  23|0x00000000a3d00000, 0x00000000a3e00000, 0x00000000a3e00000|100%| O|  |TAMS 0x00000000a3e00000, 0x00000000a3d00000| Untracked 
|  24|0x00000000a3e00000, 0x00000000a3f00000, 0x00000000a3f00000|100%| O|  |TAMS 0x00000000a3f00000, 0x00000000a3e00000| Untracked 
|  25|0x00000000a3f00000, 0x00000000a4000000, 0x00000000a4000000|100%| O|  |TAMS 0x00000000a4000000, 0x00000000a3f00000| Untracked 
|  26|0x00000000a4000000, 0x00000000a40ffff0, 0x00000000a4100000| 99%| O|  |TAMS 0x00000000a40ffff0, 0x00000000a4000000| Untracked 
|  27|0x00000000a4100000, 0x00000000a4200000, 0x00000000a4200000|100%| O|  |TAMS 0x00000000a4100000, 0x00000000a4100000| Untracked 
|  28|0x00000000a4200000, 0x00000000a4300000, 0x00000000a4300000|100%| O|  |TAMS 0x00000000a4200000, 0x00000000a4200000| Untracked 
|  29|0x00000000a4300000, 0x00000000a4400000, 0x00000000a4400000|100%| O|  |TAMS 0x00000000a4300000, 0x00000000a4300000| Untracked 
|  30|0x00000000a4400000, 0x00000000a4500000, 0x00000000a4500000|100%| O|  |TAMS 0x00000000a4500000, 0x00000000a4400000| Untracked 
|  31|0x00000000a4500000, 0x00000000a45ef6d8, 0x00000000a4600000| 93%| O|  |TAMS 0x00000000a45ef6d8, 0x00000000a4500000| Untracked 
|  32|0x00000000a4600000, 0x00000000a4700000, 0x00000000a4700000|100%| O|  |TAMS 0x00000000a4700000, 0x00000000a4600000| Untracked 
|  33|0x00000000a4700000, 0x00000000a4800000, 0x00000000a4800000|100%| O|  |TAMS 0x00000000a4800000, 0x00000000a4700000| Untracked 
|  34|0x00000000a4800000, 0x00000000a4900000, 0x00000000a4900000|100%| O|  |TAMS 0x00000000a4800000, 0x00000000a4800000| Untracked 
|  35|0x00000000a4900000, 0x00000000a4a00000, 0x00000000a4a00000|100%| O|  |TAMS 0x00000000a4952800, 0x00000000a4900000| Untracked 
|  36|0x00000000a4a00000, 0x00000000a4b00000, 0x00000000a4b00000|100%| O|  |TAMS 0x00000000a4a00000, 0x00000000a4a00000| Untracked 
|  37|0x00000000a4b00000, 0x00000000a4c00000, 0x00000000a4c00000|100%| O|  |TAMS 0x00000000a4b00000, 0x00000000a4b00000| Untracked 
|  38|0x00000000a4c00000, 0x00000000a4d00000, 0x00000000a4d00000|100%| O|  |TAMS 0x00000000a4d00000, 0x00000000a4c00000| Untracked 
|  39|0x00000000a4d00000, 0x00000000a4e00000, 0x00000000a4e00000|100%| O|  |TAMS 0x00000000a4e00000, 0x00000000a4d00000| Untracked 
|  40|0x00000000a4e00000, 0x00000000a4f00000, 0x00000000a4f00000|100%| O|  |TAMS 0x00000000a4f00000, 0x00000000a4e00000| Untracked 
|  41|0x00000000a4f00000, 0x00000000a5000000, 0x00000000a5000000|100%| O|  |TAMS 0x00000000a5000000, 0x00000000a4f00000| Untracked 
|  42|0x00000000a5000000, 0x00000000a5100000, 0x00000000a5100000|100%| O|  |TAMS 0x00000000a5100000, 0x00000000a5000000| Untracked 
|  43|0x00000000a5100000, 0x00000000a5200000, 0x00000000a5200000|100%| O|  |TAMS 0x00000000a5200000, 0x00000000a5100000| Untracked 
|  44|0x00000000a5200000, 0x00000000a5300000, 0x00000000a5300000|100%| O|  |TAMS 0x00000000a5300000, 0x00000000a5200000| Untracked 
|  45|0x00000000a5300000, 0x00000000a5400000, 0x00000000a5400000|100%| O|  |TAMS 0x00000000a5400000, 0x00000000a5300000| Untracked 
|  46|0x00000000a5400000, 0x00000000a5500000, 0x00000000a5500000|100%| O|  |TAMS 0x00000000a5500000, 0x00000000a5400000| Untracked 
|  47|0x00000000a5500000, 0x00000000a556ec00, 0x00000000a5600000| 43%| O|  |TAMS 0x00000000a5500000, 0x00000000a5500000| Untracked 
|  48|0x00000000a5600000, 0x00000000a5600000, 0x00000000a5700000|  0%| F|  |TAMS 0x00000000a5600000, 0x00000000a5600000| Untracked 
|  49|0x00000000a5700000, 0x00000000a5700000, 0x00000000a5800000|  0%| F|  |TAMS 0x00000000a5700000, 0x00000000a5700000| Untracked 
|  50|0x00000000a5800000, 0x00000000a5800000, 0x00000000a5900000|  0%| F|  |TAMS 0x00000000a5800000, 0x00000000a5800000| Untracked 
|  51|0x00000000a5900000, 0x00000000a5900000, 0x00000000a5a00000|  0%| F|  |TAMS 0x00000000a5900000, 0x00000000a5900000| Untracked 
|  52|0x00000000a5a00000, 0x00000000a5a00000, 0x00000000a5b00000|  0%| F|  |TAMS 0x00000000a5a00000, 0x00000000a5a00000| Untracked 
|  53|0x00000000a5b00000, 0x00000000a5b00000, 0x00000000a5c00000|  0%| F|  |TAMS 0x00000000a5b00000, 0x00000000a5b00000| Untracked 
|  54|0x00000000a5c00000, 0x00000000a5c00000, 0x00000000a5d00000|  0%| F|  |TAMS 0x00000000a5c00000, 0x00000000a5c00000| Untracked 
|  55|0x00000000a5d00000, 0x00000000a5d00000, 0x00000000a5e00000|  0%| F|  |TAMS 0x00000000a5d00000, 0x00000000a5d00000| Untracked 
|  56|0x00000000a5e00000, 0x00000000a5e00000, 0x00000000a5f00000|  0%| F|  |TAMS 0x00000000a5e00000, 0x00000000a5e00000| Untracked 
|  57|0x00000000a5f00000, 0x00000000a5f00000, 0x00000000a6000000|  0%| F|  |TAMS 0x00000000a5f00000, 0x00000000a5f00000| Untracked 
|  58|0x00000000a6000000, 0x00000000a6000000, 0x00000000a6100000|  0%| F|  |TAMS 0x00000000a6000000, 0x00000000a6000000| Untracked 
|  59|0x00000000a6100000, 0x00000000a6100000, 0x00000000a6200000|  0%| F|  |TAMS 0x00000000a6100000, 0x00000000a6100000| Untracked 
|  60|0x00000000a6200000, 0x00000000a6200000, 0x00000000a6300000|  0%| F|  |TAMS 0x00000000a6200000, 0x00000000a6200000| Untracked 
|  61|0x00000000a6300000, 0x00000000a6300000, 0x00000000a6400000|  0%| F|  |TAMS 0x00000000a6300000, 0x00000000a6300000| Untracked 
|  62|0x00000000a6400000, 0x00000000a6400000, 0x00000000a6500000|  0%| F|  |TAMS 0x00000000a6400000, 0x00000000a6400000| Untracked 
|  63|0x00000000a6500000, 0x00000000a65c0800, 0x00000000a6600000| 75%| S|CS|TAMS 0x00000000a6500000, 0x00000000a6500000| Complete 
|  64|0x00000000a6600000, 0x00000000a6600000, 0x00000000a6700000|  0%| F|  |TAMS 0x00000000a6600000, 0x00000000a6600000| Untracked 
|  65|0x00000000a6700000, 0x00000000a6700000, 0x00000000a6800000|  0%| F|  |TAMS 0x00000000a6700000, 0x00000000a6700000| Untracked 
|  66|0x00000000a6800000, 0x00000000a6900000, 0x00000000a6900000|100%| S|CS|TAMS 0x00000000a6800000, 0x00000000a6800000| Complete 
|  67|0x00000000a6900000, 0x00000000a6900000, 0x00000000a6a00000|  0%| F|  |TAMS 0x00000000a6900000, 0x00000000a6900000| Untracked 
|  68|0x00000000a6a00000, 0x00000000a6a00000, 0x00000000a6b00000|  0%| F|  |TAMS 0x00000000a6a00000, 0x00000000a6a00000| Untracked 
|  69|0x00000000a6b00000, 0x00000000a6b00000, 0x00000000a6c00000|  0%| F|  |TAMS 0x00000000a6b00000, 0x00000000a6b00000| Untracked 
|  70|0x00000000a6c00000, 0x00000000a6c00000, 0x00000000a6d00000|  0%| F|  |TAMS 0x00000000a6c00000, 0x00000000a6c00000| Untracked 
|  71|0x00000000a6d00000, 0x00000000a6d00000, 0x00000000a6e00000|  0%| F|  |TAMS 0x00000000a6d00000, 0x00000000a6d00000| Untracked 
|  72|0x00000000a6e00000, 0x00000000a6e00000, 0x00000000a6f00000|  0%| F|  |TAMS 0x00000000a6e00000, 0x00000000a6e00000| Untracked 
|  73|0x00000000a6f00000, 0x00000000a6f00000, 0x00000000a7000000|  0%| F|  |TAMS 0x00000000a6f00000, 0x00000000a6f00000| Untracked 
|  74|0x00000000a7000000, 0x00000000a7000000, 0x00000000a7100000|  0%| F|  |TAMS 0x00000000a7000000, 0x00000000a7000000| Untracked 
|  75|0x00000000a7100000, 0x00000000a7100000, 0x00000000a7200000|  0%| F|  |TAMS 0x00000000a7100000, 0x00000000a7100000| Untracked 
|  76|0x00000000a7200000, 0x00000000a7200000, 0x00000000a7300000|  0%| F|  |TAMS 0x00000000a7200000, 0x00000000a7200000| Untracked 
|  77|0x00000000a7300000, 0x00000000a7300000, 0x00000000a7400000|  0%| F|  |TAMS 0x00000000a7300000, 0x00000000a7300000| Untracked 
|  78|0x00000000a7400000, 0x00000000a7400000, 0x00000000a7500000|  0%| F|  |TAMS 0x00000000a7400000, 0x00000000a7400000| Untracked 
|  79|0x00000000a7500000, 0x00000000a7500000, 0x00000000a7600000|  0%| F|  |TAMS 0x00000000a7500000, 0x00000000a7500000| Untracked 
|  80|0x00000000a7600000, 0x00000000a7600000, 0x00000000a7700000|  0%| F|  |TAMS 0x00000000a7600000, 0x00000000a7600000| Untracked 
|  81|0x00000000a7700000, 0x00000000a7700000, 0x00000000a7800000|  0%| F|  |TAMS 0x00000000a7700000, 0x00000000a7700000| Untracked 
|  82|0x00000000a7800000, 0x00000000a7800000, 0x00000000a7900000|  0%| F|  |TAMS 0x00000000a7800000, 0x00000000a7800000| Untracked 
|  83|0x00000000a7900000, 0x00000000a7900000, 0x00000000a7a00000|  0%| F|  |TAMS 0x00000000a7900000, 0x00000000a7900000| Untracked 
|  84|0x00000000a7a00000, 0x00000000a7a00000, 0x00000000a7b00000|  0%| F|  |TAMS 0x00000000a7a00000, 0x00000000a7a00000| Untracked 
|  85|0x00000000a7b00000, 0x00000000a7b00000, 0x00000000a7c00000|  0%| F|  |TAMS 0x00000000a7b00000, 0x00000000a7b00000| Untracked 
|  86|0x00000000a7c00000, 0x00000000a7c00000, 0x00000000a7d00000|  0%| F|  |TAMS 0x00000000a7c00000, 0x00000000a7c00000| Untracked 
|  87|0x00000000a7d00000, 0x00000000a7d00000, 0x00000000a7e00000|  0%| F|  |TAMS 0x00000000a7d00000, 0x00000000a7d00000| Untracked 
|  88|0x00000000a7e00000, 0x00000000a7ef7580, 0x00000000a7f00000| 96%| E|  |TAMS 0x00000000a7e00000, 0x00000000a7e00000| Complete 
|  89|0x00000000a7f00000, 0x00000000a8000000, 0x00000000a8000000|100%| E|CS|TAMS 0x00000000a7f00000, 0x00000000a7f00000| Complete 
|  90|0x00000000a8000000, 0x00000000a8100000, 0x00000000a8100000|100%| E|CS|TAMS 0x00000000a8000000, 0x00000000a8000000| Complete 
|  91|0x00000000a8100000, 0x00000000a8200000, 0x00000000a8200000|100%| E|CS|TAMS 0x00000000a8100000, 0x00000000a8100000| Complete 
|  92|0x00000000a8200000, 0x00000000a8300000, 0x00000000a8300000|100%| E|CS|TAMS 0x00000000a8200000, 0x00000000a8200000| Complete 
|  93|0x00000000a8300000, 0x00000000a8400000, 0x00000000a8400000|100%| E|CS|TAMS 0x00000000a8300000, 0x00000000a8300000| Complete 
|  94|0x00000000a8400000, 0x00000000a8500000, 0x00000000a8500000|100%| E|CS|TAMS 0x00000000a8400000, 0x00000000a8400000| Complete 
|  95|0x00000000a8500000, 0x00000000a8600000, 0x00000000a8600000|100%| E|CS|TAMS 0x00000000a8500000, 0x00000000a8500000| Complete 
|  96|0x00000000a8600000, 0x00000000a8700000, 0x00000000a8700000|100%| E|CS|TAMS 0x00000000a8600000, 0x00000000a8600000| Complete 
|  97|0x00000000a8700000, 0x00000000a8800000, 0x00000000a8800000|100%| E|CS|TAMS 0x00000000a8700000, 0x00000000a8700000| Complete 
|  98|0x00000000a8800000, 0x00000000a8900000, 0x00000000a8900000|100%| E|CS|TAMS 0x00000000a8800000, 0x00000000a8800000| Complete 
|  99|0x00000000a8900000, 0x00000000a8a00000, 0x00000000a8a00000|100%| E|CS|TAMS 0x00000000a8900000, 0x00000000a8900000| Complete 
| 100|0x00000000a8a00000, 0x00000000a8b00000, 0x00000000a8b00000|100%| E|CS|TAMS 0x00000000a8a00000, 0x00000000a8a00000| Complete 
| 101|0x00000000a8b00000, 0x00000000a8c00000, 0x00000000a8c00000|100%| E|CS|TAMS 0x00000000a8b00000, 0x00000000a8b00000| Complete 
| 102|0x00000000a8c00000, 0x00000000a8d00000, 0x00000000a8d00000|100%| E|CS|TAMS 0x00000000a8c00000, 0x00000000a8c00000| Complete 
| 103|0x00000000a8d00000, 0x00000000a8e00000, 0x00000000a8e00000|100%| E|CS|TAMS 0x00000000a8d00000, 0x00000000a8d00000| Complete 
| 104|0x00000000a8e00000, 0x00000000a8f00000, 0x00000000a8f00000|100%| E|CS|TAMS 0x00000000a8e00000, 0x00000000a8e00000| Complete 
| 105|0x00000000a8f00000, 0x00000000a9000000, 0x00000000a9000000|100%| E|CS|TAMS 0x00000000a8f00000, 0x00000000a8f00000| Complete 
| 106|0x00000000a9000000, 0x00000000a9100000, 0x00000000a9100000|100%| E|CS|TAMS 0x00000000a9000000, 0x00000000a9000000| Complete 
| 107|0x00000000a9100000, 0x00000000a9200000, 0x00000000a9200000|100%| E|CS|TAMS 0x00000000a9100000, 0x00000000a9100000| Complete 
| 108|0x00000000a9200000, 0x00000000a9300000, 0x00000000a9300000|100%| E|CS|TAMS 0x00000000a9200000, 0x00000000a9200000| Complete 
| 109|0x00000000a9300000, 0x00000000a9400000, 0x00000000a9400000|100%| E|CS|TAMS 0x00000000a9300000, 0x00000000a9300000| Complete 
| 110|0x00000000a9400000, 0x00000000a9500000, 0x00000000a9500000|100%| E|CS|TAMS 0x00000000a9400000, 0x00000000a9400000| Complete 
| 111|0x00000000a9500000, 0x00000000a9600000, 0x00000000a9600000|100%| E|CS|TAMS 0x00000000a9500000, 0x00000000a9500000| Complete 
| 112|0x00000000a9600000, 0x00000000a9700000, 0x00000000a9700000|100%| E|CS|TAMS 0x00000000a9600000, 0x00000000a9600000| Complete 
| 113|0x00000000a9700000, 0x00000000a9800000, 0x00000000a9800000|100%| E|CS|TAMS 0x00000000a9700000, 0x00000000a9700000| Complete 
| 114|0x00000000a9800000, 0x00000000a9900000, 0x00000000a9900000|100%| E|CS|TAMS 0x00000000a9800000, 0x00000000a9800000| Complete 
| 115|0x00000000a9900000, 0x00000000a9a00000, 0x00000000a9a00000|100%| E|CS|TAMS 0x00000000a9900000, 0x00000000a9900000| Complete 
| 116|0x00000000a9a00000, 0x00000000a9b00000, 0x00000000a9b00000|100%| E|CS|TAMS 0x00000000a9a00000, 0x00000000a9a00000| Complete 
| 117|0x00000000a9b00000, 0x00000000a9c00000, 0x00000000a9c00000|100%| E|CS|TAMS 0x00000000a9b00000, 0x00000000a9b00000| Complete 
| 118|0x00000000a9c00000, 0x00000000a9d00000, 0x00000000a9d00000|100%| E|CS|TAMS 0x00000000a9c00000, 0x00000000a9c00000| Complete 
| 119|0x00000000a9d00000, 0x00000000a9e00000, 0x00000000a9e00000|100%| E|CS|TAMS 0x00000000a9d00000, 0x00000000a9d00000| Complete 
| 120|0x00000000a9e00000, 0x00000000a9f00000, 0x00000000a9f00000|100%| E|CS|TAMS 0x00000000a9e00000, 0x00000000a9e00000| Complete 
| 121|0x00000000a9f00000, 0x00000000aa000000, 0x00000000aa000000|100%| E|CS|TAMS 0x00000000a9f00000, 0x00000000a9f00000| Complete 

Card table byte_map: [0x0000023242310000,0x0000023242600000] _byte_map_base: 0x0000023241dfd000

Marking Bits (Prev, Next): (CMBitMap*) 0x000002323723e9f0, (CMBitMap*) 0x000002323723ea30
 Prev Bits: [0x00000232428f0000, 0x0000023244058000)
 Next Bits: [0x0000023244060000, 0x00000232457c8000)

Polling page: 0x0000023236940000

Metaspace:

Usage:
  Non-class:     66.80 MB used.
      Class:     11.10 MB used.
       Both:     77.90 MB used.

Virtual space:
  Non-class space:      128.00 MB reserved,      67.12 MB ( 52%) committed,  2 nodes.
      Class space:        1.00 GB reserved,      11.38 MB (  1%) committed,  1 nodes.
             Both:        1.12 GB reserved,      78.50 MB (  7%) committed. 

Chunk freelists:
   Non-Class:  12.76 MB
       Class:  4.65 MB
        Both:  17.42 MB

MaxMetaspaceSize: unlimited
CompressedClassSpaceSize: 1.00 GB
Initial GC threshold: 21.00 MB
Current GC threshold: 128.44 MB
CDS: on
MetaspaceReclaimPolicy: balanced
 - commit_granule_bytes: 65536.
 - commit_granule_words: 8192.
 - virtual_space_node_default_size: 8388608.
 - enlarge_chunks_in_place: 1.
 - new_chunks_are_fully_committed: 0.
 - uncommit_free_chunks: 1.
 - use_allocation_guard: 0.
 - handle_deallocations: 1.


Internal statistics:

num_allocs_failed_limit: 9.
num_arena_births: 1360.
num_arena_deaths: 508.
num_vsnodes_births: 3.
num_vsnodes_deaths: 0.
num_space_committed: 1256.
num_space_uncommitted: 0.
num_chunks_returned_to_freelist: 651.
num_chunks_taken_from_freelist: 4602.
num_chunk_merges: 183.
num_chunk_splits: 2947.
num_chunks_enlarged: 2143.
num_inconsistent_stats: 0.

CodeCache: size=49152Kb used=22557Kb max_used=24074Kb free=26594Kb
 bounds [0x000002323ecf0000, 0x00000232404b0000, 0x0000023241cf0000]
 total_blobs=14054 nmethods=13339 adapters=641
 compilation: enabled
              stopped_count=0, restarted_count=0
 full_count=0

Compilation events (20 events):
Event: 4274.049 Thread 0x00000232481848f0 13487       1       org.springframework.beans.factory.support.DefaultListableBeanFactory::destroySingleton (15 bytes)
Event: 4274.103 Thread 0x00000232481848f0 nmethod 13487 0x00000232401f5e90 code [0x00000232401f6080, 0x00000232401f6358]
Event: 4274.103 Thread 0x00000232481848f0 13488   !   1       org.springframework.beans.factory.support.DefaultSingletonBeanRegistry::destroySingleton (45 bytes)
Event: 4274.110 Thread 0x00000232481848f0 nmethod 13488 0x00000232401f5890 code [0x00000232401f5a60, 0x00000232401f5ce8]
Event: 4274.137 Thread 0x00000232481848f0 13489       1       java.util.concurrent.FutureTask::isDone (13 bytes)
Event: 4274.138 Thread 0x00000232481848f0 nmethod 13489 0x00000232401f5590 code [0x00000232401f5720, 0x00000232401f57f8]
Event: 4274.213 Thread 0x00000232481848f0 13490  s    1       java.net.Socket::getSoTimeout (45 bytes)
Event: 4274.221 Thread 0x00000232481848f0 nmethod 13490 0x00000232401f4e90 code [0x00000232401f5060, 0x00000232401f53f8]
Event: 4274.287 Thread 0x00000232481848f0 13491       1       java.time.Instant::now (4 bytes)
Event: 4274.289 Thread 0x00000232481848f0 nmethod 13491 0x00000232401f4b90 code [0x00000232401f4d20, 0x00000232401f4de8]
Event: 4274.308 Thread 0x00000232481848f0 13492       1       java.util.logging.Logger::getParent (5 bytes)
Event: 4274.308 Thread 0x00000232481848f0 nmethod 13492 0x00000232401f4890 code [0x00000232401f4a20, 0x00000232401f4af8]
Event: 4274.609 Thread 0x00000232481848f0 13493       1       java.lang.Class::getSimpleName0 (62 bytes)
Event: 4274.617 Thread 0x00000232481848f0 nmethod 13493 0x00000232401f3b90 code [0x00000232401f3e20, 0x00000232401f44a8]
Event: 4274.617 Thread 0x00000232481848f0 13496  s    1       org.apache.tomcat.util.modeler.Registry::getRegistry (48 bytes)
Event: 4274.620 Thread 0x00000232481848f0 nmethod 13496 0x00000232401f3510 code [0x00000232401f36e0, 0x00000232401f3a48]
Event: 4274.620 Thread 0x00000232481848f0 13494       1       java.lang.Class::getSimpleBinaryName (23 bytes)
Event: 4274.620 Thread 0x00000232481848f0 nmethod 13494 0x00000232401f3010 code [0x00000232401f31e0, 0x00000232401f33d8]
Event: 4274.620 Thread 0x00000232481848f0 13495       1       java.lang.Class::isTopLevelClass (20 bytes)
Event: 4274.620 Thread 0x00000232481848f0 nmethod 13495 0x00000232401f2c10 code [0x00000232401f2dc0, 0x00000232401f2f28]

GC Heap History (20 events):
Event: 4079.337 GC heap after
{Heap after GC invocations=274 (full 3):
 garbage-first heap   total 124928K, used 51043K [0x00000000a2600000, 0x0000000100000000)
  region size 1024K, 4 young (4096K), 4 survivors (4096K)
 Metaspace       used 79717K, committed 80320K, reserved 1179648K
  class space    used 11355K, committed 11648K, reserved 1048576K
}
Event: 4095.991 GC heap before
{Heap before GC invocations=274 (full 3):
 garbage-first heap   total 124928K, used 105315K [0x00000000a2600000, 0x0000000100000000)
  region size 1024K, 57 young (58368K), 4 survivors (4096K)
 Metaspace       used 79717K, committed 80320K, reserved 1179648K
  class space    used 11355K, committed 11648K, reserved 1048576K
}
Event: 4095.997 GC heap after
{Heap after GC invocations=275 (full 3):
 garbage-first heap   total 124928K, used 50720K [0x00000000a2600000, 0x0000000100000000)
  region size 1024K, 3 young (3072K), 3 survivors (3072K)
 Metaspace       used 79717K, committed 80320K, reserved 1179648K
  class space    used 11355K, committed 11648K, reserved 1048576K
}
Event: 4112.286 GC heap before
{Heap before GC invocations=275 (full 3):
 garbage-first heap   total 124928K, used 106016K [0x00000000a2600000, 0x0000000100000000)
  region size 1024K, 57 young (58368K), 3 survivors (3072K)
 Metaspace       used 79717K, committed 80320K, reserved 1179648K
  class space    used 11355K, committed 11648K, reserved 1048576K
}
Event: 4112.290 GC heap after
{Heap after GC invocations=276 (full 3):
 garbage-first heap   total 124928K, used 50893K [0x00000000a2600000, 0x0000000100000000)
  region size 1024K, 3 young (3072K), 3 survivors (3072K)
 Metaspace       used 79717K, committed 80320K, reserved 1179648K
  class space    used 11355K, committed 11648K, reserved 1048576K
}
Event: 4128.865 GC heap before
{Heap before GC invocations=276 (full 3):
 garbage-first heap   total 124928K, used 106189K [0x00000000a2600000, 0x0000000100000000)
  region size 1024K, 57 young (58368K), 3 survivors (3072K)
 Metaspace       used 79717K, committed 80320K, reserved 1179648K
  class space    used 11355K, committed 11648K, reserved 1048576K
}
Event: 4128.869 GC heap after
{Heap after GC invocations=277 (full 3):
 garbage-first heap   total 124928K, used 50697K [0x00000000a2600000, 0x0000000100000000)
  region size 1024K, 3 young (3072K), 3 survivors (3072K)
 Metaspace       used 79717K, committed 80320K, reserved 1179648K
  class space    used 11355K, committed 11648K, reserved 1048576K
}
Event: 4145.971 GC heap before
{Heap before GC invocations=277 (full 3):
 garbage-first heap   total 124928K, used 105993K [0x00000000a2600000, 0x0000000100000000)
  region size 1024K, 57 young (58368K), 3 survivors (3072K)
 Metaspace       used 79717K, committed 80320K, reserved 1179648K
  class space    used 11355K, committed 11648K, reserved 1048576K
}
Event: 4145.977 GC heap after
{Heap after GC invocations=278 (full 3):
 garbage-first heap   total 124928K, used 50891K [0x00000000a2600000, 0x0000000100000000)
  region size 1024K, 3 young (3072K), 3 survivors (3072K)
 Metaspace       used 79717K, committed 80320K, reserved 1179648K
  class space    used 11355K, committed 11648K, reserved 1048576K
}
Event: 4163.662 GC heap before
{Heap before GC invocations=278 (full 3):
 garbage-first heap   total 124928K, used 106187K [0x00000000a2600000, 0x0000000100000000)
  region size 1024K, 57 young (58368K), 3 survivors (3072K)
 Metaspace       used 79717K, committed 80320K, reserved 1179648K
  class space    used 11355K, committed 11648K, reserved 1048576K
}
Event: 4163.668 GC heap after
{Heap after GC invocations=279 (full 3):
 garbage-first heap   total 124928K, used 50762K [0x00000000a2600000, 0x0000000100000000)
  region size 1024K, 3 young (3072K), 3 survivors (3072K)
 Metaspace       used 79717K, committed 80320K, reserved 1179648K
  class space    used 11355K, committed 11648K, reserved 1048576K
}
Event: 4187.525 GC heap before
{Heap before GC invocations=279 (full 3):
 garbage-first heap   total 124928K, used 106058K [0x00000000a2600000, 0x0000000100000000)
  region size 1024K, 57 young (58368K), 3 survivors (3072K)
 Metaspace       used 79717K, committed 80320K, reserved 1179648K
  class space    used 11355K, committed 11648K, reserved 1048576K
}
Event: 4187.548 GC heap after
{Heap after GC invocations=280 (full 3):
 garbage-first heap   total 124928K, used 50098K [0x00000000a2600000, 0x0000000100000000)
  region size 1024K, 2 young (2048K), 2 survivors (2048K)
 Metaspace       used 79717K, committed 80320K, reserved 1179648K
  class space    used 11355K, committed 11648K, reserved 1048576K
}
Event: 4204.925 GC heap before
{Heap before GC invocations=280 (full 3):
 garbage-first heap   total 124928K, used 105394K [0x00000000a2600000, 0x0000000100000000)
  region size 1024K, 56 young (57344K), 2 survivors (2048K)
 Metaspace       used 79717K, committed 80320K, reserved 1179648K
  class space    used 11355K, committed 11648K, reserved 1048576K
}
Event: 4204.949 GC heap after
{Heap after GC invocations=281 (full 3):
 garbage-first heap   total 124928K, used 49964K [0x00000000a2600000, 0x0000000100000000)
  region size 1024K, 2 young (2048K), 2 survivors (2048K)
 Metaspace       used 79717K, committed 80320K, reserved 1179648K
  class space    used 11355K, committed 11648K, reserved 1048576K
}
Event: 4221.952 GC heap before
{Heap before GC invocations=281 (full 3):
 garbage-first heap   total 124928K, used 105260K [0x00000000a2600000, 0x0000000100000000)
  region size 1024K, 56 young (57344K), 2 survivors (2048K)
 Metaspace       used 79717K, committed 80320K, reserved 1179648K
  class space    used 11355K, committed 11648K, reserved 1048576K
}
Event: 4221.957 GC heap after
{Heap after GC invocations=282 (full 3):
 garbage-first heap   total 124928K, used 49989K [0x00000000a2600000, 0x0000000100000000)
  region size 1024K, 2 young (2048K), 2 survivors (2048K)
 Metaspace       used 79717K, committed 80320K, reserved 1179648K
  class space    used 11355K, committed 11648K, reserved 1048576K
}
Event: 4244.410 GC heap before
{Heap before GC invocations=282 (full 3):
 garbage-first heap   total 124928K, used 106309K [0x00000000a2600000, 0x0000000100000000)
  region size 1024K, 57 young (58368K), 2 survivors (2048K)
 Metaspace       used 79717K, committed 80320K, reserved 1179648K
  class space    used 11355K, committed 11648K, reserved 1048576K
}
Event: 4244.417 GC heap after
{Heap after GC invocations=283 (full 3):
 garbage-first heap   total 124928K, used 50298K [0x00000000a2600000, 0x0000000100000000)
  region size 1024K, 2 young (2048K), 2 survivors (2048K)
 Metaspace       used 79717K, committed 80320K, reserved 1179648K
  class space    used 11355K, committed 11648K, reserved 1048576K
}
Event: 4274.627 GC heap before
{Heap before GC invocations=283 (full 3):
 garbage-first heap   total 124928K, used 84090K [0x00000000a2600000, 0x0000000100000000)
  region size 1024K, 36 young (36864K), 2 survivors (2048K)
 Metaspace       used 79772K, committed 80384K, reserved 1179648K
  class space    used 11364K, committed 11648K, reserved 1048576K
}

Dll operation events (11 events):
Event: 0.040 Loaded shared library C:\Program Files\Eclipse Adoptium\jdk-17.0.12.7-hotspot\bin\java.dll
Event: 0.108 Loaded shared library C:\Program Files\Eclipse Adoptium\jdk-17.0.12.7-hotspot\bin\jsvml.dll
Event: 0.236 Loaded shared library C:\Program Files\Eclipse Adoptium\jdk-17.0.12.7-hotspot\bin\jimage.dll
Event: 0.248 Loaded shared library C:\Program Files\Eclipse Adoptium\jdk-17.0.12.7-hotspot\bin\net.dll
Event: 0.253 Loaded shared library C:\Program Files\Eclipse Adoptium\jdk-17.0.12.7-hotspot\bin\nio.dll
Event: 0.258 Loaded shared library C:\Program Files\Eclipse Adoptium\jdk-17.0.12.7-hotspot\bin\zip.dll
Event: 0.349 Loaded shared library C:\Program Files\Eclipse Adoptium\jdk-17.0.12.7-hotspot\bin\management.dll
Event: 0.372 Loaded shared library C:\Program Files\Eclipse Adoptium\jdk-17.0.12.7-hotspot\bin\management_ext.dll
Event: 0.795 Loaded shared library C:\Program Files\Eclipse Adoptium\jdk-17.0.12.7-hotspot\bin\extnet.dll
Event: 2.164 Loaded shared library C:\Program Files\Eclipse Adoptium\jdk-17.0.12.7-hotspot\bin\sunmscapi.dll
Event: 4.657 Loaded shared library C:\Program Files\Eclipse Adoptium\jdk-17.0.12.7-hotspot\bin\verify.dll

Deoptimization events (6 events):
Event: 3.609 Thread 0x000002328e7b3120 DEOPT PACKING pc=0x000002323f49bf6c sp=0x000000df850fc7a0
Event: 3.609 Thread 0x000002328e7b3120 DEOPT UNPACKING pc=0x000002323ed47143 sp=0x000000df850fbc58 mode 0
Event: 7.050 Thread 0x000002328e7b3120 DEOPT PACKING pc=0x000002323f32bb22 sp=0x000000df850fc170
Event: 7.050 Thread 0x000002328e7b3120 DEOPT UNPACKING pc=0x000002323ed47143 sp=0x000000df850fb678 mode 3
Event: 7.181 Thread 0x000002328e7b3120 DEOPT PACKING pc=0x000002323f2e0ea4 sp=0x000000df850fc770
Event: 7.181 Thread 0x000002328e7b3120 DEOPT UNPACKING pc=0x000002323ed47143 sp=0x000000df850fbcc8 mode 0

Classes loaded (20 events):
Event: 144.654 Loading class sun/net/ConnectionResetException
Event: 144.654 Loading class sun/net/ConnectionResetException done
Event: 145.118 Loading class java/io/FileOutputStream$1
Event: 145.119 Loading class java/io/FileOutputStream$1 done
Event: 145.929 Loading class java/lang/ref/Finalizer$2
Event: 145.930 Loading class java/lang/ref/Finalizer$2 done
Event: 145.930 Loading class java/lang/ref/Finalizer$1
Event: 145.933 Loading class java/lang/ref/Finalizer$1 done
Event: 147.694 Loading class java/time/DurationEditor
Event: 147.695 Loading class java/time/DurationEditor done
Event: 159.661 Loading class jdk/internal/reflect/UnsafeDoubleFieldAccessorImpl
Event: 159.663 Loading class jdk/internal/reflect/UnsafeDoubleFieldAccessorImpl done
Event: 371.375 Loading class java/time/DurationEditor
Event: 371.378 Loading class java/time/DurationEditor done
Event: 2718.043 Loading class sun/nio/cs/ISO_8859_1$Encoder
Event: 2718.065 Loading class sun/nio/cs/ISO_8859_1$Encoder done
Event: 2718.167 Loading class sun/nio/cs/Surrogate$Parser
Event: 2718.178 Loading class sun/nio/cs/Surrogate$Parser done
Event: 2718.178 Loading class sun/nio/cs/Surrogate
Event: 2718.198 Loading class sun/nio/cs/Surrogate done

Classes unloaded (20 events):
Event: 459.936 Thread 0x000002324815e5d0 Unloading class 0x000002324a8c8c00 'jdk/internal/reflect/GeneratedConstructorAccessor79'
Event: 459.936 Thread 0x000002324815e5d0 Unloading class 0x000002324a0d6000 'jdk/internal/reflect/GeneratedSerializationConstructorAccessor80'
Event: 459.936 Thread 0x000002324815e5d0 Unloading class 0x000002324a0f8400 'jdk/internal/reflect/GeneratedSerializationConstructorAccessor79'
Event: 459.936 Thread 0x000002324815e5d0 Unloading class 0x000002324a101c00 'jdk/internal/reflect/GeneratedSerializationConstructorAccessor78'
Event: 459.936 Thread 0x000002324815e5d0 Unloading class 0x000002324a102000 'jdk/internal/reflect/GeneratedSerializationConstructorAccessor77'
Event: 459.936 Thread 0x000002324815e5d0 Unloading class 0x000002324a4b8000 'jdk/internal/reflect/GeneratedSerializationConstructorAccessor76'
Event: 459.936 Thread 0x000002324815e5d0 Unloading class 0x000002324a452800 'jdk/internal/reflect/GeneratedSerializationConstructorAccessor75'
Event: 459.936 Thread 0x000002324815e5d0 Unloading class 0x000002324a450400 'jdk/internal/reflect/GeneratedSerializationConstructorAccessor74'
Event: 459.936 Thread 0x000002324815e5d0 Unloading class 0x000002324a154000 'jdk/internal/reflect/GeneratedSerializationConstructorAccessor73'
Event: 459.936 Thread 0x000002324815e5d0 Unloading class 0x000002324a0f5800 'jdk/internal/reflect/GeneratedSerializationConstructorAccessor72'
Event: 459.936 Thread 0x000002324815e5d0 Unloading class 0x000002324a006800 'jdk/internal/reflect/GeneratedSerializationConstructorAccessor71'
Event: 459.936 Thread 0x000002324815e5d0 Unloading class 0x000002324a005400 'jdk/internal/reflect/GeneratedSerializationConstructorAccessor70'
Event: 459.936 Thread 0x000002324815e5d0 Unloading class 0x000002324a003800 'jdk/internal/reflect/GeneratedSerializationConstructorAccessor69'
Event: 459.936 Thread 0x000002324815e5d0 Unloading class 0x000002324a002c00 'jdk/internal/reflect/GeneratedSerializationConstructorAccessor68'
Event: 459.936 Thread 0x000002324815e5d0 Unloading class 0x000002324a002400 'jdk/internal/reflect/GeneratedSerializationConstructorAccessor67'
Event: 459.936 Thread 0x000002324815e5d0 Unloading class 0x000002324a007400 'jdk/internal/reflect/GeneratedSerializationConstructorAccessor66'
Event: 459.937 Thread 0x000002324815e5d0 Unloading class 0x000002324a0f9000 'jdk/internal/reflect/GeneratedSerializationConstructorAccessor65'
Event: 738.786 Thread 0x000002324815e5d0 Unloading class 0x000002324a9c8000 'jdk/internal/reflect/GeneratedSerializationConstructorAccessor92'
Event: 738.787 Thread 0x000002324815e5d0 Unloading class 0x000002324a9b4800 'jdk/internal/reflect/GeneratedSerializationConstructorAccessor91'
Event: 738.787 Thread 0x000002324815e5d0 Unloading class 0x000002324a67c400 'jdk/internal/reflect/GeneratedSerializationConstructorAccessor90'

Classes redefined (0 events):
No events

Internal exceptions (20 events):
Event: 371.478 Thread 0x0000023290259e10 Exception <a 'sun/nio/fs/WindowsException'{0x00000000a76d8dc8}> (0x00000000a76d8dc8) 
thrown [s\src\hotspot\share\prims\jni.cpp, line 516]
Event: 371.501 Thread 0x0000023290259e10 Exception <a 'java/io/FileNotFoundException'{0x00000000a752aa28}> (0x00000000a752aa28) 
thrown [s\src\hotspot\share\prims\jni.cpp, line 516]
Event: 371.655 Thread 0x0000023290259e10 Exception <a 'sun/nio/fs/WindowsException'{0x00000000a6d92c10}> (0x00000000a6d92c10) 
thrown [s\src\hotspot\share\prims\jni.cpp, line 516]
Event: 372.513 Thread 0x0000023290259e10 Exception <a 'java/lang/reflect/InvocationTargetException'{0x00000000a70255d0}> (0x00000000a70255d0) 
thrown [s\src\hotspot\share\runtime\reflection.cpp, line 1128]
Event: 372.603 Thread 0x0000023290259e10 Exception <a 'java/lang/reflect/InvocationTargetException'{0x00000000a6abee18}> (0x00000000a6abee18) 
thrown [s\src\hotspot\share\runtime\reflection.cpp, line 1128]
Event: 373.142 Thread 0x0000023290259e10 Exception <a 'sun/nio/fs/WindowsException'{0x00000000a8885660}> (0x00000000a8885660) 
thrown [s\src\hotspot\share\prims\jni.cpp, line 516]
Event: 601.274 Thread 0x000002328e78ec20 Exception <a 'java/lang/NoSuchMethodError'{0x00000000a86f7c98}: static [B.<clinit>()V> (0x00000000a86f7c98) 
thrown [s\src\hotspot\share\prims\jni.cpp, line 1112]
Event: 901.364 Thread 0x000002328e78ec20 Exception <a 'java/lang/NoSuchMethodError'{0x00000000a949d5b8}: static [B.<clinit>()V> (0x00000000a949d5b8) 
thrown [s\src\hotspot\share\prims\jni.cpp, line 1112]
Event: 1201.721 Thread 0x000002328e78ec20 Exception <a 'java/lang/NoSuchMethodError'{0x00000000a7916aa0}: static [B.<clinit>()V> (0x00000000a7916aa0) 
thrown [s\src\hotspot\share\prims\jni.cpp, line 1112]
Event: 1217.282 Thread 0x000002329025d5c0 Exception <a 'java/lang/NoSuchMethodError'{0x00000000a83bebf0}: 'java.lang.Object java.lang.invoke.Invokers$Holder.linkToTargetMethod(java.lang.Object, int, java.lang.Object, java.lang.Object, java.lang.Object, java.lang.Object)'> (0x00000000a83bebf0) 
thrown [s\src\hotspot\share\interpreter\linkResolver.cpp, line 759]
Event: 1217.286 Thread 0x000002329025d5c0 Exception <a 'java/lang/NoSuchMethodError'{0x00000000a83cc150}: 'int java.lang.invoke.DirectMethodHandle$Holder.invokeStatic(java.lang.Object, java.lang.Object, int, java.lang.Object)'> (0x00000000a83cc150) 
thrown [s\src\hotspot\share\interpreter\linkResolver.cpp, line 759]
Event: 1217.312 Thread 0x000002329025d5c0 Exception <a 'java/lang/NoSuchMethodError'{0x00000000a8208fc0}: 'void java.lang.invoke.DirectMethodHandle$Holder.invokeStatic(java.lang.Object, int, java.lang.Object, java.lang.Object, java.lang.Object, java.lang.Object)'> (0x00000000a8208fc0) 
thrown [s\src\hotspot\share\interpreter\linkResolver.cpp, line 759]
Event: 2790.025 Thread 0x000002329025dfe0 Exception <a 'java/lang/NoSuchMethodError'{0x00000000a8cc1170}: 'int java.lang.invoke.DirectMethodHandle$Holder.invokeStatic(java.lang.Object, java.lang.Object, int, int)'> (0x00000000a8cc1170) 
thrown [s\src\hotspot\share\interpreter\linkResolver.cpp, line 759]
Event: 4219.304 Thread 0x000002328e78ec20 Exception <a 'sun/net/ConnectionResetException'{0x00000000a9681d10}: Connection reset> (0x00000000a9681d10) 
thrown [s\src\hotspot\share\prims\jni.cpp, line 535]
Event: 4273.689 Thread 0x0000023290257aa0 Exception <a 'java/io/IOException'{0x00000000a7f0c348}> (0x00000000a7f0c348) 
thrown [s\src\hotspot\share\prims\jni.cpp, line 516]
Event: 4274.056 Thread 0x00000232902593f0 Exception <a 'java/io/IOException'{0x00000000a7fd4808}> (0x00000000a7fd4808) 
thrown [s\src\hotspot\share\prims\jni.cpp, line 516]
Event: 4274.122 Thread 0x00000232902593f0 Exception <a 'java/io/IOException'{0x00000000a7fe08d0}> (0x00000000a7fe08d0) 
thrown [s\src\hotspot\share\prims\jni.cpp, line 516]
Event: 4274.257 Thread 0x00000232902593f0 Exception <a 'java/io/IOException'{0x00000000a7fe2e00}> (0x00000000a7fe2e00) 
thrown [s\src\hotspot\share\prims\jni.cpp, line 516]
Event: 4274.448 Thread 0x00000232902593f0 Exception <a 'java/lang/NoSuchMethodError'{0x00000000a7e54078}: static Lorg/springframework/security/authentication/AbstractAuthenticationToken;.<clinit>()V> (0x00000000a7e54078) 
thrown [s\src\hotspot\share\prims\jni.cpp, line 1112]
Event: 4274.614 Thread 0x000002329025a320 Exception <a 'java/lang/InterruptedException'{0x00000000a7eb0f50}: sleep interrupted> (0x00000000a7eb0f50) 
thrown [s\src\hotspot\share\prims\jvm.cpp, line 3064]

VM Operations (20 events):
Event: 4163.668 Executing VM operation: G1CollectForAllocation done
Event: 4169.670 Executing VM operation: Cleanup
Event: 4169.671 Executing VM operation: Cleanup done
Event: 4171.671 Executing VM operation: Cleanup
Event: 4171.671 Executing VM operation: Cleanup done
Event: 4187.522 Executing VM operation: G1CollectForAllocation
Event: 4187.548 Executing VM operation: G1CollectForAllocation done
Event: 4204.921 Executing VM operation: G1CollectForAllocation
Event: 4204.949 Executing VM operation: G1CollectForAllocation done
Event: 4210.339 Executing VM operation: HandshakeAllThreads
Event: 4210.339 Executing VM operation: HandshakeAllThreads done
Event: 4221.952 Executing VM operation: G1CollectForAllocation
Event: 4221.957 Executing VM operation: G1CollectForAllocation done
Event: 4244.410 Executing VM operation: G1CollectForAllocation
Event: 4244.417 Executing VM operation: G1CollectForAllocation done
Event: 4270.582 Executing VM operation: HandshakeAllThreads
Event: 4270.598 Executing VM operation: HandshakeAllThreads done
Event: 4270.599 Executing VM operation: Cleanup
Event: 4270.618 Executing VM operation: Cleanup done
Event: 4274.625 Executing VM operation: G1CollectFull

Events (20 events):
Event: 4273.701 Thread 0x00000232902593f0 Thread added: 0x00000232902593f0
Event: 4273.703 Thread 0x0000023290257aa0 Thread exited: 0x0000023290257aa0
Event: 4273.967 Thread 0x000002329025ea00 Thread exited: 0x000002329025ea00
Event: 4273.976 Thread 0x000002329025dad0 Thread exited: 0x000002329025dad0
Event: 4274.000 Thread 0x000002329025e4f0 Thread exited: 0x000002329025e4f0
Event: 4274.000 Thread 0x0000023290257fb0 Thread exited: 0x0000023290257fb0
Event: 4274.000 Thread 0x000002329025dfe0 Thread exited: 0x000002329025dfe0
Event: 4274.001 Thread 0x000002329025c690 Thread exited: 0x000002329025c690
Event: 4274.001 Thread 0x000002329025b760 Thread exited: 0x000002329025b760
Event: 4274.002 Thread 0x000002329025d5c0 Thread exited: 0x000002329025d5c0
Event: 4274.002 Thread 0x000002329025c180 Thread exited: 0x000002329025c180
Event: 4274.002 Thread 0x000002329025bc70 Thread exited: 0x000002329025bc70
Event: 4274.002 Thread 0x000002329025d0b0 Thread exited: 0x000002329025d0b0
Event: 4274.002 Thread 0x000002329025cba0 Thread exited: 0x000002329025cba0
Event: 4274.137 Thread 0x0000023290257aa0 Thread added: 0x0000023290257aa0
Event: 4274.140 Thread 0x000002329025ad40 Thread exited: 0x000002329025ad40
Event: 4274.257 Thread 0x0000023290257aa0 Thread exited: 0x0000023290257aa0
Event: 4274.614 Thread 0x00000232902589d0 Thread exited: 0x00000232902589d0
Event: 4274.614 Thread 0x000002329025a830 Thread exited: 0x000002329025a830
Event: 4274.614 Thread 0x000002329025a320 Thread exited: 0x000002329025a320


Dynamic libraries:
0x00007ff79c2f0000 - 0x00007ff79c2fe000 	C:\Program Files\Eclipse Adoptium\jdk-17.0.12.7-hotspot\bin\javaw.exe
0x00007ff937fa0000 - 0x00007ff938205000 	C:\WINDOWS\SYSTEM32\ntdll.dll
0x00007ff9366d0000 - 0x00007ff936799000 	C:\WINDOWS\System32\KERNEL32.DLL
0x00007ff9357d0000 - 0x00007ff935bb8000 	C:\WINDOWS\System32\KERNELBASE.dll
0x00007ff935680000 - 0x00007ff9357cb000 	C:\WINDOWS\System32\ucrtbase.dll
0x00007ff921f40000 - 0x00007ff921f5b000 	C:\Program Files\Eclipse Adoptium\jdk-17.0.12.7-hotspot\bin\VCRUNTIME140.dll
0x00007ff916530000 - 0x00007ff916547000 	C:\Program Files\Eclipse Adoptium\jdk-17.0.12.7-hotspot\bin\jli.dll
0x00007ff9360c0000 - 0x00007ff93628a000 	C:\WINDOWS\System32\USER32.dll
0x00007ff935440000 - 0x00007ff935467000 	C:\WINDOWS\System32\win32u.dll
0x00007ff937430000 - 0x00007ff93745b000 	C:\WINDOWS\System32\GDI32.dll
0x00007ff935180000 - 0x00007ff9352b7000 	C:\WINDOWS\System32\gdi32full.dll
0x00007ff935470000 - 0x00007ff935513000 	C:\WINDOWS\System32\msvcp_win.dll
0x00007ff91edb0000 - 0x00007ff91f04a000 	C:\WINDOWS\WinSxS\amd64_microsoft.windows.common-controls_6595b64144ccf1df_6.0.26100.4202_none_3e0698d4e335f517\COMCTL32.dll
0x00007ff936300000 - 0x00007ff9363a9000 	C:\WINDOWS\System32\msvcrt.dll
0x00007ff935d70000 - 0x00007ff935da0000 	C:\WINDOWS\System32\IMM32.DLL
0x000000006c240000 - 0x000000006c24c000 	C:\Program Files (x86)\360\Total Security\safemon\SafeWrapper.dll
0x00007ff936a80000 - 0x00007ff936b33000 	C:\WINDOWS\System32\ADVAPI32.dll
0x00007ff936010000 - 0x00007ff9360b6000 	C:\WINDOWS\System32\sechost.dll
0x00007ff935e00000 - 0x00007ff935f15000 	C:\WINDOWS\System32\RPCRT4.dll
0x00007ff8ac890000 - 0x00007ff8ac93c000 	C:\Program Files (x86)\360\Total Security\safemon\libzdtp64.dll
0x00007ff937460000 - 0x00007ff937ba2000 	C:\WINDOWS\System32\SHELL32.dll
0x00007ff9352c0000 - 0x00007ff935434000 	C:\WINDOWS\System32\wintypes.dll
0x00007ff937bb0000 - 0x00007ff937f35000 	C:\WINDOWS\System32\combase.dll
0x00007ff936290000 - 0x00007ff9362fa000 	C:\WINDOWS\System32\SHLWAPI.dll
0x00007ff934a10000 - 0x00007ff934a1b000 	C:\WINDOWS\SYSTEM32\VERSION.dll
0x00007ff924ff0000 - 0x00007ff924ffc000 	C:\Program Files\Eclipse Adoptium\jdk-17.0.12.7-hotspot\bin\vcruntime140_1.dll
0x00007ff8c2430000 - 0x00007ff8c24bd000 	C:\Program Files\Eclipse Adoptium\jdk-17.0.12.7-hotspot\bin\msvcp140.dll
0x00007ff868370000 - 0x00007ff868fda000 	C:\Program Files\Eclipse Adoptium\jdk-17.0.12.7-hotspot\bin\server\jvm.dll
0x00007ff936b60000 - 0x00007ff936bd4000 	C:\WINDOWS\System32\WS2_32.dll
0x00007ff934f40000 - 0x00007ff934f9e000 	C:\WINDOWS\SYSTEM32\POWRPROF.dll
0x00007ff92da60000 - 0x00007ff92da95000 	C:\WINDOWS\SYSTEM32\WINMM.dll
0x00007ff934f20000 - 0x00007ff934f34000 	C:\WINDOWS\SYSTEM32\UMPDC.dll
0x00007ff933e00000 - 0x00007ff933e1b000 	C:\WINDOWS\SYSTEM32\kernel.appcore.dll
0x00007ff9238f0000 - 0x00007ff9238fa000 	C:\Program Files\Eclipse Adoptium\jdk-17.0.12.7-hotspot\bin\jimage.dll
0x00007ff927d70000 - 0x00007ff927fb1000 	C:\WINDOWS\SYSTEM32\DBGHELP.DLL
0x00007ff937330000 - 0x00007ff937411000 	C:\WINDOWS\System32\OLEAUT32.dll
0x00007ff921ec0000 - 0x00007ff921ef9000 	C:\WINDOWS\SYSTEM32\dbgcore.DLL
0x00007ff9355e0000 - 0x00007ff935679000 	C:\WINDOWS\System32\bcryptPrimitives.dll
0x00007ff914540000 - 0x00007ff914565000 	C:\Program Files\Eclipse Adoptium\jdk-17.0.12.7-hotspot\bin\java.dll
0x00007ff88ff10000 - 0x00007ff88ffe7000 	C:\Program Files\Eclipse Adoptium\jdk-17.0.12.7-hotspot\bin\jsvml.dll
0x00007ff932cc0000 - 0x00007ff933517000 	C:\WINDOWS\SYSTEM32\windows.storage.dll
0x00007ff936980000 - 0x00007ff936a71000 	C:\WINDOWS\System32\SHCORE.dll
0x00007ff935000000 - 0x00007ff93502f000 	C:\WINDOWS\SYSTEM32\profapi.dll
0x00007ff90ef40000 - 0x00007ff90ef59000 	C:\Program Files\Eclipse Adoptium\jdk-17.0.12.7-hotspot\bin\net.dll
0x00007ff92d930000 - 0x00007ff92da4e000 	C:\WINDOWS\SYSTEM32\WINHTTP.dll
0x00007ff934350000 - 0x00007ff9343ba000 	C:\WINDOWS\system32\mswsock.dll
0x00007ff90ef20000 - 0x00007ff90ef36000 	C:\Program Files\Eclipse Adoptium\jdk-17.0.12.7-hotspot\bin\nio.dll
0x00007ff90ec80000 - 0x00007ff90ec98000 	C:\Program Files\Eclipse Adoptium\jdk-17.0.12.7-hotspot\bin\zip.dll
0x00007ff925cf0000 - 0x00007ff925cf9000 	C:\Program Files\Eclipse Adoptium\jdk-17.0.12.7-hotspot\bin\management.dll
0x00007ff925ce0000 - 0x00007ff925ceb000 	C:\Program Files\Eclipse Adoptium\jdk-17.0.12.7-hotspot\bin\management_ext.dll
0x00007ff937f50000 - 0x00007ff937f58000 	C:\WINDOWS\System32\PSAPI.DLL
0x00007ff918c40000 - 0x00007ff918c58000 	C:\WINDOWS\system32\napinsp.dll
0x00007ff9338a0000 - 0x00007ff9339c7000 	C:\WINDOWS\SYSTEM32\DNSAPI.dll
0x00007ff933810000 - 0x00007ff933843000 	C:\WINDOWS\SYSTEM32\IPHLPAPI.DLL
0x00007ff937420000 - 0x00007ff93742a000 	C:\WINDOWS\System32\NSI.dll
0x00007ff918bf0000 - 0x00007ff918c02000 	C:\WINDOWS\System32\winrnr.dll
0x00007ff918bb0000 - 0x00007ff918be0000 	C:\WINDOWS\system32\nlansp_c.dll
0x00007ff9182c0000 - 0x00007ff9182e0000 	C:\WINDOWS\system32\wshbth.dll
0x00007ff92e360000 - 0x00007ff92e36b000 	C:\Windows\System32\rasadhlp.dll
0x00007ff92b030000 - 0x00007ff92b0b6000 	C:\WINDOWS\System32\fwpuclnt.dll
0x00007ff934730000 - 0x00007ff93474b000 	C:\WINDOWS\SYSTEM32\CRYPTSP.dll
0x00007ff933d60000 - 0x00007ff933d9a000 	C:\WINDOWS\system32\rsaenh.dll
0x00007ff9343f0000 - 0x00007ff93441b000 	C:\WINDOWS\SYSTEM32\USERENV.dll
0x00007ff934fd0000 - 0x00007ff934ff6000 	C:\WINDOWS\SYSTEM32\bcrypt.dll
0x00007ff934590000 - 0x00007ff93459c000 	C:\WINDOWS\SYSTEM32\CRYPTBASE.dll
0x00007ff92d900000 - 0x00007ff92d91f000 	C:\WINDOWS\SYSTEM32\dhcpcsvc6.DLL
0x00007ff92d8d0000 - 0x00007ff92d8f5000 	C:\WINDOWS\SYSTEM32\dhcpcsvc.DLL
0x00007ff922650000 - 0x00007ff922659000 	C:\Program Files\Eclipse Adoptium\jdk-17.0.12.7-hotspot\bin\extnet.dll
0x00007ff914700000 - 0x00007ff91470e000 	C:\Program Files\Eclipse Adoptium\jdk-17.0.12.7-hotspot\bin\sunmscapi.dll
0x00007ff935bc0000 - 0x00007ff935d37000 	C:\WINDOWS\System32\CRYPT32.dll
0x00007ff934880000 - 0x00007ff9348b0000 	C:\WINDOWS\SYSTEM32\ncrypt.dll
0x00007ff934830000 - 0x00007ff93486f000 	C:\WINDOWS\SYSTEM32\NTASN1.dll
0x00007ff923770000 - 0x00007ff923780000 	C:\Program Files\Eclipse Adoptium\jdk-17.0.12.7-hotspot\bin\verify.dll
0x00007ff914570000 - 0x00007ff914578000 	C:\WINDOWS\system32\wshunix.dll

dbghelp: loaded successfully - version: 4.0.5 - missing functions: none
symbol engine: initialized successfully - sym options: 0x614 - pdb path: .;C:\Program Files\Eclipse Adoptium\jdk-17.0.12.7-hotspot\bin;C:\WINDOWS\SYSTEM32;C:\WINDOWS\WinSxS\amd64_microsoft.windows.common-controls_6595b64144ccf1df_6.0.26100.4202_none_3e0698d4e335f517;C:\Program Files (x86)\360\Total Security\safemon;C:\Program Files\Eclipse Adoptium\jdk-17.0.12.7-hotspot\bin\server

VM Arguments:
jvm_args: -Dcom.sun.management.jmxremote -Dcom.sun.management.jmxremote.port=49643 -Dcom.sun.management.jmxremote.authenticate=false -Dcom.sun.management.jmxremote.ssl=false -Djava.rmi.server.hostname=localhost -Dspring.jmx.enabled=true -Dmanagement.endpoints.jmx.exposure.include=* -Dspring.application.admin.enabled=true -Dspring.output.ansi.enabled=always -XX:TieredStopAtLevel=1 -Dspring.boot.project.name=Pet-Mart-master -Dfile.encoding=UTF-8 -Dstdout.encoding=UTF-8 -Dstderr.encoding=UTF-8 -XX:+ShowCodeDetailsInExceptionMessages 
java_command: com.example.demo.OnlinePetStoreApplication
java_class_path (initial): C:\Users\LENOVO\Desktop\Pet-Mart-React\Pet-Mart-React\Pet-Mart-master1\target\classes;C:\Users\LENOVO\.m2\repository\org\springframework\boot\spring-boot-starter-data-jpa\3.2.3\spring-boot-starter-data-jpa-3.2.3.jar;C:\Users\LENOVO\.m2\repository\org\springframework\boot\spring-boot-starter-aop\3.2.3\spring-boot-starter-aop-3.2.3.jar;C:\Users\LENOVO\.m2\repository\org\aspectj\aspectjweaver\1.9.21\aspectjweaver-1.9.21.jar;C:\Users\LENOVO\.m2\repository\org\springframework\boot\spring-boot-starter-jdbc\3.2.3\spring-boot-starter-jdbc-3.2.3.jar;C:\Users\LENOVO\.m2\repository\com\zaxxer\HikariCP\5.0.1\HikariCP-5.0.1.jar;C:\Users\LENOVO\.m2\repository\org\springframework\spring-jdbc\6.1.4\spring-jdbc-6.1.4.jar;C:\Users\LENOVO\.m2\repository\org\hibernate\orm\hibernate-core\6.4.4.Final\hibernate-core-6.4.4.Final.jar;C:\Users\LENOVO\.m2\repository\jakarta\persistence\jakarta.persistence-api\3.1.0\jakarta.persistence-api-3.1.0.jar;C:\Users\LENOVO\.m2\repository\jakarta\transaction\jakarta.transaction-api\2.0.1\jakarta.transaction-api-2.0.1.jar;C:\Users\LENOVO\.m2\repository\org\jboss\logging\jboss-logging\3.5.3.Final\jboss-logging-3.5.3.Final.jar;C:\Users\LENOVO\.m2\repository\org\hibernate\common\hibernate-commons-annotations\6.0.6.Final\hibernate-commons-annotations-6.0.6.Final.jar;C:\Users\LENOVO\.m2\repository\io\smallrye\jandex\3.1.2\jandex-3.1.2.jar;C:\Users\LENOVO\.m2\repository\com\fasterxml\classmate\1.6.0\classmate-1.6.0.jar;C:\Users\LENOVO\.m2\repository\net\bytebuddy\byte-buddy\1.14.12\byte-buddy-1.14.12.jar;C:\Users\LENOVO\.m2\repository\org\glassfish\jaxb\jaxb-runtime\4.0.4\jaxb-runtime-4.0.4.jar;C:\Users\LENOVO\.m2\repository\org\glassfish\jaxb\jaxb-core\4.0.4\jaxb-core-4.0.4.jar;C:\Users\LENOVO\.m2\repository\org\eclipse\angus\angus-activation\2.0.1\angus-activation-2.0.1.jar;C:\Users\LENOVO\.m2\repository\org\glassfish\jaxb\txw2\4.0.4\txw2-4.0.4.jar;C:\Users\LENOVO\.m2\repository\com\sun\istack\istack-commons-runtime\4.1.2\istack
Launcher Type: SUN_STANDARD

[Global flags]
     intx CICompilerCount                          = 4                                         {product} {ergonomic}
     uint ConcGCThreads                            = 3                                         {product} {ergonomic}
     uint G1ConcRefinementThreads                  = 10                                        {product} {ergonomic}
   size_t G1HeapRegionSize                         = 1048576                                   {product} {ergonomic}
    uintx GCDrainStackTargetSize                   = 64                                        {product} {ergonomic}
   size_t InitialHeapSize                          = 98566144                                  {product} {ergonomic}
     bool ManagementServer                         = true                                      {product} {command line}
   size_t MarkStackSize                            = 4194304                                   {product} {ergonomic}
   size_t MaxHeapSize                              = 1570766848                                {product} {ergonomic}
   size_t MaxNewSize                               = 941621248                                 {product} {ergonomic}
   size_t MinHeapDeltaBytes                        = 1048576                                   {product} {ergonomic}
   size_t MinHeapSize                              = 8388608                                   {product} {ergonomic}
    uintx NonProfiledCodeHeapSize                  = 0                                      {pd product} {ergonomic}
     bool ProfileInterpreter                       = false                                  {pd product} {command line}
    uintx ProfiledCodeHeapSize                     = 0                                      {pd product} {ergonomic}
     bool ShowCodeDetailsInExceptionMessages       = true                                   {manageable} {command line}
   size_t SoftMaxHeapSize                          = 1570766848                             {manageable} {ergonomic}
     intx TieredStopAtLevel                        = 1                                         {product} {command line}
     bool UseCompressedClassPointers               = true                           {product lp64_product} {ergonomic}
     bool UseCompressedOops                        = true                           {product lp64_product} {ergonomic}
     bool UseG1GC                                  = true                                      {product} {ergonomic}
     bool UseLargePagesIndividualAllocation        = false                                  {pd product} {ergonomic}

Logging:
Log output configuration:
 #0: stdout all=warning uptime,level,tags
 #1: stderr all=off uptime,level,tags

Environment Variables:
JAVA_HOME=C:\Program Files\Eclipse Adoptium\jdk-17.0.12.7-hotspot\
PATH=C:/Users/LENOVO/Desktop/PG_DAC/Advance Java/sts-4.30.0.RELEASE//plugins/org.eclipse.justj.openjdk.hotspot.jre.full.win32.x86_64_21.0.6.v20250130-0529/jre/bin/server;C:/Users/LENOVO/Desktop/PG_DAC/Advance Java/sts-4.30.0.RELEASE//plugins/org.eclipse.justj.openjdk.hotspot.jre.full.win32.x86_64_21.0.6.v20250130-0529/jre/bin;C:\Users\LENOVO\Downloads\apache-maven-3.9.9-bin\apache-maven-3.9.9\bin;C:\Program Files\nodejs\;C:\Users\LENOVO\Downloads\apache-maven-3.9.9-bin\apache-maven-3.9.9\bin;C:\Users\LENOVO\AppData\Roaming\npm;C:\Users\LENOVO\AppData\Local\Programs\cursor\resources\app\bin;C:\Users\LENOVO\AppData\Local\Programs\Microsoft VS Code\bin;C:\Users\LENOVO\Desktop\PG_DAC\Advance Java\sts-4.30.0.RELEASE;
USERNAME=LENOVO
OS=Windows_NT
PROCESSOR_IDENTIFIER=AMD64 Family 23 Model 104 Stepping 1, AuthenticAMD
TMP=C:\Users\LENOVO\AppData\Local\Temp
TEMP=C:\Users\LENOVO\AppData\Local\Temp



Periodic native trim disabled


---------------  S Y S T E M  ---------------

OS:
 Windows 11 , 64 bit Build 26100 (10.0.26100.4202)
OS uptime: 0 days 12:13 hours
Hyper-V role detected

CPU: total 12 (initial active 12) (12 cores per cpu, 2 threads per core) family 23 model 104 stepping 1 microcode 0x8608103, cx8, cmov, fxsr, ht, mmx, 3dnowpref, sse, sse2, sse3, ssse3, sse4a, sse4.1, sse4.2, popcnt, lzcnt, tsc, tscinvbit, avx, avx2, aes, clmul, bmi1, bmi2, adx, sha, fma, vzeroupper, clflush, clflushopt, hv
Processor Information for processor 0
  Max Mhz: 2100, Current Mhz: 2100, Mhz Limit: 2100
Processor Information for processor 1
  Max Mhz: 2100, Current Mhz: 1988, Mhz Limit: 2100
Processor Information for processor 2
  Max Mhz: 2100, Current Mhz: 2100, Mhz Limit: 2100
Processor Information for processor 3
  Max Mhz: 2100, Current Mhz: 1988, Mhz Limit: 2100
Processor Information for processor 4
  Max Mhz: 2100, Current Mhz: 1988, Mhz Limit: 2100
Processor Information for processor 5
  Max Mhz: 2100, Current Mhz: 1988, Mhz Limit: 2100
Processor Information for processor 6
  Max Mhz: 2100, Current Mhz: 2100, Mhz Limit: 2100
Processor Information for processor 7
  Max Mhz: 2100, Current Mhz: 2100, Mhz Limit: 2100
Processor Information for processor 8
  Max Mhz: 2100, Current Mhz: 2100, Mhz Limit: 2100
Processor Information for processor 9
  Max Mhz: 2100, Current Mhz: 2100, Mhz Limit: 2100
Processor Information for processor 10
  Max Mhz: 2100, Current Mhz: 2100, Mhz Limit: 2100
Processor Information for processor 11
  Max Mhz: 2100, Current Mhz: 2100, Mhz Limit: 2100

Memory: 4k page, system-wide physical 5989M (676M free)
TotalPageFile size 24421M (AvailPageFile size 5M)
current process WorkingSet (physical memory assigned to process): 72M, peak: 248M
current process commit charge ("private bytes"): 364M, peak: 366M

vm_info: OpenJDK 64-Bit Server VM (17.0.12+7) for windows-amd64 JRE (17.0.12+7), built on Jul 16 2024 22:08:24 by "admin" with MS VC++ 16.10 / 16.11 (VS2019)

END.
