#
# There is insufficient memory for the Java Runtime Environment to continue.
# Native memory allocation (malloc) failed to allocate 534736 bytes. Error detail: Chunk::new
# Possible reasons:
#   The system is out of physical RAM or swap space
#   This process is running with CompressedOops enabled, and the Java Heap may be blocking the growth of the native heap
# Possible solutions:
#   Reduce memory load on the system
#   Increase physical memory or swap space
#   Check if swap backing store is full
#   Decrease Java heap size (-Xmx/-Xms)
#   Decrease number of Java threads
#   Decrease Java thread stack sizes (-Xss)
#   Set larger code cache with -XX:ReservedCodeCacheSize=
#   JVM is running with Unscaled Compressed Oops mode in which the Java heap is
#     placed in the first 4GB address space. The Java Heap base address is the
#     maximum limit for the native heap growth. Please use -XX:HeapBaseMinAddress
#     to set the Java Heap base and to place the Java Heap above 4GB virtual address.
# This output file may be truncated or incomplete.
#
#  Out of Memory Error (arena.cpp:191), pid=33280, tid=36804
#
# JRE version: OpenJDK Runtime Environment Temurin-17.0.12+7 (17.0.12+7) (build 17.0.12+7)
# Java VM: OpenJDK 64-Bit Server VM Temurin-17.0.12+7 (17.0.12+7, mixed mode, sharing, tiered, compressed oops, compressed class ptrs, g1 gc, windows-amd64)
# No core dump will be written. Minidumps are not enabled by default on client versions of Windows
#

---------------  S U M M A R Y ------------

Command Line: -Dmaven.home=EMBEDDED -Dclassworlds.conf=C:\Users\LENOVO\Desktop\Pet-Mart-React\backend\.metadata\.plugins\org.eclipse.m2e.launching\launches\m2conf13836877659005301613.tmp -Dmaven.multiModuleProjectDirectory=C:\Users\LENOVO\Desktop\Pet-Mart-React\Pet-Mart-React\Pet-Mart-master1 -Dm2e.build.project.data.socket.port=65115 -Dfile.encoding=UTF-8 -Dstdout.encoding=UTF-8 -Dstderr.encoding=UTF-8 -XX:+ShowCodeDetailsInExceptionMessages org.codehaus.plexus.classworlds.launcher.Launcher -B -Dstyle.color=always clean compile

Host: AMD Ryzen 5 5500U with Radeon Graphics         , 12 cores, 5G,  Windows 11 , 64 bit Build 26100 (10.0.26100.4202)
Time: Thu Jun  5 20:29:14 2025 India Standard Time elapsed time: 10.374293 seconds (0d 0h 0m 10s)

---------------  T H R E A D  ---------------

Current thread (0x0000018cff086980):  JavaThread "C2 CompilerThread1" daemon [_thread_in_native, id=36804, stack(0x00000088f3f00000,0x00000088f4000000)]


Current CompileTask:
C2:  10374 4793       4       jdk.internal.org.objectweb.asm.Frame::execute (2305 bytes)

Stack: [0x00000088f3f00000,0x00000088f4000000]
Native frames: (J=compiled Java code, j=interpreted, Vv=VM code, C=native code)
V  [jvm.dll+0x67f929]
V  [jvm.dll+0x8371ba]
V  [jvm.dll+0x838c7e]
V  [jvm.dll+0x8392e3]
V  [jvm.dll+0x24834f]
V  [jvm.dll+0xac9d4]
V  [jvm.dll+0xad01c]
V  [jvm.dll+0x11f8a7]
V  [jvm.dll+0x611475]
V  [jvm.dll+0x60fb1a]
V  [jvm.dll+0x21a728]
V  [jvm.dll+0x219cf1]
V  [jvm.dll+0x1a58bd]
V  [jvm.dll+0x229a2d]
V  [jvm.dll+0x227bdc]
V  [jvm.dll+0x7ec1f7]
V  [jvm.dll+0x7e65dc]
V  [jvm.dll+0x67e7f7]
C  [ucrtbase.dll+0x37b0]
C  [KERNEL32.DLL+0x2e8d7]
C  [ntdll.dll+0x3c34c]


---------------  P R O C E S S  ---------------

Threads class SMR info:
_java_thread_list=0x0000018cff2804c0, length=13, elements={
0x0000018c9e93ca00, 0x0000018cbbd416e0, 0x0000018cbbd43d30, 0x0000018cbbd56dc0,
0x0000018cbbd57890, 0x0000018cbbd5a270, 0x0000018cbbd62de0, 0x0000018cbbd6dcb0,
0x0000018cbbd6e5c0, 0x0000018cbbd72a60, 0x0000018cbc834550, 0x0000018cbc848b20,
0x0000018cff086980
}

Java Threads: ( => current thread )
  0x0000018c9e93ca00 JavaThread "main" [_thread_blocked, id=9416, stack(0x00000088f2300000,0x00000088f2400000)]
  0x0000018cbbd416e0 JavaThread "Reference Handler" daemon [_thread_blocked, id=39072, stack(0x00000088f2a00000,0x00000088f2b00000)]
  0x0000018cbbd43d30 JavaThread "Finalizer" daemon [_thread_blocked, id=25036, stack(0x00000088f2b00000,0x00000088f2c00000)]
  0x0000018cbbd56dc0 JavaThread "Signal Dispatcher" daemon [_thread_blocked, id=3368, stack(0x00000088f2c00000,0x00000088f2d00000)]
  0x0000018cbbd57890 JavaThread "Attach Listener" daemon [_thread_blocked, id=37280, stack(0x00000088f2d00000,0x00000088f2e00000)]
  0x0000018cbbd5a270 JavaThread "Service Thread" daemon [_thread_blocked, id=38844, stack(0x00000088f2e00000,0x00000088f2f00000)]
  0x0000018cbbd62de0 JavaThread "Monitor Deflation Thread" daemon [_thread_blocked, id=32156, stack(0x00000088f2f00000,0x00000088f3000000)]
  0x0000018cbbd6dcb0 JavaThread "C2 CompilerThread0" daemon [_thread_blocked, id=25404, stack(0x00000088f3000000,0x00000088f3100000)]
  0x0000018cbbd6e5c0 JavaThread "C1 CompilerThread0" daemon [_thread_blocked, id=23204, stack(0x00000088f3100000,0x00000088f3200000)]
  0x0000018cbbd72a60 JavaThread "Sweeper thread" daemon [_thread_blocked, id=14696, stack(0x00000088f3200000,0x00000088f3300000)]
  0x0000018cbc834550 JavaThread "Notification Thread" daemon [_thread_blocked, id=35900, stack(0x00000088f3300000,0x00000088f3400000)]
  0x0000018cbc848b20 JavaThread "Common-Cleaner" daemon [_thread_blocked, id=12168, stack(0x00000088f3500000,0x00000088f3600000)]
=>0x0000018cff086980 JavaThread "C2 CompilerThread1" daemon [_thread_in_native, id=36804, stack(0x00000088f3f00000,0x00000088f4000000)]

Other Threads:
  0x0000018cbbd3d1b0 VMThread "VM Thread" [stack: 0x00000088f2900000,0x00000088f2a00000] [id=14480]
  0x0000018cbc83fa70 WatcherThread [stack: 0x00000088f3400000,0x00000088f3500000] [id=16920]
  0x0000018c9e988a00 GCTaskThread "GC Thread#0" [stack: 0x00000088f2400000,0x00000088f2500000] [id=15436]
  0x0000018cfe519d20 GCTaskThread "GC Thread#1" [stack: 0x00000088f3600000,0x00000088f3700000] [id=39160]
  0x0000018cfe6fda10 GCTaskThread "GC Thread#2" [stack: 0x00000088f3700000,0x00000088f3800000] [id=39504]
  0x0000018cfe6fdcd0 GCTaskThread "GC Thread#3" [stack: 0x00000088f3800000,0x00000088f3900000] [id=9944]
  0x0000018cfe509380 GCTaskThread "GC Thread#4" [stack: 0x00000088f3900000,0x00000088f3a00000] [id=39140]
  0x0000018cfe509640 GCTaskThread "GC Thread#5" [stack: 0x00000088f3a00000,0x00000088f3b00000] [id=15488]
  0x0000018cfe76a180 GCTaskThread "GC Thread#6" [stack: 0x00000088f3b00000,0x00000088f3c00000] [id=17272]
  0x0000018cfe76a440 GCTaskThread "GC Thread#7" [stack: 0x00000088f3c00000,0x00000088f3d00000] [id=14316]
  0x0000018cfe76a700 GCTaskThread "GC Thread#8" [stack: 0x00000088f3d00000,0x00000088f3e00000] [id=19784]
  0x0000018cfe6b58b0 GCTaskThread "GC Thread#9" [stack: 0x00000088f3e00000,0x00000088f3f00000] [id=18180]
  0x0000018c9e996be0 ConcurrentGCThread "G1 Main Marker" [stack: 0x00000088f2500000,0x00000088f2600000] [id=34468]
  0x0000018c9e997510 ConcurrentGCThread "G1 Conc#0" [stack: 0x00000088f2600000,0x00000088f2700000] [id=31420]
  0x0000018c9e9cd780 ConcurrentGCThread "G1 Refine#0" [stack: 0x00000088f2700000,0x00000088f2800000] [id=10528]
  0x0000018cbbbf9fc0 ConcurrentGCThread "G1 Service" [stack: 0x00000088f2800000,0x00000088f2900000] [id=30368]

Threads with active compile tasks:
C2 CompilerThread1    10429 4793       4       jdk.internal.org.objectweb.asm.Frame::execute (2305 bytes)

VM state: at safepoint (normal execution)

VM Mutex/Monitor currently owned by a thread:  ([mutex/lock_event])
[0x0000018c9cf7d470] Threads_lock - owner thread: 0x0000018cbbd3d1b0
[0x0000018c9cfab120] Heap_lock - owner thread: 0x0000018c9e93ca00

Heap address: 0x00000000a2600000, size: 1498 MB, Compressed Oops mode: 32-bit

CDS archive(s) mapped at: [0x0000018cbd000000-0x0000018cbdbb0000-0x0000018cbdbb0000), size 12255232, SharedBaseAddress: 0x0000018cbd000000, ArchiveRelocationMode: 1.
Compressed class space mapped at: 0x0000018cbe000000-0x0000018cfe000000, reserved size: 1073741824
Narrow klass base: 0x0000018cbd000000, Narrow klass shift: 0, Narrow klass range: 0x100000000

GC Precious Log:
 CPUs: 12 total, 12 available
 Memory: 5989M
 Large Page Support: Disabled
 NUMA Support: Disabled
 Compressed Oops: Enabled (32-bit)
 Heap Region Size: 1M
 Heap Min Capacity: 8M
 Heap Initial Capacity: 94M
 Heap Max Capacity: 1498M
 Pre-touch: Disabled
 Parallel Workers: 10
 Concurrent Workers: 3
 Concurrent Refinement Workers: 10
 Periodic GC: Disabled

Heap:
 garbage-first heap   total 96256K, used 29371K [0x00000000a2600000, 0x0000000100000000)
  region size 1024K, 13 young (13312K), 1 survivors (1024K)
 Metaspace       used 21289K, committed 21504K, reserved 1114112K
  class space    used 2387K, committed 2496K, reserved 1048576K

Heap Regions: E=young(eden), S=young(survivor), O=old, HS=humongous(starts), HC=humongous(continues), CS=collection set, F=free, OA=open archive, CA=closed archive, TAMS=top-at-mark-start (previous, next)
|   0|0x00000000a2600000, 0x00000000a2700000, 0x00000000a2700000|100%| O|  |TAMS 0x00000000a2600000, 0x00000000a2700000| Untracked 
|   1|0x00000000a2700000, 0x00000000a2800000, 0x00000000a2800000|100%| O|  |TAMS 0x00000000a2700000, 0x00000000a2800000| Untracked 
|   2|0x00000000a2800000, 0x00000000a2900000, 0x00000000a2900000|100%| O|  |TAMS 0x00000000a2800000, 0x00000000a2900000| Untracked 
|   3|0x00000000a2900000, 0x00000000a2a00000, 0x00000000a2a00000|100%| O|  |TAMS 0x00000000a2900000, 0x00000000a2a00000| Untracked 
|   4|0x00000000a2a00000, 0x00000000a2b00000, 0x00000000a2b00000|100%| O|  |TAMS 0x00000000a2a00000, 0x00000000a2b00000| Untracked 
|   5|0x00000000a2b00000, 0x00000000a2c00000, 0x00000000a2c00000|100%| O|  |TAMS 0x00000000a2b00000, 0x00000000a2c00000| Untracked 
|   6|0x00000000a2c00000, 0x00000000a2d00000, 0x00000000a2d00000|100%| O|  |TAMS 0x00000000a2c00000, 0x00000000a2d00000| Untracked 
|   7|0x00000000a2d00000, 0x00000000a2e00000, 0x00000000a2e00000|100%| O|  |TAMS 0x00000000a2d00000, 0x00000000a2e00000| Untracked 
|   8|0x00000000a2e00000, 0x00000000a2f00000, 0x00000000a2f00000|100%| O|  |TAMS 0x00000000a2e00000, 0x00000000a2f00000| Untracked 
|   9|0x00000000a2f00000, 0x00000000a3000000, 0x00000000a3000000|100%| O|  |TAMS 0x00000000a2f00000, 0x00000000a3000000| Untracked 
|  10|0x00000000a3000000, 0x00000000a3100000, 0x00000000a3100000|100%| O|  |TAMS 0x00000000a3000000, 0x00000000a3100000| Untracked 
|  11|0x00000000a3100000, 0x00000000a3194968, 0x00000000a3200000| 58%| O|  |TAMS 0x00000000a3100000, 0x00000000a3173a00| Untracked 
|  12|0x00000000a3200000, 0x00000000a3200000, 0x00000000a3300000|  0%| F|  |TAMS 0x00000000a3200000, 0x00000000a3200000| Untracked 
|  13|0x00000000a3300000, 0x00000000a3300000, 0x00000000a3400000|  0%| F|  |TAMS 0x00000000a3300000, 0x00000000a3300000| Untracked 
|  14|0x00000000a3400000, 0x00000000a3400000, 0x00000000a3500000|  0%| F|  |TAMS 0x00000000a3400000, 0x00000000a3400000| Untracked 
|  15|0x00000000a3500000, 0x00000000a3500000, 0x00000000a3600000|  0%| F|  |TAMS 0x00000000a3500000, 0x00000000a3500000| Untracked 
|  16|0x00000000a3600000, 0x00000000a3600000, 0x00000000a3700000|  0%| F|  |TAMS 0x00000000a3600000, 0x00000000a3600000| Untracked 
|  17|0x00000000a3700000, 0x00000000a3700000, 0x00000000a3800000|  0%| F|  |TAMS 0x00000000a3700000, 0x00000000a3700000| Untracked 
|  18|0x00000000a3800000, 0x00000000a3800000, 0x00000000a3900000|  0%| F|  |TAMS 0x00000000a3800000, 0x00000000a3800000| Untracked 
|  19|0x00000000a3900000, 0x00000000a3900000, 0x00000000a3a00000|  0%| F|  |TAMS 0x00000000a3900000, 0x00000000a3900000| Untracked 
|  20|0x00000000a3a00000, 0x00000000a3a00000, 0x00000000a3b00000|  0%| F|  |TAMS 0x00000000a3a00000, 0x00000000a3a00000| Untracked 
|  21|0x00000000a3b00000, 0x00000000a3b00000, 0x00000000a3c00000|  0%| F|  |TAMS 0x00000000a3b00000, 0x00000000a3b00000| Untracked 
|  22|0x00000000a3c00000, 0x00000000a3c00000, 0x00000000a3d00000|  0%| F|  |TAMS 0x00000000a3c00000, 0x00000000a3c00000| Untracked 
|  23|0x00000000a3d00000, 0x00000000a3d00000, 0x00000000a3e00000|  0%| F|  |TAMS 0x00000000a3d00000, 0x00000000a3d00000| Untracked 
|  24|0x00000000a3e00000, 0x00000000a3e00000, 0x00000000a3f00000|  0%| F|  |TAMS 0x00000000a3e00000, 0x00000000a3e00000| Untracked 
|  25|0x00000000a3f00000, 0x00000000a3f00000, 0x00000000a4000000|  0%| F|  |TAMS 0x00000000a3f00000, 0x00000000a3f00000| Untracked 
|  26|0x00000000a4000000, 0x00000000a4000000, 0x00000000a4100000|  0%| F|  |TAMS 0x00000000a4000000, 0x00000000a4000000| Untracked 
|  27|0x00000000a4100000, 0x00000000a4100000, 0x00000000a4200000|  0%| F|  |TAMS 0x00000000a4100000, 0x00000000a4100000| Untracked 
|  28|0x00000000a4200000, 0x00000000a4200000, 0x00000000a4300000|  0%| F|  |TAMS 0x00000000a4200000, 0x00000000a4200000| Untracked 
|  29|0x00000000a4300000, 0x00000000a4300000, 0x00000000a4400000|  0%| F|  |TAMS 0x00000000a4300000, 0x00000000a4300000| Untracked 
|  30|0x00000000a4400000, 0x00000000a4400000, 0x00000000a4500000|  0%| F|  |TAMS 0x00000000a4400000, 0x00000000a4400000| Untracked 
|  31|0x00000000a4500000, 0x00000000a4500000, 0x00000000a4600000|  0%| F|  |TAMS 0x00000000a4500000, 0x00000000a4500000| Untracked 
|  32|0x00000000a4600000, 0x00000000a4600000, 0x00000000a4700000|  0%| F|  |TAMS 0x00000000a4600000, 0x00000000a4600000| Untracked 
|  33|0x00000000a4700000, 0x00000000a47b84e0, 0x00000000a4800000| 71%| E|CS|TAMS 0x00000000a4700000, 0x00000000a47b84e0| Complete 
|  34|0x00000000a4800000, 0x00000000a4900000, 0x00000000a4900000|100%| E|CS|TAMS 0x00000000a4800000, 0x00000000a4900000| Complete 
|  35|0x00000000a4900000, 0x00000000a4a00000, 0x00000000a4a00000|100%| E|CS|TAMS 0x00000000a4900000, 0x00000000a4a00000| Complete 
|  36|0x00000000a4a00000, 0x00000000a4b00000, 0x00000000a4b00000|100%| E|CS|TAMS 0x00000000a4a00000, 0x00000000a4b00000| Complete 
|  37|0x00000000a4b00000, 0x00000000a4c00000, 0x00000000a4c00000|100%| E|CS|TAMS 0x00000000a4b00000, 0x00000000a4c00000| Complete 
|  38|0x00000000a4c00000, 0x00000000a4d00000, 0x00000000a4d00000|100%| E|CS|TAMS 0x00000000a4c00000, 0x00000000a4d00000| Complete 
|  39|0x00000000a4d00000, 0x00000000a4d00000, 0x00000000a4e00000|  0%| F|  |TAMS 0x00000000a4d00000, 0x00000000a4d00000| Untracked 
|  40|0x00000000a4e00000, 0x00000000a4e00000, 0x00000000a4f00000|  0%| F|  |TAMS 0x00000000a4e00000, 0x00000000a4e00000| Untracked 
|  41|0x00000000a4f00000, 0x00000000a4f00000, 0x00000000a5000000|  0%| F|  |TAMS 0x00000000a4f00000, 0x00000000a4f00000| Untracked 
|  42|0x00000000a5000000, 0x00000000a5000000, 0x00000000a5100000|  0%| F|  |TAMS 0x00000000a5000000, 0x00000000a5000000| Untracked 
|  43|0x00000000a5100000, 0x00000000a5100000, 0x00000000a5200000|  0%| F|  |TAMS 0x00000000a5100000, 0x00000000a5100000| Untracked 
|  44|0x00000000a5200000, 0x00000000a5200000, 0x00000000a5300000|  0%| F|  |TAMS 0x00000000a5200000, 0x00000000a5200000| Untracked 
|  45|0x00000000a5300000, 0x00000000a5300000, 0x00000000a5400000|  0%| F|  |TAMS 0x00000000a5300000, 0x00000000a5300000| Untracked 
|  46|0x00000000a5400000, 0x00000000a5400000, 0x00000000a5500000|  0%| F|  |TAMS 0x00000000a5400000, 0x00000000a5400000| Untracked 
|  47|0x00000000a5500000, 0x00000000a5500000, 0x00000000a5600000|  0%| F|  |TAMS 0x00000000a5500000, 0x00000000a5500000| Untracked 
|  48|0x00000000a5600000, 0x00000000a5600000, 0x00000000a5700000|  0%| F|  |TAMS 0x00000000a5600000, 0x00000000a5600000| Untracked 
|  49|0x00000000a5700000, 0x00000000a5700000, 0x00000000a5800000|  0%| F|  |TAMS 0x00000000a5700000, 0x00000000a5700000| Untracked 
|  50|0x00000000a5800000, 0x00000000a5800000, 0x00000000a5900000|  0%| F|  |TAMS 0x00000000a5800000, 0x00000000a5800000| Untracked 
|  51|0x00000000a5900000, 0x00000000a5900000, 0x00000000a5a00000|  0%| F|  |TAMS 0x00000000a5900000, 0x00000000a5900000| Untracked 
|  52|0x00000000a5a00000, 0x00000000a5a00000, 0x00000000a5b00000|  0%| F|  |TAMS 0x00000000a5a00000, 0x00000000a5a00000| Untracked 
|  53|0x00000000a5b00000, 0x00000000a5b00000, 0x00000000a5c00000|  0%| F|  |TAMS 0x00000000a5b00000, 0x00000000a5b00000| Untracked 
|  54|0x00000000a5c00000, 0x00000000a5c00000, 0x00000000a5d00000|  0%| F|  |TAMS 0x00000000a5c00000, 0x00000000a5c00000| Untracked 
|  55|0x00000000a5d00000, 0x00000000a5d00000, 0x00000000a5e00000|  0%| F|  |TAMS 0x00000000a5d00000, 0x00000000a5d00000| Untracked 
|  56|0x00000000a5e00000, 0x00000000a5e00000, 0x00000000a5f00000|  0%| F|  |TAMS 0x00000000a5e00000, 0x00000000a5e00000| Untracked 
|  57|0x00000000a5f00000, 0x00000000a5f00000, 0x00000000a6000000|  0%| F|  |TAMS 0x00000000a5f00000, 0x00000000a5f00000| Untracked 
|  58|0x00000000a6000000, 0x00000000a6000000, 0x00000000a6100000|  0%| F|  |TAMS 0x00000000a6000000, 0x00000000a6000000| Untracked 
|  59|0x00000000a6100000, 0x00000000a6100000, 0x00000000a6200000|  0%| F|  |TAMS 0x00000000a6100000, 0x00000000a6100000| Untracked 
|  60|0x00000000a6200000, 0x00000000a6200000, 0x00000000a6300000|  0%| F|  |TAMS 0x00000000a6200000, 0x00000000a6200000| Untracked 
|  61|0x00000000a6300000, 0x00000000a6300000, 0x00000000a6400000|  0%| F|  |TAMS 0x00000000a6300000, 0x00000000a6300000| Untracked 
|  62|0x00000000a6400000, 0x00000000a6400000, 0x00000000a6500000|  0%| F|  |TAMS 0x00000000a6400000, 0x00000000a6400000| Untracked 
|  63|0x00000000a6500000, 0x00000000a6500000, 0x00000000a6600000|  0%| F|  |TAMS 0x00000000a6500000, 0x00000000a6500000| Untracked 
|  64|0x00000000a6600000, 0x00000000a6600000, 0x00000000a6700000|  0%| F|  |TAMS 0x00000000a6600000, 0x00000000a6600000| Untracked 
|  65|0x00000000a6700000, 0x00000000a6700000, 0x00000000a6800000|  0%| F|  |TAMS 0x00000000a6700000, 0x00000000a6700000| Untracked 
|  66|0x00000000a6800000, 0x00000000a6800000, 0x00000000a6900000|  0%| F|  |TAMS 0x00000000a6800000, 0x00000000a6800000| Untracked 
|  67|0x00000000a6900000, 0x00000000a6900000, 0x00000000a6a00000|  0%| F|  |TAMS 0x00000000a6900000, 0x00000000a6900000| Untracked 
|  68|0x00000000a6a00000, 0x00000000a6a00000, 0x00000000a6b00000|  0%| F|  |TAMS 0x00000000a6a00000, 0x00000000a6a00000| Untracked 
|  69|0x00000000a6b00000, 0x00000000a6b00000, 0x00000000a6c00000|  0%| F|  |TAMS 0x00000000a6b00000, 0x00000000a6b00000| Untracked 
|  70|0x00000000a6c00000, 0x00000000a6c00000, 0x00000000a6d00000|  0%| F|  |TAMS 0x00000000a6c00000, 0x00000000a6c00000| Untracked 
|  71|0x00000000a6d00000, 0x00000000a6d00000, 0x00000000a6e00000|  0%| F|  |TAMS 0x00000000a6d00000, 0x00000000a6d00000| Untracked 
|  72|0x00000000a6e00000, 0x00000000a6e00000, 0x00000000a6f00000|  0%| F|  |TAMS 0x00000000a6e00000, 0x00000000a6e00000| Untracked 
|  73|0x00000000a6f00000, 0x00000000a6f00000, 0x00000000a7000000|  0%| F|  |TAMS 0x00000000a6f00000, 0x00000000a6f00000| Untracked 
|  74|0x00000000a7000000, 0x00000000a7000000, 0x00000000a7100000|  0%| F|  |TAMS 0x00000000a7000000, 0x00000000a7000000| Untracked 
|  75|0x00000000a7100000, 0x00000000a7100000, 0x00000000a7200000|  0%| F|  |TAMS 0x00000000a7100000, 0x00000000a7100000| Untracked 
|  76|0x00000000a7200000, 0x00000000a7200000, 0x00000000a7300000|  0%| F|  |TAMS 0x00000000a7200000, 0x00000000a7200000| Untracked 
|  77|0x00000000a7300000, 0x00000000a7300000, 0x00000000a7400000|  0%| F|  |TAMS 0x00000000a7300000, 0x00000000a7300000| Untracked 
|  78|0x00000000a7400000, 0x00000000a7400000, 0x00000000a7500000|  0%| F|  |TAMS 0x00000000a7400000, 0x00000000a7400000| Untracked 
|  79|0x00000000a7500000, 0x00000000a757a2d8, 0x00000000a7600000| 47%| S|  |TAMS 0x00000000a7500000, 0x00000000a7500000| Complete 
|  80|0x00000000a7600000, 0x00000000a7700000, 0x00000000a7700000|100%| S|  |TAMS 0x00000000a7600000, 0x00000000a7600000| Complete 
|  81|0x00000000a7700000, 0x00000000a7800000, 0x00000000a7800000|100%| S|  |TAMS 0x00000000a7700000, 0x00000000a7700000| Complete 
|  82|0x00000000a7800000, 0x00000000a7882f38, 0x00000000a7900000| 51%| E|CS|TAMS 0x00000000a7800000, 0x00000000a7882f38| Complete 
|  83|0x00000000a7900000, 0x00000000a7a00000, 0x00000000a7a00000|100%| E|CS|TAMS 0x00000000a7900000, 0x00000000a7a00000| Complete 
|  84|0x00000000a7a00000, 0x00000000a7b00000, 0x00000000a7b00000|100%| E|CS|TAMS 0x00000000a7a00000, 0x00000000a7b00000| Complete 
|  85|0x00000000a7b00000, 0x00000000a7c00000, 0x00000000a7c00000|100%| E|CS|TAMS 0x00000000a7b00000, 0x00000000a7c00000| Complete 
|  86|0x00000000a7c00000, 0x00000000a7d00000, 0x00000000a7d00000|100%| E|CS|TAMS 0x00000000a7c00000, 0x00000000a7d00000| Complete 
|  87|0x00000000a7d00000, 0x00000000a7e00000, 0x00000000a7e00000|100%| E|CS|TAMS 0x00000000a7d00000, 0x00000000a7e00000| Complete 
|  88|0x00000000a7e00000, 0x00000000a7f00000, 0x00000000a7f00000|100%| E|CS|TAMS 0x00000000a7e00000, 0x00000000a7f00000| Complete 
|  89|0x00000000a7f00000, 0x00000000a8000000, 0x00000000a8000000|100%| E|CS|TAMS 0x00000000a7f00000, 0x00000000a8000000| Complete 
|  90|0x00000000a8000000, 0x00000000a8100000, 0x00000000a8100000|100%| E|CS|TAMS 0x00000000a8000000, 0x00000000a8100000| Complete 
|  91|0x00000000a8100000, 0x00000000a8200000, 0x00000000a8200000|100%| E|CS|TAMS 0x00000000a8100000, 0x00000000a8200000| Complete 
|  92|0x00000000a8200000, 0x00000000a8300000, 0x00000000a8300000|100%| E|CS|TAMS 0x00000000a8200000, 0x00000000a8300000| Complete 
|  93|0x00000000a8300000, 0x00000000a8400000, 0x00000000a8400000|100%| E|CS|TAMS 0x00000000a8300000, 0x00000000a8400000| Complete 

Card table byte_map: [0x0000018cb6440000,0x0000018cb6730000] _byte_map_base: 0x0000018cb5f2d000

Marking Bits (Prev, Next): (CMBitMap*) 0x0000018c9e988f30, (CMBitMap*) 0x0000018c9e988f70
 Prev Bits: [0x0000018cb6a20000, 0x0000018cb8188000)
 Next Bits: [0x0000018cb8190000, 0x0000018cb98f8000)

Polling page: 0x0000018c9d110000

Metaspace:

Usage:
  Non-class:     18.46 MB used.
      Class:      2.33 MB used.
       Both:     20.79 MB used.

Virtual space:
  Non-class space:       64.00 MB reserved,      18.56 MB ( 29%) committed,  1 nodes.
      Class space:        1.00 GB reserved,       2.44 MB ( <1%) committed,  1 nodes.
             Both:        1.06 GB reserved,      21.00 MB (  2%) committed. 

Chunk freelists:
   Non-Class:  13.31 MB
       Class:  13.55 MB
        Both:  26.86 MB

MaxMetaspaceSize: unlimited
CompressedClassSpaceSize: 1.00 GB
Initial GC threshold: 21.00 MB
Current GC threshold: 21.00 MB
CDS: on
MetaspaceReclaimPolicy: balanced
 - commit_granule_bytes: 65536.
 - commit_granule_words: 8192.
 - virtual_space_node_default_size: 8388608.
 - enlarge_chunks_in_place: 1.
 - new_chunks_are_fully_committed: 0.
 - uncommit_free_chunks: 1.
 - use_allocation_guard: 0.
 - handle_deallocations: 1.


Internal statistics:

num_allocs_failed_limit: 3.
num_arena_births: 142.
num_arena_deaths: 0.
num_vsnodes_births: 2.
num_vsnodes_deaths: 0.
num_space_committed: 336.
num_space_uncommitted: 0.
num_chunks_returned_to_freelist: 3.
num_chunks_taken_from_freelist: 846.
num_chunk_merges: 3.
num_chunk_splits: 578.
num_chunks_enlarged: 461.
num_inconsistent_stats: 0.

CodeHeap 'non-profiled nmethods': size=120000Kb used=2544Kb max_used=2544Kb free=117455Kb
 bounds [0x0000018cadf80000, 0x0000018cae200000, 0x0000018cb54b0000]
CodeHeap 'profiled nmethods': size=120000Kb used=10321Kb max_used=10321Kb free=109678Kb
 bounds [0x0000018ca64b0000, 0x0000018ca6ed0000, 0x0000018cad9e0000]
CodeHeap 'non-nmethods': size=5760Kb used=1194Kb max_used=1237Kb free=4565Kb
 bounds [0x0000018cad9e0000, 0x0000018cadc50000, 0x0000018cadf80000]
 total_blobs=5295 nmethods=4803 adapters=403
 compilation: enabled
              stopped_count=0, restarted_count=0
 full_count=0

Compilation events (20 events):
Event: 8.086 Thread 0x0000018cbbd6e5c0 4787       3       sun.invoke.util.Wrapper::findPrimitiveType (25 bytes)
Event: 8.088 Thread 0x0000018cbbd6e5c0 nmethod 4787 0x0000018ca6ec2010 code [0x0000018ca6ec2280, 0x0000018ca6ec2da8]
Event: 8.093 Thread 0x0000018cff086980 4793       4       jdk.internal.org.objectweb.asm.Frame::execute (2305 bytes)
Event: 8.215 Thread 0x0000018cbbd6dcb0 4796       4       java.lang.ClassLoader::checkName (37 bytes)
Event: 8.219 Thread 0x0000018cbbd6dcb0 nmethod 4796 0x0000018cae1f4510 code [0x0000018cae1f46a0, 0x0000018cae1f48b8]
Event: 8.222 Thread 0x0000018cbbd6e5c0 4797  s    3       java.io.ByteArrayOutputStream::toString (18 bytes)
Event: 8.222 Thread 0x0000018cbbd6e5c0 nmethod 4797 0x0000018ca6ec3210 code [0x0000018ca6ec33c0, 0x0000018ca6ec3628]
Event: 8.305 Thread 0x0000018cbbd6e5c0 4798       3       java.util.concurrent.ConcurrentHashMap::<init> (5 bytes)
Event: 8.305 Thread 0x0000018cbbd6e5c0 nmethod 4798 0x0000018ca6ec3710 code [0x0000018ca6ec38c0, 0x0000018ca6ec3a78]
Event: 8.306 Thread 0x0000018cbbd6dcb0 4799       4       java.lang.String::equalsIgnoreCase (45 bytes)
Event: 8.311 Thread 0x0000018cbbd6e5c0 4801       3       jdk.internal.reflect.Reflection::verifyModuleAccess (24 bytes)
Event: 8.312 Thread 0x0000018cbbd6e5c0 nmethod 4801 0x0000018ca6ec3b90 code [0x0000018ca6ec3da0, 0x0000018ca6ec42d8]
Event: 8.321 Thread 0x0000018cbbd6dcb0 nmethod 4799 0x0000018cae1f4a90 code [0x0000018cae1f4c40, 0x0000018cae1f53b8]
Event: 8.321 Thread 0x0000018cbbd6dcb0 4800       4       java.lang.ClassNotFoundException::<init> (7 bytes)
Event: 8.327 Thread 0x0000018cbbd6dcb0 nmethod 4800 0x0000018cae1f5890 code [0x0000018cae1f5a20, 0x0000018cae1f6108]
Event: 8.327 Thread 0x0000018cbbd6dcb0 4802       4       java.lang.Throwable::<init> (39 bytes)
Event: 8.337 Thread 0x0000018cbbd6dcb0 nmethod 4802 0x0000018cae1f6290 code [0x0000018cae1f6440, 0x0000018cae1f6f18]
Event: 8.337 Thread 0x0000018cbbd6dcb0 4803       4       java.util.regex.Pattern::next (33 bytes)
Event: 8.339 Thread 0x0000018cbbd6dcb0 nmethod 4803 0x0000018cae1f7090 code [0x0000018cae1f7200, 0x0000018cae1f72f8]
Event: 8.348 Thread 0x0000018cbbd6dcb0 4804   !   4       java.util.zip.InflaterInputStream::read (138 bytes)

GC Heap History (10 events):
Event: 1.609 GC heap before
{Heap before GC invocations=0 (full 0):
 garbage-first heap   total 96256K, used 23552K [0x00000000a2600000, 0x0000000100000000)
  region size 1024K, 23 young (23552K), 0 survivors (0K)
 Metaspace       used 7455K, committed 7680K, reserved 1114112K
  class space    used 855K, committed 960K, reserved 1048576K
}
Event: 1.621 GC heap after
{Heap after GC invocations=1 (full 0):
 garbage-first heap   total 96256K, used 4260K [0x00000000a2600000, 0x0000000100000000)
  region size 1024K, 3 young (3072K), 3 survivors (3072K)
 Metaspace       used 7455K, committed 7680K, reserved 1114112K
  class space    used 855K, committed 960K, reserved 1048576K
}
Event: 2.466 GC heap before
{Heap before GC invocations=1 (full 0):
 garbage-first heap   total 96256K, used 33956K [0x00000000a2600000, 0x0000000100000000)
  region size 1024K, 32 young (32768K), 3 survivors (3072K)
 Metaspace       used 10743K, committed 10944K, reserved 1114112K
  class space    used 1268K, committed 1344K, reserved 1048576K
}
Event: 2.474 GC heap after
{Heap after GC invocations=2 (full 0):
 garbage-first heap   total 96256K, used 5854K [0x00000000a2600000, 0x0000000100000000)
  region size 1024K, 2 young (2048K), 2 survivors (2048K)
 Metaspace       used 10743K, committed 10944K, reserved 1114112K
  class space    used 1268K, committed 1344K, reserved 1048576K
}
Event: 4.152 GC heap before
{Heap before GC invocations=2 (full 0):
 garbage-first heap   total 96256K, used 61150K [0x00000000a2600000, 0x0000000100000000)
  region size 1024K, 56 young (57344K), 2 survivors (2048K)
 Metaspace       used 17233K, committed 17408K, reserved 1114112K
  class space    used 2029K, committed 2112K, reserved 1048576K
}
Event: 4.182 GC heap after
{Heap after GC invocations=3 (full 0):
 garbage-first heap   total 96256K, used 11907K [0x00000000a2600000, 0x0000000100000000)
  region size 1024K, 7 young (7168K), 7 survivors (7168K)
 Metaspace       used 17233K, committed 17408K, reserved 1114112K
  class space    used 2029K, committed 2112K, reserved 1048576K
}
Event: 6.228 GC heap before
{Heap before GC invocations=3 (full 0):
 garbage-first heap   total 96256K, used 62083K [0x00000000a2600000, 0x0000000100000000)
  region size 1024K, 56 young (57344K), 7 survivors (7168K)
 Metaspace       used 17879K, committed 18112K, reserved 1114112K
  class space    used 2057K, committed 2176K, reserved 1048576K
}
Event: 6.255 GC heap after
{Heap after GC invocations=4 (full 0):
 garbage-first heap   total 96256K, used 15310K [0x00000000a2600000, 0x0000000100000000)
  region size 1024K, 4 young (4096K), 4 survivors (4096K)
 Metaspace       used 17879K, committed 18112K, reserved 1114112K
  class space    used 2057K, committed 2176K, reserved 1048576K
}
Event: 7.950 GC heap before
{Heap before GC invocations=4 (full 0):
 garbage-first heap   total 96256K, used 67534K [0x00000000a2600000, 0x0000000100000000)
  region size 1024K, 55 young (56320K), 4 survivors (4096K)
 Metaspace       used 18844K, committed 19072K, reserved 1114112K
  class space    used 2155K, committed 2240K, reserved 1048576K
}
Event: 7.960 GC heap after
{Heap after GC invocations=5 (full 0):
 garbage-first heap   total 96256K, used 17583K [0x00000000a2600000, 0x0000000100000000)
  region size 1024K, 6 young (6144K), 6 survivors (6144K)
 Metaspace       used 18844K, committed 19072K, reserved 1114112K
  class space    used 2155K, committed 2240K, reserved 1048576K
}

Dll operation events (9 events):
Event: 0.060 Loaded shared library C:\Program Files\Eclipse Adoptium\jdk-17.0.12.7-hotspot\bin\java.dll
Event: 0.142 Loaded shared library C:\Program Files\Eclipse Adoptium\jdk-17.0.12.7-hotspot\bin\jsvml.dll
Event: 0.225 Loaded shared library C:\Program Files\Eclipse Adoptium\jdk-17.0.12.7-hotspot\bin\net.dll
Event: 0.234 Loaded shared library C:\Program Files\Eclipse Adoptium\jdk-17.0.12.7-hotspot\bin\nio.dll
Event: 0.244 Loaded shared library C:\Program Files\Eclipse Adoptium\jdk-17.0.12.7-hotspot\bin\zip.dll
Event: 0.601 Loaded shared library C:\Program Files\Eclipse Adoptium\jdk-17.0.12.7-hotspot\bin\jimage.dll
Event: 0.727 Loaded shared library C:\Users\LENOVO\AppData\Local\Temp\jansi-2.4.1-e7172f00e7b88d43-jansi.dll
Event: 1.028 Loaded shared library C:\Program Files\Eclipse Adoptium\jdk-17.0.12.7-hotspot\bin\verify.dll
Event: 3.101 Loaded shared library C:\Program Files\Eclipse Adoptium\jdk-17.0.12.7-hotspot\bin\extnet.dll

Deoptimization events (20 events):
Event: 8.041 Thread 0x0000018c9e93ca00 Uncommon trap: trap_request=0xffffffde fr.pc=0x0000018cae136368 relative=0x0000000000000068
Event: 8.041 Thread 0x0000018c9e93ca00 Uncommon trap: reason=class_check action=maybe_recompile pc=0x0000018cae136368 method=java.util.Collections$UnmodifiableMap$UnmodifiableEntrySet$UnmodifiableEntry.getValue()Ljava/lang/Object; @ 4 c2
Event: 8.041 Thread 0x0000018c9e93ca00 DEOPT PACKING pc=0x0000018cae136368 sp=0x00000088f23fd5a0
Event: 8.041 Thread 0x0000018c9e93ca00 DEOPT UNPACKING pc=0x0000018cada369a3 sp=0x00000088f23fd528 mode 2
Event: 8.055 Thread 0x0000018c9e93ca00 Uncommon trap: trap_request=0xffffffbe fr.pc=0x0000018cae069c10 relative=0x0000000000001050
Event: 8.055 Thread 0x0000018c9e93ca00 Uncommon trap: reason=profile_predicate action=maybe_recompile pc=0x0000018cae069c10 method=java.util.TimSort.binarySort([Ljava/lang/Object;IIILjava/util/Comparator;)V @ 34 c2
Event: 8.055 Thread 0x0000018c9e93ca00 DEOPT PACKING pc=0x0000018cae069c10 sp=0x00000088f23fcf50
Event: 8.055 Thread 0x0000018c9e93ca00 DEOPT UNPACKING pc=0x0000018cada369a3 sp=0x00000088f23fcf20 mode 2
Event: 8.055 Thread 0x0000018c9e93ca00 Uncommon trap: trap_request=0xffffffbe fr.pc=0x0000018cae069c10 relative=0x0000000000001050
Event: 8.055 Thread 0x0000018c9e93ca00 Uncommon trap: reason=profile_predicate action=maybe_recompile pc=0x0000018cae069c10 method=java.util.TimSort.binarySort([Ljava/lang/Object;IIILjava/util/Comparator;)V @ 34 c2
Event: 8.055 Thread 0x0000018c9e93ca00 DEOPT PACKING pc=0x0000018cae069c10 sp=0x00000088f23fcf50
Event: 8.055 Thread 0x0000018c9e93ca00 DEOPT UNPACKING pc=0x0000018cada369a3 sp=0x00000088f23fcf20 mode 2
Event: 8.103 Thread 0x0000018c9e93ca00 Uncommon trap: trap_request=0xffffff76 fr.pc=0x0000018cae17b624 relative=0x0000000000000384
Event: 8.103 Thread 0x0000018c9e93ca00 Uncommon trap: reason=predicate action=maybe_recompile pc=0x0000018cae17b624 method=java.util.Vector.indexOf(Ljava/lang/Object;I)I @ 41 c2
Event: 8.103 Thread 0x0000018c9e93ca00 DEOPT PACKING pc=0x0000018cae17b624 sp=0x00000088f23fd530
Event: 8.103 Thread 0x0000018c9e93ca00 DEOPT UNPACKING pc=0x0000018cada369a3 sp=0x00000088f23fd4f0 mode 2
Event: 8.333 Thread 0x0000018c9e93ca00 Uncommon trap: trap_request=0xffffff45 fr.pc=0x0000018cae1c0854 relative=0x00000000000001b4
Event: 8.333 Thread 0x0000018c9e93ca00 Uncommon trap: reason=unstable_if action=reinterpret pc=0x0000018cae1c0854 method=java.util.regex.Pattern.closure(Ljava/util/regex/Pattern$Node;)Ljava/util/regex/Pattern$Node; @ 6 c2
Event: 8.333 Thread 0x0000018c9e93ca00 DEOPT PACKING pc=0x0000018cae1c0854 sp=0x00000088f23fbe90
Event: 8.333 Thread 0x0000018c9e93ca00 DEOPT UNPACKING pc=0x0000018cada369a3 sp=0x00000088f23fbe10 mode 2

Classes loaded (20 events):
Event: 8.097 Loading class java/util/concurrent/SynchronousQueue$Transferer done
Event: 8.097 Loading class java/util/concurrent/SynchronousQueue$TransferStack done
Event: 8.097 Loading class java/util/concurrent/SynchronousQueue$TransferStack$SNode
Event: 8.097 Loading class java/util/concurrent/ForkJoinPool$ManagedBlocker
Event: 8.098 Loading class java/util/concurrent/ForkJoinPool$ManagedBlocker done
Event: 8.098 Loading class java/util/concurrent/SynchronousQueue$TransferStack$SNode done
Event: 8.098 Loading class java/lang/ProcessImpl$2
Event: 8.098 Loading class java/lang/ProcessImpl$2 done
Event: 8.099 Loading class java/lang/Process$PipeInputStream
Event: 8.099 Loading class java/lang/Process$PipeInputStream done
Event: 8.100 Loading class jdk/internal/event/ProcessStartEvent
Event: 8.101 Loading class jdk/internal/event/ProcessStartEvent done
Event: 8.101 Loading class java/io/PipedOutputStream
Event: 8.101 Loading class java/io/PipedOutputStream done
Event: 8.312 Loading class java/beans/Transient
Event: 8.314 Loading class java/beans/Transient done
Event: 8.314 Loading class java/beans/ConstructorProperties
Event: 8.315 Loading class java/beans/ConstructorProperties done
Event: 8.343 Loading class java/io/CharArrayReader
Event: 8.344 Loading class java/io/CharArrayReader done

Classes unloaded (0 events):
No events

Classes redefined (0 events):
No events

Internal exceptions (20 events):
Event: 3.334 Thread 0x0000018c9e93ca00 Implicit null exception at 0x0000018cadfa8a72 to 0x0000018cadfa903c
Event: 3.334 Thread 0x0000018c9e93ca00 Implicit null exception at 0x0000018cadfa3bf2 to 0x0000018cadfa41cc
Event: 3.379 Thread 0x0000018c9e93ca00 Exception <a 'java/lang/NoSuchMethodError'{0x00000000a6947f18}: 'void java.lang.invoke.DirectMethodHandle$Holder.invokeSpecial(java.lang.Object, java.lang.Object, java.lang.Object, java.lang.Object, java.lang.Object)'> (0x00000000a6947f18) 
thrown [s\src\hotspot\share\interpreter\linkResolver.cpp, line 759]
Event: 3.381 Thread 0x0000018c9e93ca00 Exception <a 'java/lang/NoSuchMethodError'{0x00000000a6961018}: 'void java.lang.invoke.DirectMethodHandle$Holder.invokeSpecial(java.lang.Object, java.lang.Object, java.lang.Object, java.lang.Object, java.lang.Object, java.lang.Object)'> (0x00000000a6961018) 
thrown [s\src\hotspot\share\interpreter\linkResolver.cpp, line 759]
Event: 3.396 Thread 0x0000018c9e93ca00 Exception <a 'java/lang/NoSuchMethodError'{0x00000000a6874970}: 'java.lang.Object java.lang.invoke.DirectMethodHandle$Holder.invokeVirtual(java.lang.Object, java.lang.Object, java.lang.Object)'> (0x00000000a6874970) 
thrown [s\src\hotspot\share\interpreter\linkResolver.cpp, line 759]
Event: 4.204 Thread 0x0000018c9e93ca00 Exception <a 'java/lang/NoSuchMethodError'{0x00000000a83b6730}: 'int java.lang.invoke.DirectMethodHandle$Holder.invokeSpecialIFC(java.lang.Object, java.lang.Object, java.lang.Object, java.lang.Object)'> (0x00000000a83b6730) 
thrown [s\src\hotspot\share\interpreter\linkResolver.cpp, line 759]
Event: 6.692 Thread 0x0000018c9e93ca00 Implicit null exception at 0x0000018cae14a86a to 0x0000018cae14aa20
Event: 6.692 Thread 0x0000018c9e93ca00 Implicit null exception at 0x0000018cae14396a to 0x0000018cae143b28
Event: 6.692 Thread 0x0000018c9e93ca00 Implicit null exception at 0x0000018cae003e8f to 0x0000018cae003f09
Event: 6.883 Thread 0x0000018c9e93ca00 Exception <a 'java/lang/NoSuchMethodError'{0x00000000a6c36c18}: 'java.lang.Object java.lang.invoke.DirectMethodHandle$Holder.newInvokeSpecial(java.lang.Object, java.lang.Object, java.lang.Object, java.lang.Object, java.lang.Object, java.lang.Object, java.lang.Object)'> (0x00000000a6c36c18) 
thrown [s\src\hotspot\share\interpreter\linkResolver.cpp, line 759]
Event: 6.885 Thread 0x0000018c9e93ca00 Exception <a 'java/lang/NoSuchMethodError'{0x00000000a6c3b528}: 'java.lang.Object java.lang.invoke.Invokers$Holder.linkToTargetMethod(java.lang.Object, java.lang.Object, java.lang.Object, java.lang.Object, java.lang.Object, java.lang.Object, java.lang.Object)'> (0x00000000a6c3b528) 
thrown [s\src\hotspot\share\interpreter\linkResolver.cpp, line 759]
Event: 7.059 Thread 0x0000018c9e93ca00 Implicit null exception at 0x0000018cae160f17 to 0x0000018cae1616c8
Event: 7.083 Thread 0x0000018c9e93ca00 Exception <a 'java/lang/NoSuchMethodError'{0x00000000a6afa0f8}: 'int java.lang.invoke.DirectMethodHandle$Holder.invokeVirtual(java.lang.Object, java.lang.Object)'> (0x00000000a6afa0f8) 
thrown [s\src\hotspot\share\interpreter\linkResolver.cpp, line 759]
Event: 7.131 Thread 0x0000018c9e93ca00 Implicit null exception at 0x0000018cae01b2d8 to 0x0000018cae01b36e
Event: 7.166 Thread 0x0000018c9e93ca00 Exception <a 'java/lang/NoSuchMethodError'{0x00000000a689f758}: 'void java.lang.invoke.DirectMethodHandle$Holder.invokeInterface(java.lang.Object, java.lang.Object, java.lang.Object)'> (0x00000000a689f758) 
thrown [s\src\hotspot\share\interpreter\linkResolver.cpp, line 759]
Event: 8.085 Thread 0x0000018c9e93ca00 Exception <a 'java/lang/NoSuchMethodError'{0x00000000a80a6f90}: 'void java.lang.invoke.DirectMethodHandle$Holder.invokeStatic(java.lang.Object, long)'> (0x00000000a80a6f90) 
thrown [s\src\hotspot\share\interpreter\linkResolver.cpp, line 759]
Event: 8.087 Thread 0x0000018c9e93ca00 Exception <a 'java/lang/NoSuchMethodError'{0x00000000a80ac958}: 'java.lang.Object java.lang.invoke.DirectMethodHandle$Holder.newInvokeSpecial(java.lang.Object, long)'> (0x00000000a80ac958) 
thrown [s\src\hotspot\share\interpreter\linkResolver.cpp, line 759]
Event: 8.091 Thread 0x0000018c9e93ca00 Exception <a 'java/lang/NoSuchMethodError'{0x00000000a80b7db0}: 'java.lang.Object java.lang.invoke.DirectMethodHandle$Holder.invokeStaticInit(java.lang.Object, java.lang.Object, long, java.lang.Object)'> (0x00000000a80b7db0) 
thrown [s\src\hotspot\share\interpreter\linkResolver.cpp, line 759]
Event: 8.092 Thread 0x0000018c9e93ca00 Exception <a 'java/lang/NoSuchMethodError'{0x00000000a80c1498}: 'java.lang.Object java.lang.invoke.DirectMethodHandle$Holder.newInvokeSpecial(java.lang.Object, java.lang.Object, long)'> (0x00000000a80c1498) 
thrown [s\src\hotspot\share\interpreter\linkResolver.cpp, line 759]
Event: 8.094 Thread 0x0000018c9e93ca00 Exception <a 'java/lang/NoSuchMethodError'{0x00000000a80c5a30}: 'java.lang.Object java.lang.invoke.Invokers$Holder.linkToTargetMethod(java.lang.Object, long, java.lang.Object)'> (0x00000000a80c5a30) 
thrown [s\src\hotspot\share\interpreter\linkResolver.cpp, line 759]

VM Operations (20 events):
Event: 4.148 Executing VM operation: HandshakeAllThreads
Event: 4.148 Executing VM operation: HandshakeAllThreads done
Event: 4.151 Executing VM operation: G1CollectForAllocation
Event: 4.183 Executing VM operation: G1CollectForAllocation done
Event: 5.198 Executing VM operation: Cleanup
Event: 5.199 Executing VM operation: Cleanup done
Event: 6.210 Executing VM operation: Cleanup
Event: 6.211 Executing VM operation: Cleanup done
Event: 6.228 Executing VM operation: G1CollectForAllocation
Event: 6.255 Executing VM operation: G1CollectForAllocation done
Event: 6.975 Executing VM operation: ICBufferFull
Event: 6.975 Executing VM operation: ICBufferFull done
Event: 7.705 Executing VM operation: ICBufferFull
Event: 7.705 Executing VM operation: ICBufferFull done
Event: 7.950 Executing VM operation: G1CollectForAllocation
Event: 7.960 Executing VM operation: G1CollectForAllocation done
Event: 8.100 Executing VM operation: HandshakeAllThreads
Event: 8.100 Executing VM operation: HandshakeAllThreads done
Event: 9.107 Executing VM operation: Cleanup
Event: 9.107 Executing VM operation: Cleanup done

Events (20 events):
Event: 0.151 Thread 0x0000018cbbd416e0 Thread added: 0x0000018cbbd416e0
Event: 0.151 Thread 0x0000018cbbd43d30 Thread added: 0x0000018cbbd43d30
Event: 0.173 Thread 0x0000018cbbd56dc0 Thread added: 0x0000018cbbd56dc0
Event: 0.173 Thread 0x0000018cbbd57890 Thread added: 0x0000018cbbd57890
Event: 0.173 Thread 0x0000018cbbd5a270 Thread added: 0x0000018cbbd5a270
Event: 0.173 Thread 0x0000018cbbd62de0 Thread added: 0x0000018cbbd62de0
Event: 0.174 Thread 0x0000018cbbd6dcb0 Thread added: 0x0000018cbbd6dcb0
Event: 0.174 Thread 0x0000018cbbd6e5c0 Thread added: 0x0000018cbbd6e5c0
Event: 0.174 Thread 0x0000018cbbd72a60 Thread added: 0x0000018cbbd72a60
Event: 0.208 Thread 0x0000018cbc834550 Thread added: 0x0000018cbc834550
Event: 0.216 Thread 0x0000018cbc848b20 Thread added: 0x0000018cbc848b20
Event: 0.598 Thread 0x0000018cbcb1e550 Thread added: 0x0000018cbcb1e550
Event: 1.371 Thread 0x0000018cbcb1e550 Thread exited: 0x0000018cbcb1e550
Event: 2.811 Thread 0x0000018cff086980 Thread added: 0x0000018cff086980
Event: 8.103 Thread 0x0000018cfe7d7410 Thread added: 0x0000018cfe7d7410
Event: 8.103 Thread 0x0000018c84322ef0 Thread added: 0x0000018c84322ef0
Event: 8.210 Thread 0x0000018c84322ef0 Thread exited: 0x0000018c84322ef0
Event: 8.210 Thread 0x0000018cfe7d7410 Thread exited: 0x0000018cfe7d7410
Event: 8.215 Thread 0x0000018cfe7d7410 Thread added: 0x0000018cfe7d7410
Event: 8.215 Thread 0x0000018cfe7d7410 Thread exited: 0x0000018cfe7d7410


Dynamic libraries:
0x00007ff68be40000 - 0x00007ff68be4e000 	C:\Program Files\Eclipse Adoptium\jdk-17.0.12.7-hotspot\bin\javaw.exe
0x00007ff9d3960000 - 0x00007ff9d3bc5000 	C:\WINDOWS\SYSTEM32\ntdll.dll
0x00007ff9d2f90000 - 0x00007ff9d3059000 	C:\WINDOWS\System32\KERNEL32.DLL
0x00007ff9d0ab0000 - 0x00007ff9d0e98000 	C:\WINDOWS\System32\KERNELBASE.dll
0x00007ff9d12f0000 - 0x00007ff9d143b000 	C:\WINDOWS\System32\ucrtbase.dll
0x00007ff9c7210000 - 0x00007ff9c722b000 	C:\Program Files\Eclipse Adoptium\jdk-17.0.12.7-hotspot\bin\VCRUNTIME140.dll
0x00007ff9c7230000 - 0x00007ff9c7247000 	C:\Program Files\Eclipse Adoptium\jdk-17.0.12.7-hotspot\bin\jli.dll
0x00007ff9d3750000 - 0x00007ff9d391a000 	C:\WINDOWS\System32\USER32.dll
0x00007ff9d1150000 - 0x00007ff9d1177000 	C:\WINDOWS\System32\win32u.dll
0x00007ff9d1850000 - 0x00007ff9d187b000 	C:\WINDOWS\System32\GDI32.dll
0x00007ff9baf10000 - 0x00007ff9bb1aa000 	C:\WINDOWS\WinSxS\amd64_microsoft.windows.common-controls_6595b64144ccf1df_6.0.26100.4202_none_3e0698d4e335f517\COMCTL32.dll
0x00007ff9d15c0000 - 0x00007ff9d16f7000 	C:\WINDOWS\System32\gdi32full.dll
0x00007ff9d2710000 - 0x00007ff9d27b9000 	C:\WINDOWS\System32\msvcrt.dll
0x00007ff9d1180000 - 0x00007ff9d1223000 	C:\WINDOWS\System32\msvcp_win.dll
0x00007ff9d1790000 - 0x00007ff9d17c0000 	C:\WINDOWS\System32\IMM32.DLL
0x00000000769c0000 - 0x00000000769cc000 	C:\Program Files (x86)\360\Total Security\safemon\SafeWrapper.dll
0x00007ff9d1f00000 - 0x00007ff9d1fb3000 	C:\WINDOWS\System32\ADVAPI32.dll
0x00007ff9d3060000 - 0x00007ff9d3106000 	C:\WINDOWS\System32\sechost.dll
0x00007ff9d2940000 - 0x00007ff9d2a55000 	C:\WINDOWS\System32\RPCRT4.dll
0x00007ff968ca0000 - 0x00007ff968d4c000 	C:\Program Files (x86)\360\Total Security\safemon\libzdtp64.dll
0x00007ff9d1fc0000 - 0x00007ff9d2702000 	C:\WINDOWS\System32\SHELL32.dll
0x00007ff9d1440000 - 0x00007ff9d15b4000 	C:\WINDOWS\System32\wintypes.dll
0x00007ff9d1b70000 - 0x00007ff9d1ef5000 	C:\WINDOWS\System32\combase.dll
0x00007ff9d36e0000 - 0x00007ff9d374a000 	C:\WINDOWS\System32\SHLWAPI.dll
0x00007ff9d03d0000 - 0x00007ff9d03db000 	C:\WINDOWS\SYSTEM32\VERSION.dll
0x00007ff9c7200000 - 0x00007ff9c720c000 	C:\Program Files\Eclipse Adoptium\jdk-17.0.12.7-hotspot\bin\vcruntime140_1.dll
0x00007ff9c6d50000 - 0x00007ff9c6ddd000 	C:\Program Files\Eclipse Adoptium\jdk-17.0.12.7-hotspot\bin\msvcp140.dll
0x00007ff984ca0000 - 0x00007ff98590a000 	C:\Program Files\Eclipse Adoptium\jdk-17.0.12.7-hotspot\bin\server\jvm.dll
0x00007ff9d1710000 - 0x00007ff9d1784000 	C:\WINDOWS\System32\WS2_32.dll
0x00007ff9d0920000 - 0x00007ff9d097e000 	C:\WINDOWS\SYSTEM32\POWRPROF.dll
0x00007ff9c9d10000 - 0x00007ff9c9d45000 	C:\WINDOWS\SYSTEM32\WINMM.dll
0x00007ff9d0900000 - 0x00007ff9d0914000 	C:\WINDOWS\SYSTEM32\UMPDC.dll
0x00007ff9cf7c0000 - 0x00007ff9cf7db000 	C:\WINDOWS\SYSTEM32\kernel.appcore.dll
0x00007ff9c71f0000 - 0x00007ff9c71fa000 	C:\Program Files\Eclipse Adoptium\jdk-17.0.12.7-hotspot\bin\jimage.dll
0x00007ff9c3530000 - 0x00007ff9c3771000 	C:\WINDOWS\SYSTEM32\DBGHELP.DLL
0x00007ff9d3190000 - 0x00007ff9d3271000 	C:\WINDOWS\System32\OLEAUT32.dll
0x00007ff9bde30000 - 0x00007ff9bde69000 	C:\WINDOWS\SYSTEM32\dbgcore.DLL
0x00007ff9d1020000 - 0x00007ff9d10b9000 	C:\WINDOWS\System32\bcryptPrimitives.dll
0x00007ff9c6d20000 - 0x00007ff9c6d45000 	C:\Program Files\Eclipse Adoptium\jdk-17.0.12.7-hotspot\bin\java.dll
0x00007ff9c67d0000 - 0x00007ff9c68a7000 	C:\Program Files\Eclipse Adoptium\jdk-17.0.12.7-hotspot\bin\jsvml.dll
0x00007ff9ce680000 - 0x00007ff9ceed7000 	C:\WINDOWS\SYSTEM32\windows.storage.dll
0x00007ff9d3530000 - 0x00007ff9d3621000 	C:\WINDOWS\System32\SHCORE.dll
0x00007ff9d09c0000 - 0x00007ff9d09ef000 	C:\WINDOWS\SYSTEM32\profapi.dll
0x00007ff9c6d00000 - 0x00007ff9c6d19000 	C:\Program Files\Eclipse Adoptium\jdk-17.0.12.7-hotspot\bin\net.dll
0x00007ff9c7330000 - 0x00007ff9c744e000 	C:\WINDOWS\SYSTEM32\WINHTTP.dll
0x00007ff9cfd10000 - 0x00007ff9cfd7a000 	C:\WINDOWS\system32\mswsock.dll
0x00007ff9c6ce0000 - 0x00007ff9c6cf6000 	C:\Program Files\Eclipse Adoptium\jdk-17.0.12.7-hotspot\bin\nio.dll
0x00007ff9c6cc0000 - 0x00007ff9c6cd8000 	C:\Program Files\Eclipse Adoptium\jdk-17.0.12.7-hotspot\bin\zip.dll
0x00007ff9c6580000 - 0x00007ff9c65a4000 	C:\Users\LENOVO\AppData\Local\Temp\jansi-2.4.1-e7172f00e7b88d43-jansi.dll
0x00007ff9c71e0000 - 0x00007ff9c71f0000 	C:\Program Files\Eclipse Adoptium\jdk-17.0.12.7-hotspot\bin\verify.dll
0x00007ff9cf1d0000 - 0x00007ff9cf203000 	C:\WINDOWS\SYSTEM32\IPHLPAPI.DLL
0x00007ff9d1700000 - 0x00007ff9d170a000 	C:\WINDOWS\System32\NSI.dll
0x00007ff9c93f0000 - 0x00007ff9c940f000 	C:\WINDOWS\SYSTEM32\dhcpcsvc6.DLL
0x00007ff9c7300000 - 0x00007ff9c7325000 	C:\WINDOWS\SYSTEM32\dhcpcsvc.DLL
0x00007ff9cf210000 - 0x00007ff9cf337000 	C:\WINDOWS\SYSTEM32\DNSAPI.dll
0x00007ff9c6cb0000 - 0x00007ff9c6cb9000 	C:\Program Files\Eclipse Adoptium\jdk-17.0.12.7-hotspot\bin\extnet.dll

dbghelp: loaded successfully - version: 4.0.5 - missing functions: none
symbol engine: initialized successfully - sym options: 0x614 - pdb path: .;C:\Program Files\Eclipse Adoptium\jdk-17.0.12.7-hotspot\bin;C:\WINDOWS\SYSTEM32;C:\WINDOWS\WinSxS\amd64_microsoft.windows.common-controls_6595b64144ccf1df_6.0.26100.4202_none_3e0698d4e335f517;C:\Program Files (x86)\360\Total Security\safemon;C:\Program Files\Eclipse Adoptium\jdk-17.0.12.7-hotspot\bin\server;C:\Users\LENOVO\AppData\Local\Temp

VM Arguments:
jvm_args: -Dmaven.home=EMBEDDED -Dclassworlds.conf=C:\Users\LENOVO\Desktop\Pet-Mart-React\backend\.metadata\.plugins\org.eclipse.m2e.launching\launches\m2conf13836877659005301613.tmp -Dmaven.multiModuleProjectDirectory=C:\Users\LENOVO\Desktop\Pet-Mart-React\Pet-Mart-React\Pet-Mart-master1 -Dm2e.build.project.data.socket.port=65115 -Dfile.encoding=UTF-8 -Dstdout.encoding=UTF-8 -Dstderr.encoding=UTF-8 -XX:+ShowCodeDetailsInExceptionMessages 
java_command: org.codehaus.plexus.classworlds.launcher.Launcher -B -Dstyle.color=always clean compile
java_class_path (initial): C:\Users\LENOVO\Desktop\PG_DAC\Advance Java\sts-4.30.0.RELEASE\plugins\org.eclipse.m2e.maven.runtime_3.9.900.20250220-2013\jars\plexus-classworlds-2.8.0.jar
Launcher Type: SUN_STANDARD

[Global flags]
     intx CICompilerCount                          = 4                                         {product} {ergonomic}
     uint ConcGCThreads                            = 3                                         {product} {ergonomic}
     uint G1ConcRefinementThreads                  = 10                                        {product} {ergonomic}
   size_t G1HeapRegionSize                         = 1048576                                   {product} {ergonomic}
    uintx GCDrainStackTargetSize                   = 64                                        {product} {ergonomic}
   size_t InitialHeapSize                          = 98566144                                  {product} {ergonomic}
   size_t MarkStackSize                            = 4194304                                   {product} {ergonomic}
   size_t MaxHeapSize                              = 1570766848                                {product} {ergonomic}
   size_t MaxNewSize                               = 941621248                                 {product} {ergonomic}
   size_t MinHeapDeltaBytes                        = 1048576                                   {product} {ergonomic}
   size_t MinHeapSize                              = 8388608                                   {product} {ergonomic}
    uintx NonNMethodCodeHeapSize                   = 5839372                                {pd product} {ergonomic}
    uintx NonProfiledCodeHeapSize                  = 122909434                              {pd product} {ergonomic}
    uintx ProfiledCodeHeapSize                     = 122909434                              {pd product} {ergonomic}
    uintx ReservedCodeCacheSize                    = 251658240                              {pd product} {ergonomic}
     bool SegmentedCodeCache                       = true                                      {product} {ergonomic}
     bool ShowCodeDetailsInExceptionMessages       = true                                   {manageable} {command line}
   size_t SoftMaxHeapSize                          = 1570766848                             {manageable} {ergonomic}
     bool UseCompressedClassPointers               = true                           {product lp64_product} {ergonomic}
     bool UseCompressedOops                        = true                           {product lp64_product} {ergonomic}
     bool UseG1GC                                  = true                                      {product} {ergonomic}
     bool UseLargePagesIndividualAllocation        = false                                  {pd product} {ergonomic}

Logging:
Log output configuration:
 #0: stdout all=warning uptime,level,tags
 #1: stderr all=off uptime,level,tags

Environment Variables:
JAVA_HOME=C:\Program Files\Eclipse Adoptium\jdk-17.0.12.7-hotspot\
PATH=C:/Users/LENOVO/Desktop/PG_DAC/Advance Java/sts-4.30.0.RELEASE//plugins/org.eclipse.justj.openjdk.hotspot.jre.full.win32.x86_64_21.0.6.v20250130-0529/jre/bin/server;C:/Users/LENOVO/Desktop/PG_DAC/Advance Java/sts-4.30.0.RELEASE//plugins/org.eclipse.justj.openjdk.hotspot.jre.full.win32.x86_64_21.0.6.v20250130-0529/jre/bin;C:\Program Files\nodejs\;C:\Users\LENOVO\AppData\Roaming\npm;C:\Program Files\nodejs\;C:\Users\LENOVO\Downloads\apache-maven-3.9.9-bin\apache-maven-3.9.9\bin;C:\Users\LENOVO\AppData\Roaming\npm;C:\Users\LENOVO\AppData\Local\Programs\cursor\resources\app\bin;C:\Users\LENOVO\AppData\Local\Programs\Microsoft VS Code\bin;C:\Users\LENOVO\Desktop\PG_DAC\Advance Java\sts-4.30.0.RELEASE;
USERNAME=LENOVO
OS=Windows_NT
PROCESSOR_IDENTIFIER=AMD64 Family 23 Model 104 Stepping 1, AuthenticAMD
TMP=C:\Users\LENOVO\AppData\Local\Temp
TEMP=C:\Users\LENOVO\AppData\Local\Temp



Periodic native trim disabled


---------------  S Y S T E M  ---------------

OS:
 Windows 11 , 64 bit Build 26100 (10.0.26100.4202)
OS uptime: 0 days 7:43 hours
Hyper-V role detected

CPU: total 12 (initial active 12) (12 cores per cpu, 2 threads per core) family 23 model 104 stepping 1 microcode 0x8608103, cx8, cmov, fxsr, ht, mmx, 3dnowpref, sse, sse2, sse3, ssse3, sse4a, sse4.1, sse4.2, popcnt, lzcnt, tsc, tscinvbit, avx, avx2, aes, clmul, bmi1, bmi2, adx, sha, fma, vzeroupper, clflush, clflushopt, hv
Processor Information for processor 0
  Max Mhz: 2100, Current Mhz: 2100, Mhz Limit: 2100
Processor Information for processor 1
  Max Mhz: 2100, Current Mhz: 1988, Mhz Limit: 2100
Processor Information for processor 2
  Max Mhz: 2100, Current Mhz: 2100, Mhz Limit: 2100
Processor Information for processor 3
  Max Mhz: 2100, Current Mhz: 1988, Mhz Limit: 2100
Processor Information for processor 4
  Max Mhz: 2100, Current Mhz: 2100, Mhz Limit: 2100
Processor Information for processor 5
  Max Mhz: 2100, Current Mhz: 1988, Mhz Limit: 2100
Processor Information for processor 6
  Max Mhz: 2100, Current Mhz: 1988, Mhz Limit: 2100
Processor Information for processor 7
  Max Mhz: 2100, Current Mhz: 1988, Mhz Limit: 2100
Processor Information for processor 8
  Max Mhz: 2100, Current Mhz: 2100, Mhz Limit: 2100
Processor Information for processor 9
  Max Mhz: 2100, Current Mhz: 1988, Mhz Limit: 2100
Processor Information for processor 10
  Max Mhz: 2100, Current Mhz: 2100, Mhz Limit: 2100
Processor Information for processor 11
  Max Mhz: 2100, Current Mhz: 1988, Mhz Limit: 2100

Memory: 4k page, system-wide physical 5989M (604M free)
TotalPageFile size 24421M (AvailPageFile size 4M)
current process WorkingSet (physical memory assigned to process): 176M, peak: 181M
current process commit charge ("private bytes"): 237M, peak: 244M

vm_info: OpenJDK 64-Bit Server VM (17.0.12+7) for windows-amd64 JRE (17.0.12+7), built on Jul 16 2024 22:08:24 by "admin" with MS VC++ 16.10 / 16.11 (VS2019)

END.
